<?xml version="1.0" encoding="UTF-8"?>
<testsuites name="Cicle Staging Mobile App - Blast" time="301.396" tests="11" failures="0" errors="0">
   <testsuite name="Cicle Staging Mobile App - Blast" tests="11" failures="0" errors="0" time="301.396" skipped="0" timestamp="2022-10-29 15:52:11" hostname="sandikurnia - localhost" id="Test Suites/Cicle Staging Mobile App/Blast/Cicle Staging Mobile App - Blast">
      <properties>
         <property name="deviceName" value="emulator-5554 (Android SDK built for arm64 - Android 10)"/>
         <property name="devicePlatform" value=""/>
         <property name="logFolder" value="/Users/sandikurnia/Katalon Studio/smallProject/Reports/20221029_155200/Cicle Staging Mobile App/Blast/Cicle Staging Mobile App - Blast/20221029_155200"/>
         <property name="logFiles" value="/Users/sandikurnia/Katalon Studio/smallProject/Reports/20221029_155200/Cicle Staging Mobile App/Blast/Cicle Staging Mobile App - Blast/20221029_155200/execution0.log, /Users/sandikurnia/Katalon Studio/smallProject/Reports/20221029_155200/Cicle Staging Mobile App/Blast/Cicle Staging Mobile App - Blast/20221029_155200/appium.log"/>
         <property name="attachments" value=""/>
         <property name="hostName" value="sandikurnia - localhost"/>
         <property name="os" value="Mac OS X 64bit"/>
         <property name="appiumServerStatus" value="{&quot;value&quot;:{&quot;build&quot;:{&quot;version&quot;:&quot;1.22.3&quot;}},&quot;sessionId&quot;:null,&quot;status&quot;:0}"/>
         <property name="katalonVersion" value="8.4.1.208"/>
         <property name="deviceOS" value="Android"/>
         <property name="appiumVersion" value="1.22.3"/>
         <property name="deviceModel" value="Android SDK built for arm64"/>
         <property name="hostAddress" value="127.0.0.1"/>
         <property name="deviceManufacturer" value="Google"/>
         <property name="deviceId" value="emulator-5554"/>
         <property name="deviceName" value="emulator-5554 (Android SDK built for arm64 - Android 10)"/>
         <property name="deviceOSVersion" value="10"/>
      </properties>
      <testcase name="Test Cases/Blast/TC_Blast_CS-24" time="37.862" classname="Test Cases/Blast/TC_Blast_CS-24" status="PASSED">
         <system-out><![CDATA[2022-10-29 15:52:11 - [TEST_CASE][PASSED] - Test Cases/Blast/TC_Blast_CS-24: Test Cases/Blast/TC_Blast_CS-24

2022-10-29 15:52:12 - [TEST_STEP][PASSED] - callTestCase(findTestCase("Sign in/TC_Sign in_CS-40"), [:], STOP_ON_FAILURE): Call Test Case 'Test Cases/Sign in/TC_Sign in_CS-40' successfully

2022-10-29 15:52:12 - [TEST_CASE][PASSED] - Test Cases/Sign in/TC_Sign in_CS-40: Test Cases/Sign in/TC_Sign in_CS-40

2022-10-29 15:52:12 - [TEST_STEP][PASSED] - startApplication("/Users/sandikurnia/Downloads/apk-staging-for-iqbal.apk", false): Started app at: '/Users/sandikurnia/Downloads/apk-staging-for-iqbal.apk'

2022-10-29 15:52:13 - [MESSAGE][INFO] - Detected NodeJS location: "/opt/homebrew/Cellar/node/18.11.0/bin/node"

2022-10-29 15:52:14 - [MESSAGE][INFO] - Appium server started on port 59,262

2022-10-29 15:52:24 - [MESSAGE][PASSED] - Started app at: '/Users/sandikurnia/Downloads/apk-staging-for-iqbal.apk'

2022-10-29 15:52:24 - [TEST_STEP][PASSED] - tap(findTestObject("cicle.staging/Startup/YesButtonWhenOpenitApp"), 2, OPTIONAL): Object Object Repository/cicle.staging/Startup/YesButtonWhenOpenitApp not found

2022-10-29 15:52:27 - [MESSAGE][WARNING] - Object Object Repository/cicle.staging/Startup/YesButtonWhenOpenitApp not found

2022-10-29 15:52:27 - [TEST_STEP][PASSED] - tap(findTestObject("cicle.staging/Startup/SkipButtonWhenOpenitApp"), 2, OPTIONAL): Object Object Repository/cicle.staging/Startup/SkipButtonWhenOpenitApp not found

2022-10-29 15:52:30 - [MESSAGE][WARNING] - Object Object Repository/cicle.staging/Startup/SkipButtonWhenOpenitApp not found

2022-10-29 15:52:30 - [TEST_STEP][PASSED] - tap(findTestObject("cicle.staging/Startup/GotoSignInButton"), 2, OPTIONAL): Object Object Repository/cicle.staging/Startup/GotoSignInButton not found

2022-10-29 15:52:32 - [MESSAGE][WARNING] - Object Object Repository/cicle.staging/Startup/GotoSignInButton not found

2022-10-29 15:52:32 - [TEST_STEP][PASSED] - tap(findTestObject("cicle.staging/Startup/SignInwithGoogleAccount"), 2, OPTIONAL): Object Object Repository/cicle.staging/Startup/SignInwithGoogleAccount not found

2022-10-29 15:52:34 - [MESSAGE][WARNING] - Object Object Repository/cicle.staging/Startup/SignInwithGoogleAccount not found

2022-10-29 15:52:34 - [TEST_STEP][PASSED] - tap(findTestObject("cicle.staging/Startup/LayoutLoginwithMyAccount"), 2, OPTIONAL): Object Object Repository/cicle.staging/Startup/LayoutLoginwithMyAccount not found

2022-10-29 15:52:36 - [MESSAGE][WARNING] - Object Object Repository/cicle.staging/Startup/LayoutLoginwithMyAccount not found

2022-10-29 15:52:36 - [TEST_STEP][PASSED] - tap(findTestObject("cicle.staging/Startup/ChooseCompanyonYourListafterSignIn"), 2, OPTIONAL): Tapped on element 'Object Repository/cicle.staging/Startup/ChooseCompanyonYourListafterSignIn'

2022-10-29 15:52:36 - [MESSAGE][PASSED] - Tapped on element 'Object Repository/cicle.staging/Startup/ChooseCompanyonYourListafterSignIn'

2022-10-29 15:52:36 - [TEST_STEP][PASSED] - tap(findTestObject("cicle.staging/SekolahQAHeadQuarter/HeadquarterSekolahQA-MainPage"), 2, OPTIONAL): Tapped on element 'Object Repository/cicle.staging/SekolahQAHeadQuarter/HeadquarterSekolahQA-MainPage'

2022-10-29 15:52:38 - [MESSAGE][PASSED] - Tapped on element 'Object Repository/cicle.staging/SekolahQAHeadQuarter/HeadquarterSekolahQA-MainPage'

2022-10-29 15:52:38 - [MESSAGE][PASSED] - Call Test Case 'Test Cases/Sign in/TC_Sign in_CS-40' successfully

2022-10-29 15:52:38 - [TEST_STEP][PASSED] - tap(findTestObject("cicle.staging/Blast/Menu/BlastMenu"), 0): Tapped on element 'Object Repository/cicle.staging/Blast/Menu/BlastMenu'

2022-10-29 15:52:38 - [MESSAGE][WARNING] - Timeout '0' is invalid. Using default page load timeout: '30'

2022-10-29 15:52:38 - [MESSAGE][PASSED] - Tapped on element 'Object Repository/cicle.staging/Blast/Menu/BlastMenu'

2022-10-29 15:52:38 - [TEST_STEP][PASSED] - tap(findTestObject("Object Repository/cicle.staging/Blast/Post/POST-AddButtonOnTheBottomRightSide"), 0): Tapped on element 'Object Repository/cicle.staging/Blast/Post/POST-AddButtonOnTheBottomRightSide'

2022-10-29 15:52:38 - [MESSAGE][WARNING] - Timeout '0' is invalid. Using default page load timeout: '30'

2022-10-29 15:52:40 - [MESSAGE][PASSED] - Tapped on element 'Object Repository/cicle.staging/Blast/Post/POST-AddButtonOnTheBottomRightSide'

2022-10-29 15:52:40 - [TEST_STEP][PASSED] - tap(findTestObject("Object Repository/cicle.staging/Blast/Post/POST-TypeATitleField"), 0): Tapped on element 'Object Repository/cicle.staging/Blast/Post/POST-TypeATitleField'

2022-10-29 15:52:40 - [MESSAGE][WARNING] - Timeout '0' is invalid. Using default page load timeout: '30'

2022-10-29 15:52:42 - [MESSAGE][PASSED] - Tapped on element 'Object Repository/cicle.staging/Blast/Post/POST-TypeATitleField'

2022-10-29 15:52:42 - [TEST_STEP][PASSED] - setText(findTestObject("cicle.staging/Blast/Post/POST-TypeATitleField"), findTestData("Blast/Post/PostData").getValue(1, 1), 0): Text 'Project Sekolah QA' has been set to element 'Object Repository/cicle.staging/Blast/Post/POST-TypeATitleField'

2022-10-29 15:52:42 - [MESSAGE][WARNING] - Timeout '0' is invalid. Using default page load timeout: '30'

2022-10-29 15:52:43 - [MESSAGE][PASSED] - Text 'Project Sekolah QA' has been set to element 'Object Repository/cicle.staging/Blast/Post/POST-TypeATitleField'

2022-10-29 15:52:43 - [TEST_STEP][PASSED] - tap(findTestObject("Object Repository/cicle.staging/Blast/Post/POST-YourTextHereField"), 0): Tapped on element 'Object Repository/cicle.staging/Blast/Post/POST-YourTextHereField'

2022-10-29 15:52:43 - [MESSAGE][WARNING] - Timeout '0' is invalid. Using default page load timeout: '30'

2022-10-29 15:52:43 - [MESSAGE][PASSED] - Tapped on element 'Object Repository/cicle.staging/Blast/Post/POST-YourTextHereField'

2022-10-29 15:52:43 - [TEST_STEP][PASSED] - setText(findTestObject("cicle.staging/Blast/Post/Post-DescriptionField1"), findTestData("Blast/Post/PostData").getValue(2, 1), 0, STOP_ON_FAILURE): Text 'Cicle Staging Mobile App Need to Test' has been set to element 'Object Repository/cicle.staging/Blast/Post/Post-DescriptionField1'

2022-10-29 15:52:44 - [MESSAGE][WARNING] - Timeout '0' is invalid. Using default page load timeout: '30'

2022-10-29 15:52:45 - [MESSAGE][PASSED] - Text 'Cicle Staging Mobile App Need to Test' has been set to element 'Object Repository/cicle.staging/Blast/Post/Post-DescriptionField1'

2022-10-29 15:52:45 - [TEST_STEP][PASSED] - hideKeyboard(): Keyboard is hidden

2022-10-29 15:52:46 - [MESSAGE][PASSED] - Keyboard is hidden

2022-10-29 15:52:46 - [TEST_STEP][PASSED] - swipe(724, 1830, 724, 1000): Swiped from 724,1,830 to 724,1,000

2022-10-29 15:52:47 - [MESSAGE][PASSED] - Swiped from 724,1,830 to 724,1,000

2022-10-29 15:52:47 - [TEST_STEP][PASSED] - tap(findTestObject("Object Repository/cicle.staging/Blast/Post/POST-PublishButton"), 0): Tapped on element 'Object Repository/cicle.staging/Blast/Post/POST-PublishButton'

2022-10-29 15:52:47 - [MESSAGE][WARNING] - Timeout '0' is invalid. Using default page load timeout: '30'

2022-10-29 15:52:49 - [MESSAGE][PASSED] - Tapped on element 'Object Repository/cicle.staging/Blast/Post/POST-PublishButton']]></system-out>
         <system-err><![CDATA[]]></system-err>
      </testcase>
      <testcase name="Test Cases/Blast/TC_Blast_CS-25" time="27.621" classname="Test Cases/Blast/TC_Blast_CS-25" status="PASSED">
         <system-out><![CDATA[2022-10-29 15:52:49 - [TEST_CASE][PASSED] - Test Cases/Blast/TC_Blast_CS-25: Test Cases/Blast/TC_Blast_CS-25

2022-10-29 15:52:49 - [TEST_STEP][PASSED] - callTestCase(findTestCase("Sign in/TC_Sign in_CS-40"), [:], STOP_ON_FAILURE): Call Test Case 'Test Cases/Sign in/TC_Sign in_CS-40' successfully

2022-10-29 15:52:50 - [TEST_CASE][PASSED] - Test Cases/Sign in/TC_Sign in_CS-40: Test Cases/Sign in/TC_Sign in_CS-40

2022-10-29 15:52:50 - [TEST_STEP][PASSED] - startApplication("/Users/sandikurnia/Downloads/apk-staging-for-iqbal.apk", false): Started app at: '/Users/sandikurnia/Downloads/apk-staging-for-iqbal.apk'

2022-10-29 15:52:55 - [MESSAGE][PASSED] - Started app at: '/Users/sandikurnia/Downloads/apk-staging-for-iqbal.apk'

2022-10-29 15:52:55 - [TEST_STEP][PASSED] - tap(findTestObject("cicle.staging/Startup/YesButtonWhenOpenitApp"), 2, OPTIONAL): Object Object Repository/cicle.staging/Startup/YesButtonWhenOpenitApp not found

2022-10-29 15:52:57 - [MESSAGE][WARNING] - Object Object Repository/cicle.staging/Startup/YesButtonWhenOpenitApp not found

2022-10-29 15:52:57 - [TEST_STEP][PASSED] - tap(findTestObject("cicle.staging/Startup/SkipButtonWhenOpenitApp"), 2, OPTIONAL): Object Object Repository/cicle.staging/Startup/SkipButtonWhenOpenitApp not found

2022-10-29 15:52:59 - [MESSAGE][WARNING] - Object Object Repository/cicle.staging/Startup/SkipButtonWhenOpenitApp not found

2022-10-29 15:52:59 - [TEST_STEP][PASSED] - tap(findTestObject("cicle.staging/Startup/GotoSignInButton"), 2, OPTIONAL): Object Object Repository/cicle.staging/Startup/GotoSignInButton not found

2022-10-29 15:53:01 - [MESSAGE][WARNING] - Object Object Repository/cicle.staging/Startup/GotoSignInButton not found

2022-10-29 15:53:01 - [TEST_STEP][PASSED] - tap(findTestObject("cicle.staging/Startup/SignInwithGoogleAccount"), 2, OPTIONAL): Object Object Repository/cicle.staging/Startup/SignInwithGoogleAccount not found

2022-10-29 15:53:04 - [MESSAGE][WARNING] - Object Object Repository/cicle.staging/Startup/SignInwithGoogleAccount not found

2022-10-29 15:53:04 - [TEST_STEP][PASSED] - tap(findTestObject("cicle.staging/Startup/LayoutLoginwithMyAccount"), 2, OPTIONAL): Object Object Repository/cicle.staging/Startup/LayoutLoginwithMyAccount not found

2022-10-29 15:53:06 - [MESSAGE][WARNING] - Object Object Repository/cicle.staging/Startup/LayoutLoginwithMyAccount not found

2022-10-29 15:53:06 - [TEST_STEP][PASSED] - tap(findTestObject("cicle.staging/Startup/ChooseCompanyonYourListafterSignIn"), 2, OPTIONAL): Tapped on element 'Object Repository/cicle.staging/Startup/ChooseCompanyonYourListafterSignIn'

2022-10-29 15:53:06 - [MESSAGE][PASSED] - Tapped on element 'Object Repository/cicle.staging/Startup/ChooseCompanyonYourListafterSignIn'

2022-10-29 15:53:06 - [TEST_STEP][PASSED] - tap(findTestObject("cicle.staging/SekolahQAHeadQuarter/HeadquarterSekolahQA-MainPage"), 2, OPTIONAL): Tapped on element 'Object Repository/cicle.staging/SekolahQAHeadQuarter/HeadquarterSekolahQA-MainPage'

2022-10-29 15:53:07 - [MESSAGE][PASSED] - Tapped on element 'Object Repository/cicle.staging/SekolahQAHeadQuarter/HeadquarterSekolahQA-MainPage'

2022-10-29 15:53:07 - [MESSAGE][PASSED] - Call Test Case 'Test Cases/Sign in/TC_Sign in_CS-40' successfully

2022-10-29 15:53:07 - [TEST_STEP][PASSED] - tap(findTestObject("cicle.staging/Blast/Menu/BlastMenu"), 0): Tapped on element 'Object Repository/cicle.staging/Blast/Menu/BlastMenu'

2022-10-29 15:53:07 - [MESSAGE][WARNING] - Timeout '0' is invalid. Using default page load timeout: '30'

2022-10-29 15:53:08 - [MESSAGE][PASSED] - Tapped on element 'Object Repository/cicle.staging/Blast/Menu/BlastMenu'

2022-10-29 15:53:08 - [TEST_STEP][PASSED] - tap(findTestObject("Object Repository/cicle.staging/Blast/Post/POST-AddButtonOnTheBottomRightSide"), 0): Tapped on element 'Object Repository/cicle.staging/Blast/Post/POST-AddButtonOnTheBottomRightSide'

2022-10-29 15:53:08 - [MESSAGE][WARNING] - Timeout '0' is invalid. Using default page load timeout: '30'

2022-10-29 15:53:09 - [MESSAGE][PASSED] - Tapped on element 'Object Repository/cicle.staging/Blast/Post/POST-AddButtonOnTheBottomRightSide'

2022-10-29 15:53:09 - [TEST_STEP][PASSED] - tap(findTestObject("Object Repository/cicle.staging/Blast/Post/POST-TypeATitleField"), 0): Tapped on element 'Object Repository/cicle.staging/Blast/Post/POST-TypeATitleField'

2022-10-29 15:53:09 - [MESSAGE][WARNING] - Timeout '0' is invalid. Using default page load timeout: '30'

2022-10-29 15:53:12 - [MESSAGE][PASSED] - Tapped on element 'Object Repository/cicle.staging/Blast/Post/POST-TypeATitleField'

2022-10-29 15:53:12 - [TEST_STEP][PASSED] - setText(findTestObject("cicle.staging/Blast/Post/POST-TypeATitleField"), findTestData("Blast/Post/PostData").getValue(1, 3), 0): Text '' has been set to element 'Object Repository/cicle.staging/Blast/Post/POST-TypeATitleField'

2022-10-29 15:53:12 - [MESSAGE][WARNING] - Timeout '0' is invalid. Using default page load timeout: '30'

2022-10-29 15:53:12 - [MESSAGE][PASSED] - Text '' has been set to element 'Object Repository/cicle.staging/Blast/Post/POST-TypeATitleField'

2022-10-29 15:53:12 - [TEST_STEP][PASSED] - tap(findTestObject("Object Repository/cicle.staging/Blast/Post/POST-YourTextHereField"), 0): Tapped on element 'Object Repository/cicle.staging/Blast/Post/POST-YourTextHereField'

2022-10-29 15:53:12 - [MESSAGE][WARNING] - Timeout '0' is invalid. Using default page load timeout: '30'

2022-10-29 15:53:12 - [MESSAGE][PASSED] - Tapped on element 'Object Repository/cicle.staging/Blast/Post/POST-YourTextHereField'

2022-10-29 15:53:12 - [TEST_STEP][PASSED] - setText(findTestObject("cicle.staging/Blast/Post/Post-DescriptionField1"), findTestData("Blast/Post/PostData").getValue(2, 1), 0, STOP_ON_FAILURE): Text 'Cicle Staging Mobile App Need to Test' has been set to element 'Object Repository/cicle.staging/Blast/Post/Post-DescriptionField1'

2022-10-29 15:53:12 - [MESSAGE][WARNING] - Timeout '0' is invalid. Using default page load timeout: '30'

2022-10-29 15:53:13 - [MESSAGE][PASSED] - Text 'Cicle Staging Mobile App Need to Test' has been set to element 'Object Repository/cicle.staging/Blast/Post/Post-DescriptionField1'

2022-10-29 15:53:13 - [TEST_STEP][PASSED] - hideKeyboard(): Keyboard is hidden

2022-10-29 15:53:14 - [MESSAGE][PASSED] - Keyboard is hidden

2022-10-29 15:53:14 - [TEST_STEP][PASSED] - swipe(724, 1830, 724, 1000): Swiped from 724,1,830 to 724,1,000

2022-10-29 15:53:15 - [MESSAGE][PASSED] - Swiped from 724,1,830 to 724,1,000

2022-10-29 15:53:15 - [TEST_STEP][PASSED] - tap(findTestObject("Object Repository/cicle.staging/Blast/Post/POST-PublishButton"), 0): Tapped on element 'Object Repository/cicle.staging/Blast/Post/POST-PublishButton'

2022-10-29 15:53:15 - [MESSAGE][WARNING] - Timeout '0' is invalid. Using default page load timeout: '30'

2022-10-29 15:53:17 - [MESSAGE][PASSED] - Tapped on element 'Object Repository/cicle.staging/Blast/Post/POST-PublishButton'

2022-10-29 15:53:17 - [TEST_STEP][PASSED] - verifyElementVisible(findTestObject("cicle.staging/Blast/Post/POST-Assert-TitleMustBeFilled"), 0): Element 'Object Repository/cicle.staging/Blast/Post/POST-Assert-TitleMustBeFilled' is visible

2022-10-29 15:53:17 - [MESSAGE][WARNING] - Timeout '0' is invalid. Using default page load timeout: '30'

2022-10-29 15:53:17 - [MESSAGE][PASSED] - Element 'Object Repository/cicle.staging/Blast/Post/POST-Assert-TitleMustBeFilled' is visible]]></system-out>
         <system-err><![CDATA[]]></system-err>
      </testcase>
      <testcase name="Test Cases/Blast/TC_Blast_CS-26" time="27.389" classname="Test Cases/Blast/TC_Blast_CS-26" status="PASSED">
         <system-out><![CDATA[2022-10-29 15:53:17 - [TEST_CASE][PASSED] - Test Cases/Blast/TC_Blast_CS-26: Test Cases/Blast/TC_Blast_CS-26

2022-10-29 15:53:17 - [TEST_STEP][PASSED] - callTestCase(findTestCase("Sign in/TC_Sign in_CS-40"), [:], STOP_ON_FAILURE): Call Test Case 'Test Cases/Sign in/TC_Sign in_CS-40' successfully

2022-10-29 15:53:17 - [TEST_CASE][PASSED] - Test Cases/Sign in/TC_Sign in_CS-40: Test Cases/Sign in/TC_Sign in_CS-40

2022-10-29 15:53:17 - [TEST_STEP][PASSED] - startApplication("/Users/sandikurnia/Downloads/apk-staging-for-iqbal.apk", false): Started app at: '/Users/sandikurnia/Downloads/apk-staging-for-iqbal.apk'

2022-10-29 15:53:22 - [MESSAGE][PASSED] - Started app at: '/Users/sandikurnia/Downloads/apk-staging-for-iqbal.apk'

2022-10-29 15:53:22 - [TEST_STEP][PASSED] - tap(findTestObject("cicle.staging/Startup/YesButtonWhenOpenitApp"), 2, OPTIONAL): Object Object Repository/cicle.staging/Startup/YesButtonWhenOpenitApp not found

2022-10-29 15:53:25 - [MESSAGE][WARNING] - Object Object Repository/cicle.staging/Startup/YesButtonWhenOpenitApp not found

2022-10-29 15:53:25 - [TEST_STEP][PASSED] - tap(findTestObject("cicle.staging/Startup/SkipButtonWhenOpenitApp"), 2, OPTIONAL): Object Object Repository/cicle.staging/Startup/SkipButtonWhenOpenitApp not found

2022-10-29 15:53:27 - [MESSAGE][WARNING] - Object Object Repository/cicle.staging/Startup/SkipButtonWhenOpenitApp not found

2022-10-29 15:53:27 - [TEST_STEP][PASSED] - tap(findTestObject("cicle.staging/Startup/GotoSignInButton"), 2, OPTIONAL): Object Object Repository/cicle.staging/Startup/GotoSignInButton not found

2022-10-29 15:53:29 - [MESSAGE][WARNING] - Object Object Repository/cicle.staging/Startup/GotoSignInButton not found

2022-10-29 15:53:29 - [TEST_STEP][PASSED] - tap(findTestObject("cicle.staging/Startup/SignInwithGoogleAccount"), 2, OPTIONAL): Object Object Repository/cicle.staging/Startup/SignInwithGoogleAccount not found

2022-10-29 15:53:31 - [MESSAGE][WARNING] - Object Object Repository/cicle.staging/Startup/SignInwithGoogleAccount not found

2022-10-29 15:53:31 - [TEST_STEP][PASSED] - tap(findTestObject("cicle.staging/Startup/LayoutLoginwithMyAccount"), 2, OPTIONAL): Object Object Repository/cicle.staging/Startup/LayoutLoginwithMyAccount not found

2022-10-29 15:53:33 - [MESSAGE][WARNING] - Object Object Repository/cicle.staging/Startup/LayoutLoginwithMyAccount not found

2022-10-29 15:53:33 - [TEST_STEP][PASSED] - tap(findTestObject("cicle.staging/Startup/ChooseCompanyonYourListafterSignIn"), 2, OPTIONAL): Tapped on element 'Object Repository/cicle.staging/Startup/ChooseCompanyonYourListafterSignIn'

2022-10-29 15:53:33 - [MESSAGE][PASSED] - Tapped on element 'Object Repository/cicle.staging/Startup/ChooseCompanyonYourListafterSignIn'

2022-10-29 15:53:33 - [TEST_STEP][PASSED] - tap(findTestObject("cicle.staging/SekolahQAHeadQuarter/HeadquarterSekolahQA-MainPage"), 2, OPTIONAL): Tapped on element 'Object Repository/cicle.staging/SekolahQAHeadQuarter/HeadquarterSekolahQA-MainPage'

2022-10-29 15:53:35 - [MESSAGE][PASSED] - Tapped on element 'Object Repository/cicle.staging/SekolahQAHeadQuarter/HeadquarterSekolahQA-MainPage'

2022-10-29 15:53:35 - [MESSAGE][PASSED] - Call Test Case 'Test Cases/Sign in/TC_Sign in_CS-40' successfully

2022-10-29 15:53:35 - [TEST_STEP][PASSED] - tap(findTestObject("cicle.staging/Blast/Menu/BlastMenu"), 0): Tapped on element 'Object Repository/cicle.staging/Blast/Menu/BlastMenu'

2022-10-29 15:53:35 - [MESSAGE][WARNING] - Timeout '0' is invalid. Using default page load timeout: '30'

2022-10-29 15:53:36 - [MESSAGE][PASSED] - Tapped on element 'Object Repository/cicle.staging/Blast/Menu/BlastMenu'

2022-10-29 15:53:36 - [TEST_STEP][PASSED] - tap(findTestObject("Object Repository/cicle.staging/Blast/Post/POST-AddButtonOnTheBottomRightSide"), 0): Tapped on element 'Object Repository/cicle.staging/Blast/Post/POST-AddButtonOnTheBottomRightSide'

2022-10-29 15:53:36 - [MESSAGE][WARNING] - Timeout '0' is invalid. Using default page load timeout: '30'

2022-10-29 15:53:37 - [MESSAGE][PASSED] - Tapped on element 'Object Repository/cicle.staging/Blast/Post/POST-AddButtonOnTheBottomRightSide'

2022-10-29 15:53:37 - [TEST_STEP][PASSED] - tap(findTestObject("Object Repository/cicle.staging/Blast/Post/POST-TypeATitleField"), 0): Tapped on element 'Object Repository/cicle.staging/Blast/Post/POST-TypeATitleField'

2022-10-29 15:53:37 - [MESSAGE][WARNING] - Timeout '0' is invalid. Using default page load timeout: '30'

2022-10-29 15:53:38 - [MESSAGE][PASSED] - Tapped on element 'Object Repository/cicle.staging/Blast/Post/POST-TypeATitleField'

2022-10-29 15:53:38 - [TEST_STEP][PASSED] - setText(findTestObject("cicle.staging/Blast/Post/POST-TypeATitleField"), findTestData("Blast/Post/PostData").getValue(1, 2), 0): Text 'Project Sekolah FullStack' has been set to element 'Object Repository/cicle.staging/Blast/Post/POST-TypeATitleField'

2022-10-29 15:53:38 - [MESSAGE][WARNING] - Timeout '0' is invalid. Using default page load timeout: '30'

2022-10-29 15:53:38 - [MESSAGE][PASSED] - Text 'Project Sekolah FullStack' has been set to element 'Object Repository/cicle.staging/Blast/Post/POST-TypeATitleField'

2022-10-29 15:53:38 - [TEST_STEP][PASSED] - tap(findTestObject("Object Repository/cicle.staging/Blast/Post/POST-YourTextHereField"), 0): Tapped on element 'Object Repository/cicle.staging/Blast/Post/POST-YourTextHereField'

2022-10-29 15:53:38 - [MESSAGE][WARNING] - Timeout '0' is invalid. Using default page load timeout: '30'

2022-10-29 15:53:39 - [MESSAGE][PASSED] - Tapped on element 'Object Repository/cicle.staging/Blast/Post/POST-YourTextHereField'

2022-10-29 15:53:39 - [TEST_STEP][PASSED] - setText(findTestObject("cicle.staging/Blast/Post/Post-DescriptionField1"), findTestData("Blast/Post/PostData").getValue(2, 3), 0, STOP_ON_FAILURE): Text '' has been set to element 'Object Repository/cicle.staging/Blast/Post/Post-DescriptionField1'

2022-10-29 15:53:39 - [MESSAGE][WARNING] - Timeout '0' is invalid. Using default page load timeout: '30'

2022-10-29 15:53:41 - [MESSAGE][PASSED] - Text '' has been set to element 'Object Repository/cicle.staging/Blast/Post/Post-DescriptionField1'

2022-10-29 15:53:41 - [TEST_STEP][PASSED] - hideKeyboard(): Keyboard is hidden

2022-10-29 15:53:41 - [MESSAGE][PASSED] - Keyboard is hidden

2022-10-29 15:53:41 - [TEST_STEP][PASSED] - swipe(724, 1830, 724, 1000): Swiped from 724,1,830 to 724,1,000

2022-10-29 15:53:42 - [MESSAGE][PASSED] - Swiped from 724,1,830 to 724,1,000

2022-10-29 15:53:42 - [TEST_STEP][PASSED] - tap(findTestObject("Object Repository/cicle.staging/Blast/Post/POST-PublishButton"), 0): Tapped on element 'Object Repository/cicle.staging/Blast/Post/POST-PublishButton'

2022-10-29 15:53:42 - [MESSAGE][WARNING] - Timeout '0' is invalid. Using default page load timeout: '30'

2022-10-29 15:53:44 - [MESSAGE][PASSED] - Tapped on element 'Object Repository/cicle.staging/Blast/Post/POST-PublishButton'

2022-10-29 15:53:44 - [TEST_STEP][PASSED] - verifyElementVisible(findTestObject("cicle.staging/Blast/Post/POST-Assert-DescriptionMustBeFilled"), 0): Element 'Object Repository/cicle.staging/Blast/Post/POST-Assert-DescriptionMustBeFilled' is visible

2022-10-29 15:53:44 - [MESSAGE][WARNING] - Timeout '0' is invalid. Using default page load timeout: '30'

2022-10-29 15:53:44 - [MESSAGE][PASSED] - Element 'Object Repository/cicle.staging/Blast/Post/POST-Assert-DescriptionMustBeFilled' is visible]]></system-out>
         <system-err><![CDATA[]]></system-err>
      </testcase>
      <testcase name="Test Cases/Blast/TC_Blast_CS-27" time="28.701" classname="Test Cases/Blast/TC_Blast_CS-27" status="PASSED">
         <system-out><![CDATA[2022-10-29 15:53:44 - [TEST_CASE][PASSED] - Test Cases/Blast/TC_Blast_CS-27: Test Cases/Blast/TC_Blast_CS-27

2022-10-29 15:53:44 - [TEST_STEP][PASSED] - callTestCase(findTestCase("Sign in/TC_Sign in_CS-40"), [:], STOP_ON_FAILURE): Call Test Case 'Test Cases/Sign in/TC_Sign in_CS-40' successfully

2022-10-29 15:53:44 - [TEST_CASE][PASSED] - Test Cases/Sign in/TC_Sign in_CS-40: Test Cases/Sign in/TC_Sign in_CS-40

2022-10-29 15:53:45 - [TEST_STEP][PASSED] - startApplication("/Users/sandikurnia/Downloads/apk-staging-for-iqbal.apk", false): Started app at: '/Users/sandikurnia/Downloads/apk-staging-for-iqbal.apk'

2022-10-29 15:53:50 - [MESSAGE][PASSED] - Started app at: '/Users/sandikurnia/Downloads/apk-staging-for-iqbal.apk'

2022-10-29 15:53:50 - [TEST_STEP][PASSED] - tap(findTestObject("cicle.staging/Startup/YesButtonWhenOpenitApp"), 2, OPTIONAL): Object Object Repository/cicle.staging/Startup/YesButtonWhenOpenitApp not found

2022-10-29 15:53:52 - [MESSAGE][WARNING] - Object Object Repository/cicle.staging/Startup/YesButtonWhenOpenitApp not found

2022-10-29 15:53:52 - [TEST_STEP][PASSED] - tap(findTestObject("cicle.staging/Startup/SkipButtonWhenOpenitApp"), 2, OPTIONAL): Object Object Repository/cicle.staging/Startup/SkipButtonWhenOpenitApp not found

2022-10-29 15:53:54 - [MESSAGE][WARNING] - Object Object Repository/cicle.staging/Startup/SkipButtonWhenOpenitApp not found

2022-10-29 15:53:54 - [TEST_STEP][PASSED] - tap(findTestObject("cicle.staging/Startup/GotoSignInButton"), 2, OPTIONAL): Object Object Repository/cicle.staging/Startup/GotoSignInButton not found

2022-10-29 15:53:56 - [MESSAGE][WARNING] - Object Object Repository/cicle.staging/Startup/GotoSignInButton not found

2022-10-29 15:53:56 - [TEST_STEP][PASSED] - tap(findTestObject("cicle.staging/Startup/SignInwithGoogleAccount"), 2, OPTIONAL): Object Object Repository/cicle.staging/Startup/SignInwithGoogleAccount not found

2022-10-29 15:53:58 - [MESSAGE][WARNING] - Object Object Repository/cicle.staging/Startup/SignInwithGoogleAccount not found

2022-10-29 15:53:58 - [TEST_STEP][PASSED] - tap(findTestObject("cicle.staging/Startup/LayoutLoginwithMyAccount"), 2, OPTIONAL): Object Object Repository/cicle.staging/Startup/LayoutLoginwithMyAccount not found

2022-10-29 15:54:01 - [MESSAGE][WARNING] - Object Object Repository/cicle.staging/Startup/LayoutLoginwithMyAccount not found

2022-10-29 15:54:01 - [TEST_STEP][PASSED] - tap(findTestObject("cicle.staging/Startup/ChooseCompanyonYourListafterSignIn"), 2, OPTIONAL): Tapped on element 'Object Repository/cicle.staging/Startup/ChooseCompanyonYourListafterSignIn'

2022-10-29 15:54:01 - [MESSAGE][PASSED] - Tapped on element 'Object Repository/cicle.staging/Startup/ChooseCompanyonYourListafterSignIn'

2022-10-29 15:54:01 - [TEST_STEP][PASSED] - tap(findTestObject("cicle.staging/SekolahQAHeadQuarter/HeadquarterSekolahQA-MainPage"), 2, OPTIONAL): Tapped on element 'Object Repository/cicle.staging/SekolahQAHeadQuarter/HeadquarterSekolahQA-MainPage'

2022-10-29 15:54:03 - [MESSAGE][PASSED] - Tapped on element 'Object Repository/cicle.staging/SekolahQAHeadQuarter/HeadquarterSekolahQA-MainPage'

2022-10-29 15:54:03 - [MESSAGE][PASSED] - Call Test Case 'Test Cases/Sign in/TC_Sign in_CS-40' successfully

2022-10-29 15:54:03 - [TEST_STEP][PASSED] - tap(findTestObject("cicle.staging/Blast/Menu/BlastMenu"), 0): Tapped on element 'Object Repository/cicle.staging/Blast/Menu/BlastMenu'

2022-10-29 15:54:03 - [MESSAGE][WARNING] - Timeout '0' is invalid. Using default page load timeout: '30'

2022-10-29 15:54:03 - [MESSAGE][PASSED] - Tapped on element 'Object Repository/cicle.staging/Blast/Menu/BlastMenu'

2022-10-29 15:54:03 - [TEST_STEP][PASSED] - tap(findTestObject("Object Repository/cicle.staging/Blast/Description/Desc-AddButtonOntheBottomRightSide"), 0): Tapped on element 'Object Repository/cicle.staging/Blast/Description/Desc-AddButtonOntheBottomRightSide'

2022-10-29 15:54:03 - [MESSAGE][WARNING] - Timeout '0' is invalid. Using default page load timeout: '30'

2022-10-29 15:54:05 - [MESSAGE][PASSED] - Tapped on element 'Object Repository/cicle.staging/Blast/Description/Desc-AddButtonOntheBottomRightSide'

2022-10-29 15:54:05 - [TEST_STEP][PASSED] - tap(findTestObject("Object Repository/cicle.staging/Blast/Description/Desc-TypeATitleField"), 0): Tapped on element 'Object Repository/cicle.staging/Blast/Description/Desc-TypeATitleField'

2022-10-29 15:54:05 - [MESSAGE][WARNING] - Timeout '0' is invalid. Using default page load timeout: '30'

2022-10-29 15:54:07 - [MESSAGE][PASSED] - Tapped on element 'Object Repository/cicle.staging/Blast/Description/Desc-TypeATitleField'

2022-10-29 15:54:07 - [TEST_STEP][PASSED] - setText(findTestObject("cicle.staging/Blast/Description/Desc-TypeATitleField"), findTestData("Blast/Desc/Desc").getValue(1, 1), 0): Text 'One Piece' has been set to element 'Object Repository/cicle.staging/Blast/Description/Desc-TypeATitleField'

2022-10-29 15:54:07 - [MESSAGE][WARNING] - Timeout '0' is invalid. Using default page load timeout: '30'

2022-10-29 15:54:07 - [MESSAGE][PASSED] - Text 'One Piece' has been set to element 'Object Repository/cicle.staging/Blast/Description/Desc-TypeATitleField'

2022-10-29 15:54:07 - [TEST_STEP][PASSED] - tap(findTestObject("Object Repository/cicle.staging/Blast/Description/Desc-InsertLinkToolBar"), 0): Tapped on element 'Object Repository/cicle.staging/Blast/Description/Desc-InsertLinkToolBar'

2022-10-29 15:54:07 - [MESSAGE][WARNING] - Timeout '0' is invalid. Using default page load timeout: '30'

2022-10-29 15:54:09 - [MESSAGE][PASSED] - Tapped on element 'Object Repository/cicle.staging/Blast/Description/Desc-InsertLinkToolBar'

2022-10-29 15:54:09 - [TEST_STEP][PASSED] - tap(findTestObject("Object Repository/cicle.staging/Blast/Description/Desc-TextToDisplay1Field"), 0): Tapped on element 'Object Repository/cicle.staging/Blast/Description/Desc-TextToDisplay1Field'

2022-10-29 15:54:09 - [MESSAGE][WARNING] - Timeout '0' is invalid. Using default page load timeout: '30'

2022-10-29 15:54:09 - [MESSAGE][PASSED] - Tapped on element 'Object Repository/cicle.staging/Blast/Description/Desc-TextToDisplay1Field'

2022-10-29 15:54:09 - [TEST_STEP][PASSED] - tap(findTestObject("Object Repository/cicle.staging/Blast/Description/Desc-TextToDisplay2Field"), 0): Tapped on element 'Object Repository/cicle.staging/Blast/Description/Desc-TextToDisplay2Field'

2022-10-29 15:54:09 - [MESSAGE][WARNING] - Timeout '0' is invalid. Using default page load timeout: '30'

2022-10-29 15:54:10 - [MESSAGE][PASSED] - Tapped on element 'Object Repository/cicle.staging/Blast/Description/Desc-TextToDisplay2Field'

2022-10-29 15:54:10 - [TEST_STEP][PASSED] - setText(findTestObject("cicle.staging/Blast/Description/Desc-TextToDisplay2Field"), findTestData("Blast/Desc/Desc").getValue(2, 1), 0): Text 'Luffy' has been set to element 'Object Repository/cicle.staging/Blast/Description/Desc-TextToDisplay2Field'

2022-10-29 15:54:10 - [MESSAGE][WARNING] - Timeout '0' is invalid. Using default page load timeout: '30'

2022-10-29 15:54:10 - [MESSAGE][PASSED] - Text 'Luffy' has been set to element 'Object Repository/cicle.staging/Blast/Description/Desc-TextToDisplay2Field'

2022-10-29 15:54:10 - [TEST_STEP][PASSED] - tap(findTestObject("Object Repository/cicle.staging/Blast/Description/Desc-URL1Field"), 0): Tapped on element 'Object Repository/cicle.staging/Blast/Description/Desc-URL1Field'

2022-10-29 15:54:10 - [MESSAGE][WARNING] - Timeout '0' is invalid. Using default page load timeout: '30'

2022-10-29 15:54:11 - [MESSAGE][PASSED] - Tapped on element 'Object Repository/cicle.staging/Blast/Description/Desc-URL1Field'

2022-10-29 15:54:11 - [TEST_STEP][PASSED] - tap(findTestObject("Object Repository/cicle.staging/Blast/Description/Desc-URL2Field"), 0): Tapped on element 'Object Repository/cicle.staging/Blast/Description/Desc-URL2Field'

2022-10-29 15:54:11 - [MESSAGE][WARNING] - Timeout '0' is invalid. Using default page load timeout: '30'

2022-10-29 15:54:12 - [MESSAGE][PASSED] - Tapped on element 'Object Repository/cicle.staging/Blast/Description/Desc-URL2Field'

2022-10-29 15:54:12 - [TEST_STEP][PASSED] - setText(findTestObject("cicle.staging/Blast/Description/Desc-URL2Field"), findTestData("Blast/Desc/Desc").getValue(3, 1), 0): Text 'https://i1.wp.com/www.99.co/blog/indonesia/wp-content/uploads/2022/07/Luffy-Gear-5.jpg
' has been set to element 'Object Repository/cicle.staging/Blast/Description/Desc-URL2Field'

2022-10-29 15:54:12 - [MESSAGE][WARNING] - Timeout '0' is invalid. Using default page load timeout: '30'

2022-10-29 15:54:12 - [MESSAGE][PASSED] - Text 'https://i1.wp.com/www.99.co/blog/indonesia/wp-content/uploads/2022/07/Luffy-Gear-5.jpg
' has been set to element 'Object Repository/cicle.staging/Blast/Description/Desc-URL2Field'

2022-10-29 15:54:12 - [TEST_STEP][PASSED] - tap(findTestObject("Object Repository/cicle.staging/Blast/Description/Desc-InsertLinkOKButton"), 0): Tapped on element 'Object Repository/cicle.staging/Blast/Description/Desc-InsertLinkOKButton'

2022-10-29 15:54:12 - [MESSAGE][WARNING] - Timeout '0' is invalid. Using default page load timeout: '30'

2022-10-29 15:54:13 - [MESSAGE][PASSED] - Tapped on element 'Object Repository/cicle.staging/Blast/Description/Desc-InsertLinkOKButton']]></system-out>
         <system-err><![CDATA[]]></system-err>
      </testcase>
      <testcase name="Test Cases/Blast/TC_Blast_CS-28" time="26.521" classname="Test Cases/Blast/TC_Blast_CS-28" status="PASSED">
         <system-out><![CDATA[2022-10-29 15:54:13 - [TEST_CASE][PASSED] - Test Cases/Blast/TC_Blast_CS-28: Test Cases/Blast/TC_Blast_CS-28

2022-10-29 15:54:13 - [TEST_STEP][PASSED] - callTestCase(findTestCase("Sign in/TC_Sign in_CS-40"), [:], STOP_ON_FAILURE): Call Test Case 'Test Cases/Sign in/TC_Sign in_CS-40' successfully

2022-10-29 15:54:13 - [TEST_CASE][PASSED] - Test Cases/Sign in/TC_Sign in_CS-40: Test Cases/Sign in/TC_Sign in_CS-40

2022-10-29 15:54:13 - [TEST_STEP][PASSED] - startApplication("/Users/sandikurnia/Downloads/apk-staging-for-iqbal.apk", false): Started app at: '/Users/sandikurnia/Downloads/apk-staging-for-iqbal.apk'

2022-10-29 15:54:18 - [MESSAGE][PASSED] - Started app at: '/Users/sandikurnia/Downloads/apk-staging-for-iqbal.apk'

2022-10-29 15:54:18 - [TEST_STEP][PASSED] - tap(findTestObject("cicle.staging/Startup/YesButtonWhenOpenitApp"), 2, OPTIONAL): Object Object Repository/cicle.staging/Startup/YesButtonWhenOpenitApp not found

2022-10-29 15:54:21 - [MESSAGE][WARNING] - Object Object Repository/cicle.staging/Startup/YesButtonWhenOpenitApp not found

2022-10-29 15:54:21 - [TEST_STEP][PASSED] - tap(findTestObject("cicle.staging/Startup/SkipButtonWhenOpenitApp"), 2, OPTIONAL): Object Object Repository/cicle.staging/Startup/SkipButtonWhenOpenitApp not found

2022-10-29 15:54:23 - [MESSAGE][WARNING] - Object Object Repository/cicle.staging/Startup/SkipButtonWhenOpenitApp not found

2022-10-29 15:54:23 - [TEST_STEP][PASSED] - tap(findTestObject("cicle.staging/Startup/GotoSignInButton"), 2, OPTIONAL): Object Object Repository/cicle.staging/Startup/GotoSignInButton not found

2022-10-29 15:54:25 - [MESSAGE][WARNING] - Object Object Repository/cicle.staging/Startup/GotoSignInButton not found

2022-10-29 15:54:25 - [TEST_STEP][PASSED] - tap(findTestObject("cicle.staging/Startup/SignInwithGoogleAccount"), 2, OPTIONAL): Object Object Repository/cicle.staging/Startup/SignInwithGoogleAccount not found

2022-10-29 15:54:27 - [MESSAGE][WARNING] - Object Object Repository/cicle.staging/Startup/SignInwithGoogleAccount not found

2022-10-29 15:54:27 - [TEST_STEP][PASSED] - tap(findTestObject("cicle.staging/Startup/LayoutLoginwithMyAccount"), 2, OPTIONAL): Object Object Repository/cicle.staging/Startup/LayoutLoginwithMyAccount not found

2022-10-29 15:54:29 - [MESSAGE][WARNING] - Object Object Repository/cicle.staging/Startup/LayoutLoginwithMyAccount not found

2022-10-29 15:54:29 - [TEST_STEP][PASSED] - tap(findTestObject("cicle.staging/Startup/ChooseCompanyonYourListafterSignIn"), 2, OPTIONAL): Tapped on element 'Object Repository/cicle.staging/Startup/ChooseCompanyonYourListafterSignIn'

2022-10-29 15:54:29 - [MESSAGE][PASSED] - Tapped on element 'Object Repository/cicle.staging/Startup/ChooseCompanyonYourListafterSignIn'

2022-10-29 15:54:29 - [TEST_STEP][PASSED] - tap(findTestObject("cicle.staging/SekolahQAHeadQuarter/HeadquarterSekolahQA-MainPage"), 2, OPTIONAL): Tapped on element 'Object Repository/cicle.staging/SekolahQAHeadQuarter/HeadquarterSekolahQA-MainPage'

2022-10-29 15:54:31 - [MESSAGE][PASSED] - Tapped on element 'Object Repository/cicle.staging/SekolahQAHeadQuarter/HeadquarterSekolahQA-MainPage'

2022-10-29 15:54:31 - [MESSAGE][PASSED] - Call Test Case 'Test Cases/Sign in/TC_Sign in_CS-40' successfully

2022-10-29 15:54:31 - [TEST_STEP][PASSED] - tap(findTestObject("cicle.staging/Blast/Menu/BlastMenu"), 0): Tapped on element 'Object Repository/cicle.staging/Blast/Menu/BlastMenu'

2022-10-29 15:54:31 - [MESSAGE][WARNING] - Timeout '0' is invalid. Using default page load timeout: '30'

2022-10-29 15:54:31 - [MESSAGE][PASSED] - Tapped on element 'Object Repository/cicle.staging/Blast/Menu/BlastMenu'

2022-10-29 15:54:31 - [TEST_STEP][PASSED] - tap(findTestObject("Object Repository/cicle.staging/Blast/Description/Desc-AddButtonOntheBottomRightSide"), 0): Tapped on element 'Object Repository/cicle.staging/Blast/Description/Desc-AddButtonOntheBottomRightSide'

2022-10-29 15:54:31 - [MESSAGE][WARNING] - Timeout '0' is invalid. Using default page load timeout: '30'

2022-10-29 15:54:33 - [MESSAGE][PASSED] - Tapped on element 'Object Repository/cicle.staging/Blast/Description/Desc-AddButtonOntheBottomRightSide'

2022-10-29 15:54:33 - [TEST_STEP][PASSED] - tap(findTestObject("Object Repository/cicle.staging/Blast/Description/Desc-TypeATitleField"), 0): Tapped on element 'Object Repository/cicle.staging/Blast/Description/Desc-TypeATitleField'

2022-10-29 15:54:33 - [MESSAGE][WARNING] - Timeout '0' is invalid. Using default page load timeout: '30'

2022-10-29 15:54:34 - [MESSAGE][PASSED] - Tapped on element 'Object Repository/cicle.staging/Blast/Description/Desc-TypeATitleField'

2022-10-29 15:54:34 - [TEST_STEP][PASSED] - setText(findTestObject("cicle.staging/Blast/Description/Desc-TypeATitleField"), findTestData("Blast/Desc/Desc").getValue(1, 1), 0): Text 'One Piece' has been set to element 'Object Repository/cicle.staging/Blast/Description/Desc-TypeATitleField'

2022-10-29 15:54:34 - [MESSAGE][WARNING] - Timeout '0' is invalid. Using default page load timeout: '30'

2022-10-29 15:54:35 - [MESSAGE][PASSED] - Text 'One Piece' has been set to element 'Object Repository/cicle.staging/Blast/Description/Desc-TypeATitleField'

2022-10-29 15:54:35 - [TEST_STEP][PASSED] - tap(findTestObject("Object Repository/cicle.staging/Blast/Description/Desc-InsertLinkToolBar"), 0): Tapped on element 'Object Repository/cicle.staging/Blast/Description/Desc-InsertLinkToolBar'

2022-10-29 15:54:35 - [MESSAGE][WARNING] - Timeout '0' is invalid. Using default page load timeout: '30'

2022-10-29 15:54:37 - [MESSAGE][PASSED] - Tapped on element 'Object Repository/cicle.staging/Blast/Description/Desc-InsertLinkToolBar'

2022-10-29 15:54:37 - [TEST_STEP][PASSED] - tap(findTestObject("Object Repository/cicle.staging/Blast/Description/Desc-TextToDisplay1Field"), 0): Tapped on element 'Object Repository/cicle.staging/Blast/Description/Desc-TextToDisplay1Field'

2022-10-29 15:54:37 - [MESSAGE][WARNING] - Timeout '0' is invalid. Using default page load timeout: '30'

2022-10-29 15:54:38 - [MESSAGE][PASSED] - Tapped on element 'Object Repository/cicle.staging/Blast/Description/Desc-TextToDisplay1Field'

2022-10-29 15:54:38 - [TEST_STEP][PASSED] - tap(findTestObject("Object Repository/cicle.staging/Blast/Description/Desc-TextToDisplay2Field"), 0): Tapped on element 'Object Repository/cicle.staging/Blast/Description/Desc-TextToDisplay2Field'

2022-10-29 15:54:38 - [MESSAGE][WARNING] - Timeout '0' is invalid. Using default page load timeout: '30'

2022-10-29 15:54:38 - [MESSAGE][PASSED] - Tapped on element 'Object Repository/cicle.staging/Blast/Description/Desc-TextToDisplay2Field'

2022-10-29 15:54:38 - [TEST_STEP][PASSED] - setText(findTestObject("cicle.staging/Blast/Description/Desc-TextToDisplay2Field"), findTestData("Blast/Desc/Desc").getValue(2, 3), 0): Text '' has been set to element 'Object Repository/cicle.staging/Blast/Description/Desc-TextToDisplay2Field'

2022-10-29 15:54:38 - [MESSAGE][WARNING] - Timeout '0' is invalid. Using default page load timeout: '30'

2022-10-29 15:54:38 - [MESSAGE][PASSED] - Text '' has been set to element 'Object Repository/cicle.staging/Blast/Description/Desc-TextToDisplay2Field'

2022-10-29 15:54:38 - [TEST_STEP][PASSED] - tap(findTestObject("Object Repository/cicle.staging/Blast/Description/Desc-URL1Field"), 0): Tapped on element 'Object Repository/cicle.staging/Blast/Description/Desc-URL1Field'

2022-10-29 15:54:38 - [MESSAGE][WARNING] - Timeout '0' is invalid. Using default page load timeout: '30'

2022-10-29 15:54:38 - [MESSAGE][PASSED] - Tapped on element 'Object Repository/cicle.staging/Blast/Description/Desc-URL1Field'

2022-10-29 15:54:39 - [TEST_STEP][PASSED] - tap(findTestObject("Object Repository/cicle.staging/Blast/Description/Desc-URL2Field"), 0): Tapped on element 'Object Repository/cicle.staging/Blast/Description/Desc-URL2Field'

2022-10-29 15:54:39 - [MESSAGE][WARNING] - Timeout '0' is invalid. Using default page load timeout: '30'

2022-10-29 15:54:39 - [MESSAGE][PASSED] - Tapped on element 'Object Repository/cicle.staging/Blast/Description/Desc-URL2Field'

2022-10-29 15:54:39 - [TEST_STEP][PASSED] - setText(findTestObject("cicle.staging/Blast/Description/Desc-URL2Field"), findTestData("Blast/Desc/Desc").getValue(3, 3), 0): Text '' has been set to element 'Object Repository/cicle.staging/Blast/Description/Desc-URL2Field'

2022-10-29 15:54:39 - [MESSAGE][WARNING] - Timeout '0' is invalid. Using default page load timeout: '30'

2022-10-29 15:54:39 - [MESSAGE][PASSED] - Text '' has been set to element 'Object Repository/cicle.staging/Blast/Description/Desc-URL2Field'

2022-10-29 15:54:39 - [TEST_STEP][PASSED] - tap(findTestObject("Object Repository/cicle.staging/Blast/Description/Desc-InsertLinkOKButton"), 0): Tapped on element 'Object Repository/cicle.staging/Blast/Description/Desc-InsertLinkOKButton'

2022-10-29 15:54:39 - [MESSAGE][WARNING] - Timeout '0' is invalid. Using default page load timeout: '30'

2022-10-29 15:54:39 - [MESSAGE][PASSED] - Tapped on element 'Object Repository/cicle.staging/Blast/Description/Desc-InsertLinkOKButton'

2022-10-29 15:54:39 - [TEST_STEP][PASSED] - verifyElementVisible(findTestObject("cicle.staging/Blast/Description/Desc-Assert-PleaseEntrtURL"), 0): Element 'Object Repository/cicle.staging/Blast/Description/Desc-Assert-PleaseEntrtURL' is visible

2022-10-29 15:54:39 - [MESSAGE][WARNING] - Timeout '0' is invalid. Using default page load timeout: '30'

2022-10-29 15:54:39 - [MESSAGE][PASSED] - Element 'Object Repository/cicle.staging/Blast/Description/Desc-Assert-PleaseEntrtURL' is visible]]></system-out>
         <system-err><![CDATA[]]></system-err>
      </testcase>
      <testcase name="Test Cases/Blast/TC_Blast_CS-29" time="29.624" classname="Test Cases/Blast/TC_Blast_CS-29" status="PASSED">
         <system-out><![CDATA[2022-10-29 15:54:39 - [TEST_CASE][PASSED] - Test Cases/Blast/TC_Blast_CS-29: Test Cases/Blast/TC_Blast_CS-29

2022-10-29 15:54:40 - [TEST_STEP][PASSED] - callTestCase(findTestCase("Sign in/TC_Sign in_CS-40"), [:], STOP_ON_FAILURE): Call Test Case 'Test Cases/Sign in/TC_Sign in_CS-40' successfully

2022-10-29 15:54:40 - [TEST_CASE][PASSED] - Test Cases/Sign in/TC_Sign in_CS-40: Test Cases/Sign in/TC_Sign in_CS-40

2022-10-29 15:54:40 - [TEST_STEP][PASSED] - startApplication("/Users/sandikurnia/Downloads/apk-staging-for-iqbal.apk", false): Started app at: '/Users/sandikurnia/Downloads/apk-staging-for-iqbal.apk'

2022-10-29 15:54:45 - [MESSAGE][PASSED] - Started app at: '/Users/sandikurnia/Downloads/apk-staging-for-iqbal.apk'

2022-10-29 15:54:45 - [TEST_STEP][PASSED] - tap(findTestObject("cicle.staging/Startup/YesButtonWhenOpenitApp"), 2, OPTIONAL): Object Object Repository/cicle.staging/Startup/YesButtonWhenOpenitApp not found

2022-10-29 15:54:47 - [MESSAGE][WARNING] - Object Object Repository/cicle.staging/Startup/YesButtonWhenOpenitApp not found

2022-10-29 15:54:47 - [TEST_STEP][PASSED] - tap(findTestObject("cicle.staging/Startup/SkipButtonWhenOpenitApp"), 2, OPTIONAL): Object Object Repository/cicle.staging/Startup/SkipButtonWhenOpenitApp not found

2022-10-29 15:54:49 - [MESSAGE][WARNING] - Object Object Repository/cicle.staging/Startup/SkipButtonWhenOpenitApp not found

2022-10-29 15:54:49 - [TEST_STEP][PASSED] - tap(findTestObject("cicle.staging/Startup/GotoSignInButton"), 2, OPTIONAL): Object Object Repository/cicle.staging/Startup/GotoSignInButton not found

2022-10-29 15:54:52 - [MESSAGE][WARNING] - Object Object Repository/cicle.staging/Startup/GotoSignInButton not found

2022-10-29 15:54:52 - [TEST_STEP][PASSED] - tap(findTestObject("cicle.staging/Startup/SignInwithGoogleAccount"), 2, OPTIONAL): Object Object Repository/cicle.staging/Startup/SignInwithGoogleAccount not found

2022-10-29 15:54:54 - [MESSAGE][WARNING] - Object Object Repository/cicle.staging/Startup/SignInwithGoogleAccount not found

2022-10-29 15:54:54 - [TEST_STEP][PASSED] - tap(findTestObject("cicle.staging/Startup/LayoutLoginwithMyAccount"), 2, OPTIONAL): Object Object Repository/cicle.staging/Startup/LayoutLoginwithMyAccount not found

2022-10-29 15:54:56 - [MESSAGE][WARNING] - Object Object Repository/cicle.staging/Startup/LayoutLoginwithMyAccount not found

2022-10-29 15:54:56 - [TEST_STEP][PASSED] - tap(findTestObject("cicle.staging/Startup/ChooseCompanyonYourListafterSignIn"), 2, OPTIONAL): Tapped on element 'Object Repository/cicle.staging/Startup/ChooseCompanyonYourListafterSignIn'

2022-10-29 15:54:56 - [MESSAGE][PASSED] - Tapped on element 'Object Repository/cicle.staging/Startup/ChooseCompanyonYourListafterSignIn'

2022-10-29 15:54:56 - [TEST_STEP][PASSED] - tap(findTestObject("cicle.staging/SekolahQAHeadQuarter/HeadquarterSekolahQA-MainPage"), 2, OPTIONAL): Tapped on element 'Object Repository/cicle.staging/SekolahQAHeadQuarter/HeadquarterSekolahQA-MainPage'

2022-10-29 15:54:57 - [MESSAGE][PASSED] - Tapped on element 'Object Repository/cicle.staging/SekolahQAHeadQuarter/HeadquarterSekolahQA-MainPage'

2022-10-29 15:54:57 - [MESSAGE][PASSED] - Call Test Case 'Test Cases/Sign in/TC_Sign in_CS-40' successfully

2022-10-29 15:54:57 - [TEST_STEP][PASSED] - tap(findTestObject("cicle.staging/Blast/Menu/BlastMenu"), 0): Tapped on element 'Object Repository/cicle.staging/Blast/Menu/BlastMenu'

2022-10-29 15:54:57 - [MESSAGE][WARNING] - Timeout '0' is invalid. Using default page load timeout: '30'

2022-10-29 15:54:57 - [MESSAGE][PASSED] - Tapped on element 'Object Repository/cicle.staging/Blast/Menu/BlastMenu'

2022-10-29 15:54:57 - [TEST_STEP][PASSED] - tap(findTestObject("cicle.staging/Blast/DueDate/Date-AddButtonOntheBottomRightSide"), 0): Tapped on element 'Object Repository/cicle.staging/Blast/DueDate/Date-AddButtonOntheBottomRightSide'

2022-10-29 15:54:57 - [MESSAGE][WARNING] - Timeout '0' is invalid. Using default page load timeout: '30'

2022-10-29 15:54:59 - [MESSAGE][PASSED] - Tapped on element 'Object Repository/cicle.staging/Blast/DueDate/Date-AddButtonOntheBottomRightSide'

2022-10-29 15:54:59 - [TEST_STEP][PASSED] - tap(findTestObject("cicle.staging/Blast/DueDate/Date-DueDate1"), 0): Tapped on element 'Object Repository/cicle.staging/Blast/DueDate/Date-DueDate1'

2022-10-29 15:54:59 - [MESSAGE][WARNING] - Timeout '0' is invalid. Using default page load timeout: '30'

2022-10-29 15:55:00 - [MESSAGE][PASSED] - Tapped on element 'Object Repository/cicle.staging/Blast/DueDate/Date-DueDate1'

2022-10-29 15:55:00 - [TEST_STEP][PASSED] - tap(findTestObject("cicle.staging/Blast/DueDate/Date-SwitchToInputButton"), 0): Tapped on element 'Object Repository/cicle.staging/Blast/DueDate/Date-SwitchToInputButton'

2022-10-29 15:55:00 - [MESSAGE][WARNING] - Timeout '0' is invalid. Using default page load timeout: '30'

2022-10-29 15:55:01 - [MESSAGE][PASSED] - Tapped on element 'Object Repository/cicle.staging/Blast/DueDate/Date-SwitchToInputButton'

2022-10-29 15:55:01 - [TEST_STEP][PASSED] - tap(findTestObject("cicle.staging/Blast/DueDate/Date-EnterDateField"), 0): Tapped on element 'Object Repository/cicle.staging/Blast/DueDate/Date-EnterDateField'

2022-10-29 15:55:01 - [MESSAGE][WARNING] - Timeout '0' is invalid. Using default page load timeout: '30'

2022-10-29 15:55:01 - [MESSAGE][PASSED] - Tapped on element 'Object Repository/cicle.staging/Blast/DueDate/Date-EnterDateField'

2022-10-29 15:55:01 - [TEST_STEP][PASSED] - setText(findTestObject("cicle.staging/Blast/DueDate/Date-EnterDateField"), findTestData("Blast/Date").getValue(1, 1), 0): Text '12/07/2023' has been set to element 'Object Repository/cicle.staging/Blast/DueDate/Date-EnterDateField'

2022-10-29 15:55:01 - [MESSAGE][WARNING] - Timeout '0' is invalid. Using default page load timeout: '30'

2022-10-29 15:55:02 - [MESSAGE][PASSED] - Text '12/07/2023' has been set to element 'Object Repository/cicle.staging/Blast/DueDate/Date-EnterDateField'

2022-10-29 15:55:02 - [TEST_STEP][PASSED] - tap(findTestObject("cicle.staging/Blast/DueDate/Date-OkButtonDate"), 0): Tapped on element 'Object Repository/cicle.staging/Blast/DueDate/Date-OkButtonDate'

2022-10-29 15:55:03 - [MESSAGE][WARNING] - Timeout '0' is invalid. Using default page load timeout: '30'

2022-10-29 15:55:04 - [MESSAGE][PASSED] - Tapped on element 'Object Repository/cicle.staging/Blast/DueDate/Date-OkButtonDate'

2022-10-29 15:55:04 - [TEST_STEP][PASSED] - tap(findTestObject("cicle.staging/Blast/DueDate/Date-SwitchInputTime"), 0): Tapped on element 'Object Repository/cicle.staging/Blast/DueDate/Date-SwitchInputTime'

2022-10-29 15:55:04 - [MESSAGE][WARNING] - Timeout '0' is invalid. Using default page load timeout: '30'

2022-10-29 15:55:05 - [MESSAGE][PASSED] - Tapped on element 'Object Repository/cicle.staging/Blast/DueDate/Date-SwitchInputTime'

2022-10-29 15:55:05 - [TEST_STEP][PASSED] - tap(findTestObject("cicle.staging/Blast/DueDate/Date-EnterTimeHour"), 0): Tapped on element 'Object Repository/cicle.staging/Blast/DueDate/Date-EnterTimeHour'

2022-10-29 15:55:05 - [MESSAGE][WARNING] - Timeout '0' is invalid. Using default page load timeout: '30'

2022-10-29 15:55:05 - [MESSAGE][PASSED] - Tapped on element 'Object Repository/cicle.staging/Blast/DueDate/Date-EnterTimeHour'

2022-10-29 15:55:05 - [TEST_STEP][PASSED] - setText(findTestObject("cicle.staging/Blast/DueDate/Date-EnterTimeHour"), findTestData("Blast/Time").getValue(1, 1), 0): Text '07' has been set to element 'Object Repository/cicle.staging/Blast/DueDate/Date-EnterTimeHour'

2022-10-29 15:55:05 - [MESSAGE][WARNING] - Timeout '0' is invalid. Using default page load timeout: '30'

2022-10-29 15:55:06 - [MESSAGE][PASSED] - Text '07' has been set to element 'Object Repository/cicle.staging/Blast/DueDate/Date-EnterTimeHour'

2022-10-29 15:55:06 - [TEST_STEP][PASSED] - tap(findTestObject("cicle.staging/Blast/DueDate/Date-EnterMinute"), 0): Tapped on element 'Object Repository/cicle.staging/Blast/DueDate/Date-EnterMinute'

2022-10-29 15:55:06 - [MESSAGE][WARNING] - Timeout '0' is invalid. Using default page load timeout: '30'

2022-10-29 15:55:07 - [MESSAGE][PASSED] - Tapped on element 'Object Repository/cicle.staging/Blast/DueDate/Date-EnterMinute'

2022-10-29 15:55:07 - [TEST_STEP][PASSED] - setText(findTestObject("cicle.staging/Blast/DueDate/Date-EnterMinute"), findTestData("Blast/Time").getValue(2, 1), 0): Text '30' has been set to element 'Object Repository/cicle.staging/Blast/DueDate/Date-EnterMinute'

2022-10-29 15:55:07 - [MESSAGE][WARNING] - Timeout '0' is invalid. Using default page load timeout: '30'

2022-10-29 15:55:08 - [MESSAGE][PASSED] - Text '30' has been set to element 'Object Repository/cicle.staging/Blast/DueDate/Date-EnterMinute'

2022-10-29 15:55:08 - [TEST_STEP][PASSED] - tap(findTestObject("cicle.staging/Blast/DueDate/Date-SelectTimeOKbutton"), 0): Tapped on element 'Object Repository/cicle.staging/Blast/DueDate/Date-SelectTimeOKbutton'

2022-10-29 15:55:08 - [MESSAGE][WARNING] - Timeout '0' is invalid. Using default page load timeout: '30'

2022-10-29 15:55:09 - [MESSAGE][PASSED] - Tapped on element 'Object Repository/cicle.staging/Blast/DueDate/Date-SelectTimeOKbutton'

2022-10-29 15:55:09 - [TEST_STEP][PASSED] - verifyElementVisible(findTestObject("cicle.staging/Blast/DueDate/Date-DueDate1"), 0): Element 'Object Repository/cicle.staging/Blast/DueDate/Date-DueDate1' is visible

2022-10-29 15:55:09 - [MESSAGE][WARNING] - Timeout '0' is invalid. Using default page load timeout: '30'

2022-10-29 15:55:09 - [MESSAGE][PASSED] - Element 'Object Repository/cicle.staging/Blast/DueDate/Date-DueDate1' is visible]]></system-out>
         <system-err><![CDATA[]]></system-err>
      </testcase>
      <testcase name="Test Cases/Blast/TC_Blast_CS-30" time="24.869" classname="Test Cases/Blast/TC_Blast_CS-30" status="PASSED">
         <system-out><![CDATA[2022-10-29 15:55:09 - [TEST_CASE][PASSED] - Test Cases/Blast/TC_Blast_CS-30: Test Cases/Blast/TC_Blast_CS-30

2022-10-29 15:55:09 - [TEST_STEP][PASSED] - callTestCase(findTestCase("Sign in/TC_Sign in_CS-40"), [:], STOP_ON_FAILURE): Call Test Case 'Test Cases/Sign in/TC_Sign in_CS-40' successfully

2022-10-29 15:55:09 - [TEST_CASE][PASSED] - Test Cases/Sign in/TC_Sign in_CS-40: Test Cases/Sign in/TC_Sign in_CS-40

2022-10-29 15:55:09 - [TEST_STEP][PASSED] - startApplication("/Users/sandikurnia/Downloads/apk-staging-for-iqbal.apk", false): Started app at: '/Users/sandikurnia/Downloads/apk-staging-for-iqbal.apk'

2022-10-29 15:55:15 - [MESSAGE][PASSED] - Started app at: '/Users/sandikurnia/Downloads/apk-staging-for-iqbal.apk'

2022-10-29 15:55:15 - [TEST_STEP][PASSED] - tap(findTestObject("cicle.staging/Startup/YesButtonWhenOpenitApp"), 2, OPTIONAL): Object Object Repository/cicle.staging/Startup/YesButtonWhenOpenitApp not found

2022-10-29 15:55:17 - [MESSAGE][WARNING] - Object Object Repository/cicle.staging/Startup/YesButtonWhenOpenitApp not found

2022-10-29 15:55:17 - [TEST_STEP][PASSED] - tap(findTestObject("cicle.staging/Startup/SkipButtonWhenOpenitApp"), 2, OPTIONAL): Object Object Repository/cicle.staging/Startup/SkipButtonWhenOpenitApp not found

2022-10-29 15:55:19 - [MESSAGE][WARNING] - Object Object Repository/cicle.staging/Startup/SkipButtonWhenOpenitApp not found

2022-10-29 15:55:19 - [TEST_STEP][PASSED] - tap(findTestObject("cicle.staging/Startup/GotoSignInButton"), 2, OPTIONAL): Object Object Repository/cicle.staging/Startup/GotoSignInButton not found

2022-10-29 15:55:21 - [MESSAGE][WARNING] - Object Object Repository/cicle.staging/Startup/GotoSignInButton not found

2022-10-29 15:55:21 - [TEST_STEP][PASSED] - tap(findTestObject("cicle.staging/Startup/SignInwithGoogleAccount"), 2, OPTIONAL): Object Object Repository/cicle.staging/Startup/SignInwithGoogleAccount not found

2022-10-29 15:55:23 - [MESSAGE][WARNING] - Object Object Repository/cicle.staging/Startup/SignInwithGoogleAccount not found

2022-10-29 15:55:23 - [TEST_STEP][PASSED] - tap(findTestObject("cicle.staging/Startup/LayoutLoginwithMyAccount"), 2, OPTIONAL): Object Object Repository/cicle.staging/Startup/LayoutLoginwithMyAccount not found

2022-10-29 15:55:25 - [MESSAGE][WARNING] - Object Object Repository/cicle.staging/Startup/LayoutLoginwithMyAccount not found

2022-10-29 15:55:25 - [TEST_STEP][PASSED] - tap(findTestObject("cicle.staging/Startup/ChooseCompanyonYourListafterSignIn"), 2, OPTIONAL): Tapped on element 'Object Repository/cicle.staging/Startup/ChooseCompanyonYourListafterSignIn'

2022-10-29 15:55:26 - [MESSAGE][PASSED] - Tapped on element 'Object Repository/cicle.staging/Startup/ChooseCompanyonYourListafterSignIn'

2022-10-29 15:55:26 - [TEST_STEP][PASSED] - tap(findTestObject("cicle.staging/SekolahQAHeadQuarter/HeadquarterSekolahQA-MainPage"), 2, OPTIONAL): Tapped on element 'Object Repository/cicle.staging/SekolahQAHeadQuarter/HeadquarterSekolahQA-MainPage'

2022-10-29 15:55:27 - [MESSAGE][PASSED] - Tapped on element 'Object Repository/cicle.staging/SekolahQAHeadQuarter/HeadquarterSekolahQA-MainPage'

2022-10-29 15:55:27 - [MESSAGE][PASSED] - Call Test Case 'Test Cases/Sign in/TC_Sign in_CS-40' successfully

2022-10-29 15:55:27 - [TEST_STEP][PASSED] - tap(findTestObject("cicle.staging/Blast/Menu/BlastMenu"), 0): Tapped on element 'Object Repository/cicle.staging/Blast/Menu/BlastMenu'

2022-10-29 15:55:27 - [MESSAGE][WARNING] - Timeout '0' is invalid. Using default page load timeout: '30'

2022-10-29 15:55:27 - [MESSAGE][PASSED] - Tapped on element 'Object Repository/cicle.staging/Blast/Menu/BlastMenu'

2022-10-29 15:55:27 - [TEST_STEP][PASSED] - tap(findTestObject("cicle.staging/Blast/DueDate/Date-AddButtonOntheBottomRightSide"), 0): Tapped on element 'Object Repository/cicle.staging/Blast/DueDate/Date-AddButtonOntheBottomRightSide'

2022-10-29 15:55:27 - [MESSAGE][WARNING] - Timeout '0' is invalid. Using default page load timeout: '30'

2022-10-29 15:55:28 - [MESSAGE][PASSED] - Tapped on element 'Object Repository/cicle.staging/Blast/DueDate/Date-AddButtonOntheBottomRightSide'

2022-10-29 15:55:28 - [TEST_STEP][PASSED] - tap(findTestObject("cicle.staging/Blast/DueDate/Date-DueDate1"), 0): Tapped on element 'Object Repository/cicle.staging/Blast/DueDate/Date-DueDate1'

2022-10-29 15:55:29 - [MESSAGE][WARNING] - Timeout '0' is invalid. Using default page load timeout: '30'

2022-10-29 15:55:30 - [MESSAGE][PASSED] - Tapped on element 'Object Repository/cicle.staging/Blast/DueDate/Date-DueDate1'

2022-10-29 15:55:30 - [TEST_STEP][PASSED] - tap(findTestObject("cicle.staging/Blast/DueDate/Date-SwitchToInputButton"), 0): Tapped on element 'Object Repository/cicle.staging/Blast/DueDate/Date-SwitchToInputButton'

2022-10-29 15:55:30 - [MESSAGE][WARNING] - Timeout '0' is invalid. Using default page load timeout: '30'

2022-10-29 15:55:31 - [MESSAGE][PASSED] - Tapped on element 'Object Repository/cicle.staging/Blast/DueDate/Date-SwitchToInputButton'

2022-10-29 15:55:31 - [TEST_STEP][PASSED] - tap(findTestObject("cicle.staging/Blast/DueDate/Date-EnterDateField"), 0): Tapped on element 'Object Repository/cicle.staging/Blast/DueDate/Date-EnterDateField'

2022-10-29 15:55:32 - [MESSAGE][WARNING] - Timeout '0' is invalid. Using default page load timeout: '30'

2022-10-29 15:55:32 - [MESSAGE][PASSED] - Tapped on element 'Object Repository/cicle.staging/Blast/DueDate/Date-EnterDateField'

2022-10-29 15:55:32 - [TEST_STEP][PASSED] - setText(findTestObject("cicle.staging/Blast/DueDate/Date-EnterDateField"), findTestData("Blast/Date").getValue(2, 1), 0): Text '666' has been set to element 'Object Repository/cicle.staging/Blast/DueDate/Date-EnterDateField'

2022-10-29 15:55:32 - [MESSAGE][WARNING] - Timeout '0' is invalid. Using default page load timeout: '30'

2022-10-29 15:55:33 - [MESSAGE][PASSED] - Text '666' has been set to element 'Object Repository/cicle.staging/Blast/DueDate/Date-EnterDateField'

2022-10-29 15:55:33 - [TEST_STEP][PASSED] - tap(findTestObject("cicle.staging/Blast/DueDate/Date-OkButtonDate"), 0): Tapped on element 'Object Repository/cicle.staging/Blast/DueDate/Date-OkButtonDate'

2022-10-29 15:55:33 - [MESSAGE][WARNING] - Timeout '0' is invalid. Using default page load timeout: '30'

2022-10-29 15:55:34 - [MESSAGE][PASSED] - Tapped on element 'Object Repository/cicle.staging/Blast/DueDate/Date-OkButtonDate'

2022-10-29 15:55:34 - [TEST_STEP][PASSED] - verifyElementVisible(findTestObject("cicle.staging/Blast/DueDate/Date-Asset-InvalidDateFormat"), 0): Element 'Object Repository/cicle.staging/Blast/DueDate/Date-Asset-InvalidDateFormat' is visible

2022-10-29 15:55:34 - [MESSAGE][WARNING] - Timeout '0' is invalid. Using default page load timeout: '30'

2022-10-29 15:55:34 - [MESSAGE][PASSED] - Element 'Object Repository/cicle.staging/Blast/DueDate/Date-Asset-InvalidDateFormat' is visible]]></system-out>
         <system-err><![CDATA[]]></system-err>
      </testcase>
      <testcase name="Test Cases/Blast/TC_Blast_CS-31" time="24.384" classname="Test Cases/Blast/TC_Blast_CS-31" status="PASSED">
         <system-out><![CDATA[2022-10-29 15:55:34 - [TEST_CASE][PASSED] - Test Cases/Blast/TC_Blast_CS-31: Test Cases/Blast/TC_Blast_CS-31

2022-10-29 15:55:34 - [TEST_STEP][PASSED] - callTestCase(findTestCase("Sign in/TC_Sign in_CS-40"), [:], STOP_ON_FAILURE): Call Test Case 'Test Cases/Sign in/TC_Sign in_CS-40' successfully

2022-10-29 15:55:34 - [TEST_CASE][PASSED] - Test Cases/Sign in/TC_Sign in_CS-40: Test Cases/Sign in/TC_Sign in_CS-40

2022-10-29 15:55:34 - [TEST_STEP][PASSED] - startApplication("/Users/sandikurnia/Downloads/apk-staging-for-iqbal.apk", false): Started app at: '/Users/sandikurnia/Downloads/apk-staging-for-iqbal.apk'

2022-10-29 15:55:39 - [MESSAGE][PASSED] - Started app at: '/Users/sandikurnia/Downloads/apk-staging-for-iqbal.apk'

2022-10-29 15:55:39 - [TEST_STEP][PASSED] - tap(findTestObject("cicle.staging/Startup/YesButtonWhenOpenitApp"), 2, OPTIONAL): Object Object Repository/cicle.staging/Startup/YesButtonWhenOpenitApp not found

2022-10-29 15:55:42 - [MESSAGE][WARNING] - Object Object Repository/cicle.staging/Startup/YesButtonWhenOpenitApp not found

2022-10-29 15:55:42 - [TEST_STEP][PASSED] - tap(findTestObject("cicle.staging/Startup/SkipButtonWhenOpenitApp"), 2, OPTIONAL): Object Object Repository/cicle.staging/Startup/SkipButtonWhenOpenitApp not found

2022-10-29 15:55:44 - [MESSAGE][WARNING] - Object Object Repository/cicle.staging/Startup/SkipButtonWhenOpenitApp not found

2022-10-29 15:55:44 - [TEST_STEP][PASSED] - tap(findTestObject("cicle.staging/Startup/GotoSignInButton"), 2, OPTIONAL): Object Object Repository/cicle.staging/Startup/GotoSignInButton not found

2022-10-29 15:55:46 - [MESSAGE][WARNING] - Object Object Repository/cicle.staging/Startup/GotoSignInButton not found

2022-10-29 15:55:46 - [TEST_STEP][PASSED] - tap(findTestObject("cicle.staging/Startup/SignInwithGoogleAccount"), 2, OPTIONAL): Object Object Repository/cicle.staging/Startup/SignInwithGoogleAccount not found

2022-10-29 15:55:48 - [MESSAGE][WARNING] - Object Object Repository/cicle.staging/Startup/SignInwithGoogleAccount not found

2022-10-29 15:55:48 - [TEST_STEP][PASSED] - tap(findTestObject("cicle.staging/Startup/LayoutLoginwithMyAccount"), 2, OPTIONAL): Object Object Repository/cicle.staging/Startup/LayoutLoginwithMyAccount not found

2022-10-29 15:55:50 - [MESSAGE][WARNING] - Object Object Repository/cicle.staging/Startup/LayoutLoginwithMyAccount not found

2022-10-29 15:55:50 - [TEST_STEP][PASSED] - tap(findTestObject("cicle.staging/Startup/ChooseCompanyonYourListafterSignIn"), 2, OPTIONAL): Tapped on element 'Object Repository/cicle.staging/Startup/ChooseCompanyonYourListafterSignIn'

2022-10-29 15:55:50 - [MESSAGE][PASSED] - Tapped on element 'Object Repository/cicle.staging/Startup/ChooseCompanyonYourListafterSignIn'

2022-10-29 15:55:50 - [TEST_STEP][PASSED] - tap(findTestObject("cicle.staging/SekolahQAHeadQuarter/HeadquarterSekolahQA-MainPage"), 2, OPTIONAL): Tapped on element 'Object Repository/cicle.staging/SekolahQAHeadQuarter/HeadquarterSekolahQA-MainPage'

2022-10-29 15:55:52 - [MESSAGE][PASSED] - Tapped on element 'Object Repository/cicle.staging/SekolahQAHeadQuarter/HeadquarterSekolahQA-MainPage'

2022-10-29 15:55:52 - [MESSAGE][PASSED] - Call Test Case 'Test Cases/Sign in/TC_Sign in_CS-40' successfully

2022-10-29 15:55:52 - [TEST_STEP][PASSED] - tap(findTestObject("cicle.staging/Blast/Menu/BlastMenu"), 0): Tapped on element 'Object Repository/cicle.staging/Blast/Menu/BlastMenu'

2022-10-29 15:55:52 - [MESSAGE][WARNING] - Timeout '0' is invalid. Using default page load timeout: '30'

2022-10-29 15:55:52 - [MESSAGE][PASSED] - Tapped on element 'Object Repository/cicle.staging/Blast/Menu/BlastMenu'

2022-10-29 15:55:52 - [TEST_STEP][PASSED] - tap(findTestObject("cicle.staging/Blast/DueDate/Date-AddButtonOntheBottomRightSide"), 0): Tapped on element 'Object Repository/cicle.staging/Blast/DueDate/Date-AddButtonOntheBottomRightSide'

2022-10-29 15:55:52 - [MESSAGE][WARNING] - Timeout '0' is invalid. Using default page load timeout: '30'

2022-10-29 15:55:53 - [MESSAGE][PASSED] - Tapped on element 'Object Repository/cicle.staging/Blast/DueDate/Date-AddButtonOntheBottomRightSide'

2022-10-29 15:55:53 - [TEST_STEP][PASSED] - tap(findTestObject("cicle.staging/Blast/DueDate/Date-DueDate1"), 0): Tapped on element 'Object Repository/cicle.staging/Blast/DueDate/Date-DueDate1'

2022-10-29 15:55:53 - [MESSAGE][WARNING] - Timeout '0' is invalid. Using default page load timeout: '30'

2022-10-29 15:55:55 - [MESSAGE][PASSED] - Tapped on element 'Object Repository/cicle.staging/Blast/DueDate/Date-DueDate1'

2022-10-29 15:55:55 - [TEST_STEP][PASSED] - tap(findTestObject("cicle.staging/Blast/DueDate/Date-SwitchToInputButton"), 0): Tapped on element 'Object Repository/cicle.staging/Blast/DueDate/Date-SwitchToInputButton'

2022-10-29 15:55:55 - [MESSAGE][WARNING] - Timeout '0' is invalid. Using default page load timeout: '30'

2022-10-29 15:55:56 - [MESSAGE][PASSED] - Tapped on element 'Object Repository/cicle.staging/Blast/DueDate/Date-SwitchToInputButton'

2022-10-29 15:55:56 - [TEST_STEP][PASSED] - tap(findTestObject("cicle.staging/Blast/DueDate/Date-EnterDateField"), 0): Tapped on element 'Object Repository/cicle.staging/Blast/DueDate/Date-EnterDateField'

2022-10-29 15:55:56 - [MESSAGE][WARNING] - Timeout '0' is invalid. Using default page load timeout: '30'

2022-10-29 15:55:56 - [MESSAGE][PASSED] - Tapped on element 'Object Repository/cicle.staging/Blast/DueDate/Date-EnterDateField'

2022-10-29 15:55:56 - [TEST_STEP][PASSED] - setText(findTestObject("cicle.staging/Blast/DueDate/Date-EnterDateField"), findTestData("Blast/Date").getValue(3, 1), 0): Text '' has been set to element 'Object Repository/cicle.staging/Blast/DueDate/Date-EnterDateField'

2022-10-29 15:55:57 - [MESSAGE][WARNING] - Timeout '0' is invalid. Using default page load timeout: '30'

2022-10-29 15:55:58 - [MESSAGE][PASSED] - Text '' has been set to element 'Object Repository/cicle.staging/Blast/DueDate/Date-EnterDateField'

2022-10-29 15:55:58 - [TEST_STEP][PASSED] - tap(findTestObject("cicle.staging/Blast/DueDate/Date-OkButtonDate"), 0): Tapped on element 'Object Repository/cicle.staging/Blast/DueDate/Date-OkButtonDate'

2022-10-29 15:55:58 - [MESSAGE][WARNING] - Timeout '0' is invalid. Using default page load timeout: '30'

2022-10-29 15:55:58 - [MESSAGE][PASSED] - Tapped on element 'Object Repository/cicle.staging/Blast/DueDate/Date-OkButtonDate'

2022-10-29 15:55:58 - [TEST_STEP][PASSED] - verifyElementVisible(findTestObject("cicle.staging/Blast/DueDate/Date-Asset-InvalidDateFormat"), 0): Element 'Object Repository/cicle.staging/Blast/DueDate/Date-Asset-InvalidDateFormat' is visible

2022-10-29 15:55:58 - [MESSAGE][WARNING] - Timeout '0' is invalid. Using default page load timeout: '30'

2022-10-29 15:55:58 - [MESSAGE][PASSED] - Element 'Object Repository/cicle.staging/Blast/DueDate/Date-Asset-InvalidDateFormat' is visible]]></system-out>
         <system-err><![CDATA[]]></system-err>
      </testcase>
      <testcase name="Test Cases/Blast/TC_Blast_CS-32" time="23.803" classname="Test Cases/Blast/TC_Blast_CS-32" status="PASSED">
         <system-out><![CDATA[2022-10-29 15:55:58 - [TEST_CASE][PASSED] - Test Cases/Blast/TC_Blast_CS-32: Test Cases/Blast/TC_Blast_CS-32

2022-10-29 15:55:59 - [TEST_STEP][PASSED] - callTestCase(findTestCase("Sign in/TC_Sign in_CS-40"), [:], STOP_ON_FAILURE): Call Test Case 'Test Cases/Sign in/TC_Sign in_CS-40' successfully

2022-10-29 15:55:59 - [TEST_CASE][PASSED] - Test Cases/Sign in/TC_Sign in_CS-40: Test Cases/Sign in/TC_Sign in_CS-40

2022-10-29 15:55:59 - [TEST_STEP][PASSED] - startApplication("/Users/sandikurnia/Downloads/apk-staging-for-iqbal.apk", false): Started app at: '/Users/sandikurnia/Downloads/apk-staging-for-iqbal.apk'

2022-10-29 15:56:04 - [MESSAGE][PASSED] - Started app at: '/Users/sandikurnia/Downloads/apk-staging-for-iqbal.apk'

2022-10-29 15:56:04 - [TEST_STEP][PASSED] - tap(findTestObject("cicle.staging/Startup/YesButtonWhenOpenitApp"), 2, OPTIONAL): Object Object Repository/cicle.staging/Startup/YesButtonWhenOpenitApp not found

2022-10-29 15:56:06 - [MESSAGE][WARNING] - Object Object Repository/cicle.staging/Startup/YesButtonWhenOpenitApp not found

2022-10-29 15:56:06 - [TEST_STEP][PASSED] - tap(findTestObject("cicle.staging/Startup/SkipButtonWhenOpenitApp"), 2, OPTIONAL): Object Object Repository/cicle.staging/Startup/SkipButtonWhenOpenitApp not found

2022-10-29 15:56:08 - [MESSAGE][WARNING] - Object Object Repository/cicle.staging/Startup/SkipButtonWhenOpenitApp not found

2022-10-29 15:56:08 - [TEST_STEP][PASSED] - tap(findTestObject("cicle.staging/Startup/GotoSignInButton"), 2, OPTIONAL): Object Object Repository/cicle.staging/Startup/GotoSignInButton not found

2022-10-29 15:56:10 - [MESSAGE][WARNING] - Object Object Repository/cicle.staging/Startup/GotoSignInButton not found

2022-10-29 15:56:10 - [TEST_STEP][PASSED] - tap(findTestObject("cicle.staging/Startup/SignInwithGoogleAccount"), 2, OPTIONAL): Object Object Repository/cicle.staging/Startup/SignInwithGoogleAccount not found

2022-10-29 15:56:13 - [MESSAGE][WARNING] - Object Object Repository/cicle.staging/Startup/SignInwithGoogleAccount not found

2022-10-29 15:56:13 - [TEST_STEP][PASSED] - tap(findTestObject("cicle.staging/Startup/LayoutLoginwithMyAccount"), 2, OPTIONAL): Object Object Repository/cicle.staging/Startup/LayoutLoginwithMyAccount not found

2022-10-29 15:56:15 - [MESSAGE][WARNING] - Object Object Repository/cicle.staging/Startup/LayoutLoginwithMyAccount not found

2022-10-29 15:56:15 - [TEST_STEP][PASSED] - tap(findTestObject("cicle.staging/Startup/ChooseCompanyonYourListafterSignIn"), 2, OPTIONAL): Tapped on element 'Object Repository/cicle.staging/Startup/ChooseCompanyonYourListafterSignIn'

2022-10-29 15:56:15 - [MESSAGE][PASSED] - Tapped on element 'Object Repository/cicle.staging/Startup/ChooseCompanyonYourListafterSignIn'

2022-10-29 15:56:15 - [TEST_STEP][PASSED] - tap(findTestObject("cicle.staging/SekolahQAHeadQuarter/HeadquarterSekolahQA-MainPage"), 2, OPTIONAL): Tapped on element 'Object Repository/cicle.staging/SekolahQAHeadQuarter/HeadquarterSekolahQA-MainPage'

2022-10-29 15:56:16 - [MESSAGE][PASSED] - Tapped on element 'Object Repository/cicle.staging/SekolahQAHeadQuarter/HeadquarterSekolahQA-MainPage'

2022-10-29 15:56:16 - [MESSAGE][PASSED] - Call Test Case 'Test Cases/Sign in/TC_Sign in_CS-40' successfully

2022-10-29 15:56:16 - [TEST_STEP][PASSED] - tap(findTestObject("cicle.staging/Blast/Menu/BlastMenu"), 0): Tapped on element 'Object Repository/cicle.staging/Blast/Menu/BlastMenu'

2022-10-29 15:56:16 - [MESSAGE][WARNING] - Timeout '0' is invalid. Using default page load timeout: '30'

2022-10-29 15:56:16 - [MESSAGE][PASSED] - Tapped on element 'Object Repository/cicle.staging/Blast/Menu/BlastMenu'

2022-10-29 15:56:16 - [TEST_STEP][PASSED] - tap(findTestObject("Object Repository/cicle.staging/Blast/MemberNotification/Notif-AddButtonOntheBottomRightSide"), 0): Tapped on element 'Object Repository/cicle.staging/Blast/MemberNotification/Notif-AddButtonOntheBottomRightSide'

2022-10-29 15:56:16 - [MESSAGE][WARNING] - Timeout '0' is invalid. Using default page load timeout: '30'

2022-10-29 15:56:18 - [MESSAGE][PASSED] - Tapped on element 'Object Repository/cicle.staging/Blast/MemberNotification/Notif-AddButtonOntheBottomRightSide'

2022-10-29 15:56:18 - [TEST_STEP][PASSED] - tap(findTestObject("Object Repository/cicle.staging/Blast/MemberNotification/Notif-AddMemberWhodoyouWannabenotified"), 0): Tapped on element 'Object Repository/cicle.staging/Blast/MemberNotification/Notif-AddMemberWhodoyouWannabenotified'

2022-10-29 15:56:18 - [MESSAGE][WARNING] - Timeout '0' is invalid. Using default page load timeout: '30'

2022-10-29 15:56:20 - [MESSAGE][PASSED] - Tapped on element 'Object Repository/cicle.staging/Blast/MemberNotification/Notif-AddMemberWhodoyouWannabenotified'

2022-10-29 15:56:20 - [TEST_STEP][PASSED] - tap(findTestObject("Object Repository/cicle.staging/Blast/MemberNotification/Notif-CheckBoxSelectAllMember"), 0): Tapped on element 'Object Repository/cicle.staging/Blast/MemberNotification/Notif-CheckBoxSelectAllMember'

2022-10-29 15:56:21 - [MESSAGE][WARNING] - Timeout '0' is invalid. Using default page load timeout: '30'

2022-10-29 15:56:21 - [MESSAGE][PASSED] - Tapped on element 'Object Repository/cicle.staging/Blast/MemberNotification/Notif-CheckBoxSelectAllMember'

2022-10-29 15:56:21 - [TEST_STEP][PASSED] - tap(findTestObject("Object Repository/cicle.staging/Blast/MemberNotification/Notif-Donebutton"), 0): Tapped on element 'Object Repository/cicle.staging/Blast/MemberNotification/Notif-Donebutton'

2022-10-29 15:56:21 - [MESSAGE][WARNING] - Timeout '0' is invalid. Using default page load timeout: '30'

2022-10-29 15:56:22 - [MESSAGE][PASSED] - Tapped on element 'Object Repository/cicle.staging/Blast/MemberNotification/Notif-Donebutton'

2022-10-29 15:56:22 - [TEST_STEP][PASSED] - verifyElementVisible(findTestObject("Object Repository/cicle.staging/Blast/MemberNotification/Notif-AllMemberAssert"), 0): Element 'Object Repository/cicle.staging/Blast/MemberNotification/Notif-AllMemberAssert' is visible

2022-10-29 15:56:22 - [MESSAGE][WARNING] - Timeout '0' is invalid. Using default page load timeout: '30'

2022-10-29 15:56:22 - [MESSAGE][PASSED] - Element 'Object Repository/cicle.staging/Blast/MemberNotification/Notif-AllMemberAssert' is visible]]></system-out>
         <system-err><![CDATA[]]></system-err>
      </testcase>
      <testcase name="Test Cases/Blast/TC_Blast_CS-33" time="26.484" classname="Test Cases/Blast/TC_Blast_CS-33" status="PASSED">
         <system-out><![CDATA[2022-10-29 15:56:22 - [TEST_CASE][PASSED] - Test Cases/Blast/TC_Blast_CS-33: Test Cases/Blast/TC_Blast_CS-33

2022-10-29 15:56:22 - [TEST_STEP][PASSED] - callTestCase(findTestCase("Sign in/TC_Sign in_CS-40"), [:], STOP_ON_FAILURE): Call Test Case 'Test Cases/Sign in/TC_Sign in_CS-40' successfully

2022-10-29 15:56:23 - [TEST_CASE][PASSED] - Test Cases/Sign in/TC_Sign in_CS-40: Test Cases/Sign in/TC_Sign in_CS-40

2022-10-29 15:56:23 - [TEST_STEP][PASSED] - startApplication("/Users/sandikurnia/Downloads/apk-staging-for-iqbal.apk", false): Started app at: '/Users/sandikurnia/Downloads/apk-staging-for-iqbal.apk'

2022-10-29 15:56:28 - [MESSAGE][PASSED] - Started app at: '/Users/sandikurnia/Downloads/apk-staging-for-iqbal.apk'

2022-10-29 15:56:28 - [TEST_STEP][PASSED] - tap(findTestObject("cicle.staging/Startup/YesButtonWhenOpenitApp"), 2, OPTIONAL): Object Object Repository/cicle.staging/Startup/YesButtonWhenOpenitApp not found

2022-10-29 15:56:30 - [MESSAGE][WARNING] - Object Object Repository/cicle.staging/Startup/YesButtonWhenOpenitApp not found

2022-10-29 15:56:30 - [TEST_STEP][PASSED] - tap(findTestObject("cicle.staging/Startup/SkipButtonWhenOpenitApp"), 2, OPTIONAL): Object Object Repository/cicle.staging/Startup/SkipButtonWhenOpenitApp not found

2022-10-29 15:56:33 - [MESSAGE][WARNING] - Object Object Repository/cicle.staging/Startup/SkipButtonWhenOpenitApp not found

2022-10-29 15:56:33 - [TEST_STEP][PASSED] - tap(findTestObject("cicle.staging/Startup/GotoSignInButton"), 2, OPTIONAL): Object Object Repository/cicle.staging/Startup/GotoSignInButton not found

2022-10-29 15:56:35 - [MESSAGE][WARNING] - Object Object Repository/cicle.staging/Startup/GotoSignInButton not found

2022-10-29 15:56:35 - [TEST_STEP][PASSED] - tap(findTestObject("cicle.staging/Startup/SignInwithGoogleAccount"), 2, OPTIONAL): Object Object Repository/cicle.staging/Startup/SignInwithGoogleAccount not found

2022-10-29 15:56:37 - [MESSAGE][WARNING] - Object Object Repository/cicle.staging/Startup/SignInwithGoogleAccount not found

2022-10-29 15:56:37 - [TEST_STEP][PASSED] - tap(findTestObject("cicle.staging/Startup/LayoutLoginwithMyAccount"), 2, OPTIONAL): Object Object Repository/cicle.staging/Startup/LayoutLoginwithMyAccount not found

2022-10-29 15:56:39 - [MESSAGE][WARNING] - Object Object Repository/cicle.staging/Startup/LayoutLoginwithMyAccount not found

2022-10-29 15:56:39 - [TEST_STEP][PASSED] - tap(findTestObject("cicle.staging/Startup/ChooseCompanyonYourListafterSignIn"), 2, OPTIONAL): Tapped on element 'Object Repository/cicle.staging/Startup/ChooseCompanyonYourListafterSignIn'

2022-10-29 15:56:39 - [MESSAGE][PASSED] - Tapped on element 'Object Repository/cicle.staging/Startup/ChooseCompanyonYourListafterSignIn'

2022-10-29 15:56:39 - [TEST_STEP][PASSED] - tap(findTestObject("cicle.staging/SekolahQAHeadQuarter/HeadquarterSekolahQA-MainPage"), 2, OPTIONAL): Tapped on element 'Object Repository/cicle.staging/SekolahQAHeadQuarter/HeadquarterSekolahQA-MainPage'

2022-10-29 15:56:41 - [MESSAGE][PASSED] - Tapped on element 'Object Repository/cicle.staging/SekolahQAHeadQuarter/HeadquarterSekolahQA-MainPage'

2022-10-29 15:56:41 - [MESSAGE][PASSED] - Call Test Case 'Test Cases/Sign in/TC_Sign in_CS-40' successfully

2022-10-29 15:56:41 - [TEST_STEP][PASSED] - tap(findTestObject("cicle.staging/Blast/Menu/BlastMenu"), 0): Tapped on element 'Object Repository/cicle.staging/Blast/Menu/BlastMenu'

2022-10-29 15:56:41 - [MESSAGE][WARNING] - Timeout '0' is invalid. Using default page load timeout: '30'

2022-10-29 15:56:41 - [MESSAGE][PASSED] - Tapped on element 'Object Repository/cicle.staging/Blast/Menu/BlastMenu'

2022-10-29 15:56:41 - [TEST_STEP][PASSED] - tap(findTestObject("Object Repository/cicle.staging/Blast/MemberNotification/Notif-AddButtonOntheBottomRightSide"), 0): Tapped on element 'Object Repository/cicle.staging/Blast/MemberNotification/Notif-AddButtonOntheBottomRightSide'

2022-10-29 15:56:41 - [MESSAGE][WARNING] - Timeout '0' is invalid. Using default page load timeout: '30'

2022-10-29 15:56:42 - [MESSAGE][PASSED] - Tapped on element 'Object Repository/cicle.staging/Blast/MemberNotification/Notif-AddButtonOntheBottomRightSide'

2022-10-29 15:56:42 - [TEST_STEP][PASSED] - for ([i = 1, i < 3, (i++)]): Tapped on element 'Object Repository/cicle.staging/Blast/MemberNotification/Notif-Donebutton'

2022-10-29 15:56:42 - [TEST_STEP][PASSED] - tap(findTestObject("Object Repository/cicle.staging/Blast/MemberNotification/Notif-AddMemberWhodoyouWannabenotified"), 0): Tapped on element 'Object Repository/cicle.staging/Blast/MemberNotification/Notif-AddMemberWhodoyouWannabenotified'

2022-10-29 15:56:42 - [MESSAGE][WARNING] - Timeout '0' is invalid. Using default page load timeout: '30'

2022-10-29 15:56:45 - [MESSAGE][PASSED] - Tapped on element 'Object Repository/cicle.staging/Blast/MemberNotification/Notif-AddMemberWhodoyouWannabenotified'

2022-10-29 15:56:45 - [TEST_STEP][PASSED] - tap(findTestObject("Object Repository/cicle.staging/Blast/MemberNotification/Notif-CheckBoxSelectAllMember"), 0): Tapped on element 'Object Repository/cicle.staging/Blast/MemberNotification/Notif-CheckBoxSelectAllMember'

2022-10-29 15:56:45 - [MESSAGE][WARNING] - Timeout '0' is invalid. Using default page load timeout: '30'

2022-10-29 15:56:45 - [MESSAGE][PASSED] - Tapped on element 'Object Repository/cicle.staging/Blast/MemberNotification/Notif-CheckBoxSelectAllMember'

2022-10-29 15:56:45 - [TEST_STEP][PASSED] - tap(findTestObject("Object Repository/cicle.staging/Blast/MemberNotification/Notif-Donebutton"), 0): Tapped on element 'Object Repository/cicle.staging/Blast/MemberNotification/Notif-Donebutton'

2022-10-29 15:56:45 - [MESSAGE][WARNING] - Timeout '0' is invalid. Using default page load timeout: '30'

2022-10-29 15:56:46 - [MESSAGE][PASSED] - Tapped on element 'Object Repository/cicle.staging/Blast/MemberNotification/Notif-Donebutton'

2022-10-29 15:56:46 - [TEST_STEP][PASSED] - tap(findTestObject("Object Repository/cicle.staging/Blast/MemberNotification/Notif-AddMemberWhodoyouWannabenotified"), 0): Tapped on element 'Object Repository/cicle.staging/Blast/MemberNotification/Notif-AddMemberWhodoyouWannabenotified'

2022-10-29 15:56:46 - [MESSAGE][WARNING] - Timeout '0' is invalid. Using default page load timeout: '30'

2022-10-29 15:56:47 - [MESSAGE][PASSED] - Tapped on element 'Object Repository/cicle.staging/Blast/MemberNotification/Notif-AddMemberWhodoyouWannabenotified'

2022-10-29 15:56:47 - [TEST_STEP][PASSED] - tap(findTestObject("Object Repository/cicle.staging/Blast/MemberNotification/Notif-CheckBoxSelectAllMember"), 0): Tapped on element 'Object Repository/cicle.staging/Blast/MemberNotification/Notif-CheckBoxSelectAllMember'

2022-10-29 15:56:47 - [MESSAGE][WARNING] - Timeout '0' is invalid. Using default page load timeout: '30'

2022-10-29 15:56:48 - [MESSAGE][PASSED] - Tapped on element 'Object Repository/cicle.staging/Blast/MemberNotification/Notif-CheckBoxSelectAllMember'

2022-10-29 15:56:48 - [TEST_STEP][PASSED] - tap(findTestObject("Object Repository/cicle.staging/Blast/MemberNotification/Notif-Donebutton"), 0): Tapped on element 'Object Repository/cicle.staging/Blast/MemberNotification/Notif-Donebutton'

2022-10-29 15:56:48 - [MESSAGE][WARNING] - Timeout '0' is invalid. Using default page load timeout: '30'

2022-10-29 15:56:49 - [MESSAGE][PASSED] - Tapped on element 'Object Repository/cicle.staging/Blast/MemberNotification/Notif-Donebutton'

2022-10-29 15:56:49 - [TEST_STEP][PASSED] - verifyElementVisible(findTestObject("Object Repository/cicle.staging/Blast/MemberNotification/Notif-AllMemberAssert"), 0): Element 'Object Repository/cicle.staging/Blast/MemberNotification/Notif-AllMemberAssert' is visible

2022-10-29 15:56:49 - [MESSAGE][WARNING] - Timeout '0' is invalid. Using default page load timeout: '30'

2022-10-29 15:56:49 - [MESSAGE][PASSED] - Element 'Object Repository/cicle.staging/Blast/MemberNotification/Notif-AllMemberAssert' is visible]]></system-out>
         <system-err><![CDATA[]]></system-err>
      </testcase>
      <testcase name="Test Cases/Blast/TC_Blast_CS-35" time="23.638" classname="Test Cases/Blast/TC_Blast_CS-35" status="PASSED">
         <system-out><![CDATA[2022-10-29 15:56:49 - [TEST_CASE][PASSED] - Test Cases/Blast/TC_Blast_CS-35: Test Cases/Blast/TC_Blast_CS-35

2022-10-29 15:56:49 - [TEST_STEP][PASSED] - callTestCase(findTestCase("Sign in/TC_Sign in_CS-40"), [:], STOP_ON_FAILURE): Call Test Case 'Test Cases/Sign in/TC_Sign in_CS-40' successfully

2022-10-29 15:56:49 - [TEST_CASE][PASSED] - Test Cases/Sign in/TC_Sign in_CS-40: Test Cases/Sign in/TC_Sign in_CS-40

2022-10-29 15:56:49 - [TEST_STEP][PASSED] - startApplication("/Users/sandikurnia/Downloads/apk-staging-for-iqbal.apk", false): Started app at: '/Users/sandikurnia/Downloads/apk-staging-for-iqbal.apk'

2022-10-29 15:56:54 - [MESSAGE][PASSED] - Started app at: '/Users/sandikurnia/Downloads/apk-staging-for-iqbal.apk'

2022-10-29 15:56:54 - [TEST_STEP][PASSED] - tap(findTestObject("cicle.staging/Startup/YesButtonWhenOpenitApp"), 2, OPTIONAL): Object Object Repository/cicle.staging/Startup/YesButtonWhenOpenitApp not found

2022-10-29 15:56:57 - [MESSAGE][WARNING] - Object Object Repository/cicle.staging/Startup/YesButtonWhenOpenitApp not found

2022-10-29 15:56:57 - [TEST_STEP][PASSED] - tap(findTestObject("cicle.staging/Startup/SkipButtonWhenOpenitApp"), 2, OPTIONAL): Object Object Repository/cicle.staging/Startup/SkipButtonWhenOpenitApp not found

2022-10-29 15:56:59 - [MESSAGE][WARNING] - Object Object Repository/cicle.staging/Startup/SkipButtonWhenOpenitApp not found

2022-10-29 15:56:59 - [TEST_STEP][PASSED] - tap(findTestObject("cicle.staging/Startup/GotoSignInButton"), 2, OPTIONAL): Object Object Repository/cicle.staging/Startup/GotoSignInButton not found

2022-10-29 15:57:01 - [MESSAGE][WARNING] - Object Object Repository/cicle.staging/Startup/GotoSignInButton not found

2022-10-29 15:57:01 - [TEST_STEP][PASSED] - tap(findTestObject("cicle.staging/Startup/SignInwithGoogleAccount"), 2, OPTIONAL): Object Object Repository/cicle.staging/Startup/SignInwithGoogleAccount not found

2022-10-29 15:57:03 - [MESSAGE][WARNING] - Object Object Repository/cicle.staging/Startup/SignInwithGoogleAccount not found

2022-10-29 15:57:03 - [TEST_STEP][PASSED] - tap(findTestObject("cicle.staging/Startup/LayoutLoginwithMyAccount"), 2, OPTIONAL): Object Object Repository/cicle.staging/Startup/LayoutLoginwithMyAccount not found

2022-10-29 15:57:05 - [MESSAGE][WARNING] - Object Object Repository/cicle.staging/Startup/LayoutLoginwithMyAccount not found

2022-10-29 15:57:05 - [TEST_STEP][PASSED] - tap(findTestObject("cicle.staging/Startup/ChooseCompanyonYourListafterSignIn"), 2, OPTIONAL): Tapped on element 'Object Repository/cicle.staging/Startup/ChooseCompanyonYourListafterSignIn'

2022-10-29 15:57:06 - [MESSAGE][PASSED] - Tapped on element 'Object Repository/cicle.staging/Startup/ChooseCompanyonYourListafterSignIn'

2022-10-29 15:57:06 - [TEST_STEP][PASSED] - tap(findTestObject("cicle.staging/SekolahQAHeadQuarter/HeadquarterSekolahQA-MainPage"), 2, OPTIONAL): Tapped on element 'Object Repository/cicle.staging/SekolahQAHeadQuarter/HeadquarterSekolahQA-MainPage'

2022-10-29 15:57:07 - [MESSAGE][PASSED] - Tapped on element 'Object Repository/cicle.staging/SekolahQAHeadQuarter/HeadquarterSekolahQA-MainPage'

2022-10-29 15:57:07 - [MESSAGE][PASSED] - Call Test Case 'Test Cases/Sign in/TC_Sign in_CS-40' successfully

2022-10-29 15:57:07 - [TEST_STEP][PASSED] - tap(findTestObject("cicle.staging/Blast/Menu/BlastMenu"), 0): Tapped on element 'Object Repository/cicle.staging/Blast/Menu/BlastMenu'

2022-10-29 15:57:07 - [MESSAGE][WARNING] - Timeout '0' is invalid. Using default page load timeout: '30'

2022-10-29 15:57:07 - [MESSAGE][PASSED] - Tapped on element 'Object Repository/cicle.staging/Blast/Menu/BlastMenu'

2022-10-29 15:57:07 - [TEST_STEP][PASSED] - tap(findTestObject("Object Repository/cicle.staging/Blast/Archive/Archive-3dotbutton"), 0): Tapped on element 'Object Repository/cicle.staging/Blast/Archive/Archive-3dotbutton'

2022-10-29 15:57:07 - [MESSAGE][WARNING] - Timeout '0' is invalid. Using default page load timeout: '30'

2022-10-29 15:57:09 - [MESSAGE][PASSED] - Tapped on element 'Object Repository/cicle.staging/Blast/Archive/Archive-3dotbutton'

2022-10-29 15:57:09 - [TEST_STEP][PASSED] - tap(findTestObject("Object Repository/cicle.staging/Blast/Archive/Arhive-archivebutton"), 0): Tapped on element 'Object Repository/cicle.staging/Blast/Archive/Arhive-archivebutton'

2022-10-29 15:57:09 - [MESSAGE][WARNING] - Timeout '0' is invalid. Using default page load timeout: '30'

2022-10-29 15:57:10 - [MESSAGE][PASSED] - Tapped on element 'Object Repository/cicle.staging/Blast/Archive/Arhive-archivebutton'

2022-10-29 15:57:10 - [TEST_STEP][PASSED] - verifyElementVisible(findTestObject("Object Repository/cicle.staging/Blast/Archive/Archive-ArchivePostPopup"), 0): Element 'Object Repository/cicle.staging/Blast/Archive/Archive-ArchivePostPopup' is visible

2022-10-29 15:57:10 - [MESSAGE][WARNING] - Timeout '0' is invalid. Using default page load timeout: '30'

2022-10-29 15:57:10 - [MESSAGE][PASSED] - Element 'Object Repository/cicle.staging/Blast/Archive/Archive-ArchivePostPopup' is visible

2022-10-29 15:57:10 - [TEST_STEP][PASSED] - tap(findTestObject("Object Repository/cicle.staging/Blast/Archive/Archive-Ok button"), 0): Tapped on element 'Object Repository/cicle.staging/Blast/Archive/Archive-Ok button'

2022-10-29 15:57:10 - [MESSAGE][WARNING] - Timeout '0' is invalid. Using default page load timeout: '30'

2022-10-29 15:57:12 - [MESSAGE][PASSED] - Tapped on element 'Object Repository/cicle.staging/Blast/Archive/Archive-Ok button']]></system-out>
         <system-err><![CDATA[]]></system-err>
      </testcase>
      <system-out><![CDATA[2022-10-29 15:52:11 - [TEST_SUITE][PASSED] - Cicle Staging Mobile App - Blast: Test Cases/Blast/TC_Blast_CS-35]]></system-out>
      <system-err><![CDATA[]]></system-err>
   </testsuite>
</testsuites>
