<?xml version="1.0" encoding="UTF-8"?>
<testsuites name="Cicle Staging Mobile App" time="389.384" tests="11" failures="0" errors="1">
   <testsuite name="Cicle Staging Mobile App" tests="11" failures="0" errors="1" time="389.384" skipped="0" timestamp="2022-10-28 15:50:42" hostname="sandikurnia - localhost" id="Test Suites/Cicle Staging Mobile App/Cicle Staging Mobile App">
      <properties>
         <property name="deviceName" value="emulator-5554 (Android SDK built for arm64 - Android 10)"/>
         <property name="devicePlatform" value=""/>
         <property name="logFolder" value="/Users/sandikurnia/Katalon Studio/smallProject/Reports/20221028_155030/Cicle Staging Mobile App/Cicle Staging Mobile App/20221028_155030"/>
         <property name="logFiles" value="/Users/sandikurnia/Katalon Studio/smallProject/Reports/20221028_155030/Cicle Staging Mobile App/Cicle Staging Mobile App/20221028_155030/execution0.log, /Users/sandikurnia/Katalon Studio/smallProject/Reports/20221028_155030/Cicle Staging Mobile App/Cicle Staging Mobile App/20221028_155030/appium.log"/>
         <property name="attachments" value=""/>
         <property name="hostName" value="sandikurnia - localhost"/>
         <property name="os" value="Mac OS X 64bit"/>
         <property name="appiumServerStatus" value="{&quot;value&quot;:{&quot;build&quot;:{&quot;version&quot;:&quot;1.22.3&quot;}},&quot;sessionId&quot;:null,&quot;status&quot;:0}"/>
         <property name="katalonVersion" value="8.4.1.208"/>
         <property name="deviceOS" value="Android"/>
         <property name="appiumVersion" value="1.22.3"/>
         <property name="deviceModel" value="Android SDK built for arm64"/>
         <property name="hostAddress" value="127.0.0.1"/>
         <property name="deviceManufacturer" value="Google"/>
         <property name="deviceId" value="emulator-5554"/>
         <property name="deviceName" value="emulator-5554 (Android SDK built for arm64 - Android 10)"/>
         <property name="deviceOSVersion" value="10"/>
      </properties>
      <testcase name="Test Cases/Board/TC_Board_CS-02" time="34.682" classname="Test Cases/Board/TC_Board_CS-02" status="PASSED">
         <system-out><![CDATA[2022-10-28 15:50:42 - [TEST_CASE][PASSED] - Test Cases/Board/TC_Board_CS-02: Test Cases/Board/TC_Board_CS-02

2022-10-28 15:50:43 - [TEST_STEP][PASSED] - callTestCase(findTestCase("Sign in/TC_Sign in_CS-40"), [:], STOP_ON_FAILURE): Call Test Case 'Test Cases/Sign in/TC_Sign in_CS-40' successfully

2022-10-28 15:50:43 - [TEST_CASE][PASSED] - Test Cases/Sign in/TC_Sign in_CS-40: Test Cases/Sign in/TC_Sign in_CS-40

2022-10-28 15:50:43 - [TEST_STEP][PASSED] - startApplication("/Users/sandikurnia/Downloads/apk-staging-for-iqbal.apk", false): Started app at: '/Users/sandikurnia/Downloads/apk-staging-for-iqbal.apk'

2022-10-28 15:50:45 - [MESSAGE][INFO] - Detected NodeJS location: "/opt/homebrew/Cellar/node/18.11.0/bin/node"

2022-10-28 15:50:45 - [MESSAGE][INFO] - Appium server started on port 52,354

2022-10-28 15:50:54 - [MESSAGE][PASSED] - Started app at: '/Users/sandikurnia/Downloads/apk-staging-for-iqbal.apk'

2022-10-28 15:50:54 - [TEST_STEP][PASSED] - tap(findTestObject("cicle.staging/Startup/YesButtonWhenOpenitApp"), 3, OPTIONAL): Object Object Repository/cicle.staging/Startup/YesButtonWhenOpenitApp not found

2022-10-28 15:50:58 - [MESSAGE][WARNING] - Object Object Repository/cicle.staging/Startup/YesButtonWhenOpenitApp not found

2022-10-28 15:50:58 - [TEST_STEP][PASSED] - tap(findTestObject("cicle.staging/Startup/SkipButtonWhenOpenitApp"), 3, OPTIONAL): Object Object Repository/cicle.staging/Startup/SkipButtonWhenOpenitApp not found

2022-10-28 15:51:01 - [MESSAGE][WARNING] - Object Object Repository/cicle.staging/Startup/SkipButtonWhenOpenitApp not found

2022-10-28 15:51:01 - [TEST_STEP][PASSED] - tap(findTestObject("cicle.staging/Startup/GotoSignInButton"), 3, OPTIONAL): Object Object Repository/cicle.staging/Startup/GotoSignInButton not found

2022-10-28 15:51:04 - [MESSAGE][WARNING] - Object Object Repository/cicle.staging/Startup/GotoSignInButton not found

2022-10-28 15:51:04 - [TEST_STEP][PASSED] - tap(findTestObject("cicle.staging/Startup/SignInwithGoogleAccount"), 3, OPTIONAL): Object Object Repository/cicle.staging/Startup/SignInwithGoogleAccount not found

2022-10-28 15:51:07 - [MESSAGE][WARNING] - Object Object Repository/cicle.staging/Startup/SignInwithGoogleAccount not found

2022-10-28 15:51:07 - [TEST_STEP][PASSED] - tap(findTestObject("cicle.staging/Startup/LayoutLoginwithMyAccount"), 3, OPTIONAL): Object Object Repository/cicle.staging/Startup/LayoutLoginwithMyAccount not found

2022-10-28 15:51:10 - [MESSAGE][WARNING] - Object Object Repository/cicle.staging/Startup/LayoutLoginwithMyAccount not found

2022-10-28 15:51:10 - [TEST_STEP][PASSED] - tap(findTestObject("cicle.staging/Startup/ChooseCompanyonYourListafterSignIn"), 3, OPTIONAL): Tapped on element 'Object Repository/cicle.staging/Startup/ChooseCompanyonYourListafterSignIn'

2022-10-28 15:51:11 - [MESSAGE][PASSED] - Tapped on element 'Object Repository/cicle.staging/Startup/ChooseCompanyonYourListafterSignIn'

2022-10-28 15:51:11 - [TEST_STEP][PASSED] - tap(findTestObject("cicle.staging/SekolahQAHeadQuarter/HeadquarterSekolahQA-MainPage"), 0, STOP_ON_FAILURE): Tapped on element 'Object Repository/cicle.staging/SekolahQAHeadQuarter/HeadquarterSekolahQA-MainPage'

2022-10-28 15:51:11 - [MESSAGE][WARNING] - Timeout '0' is invalid. Using default page load timeout: '30'

2022-10-28 15:51:12 - [MESSAGE][PASSED] - Tapped on element 'Object Repository/cicle.staging/SekolahQAHeadQuarter/HeadquarterSekolahQA-MainPage'

2022-10-28 15:51:12 - [MESSAGE][PASSED] - Call Test Case 'Test Cases/Sign in/TC_Sign in_CS-40' successfully

2022-10-28 15:51:12 - [TEST_STEP][PASSED] - tap(findTestObject("cicle.staging/Board/Board-Menu"), 0): Tapped on element 'Object Repository/cicle.staging/Board/Board-Menu'

2022-10-28 15:51:12 - [MESSAGE][WARNING] - Timeout '0' is invalid. Using default page load timeout: '30'

2022-10-28 15:51:12 - [MESSAGE][PASSED] - Tapped on element 'Object Repository/cicle.staging/Board/Board-Menu'

2022-10-28 15:51:12 - [TEST_STEP][PASSED] - tap(findTestObject("cicle.staging/Board/AddButtonOntheBottomRightSideBoard-Button"), 0): Tapped on element 'Object Repository/cicle.staging/Board/AddButtonOntheBottomRightSideBoard-Button'

2022-10-28 15:51:12 - [MESSAGE][WARNING] - Timeout '0' is invalid. Using default page load timeout: '30'

2022-10-28 15:51:14 - [MESSAGE][PASSED] - Tapped on element 'Object Repository/cicle.staging/Board/AddButtonOntheBottomRightSideBoard-Button'

2022-10-28 15:51:14 - [TEST_STEP][PASSED] - tap(findTestObject("cicle.staging/Board/Addnewlist-Field"), 0): Tapped on element 'Object Repository/cicle.staging/Board/Addnewlist-Field'

2022-10-28 15:51:15 - [MESSAGE][WARNING] - Timeout '0' is invalid. Using default page load timeout: '30'

2022-10-28 15:51:15 - [MESSAGE][PASSED] - Tapped on element 'Object Repository/cicle.staging/Board/Addnewlist-Field'

2022-10-28 15:51:15 - [TEST_STEP][PASSED] - setText(findTestObject("cicle.staging/Board/Addnewlist-Field"), variable, 0): Text 'Project by Sandi' has been set to element 'Object Repository/cicle.staging/Board/Addnewlist-Field'

2022-10-28 15:51:15 - [MESSAGE][WARNING] - Timeout '0' is invalid. Using default page load timeout: '30'

2022-10-28 15:51:15 - [MESSAGE][PASSED] - Text 'Project by Sandi' has been set to element 'Object Repository/cicle.staging/Board/Addnewlist-Field'

2022-10-28 15:51:15 - [TEST_STEP][PASSED] - tap(findTestObject("cicle.staging/Board/SubmitButton-Board"), 0): Tapped on element 'Object Repository/cicle.staging/Board/SubmitButton-Board'

2022-10-28 15:51:15 - [MESSAGE][WARNING] - Timeout '0' is invalid. Using default page load timeout: '30'

2022-10-28 15:51:17 - [MESSAGE][PASSED] - Tapped on element 'Object Repository/cicle.staging/Board/SubmitButton-Board']]></system-out>
         <system-err><![CDATA[]]></system-err>
      </testcase>
      <testcase name="Test Cases/Board/TC_Board_CS-03" time="30.353" classname="Test Cases/Board/TC_Board_CS-03" status="PASSED">
         <system-out><![CDATA[2022-10-28 15:51:17 - [TEST_CASE][PASSED] - Test Cases/Board/TC_Board_CS-03: Test Cases/Board/TC_Board_CS-03

2022-10-28 15:51:17 - [TEST_STEP][PASSED] - callTestCase(findTestCase("Sign in/TC_Sign in_CS-40"), [:], STOP_ON_FAILURE): Call Test Case 'Test Cases/Sign in/TC_Sign in_CS-40' successfully

2022-10-28 15:51:18 - [TEST_CASE][PASSED] - Test Cases/Sign in/TC_Sign in_CS-40: Test Cases/Sign in/TC_Sign in_CS-40

2022-10-28 15:51:18 - [TEST_STEP][PASSED] - startApplication("/Users/sandikurnia/Downloads/apk-staging-for-iqbal.apk", false): Started app at: '/Users/sandikurnia/Downloads/apk-staging-for-iqbal.apk'

2022-10-28 15:51:24 - [MESSAGE][PASSED] - Started app at: '/Users/sandikurnia/Downloads/apk-staging-for-iqbal.apk'

2022-10-28 15:51:24 - [TEST_STEP][PASSED] - tap(findTestObject("cicle.staging/Startup/YesButtonWhenOpenitApp"), 3, OPTIONAL): Object Object Repository/cicle.staging/Startup/YesButtonWhenOpenitApp not found

2022-10-28 15:51:28 - [MESSAGE][WARNING] - Object Object Repository/cicle.staging/Startup/YesButtonWhenOpenitApp not found

2022-10-28 15:51:28 - [TEST_STEP][PASSED] - tap(findTestObject("cicle.staging/Startup/SkipButtonWhenOpenitApp"), 3, OPTIONAL): Object Object Repository/cicle.staging/Startup/SkipButtonWhenOpenitApp not found

2022-10-28 15:51:31 - [MESSAGE][WARNING] - Object Object Repository/cicle.staging/Startup/SkipButtonWhenOpenitApp not found

2022-10-28 15:51:31 - [TEST_STEP][PASSED] - tap(findTestObject("cicle.staging/Startup/GotoSignInButton"), 3, OPTIONAL): Object Object Repository/cicle.staging/Startup/GotoSignInButton not found

2022-10-28 15:51:35 - [MESSAGE][WARNING] - Object Object Repository/cicle.staging/Startup/GotoSignInButton not found

2022-10-28 15:51:35 - [TEST_STEP][PASSED] - tap(findTestObject("cicle.staging/Startup/SignInwithGoogleAccount"), 3, OPTIONAL): Object Object Repository/cicle.staging/Startup/SignInwithGoogleAccount not found

2022-10-28 15:51:38 - [MESSAGE][WARNING] - Object Object Repository/cicle.staging/Startup/SignInwithGoogleAccount not found

2022-10-28 15:51:38 - [TEST_STEP][PASSED] - tap(findTestObject("cicle.staging/Startup/LayoutLoginwithMyAccount"), 3, OPTIONAL): Object Object Repository/cicle.staging/Startup/LayoutLoginwithMyAccount not found

2022-10-28 15:51:41 - [MESSAGE][WARNING] - Object Object Repository/cicle.staging/Startup/LayoutLoginwithMyAccount not found

2022-10-28 15:51:41 - [TEST_STEP][PASSED] - tap(findTestObject("cicle.staging/Startup/ChooseCompanyonYourListafterSignIn"), 3, OPTIONAL): Tapped on element 'Object Repository/cicle.staging/Startup/ChooseCompanyonYourListafterSignIn'

2022-10-28 15:51:41 - [MESSAGE][PASSED] - Tapped on element 'Object Repository/cicle.staging/Startup/ChooseCompanyonYourListafterSignIn'

2022-10-28 15:51:41 - [TEST_STEP][PASSED] - tap(findTestObject("cicle.staging/SekolahQAHeadQuarter/HeadquarterSekolahQA-MainPage"), 0, STOP_ON_FAILURE): Tapped on element 'Object Repository/cicle.staging/SekolahQAHeadQuarter/HeadquarterSekolahQA-MainPage'

2022-10-28 15:51:41 - [MESSAGE][WARNING] - Timeout '0' is invalid. Using default page load timeout: '30'

2022-10-28 15:51:42 - [MESSAGE][PASSED] - Tapped on element 'Object Repository/cicle.staging/SekolahQAHeadQuarter/HeadquarterSekolahQA-MainPage'

2022-10-28 15:51:42 - [MESSAGE][PASSED] - Call Test Case 'Test Cases/Sign in/TC_Sign in_CS-40' successfully

2022-10-28 15:51:43 - [TEST_STEP][PASSED] - tap(findTestObject("cicle.staging/Board/Board-Menu"), 0): Tapped on element 'Object Repository/cicle.staging/Board/Board-Menu'

2022-10-28 15:51:43 - [MESSAGE][WARNING] - Timeout '0' is invalid. Using default page load timeout: '30'

2022-10-28 15:51:43 - [MESSAGE][PASSED] - Tapped on element 'Object Repository/cicle.staging/Board/Board-Menu'

2022-10-28 15:51:43 - [TEST_STEP][PASSED] - tap(findTestObject("cicle.staging/Board/AddButtonOntheBottomRightSideBoard-Button"), 0): Tapped on element 'Object Repository/cicle.staging/Board/AddButtonOntheBottomRightSideBoard-Button'

2022-10-28 15:51:43 - [MESSAGE][WARNING] - Timeout '0' is invalid. Using default page load timeout: '30'

2022-10-28 15:51:46 - [MESSAGE][PASSED] - Tapped on element 'Object Repository/cicle.staging/Board/AddButtonOntheBottomRightSideBoard-Button'

2022-10-28 15:51:46 - [TEST_STEP][PASSED] - tap(findTestObject("cicle.staging/Board/Addnewlist-Field"), 0): Tapped on element 'Object Repository/cicle.staging/Board/Addnewlist-Field'

2022-10-28 15:51:46 - [MESSAGE][WARNING] - Timeout '0' is invalid. Using default page load timeout: '30'

2022-10-28 15:51:47 - [MESSAGE][PASSED] - Tapped on element 'Object Repository/cicle.staging/Board/Addnewlist-Field'

2022-10-28 15:51:47 - [TEST_STEP][PASSED] - setText(findTestObject("cicle.staging/Board/Addnewlist-Field"), "", 0): Text '' has been set to element 'Object Repository/cicle.staging/Board/Addnewlist-Field'

2022-10-28 15:51:47 - [MESSAGE][WARNING] - Timeout '0' is invalid. Using default page load timeout: '30'

2022-10-28 15:51:47 - [MESSAGE][PASSED] - Text '' has been set to element 'Object Repository/cicle.staging/Board/Addnewlist-Field'

2022-10-28 15:51:47 - [TEST_STEP][PASSED] - tap(findTestObject("cicle.staging/Board/SubmitButton-Board"), 0): Tapped on element 'Object Repository/cicle.staging/Board/SubmitButton-Board'

2022-10-28 15:51:47 - [MESSAGE][WARNING] - Timeout '0' is invalid. Using default page load timeout: '30'

2022-10-28 15:51:47 - [MESSAGE][PASSED] - Tapped on element 'Object Repository/cicle.staging/Board/SubmitButton-Board']]></system-out>
         <system-err><![CDATA[]]></system-err>
      </testcase>
      <testcase name="Test Cases/Board/TC_Board_CS-04" time="27.406" classname="Test Cases/Board/TC_Board_CS-04" status="ERROR">
         <error type="ERROR" message="Test Cases/Board/TC_Board_CS-04 FAILED.
Reason:
java.lang.IllegalArgumentException: Cannot find test data with id 'Data Files/Card/cardUser' because (of) 'java.lang.IllegalArgumentException: Test data with id 'Data Files/Card/cardUser' does not exist'
	at com.kms.katalon.core.testdata.TestDataFactory.findTestData(TestDataFactory.java:132)
	at com.kms.katalon.core.testdata.TestDataFactory$findTestData.callStatic(Unknown Source)
	at TC_Board_CS-04.run(TC_Board_CS-04:32)
	at com.kms.katalon.core.main.ScriptEngine.run(ScriptEngine.java:194)
	at com.kms.katalon.core.main.ScriptEngine.runScriptAsRawText(ScriptEngine.java:119)
	at com.kms.katalon.core.main.TestCaseExecutor.runScript(TestCaseExecutor.java:448)
	at com.kms.katalon.core.main.TestCaseExecutor.doExecute(TestCaseExecutor.java:439)
	at com.kms.katalon.core.main.TestCaseExecutor.processExecutionPhase(TestCaseExecutor.java:418)
	at com.kms.katalon.core.main.TestCaseExecutor.accessMainPhase(TestCaseExecutor.java:410)
	at com.kms.katalon.core.main.TestCaseExecutor.execute(TestCaseExecutor.java:285)
	at com.kms.katalon.core.common.CommonExecutor.accessTestCaseMainPhase(CommonExecutor.java:65)
	at com.kms.katalon.core.main.TestSuiteExecutor.accessTestSuiteMainPhase(TestSuiteExecutor.java:144)
	at com.kms.katalon.core.main.TestSuiteExecutor.execute(TestSuiteExecutor.java:106)
	at com.kms.katalon.core.main.TestCaseMain.startTestSuite(TestCaseMain.java:185)
	at com.kms.katalon.core.main.TestCaseMain$startTestSuite$0.call(Unknown Source)
	at TempTestSuite1666947030096.run(TempTestSuite1666947030096.groovy:36)
"/>
         <system-out><![CDATA[2022-10-28 15:51:47 - [TEST_CASE][ERROR] - Test Cases/Board/TC_Board_CS-04: Test Cases/Board/TC_Board_CS-04 FAILED.
Reason:
java.lang.IllegalArgumentException: Cannot find test data with id 'Data Files/Card/cardUser' because (of) 'java.lang.IllegalArgumentException: Test data with id 'Data Files/Card/cardUser' does not exist'
	at com.kms.katalon.core.testdata.TestDataFactory.findTestData(TestDataFactory.java:132)
	at com.kms.katalon.core.testdata.TestDataFactory$findTestData.callStatic(Unknown Source)
	at TC_Board_CS-04.run(TC_Board_CS-04:32)
	at com.kms.katalon.core.main.ScriptEngine.run(ScriptEngine.java:194)
	at com.kms.katalon.core.main.ScriptEngine.runScriptAsRawText(ScriptEngine.java:119)
	at com.kms.katalon.core.main.TestCaseExecutor.runScript(TestCaseExecutor.java:448)
	at com.kms.katalon.core.main.TestCaseExecutor.doExecute(TestCaseExecutor.java:439)
	at com.kms.katalon.core.main.TestCaseExecutor.processExecutionPhase(TestCaseExecutor.java:418)
	at com.kms.katalon.core.main.TestCaseExecutor.accessMainPhase(TestCaseExecutor.java:410)
	at com.kms.katalon.core.main.TestCaseExecutor.execute(TestCaseExecutor.java:285)
	at com.kms.katalon.core.common.CommonExecutor.accessTestCaseMainPhase(CommonExecutor.java:65)
	at com.kms.katalon.core.main.TestSuiteExecutor.accessTestSuiteMainPhase(TestSuiteExecutor.java:144)
	at com.kms.katalon.core.main.TestSuiteExecutor.execute(TestSuiteExecutor.java:106)
	at com.kms.katalon.core.main.TestCaseMain.startTestSuite(TestCaseMain.java:185)
	at com.kms.katalon.core.main.TestCaseMain$startTestSuite$0.call(Unknown Source)
	at TempTestSuite1666947030096.run(TempTestSuite1666947030096.groovy:36)


2022-10-28 15:51:48 - [TEST_STEP][PASSED] - callTestCase(findTestCase("Sign in/TC_Sign in_CS-40"), [:], STOP_ON_FAILURE): Call Test Case 'Test Cases/Sign in/TC_Sign in_CS-40' successfully

2022-10-28 15:51:48 - [TEST_CASE][PASSED] - Test Cases/Sign in/TC_Sign in_CS-40: Test Cases/Sign in/TC_Sign in_CS-40

2022-10-28 15:51:48 - [TEST_STEP][PASSED] - startApplication("/Users/sandikurnia/Downloads/apk-staging-for-iqbal.apk", false): Started app at: '/Users/sandikurnia/Downloads/apk-staging-for-iqbal.apk'

2022-10-28 15:51:54 - [MESSAGE][PASSED] - Started app at: '/Users/sandikurnia/Downloads/apk-staging-for-iqbal.apk'

2022-10-28 15:51:54 - [TEST_STEP][PASSED] - tap(findTestObject("cicle.staging/Startup/YesButtonWhenOpenitApp"), 3, OPTIONAL): Object Object Repository/cicle.staging/Startup/YesButtonWhenOpenitApp not found

2022-10-28 15:51:58 - [MESSAGE][WARNING] - Object Object Repository/cicle.staging/Startup/YesButtonWhenOpenitApp not found

2022-10-28 15:51:58 - [TEST_STEP][PASSED] - tap(findTestObject("cicle.staging/Startup/SkipButtonWhenOpenitApp"), 3, OPTIONAL): Object Object Repository/cicle.staging/Startup/SkipButtonWhenOpenitApp not found

2022-10-28 15:52:01 - [MESSAGE][WARNING] - Object Object Repository/cicle.staging/Startup/SkipButtonWhenOpenitApp not found

2022-10-28 15:52:01 - [TEST_STEP][PASSED] - tap(findTestObject("cicle.staging/Startup/GotoSignInButton"), 3, OPTIONAL): Object Object Repository/cicle.staging/Startup/GotoSignInButton not found

2022-10-28 15:52:04 - [MESSAGE][WARNING] - Object Object Repository/cicle.staging/Startup/GotoSignInButton not found

2022-10-28 15:52:04 - [TEST_STEP][PASSED] - tap(findTestObject("cicle.staging/Startup/SignInwithGoogleAccount"), 3, OPTIONAL): Object Object Repository/cicle.staging/Startup/SignInwithGoogleAccount not found

2022-10-28 15:52:07 - [MESSAGE][WARNING] - Object Object Repository/cicle.staging/Startup/SignInwithGoogleAccount not found

2022-10-28 15:52:07 - [TEST_STEP][PASSED] - tap(findTestObject("cicle.staging/Startup/LayoutLoginwithMyAccount"), 3, OPTIONAL): Object Object Repository/cicle.staging/Startup/LayoutLoginwithMyAccount not found

2022-10-28 15:52:10 - [MESSAGE][WARNING] - Object Object Repository/cicle.staging/Startup/LayoutLoginwithMyAccount not found

2022-10-28 15:52:10 - [TEST_STEP][PASSED] - tap(findTestObject("cicle.staging/Startup/ChooseCompanyonYourListafterSignIn"), 3, OPTIONAL): Tapped on element 'Object Repository/cicle.staging/Startup/ChooseCompanyonYourListafterSignIn'

2022-10-28 15:52:11 - [MESSAGE][PASSED] - Tapped on element 'Object Repository/cicle.staging/Startup/ChooseCompanyonYourListafterSignIn'

2022-10-28 15:52:11 - [TEST_STEP][PASSED] - tap(findTestObject("cicle.staging/SekolahQAHeadQuarter/HeadquarterSekolahQA-MainPage"), 0, STOP_ON_FAILURE): Tapped on element 'Object Repository/cicle.staging/SekolahQAHeadQuarter/HeadquarterSekolahQA-MainPage'

2022-10-28 15:52:11 - [MESSAGE][WARNING] - Timeout '0' is invalid. Using default page load timeout: '30'

2022-10-28 15:52:12 - [MESSAGE][PASSED] - Tapped on element 'Object Repository/cicle.staging/SekolahQAHeadQuarter/HeadquarterSekolahQA-MainPage'

2022-10-28 15:52:12 - [MESSAGE][PASSED] - Call Test Case 'Test Cases/Sign in/TC_Sign in_CS-40' successfully

2022-10-28 15:52:12 - [TEST_STEP][PASSED] - tap(findTestObject("cicle.staging/Board/Board-Menu"), 0): Tapped on element 'Object Repository/cicle.staging/Board/Board-Menu'

2022-10-28 15:52:12 - [MESSAGE][WARNING] - Timeout '0' is invalid. Using default page load timeout: '30'

2022-10-28 15:52:12 - [MESSAGE][PASSED] - Tapped on element 'Object Repository/cicle.staging/Board/Board-Menu'

2022-10-28 15:52:12 - [TEST_STEP][PASSED] - tap(findTestObject("cicle.staging/Board/Card/AddNewCard-Button"), 0): Tapped on element 'Object Repository/cicle.staging/Board/Card/AddNewCard-Button'

2022-10-28 15:52:12 - [MESSAGE][WARNING] - Timeout '0' is invalid. Using default page load timeout: '30'

2022-10-28 15:52:14 - [MESSAGE][PASSED] - Tapped on element 'Object Repository/cicle.staging/Board/Card/AddNewCard-Button'

2022-10-28 15:52:14 - [TEST_STEP][PASSED] - tap(findTestObject("cicle.staging/Board/Card/YourCardName-Field"), 0): Tapped on element 'Object Repository/cicle.staging/Board/Card/YourCardName-Field'

2022-10-28 15:52:15 - [MESSAGE][WARNING] - Timeout '0' is invalid. Using default page load timeout: '30'

2022-10-28 15:52:15 - [MESSAGE][PASSED] - Tapped on element 'Object Repository/cicle.staging/Board/Card/YourCardName-Field'

2022-10-28 15:52:15 - [TEST_STEP][ERROR] - setText(findTestObject("cicle.staging/Board/Card/YourCardName-Field"), findTestData("Card/cardUser").getValue(1, 1), 0): Test Cases/Board/TC_Board_CS-04 FAILED.
Reason:
java.lang.IllegalArgumentException: Cannot find test data with id 'Data Files/Card/cardUser' because (of) 'java.lang.IllegalArgumentException: Test data with id 'Data Files/Card/cardUser' does not exist'
	at com.kms.katalon.core.testdata.TestDataFactory.findTestData(TestDataFactory.java:132)
	at com.kms.katalon.core.testdata.TestDataFactory$findTestData.callStatic(Unknown Source)
	at TC_Board_CS-04.run(TC_Board_CS-04:32)
	at com.kms.katalon.core.main.ScriptEngine.run(ScriptEngine.java:194)
	at com.kms.katalon.core.main.ScriptEngine.runScriptAsRawText(ScriptEngine.java:119)
	at com.kms.katalon.core.main.TestCaseExecutor.runScript(TestCaseExecutor.java:448)
	at com.kms.katalon.core.main.TestCaseExecutor.doExecute(TestCaseExecutor.java:439)
	at com.kms.katalon.core.main.TestCaseExecutor.processExecutionPhase(TestCaseExecutor.java:418)
	at com.kms.katalon.core.main.TestCaseExecutor.accessMainPhase(TestCaseExecutor.java:410)
	at com.kms.katalon.core.main.TestCaseExecutor.execute(TestCaseExecutor.java:285)
	at com.kms.katalon.core.common.CommonExecutor.accessTestCaseMainPhase(CommonExecutor.java:65)
	at com.kms.katalon.core.main.TestSuiteExecutor.accessTestSuiteMainPhase(TestSuiteExecutor.java:144)
	at com.kms.katalon.core.main.TestSuiteExecutor.execute(TestSuiteExecutor.java:106)
	at com.kms.katalon.core.main.TestCaseMain.startTestSuite(TestCaseMain.java:185)
	at com.kms.katalon.core.main.TestCaseMain$startTestSuite$0.call(Unknown Source)
	at TempTestSuite1666947030096.run(TempTestSuite1666947030096.groovy:36)


2022-10-28 15:52:15 - [MESSAGE][ERROR] - Test Cases/Board/TC_Board_CS-04 FAILED.
Reason:
java.lang.IllegalArgumentException: Cannot find test data with id 'Data Files/Card/cardUser' because (of) 'java.lang.IllegalArgumentException: Test data with id 'Data Files/Card/cardUser' does not exist'
	at com.kms.katalon.core.testdata.TestDataFactory.findTestData(TestDataFactory.java:132)
	at com.kms.katalon.core.testdata.TestDataFactory$findTestData.callStatic(Unknown Source)
	at TC_Board_CS-04.run(TC_Board_CS-04:32)
	at com.kms.katalon.core.main.ScriptEngine.run(ScriptEngine.java:194)
	at com.kms.katalon.core.main.ScriptEngine.runScriptAsRawText(ScriptEngine.java:119)
	at com.kms.katalon.core.main.TestCaseExecutor.runScript(TestCaseExecutor.java:448)
	at com.kms.katalon.core.main.TestCaseExecutor.doExecute(TestCaseExecutor.java:439)
	at com.kms.katalon.core.main.TestCaseExecutor.processExecutionPhase(TestCaseExecutor.java:418)
	at com.kms.katalon.core.main.TestCaseExecutor.accessMainPhase(TestCaseExecutor.java:410)
	at com.kms.katalon.core.main.TestCaseExecutor.execute(TestCaseExecutor.java:285)
	at com.kms.katalon.core.common.CommonExecutor.accessTestCaseMainPhase(CommonExecutor.java:65)
	at com.kms.katalon.core.main.TestSuiteExecutor.accessTestSuiteMainPhase(TestSuiteExecutor.java:144)
	at com.kms.katalon.core.main.TestSuiteExecutor.execute(TestSuiteExecutor.java:106)
	at com.kms.katalon.core.main.TestCaseMain.startTestSuite(TestCaseMain.java:185)
	at com.kms.katalon.core.main.TestCaseMain$startTestSuite$0.call(Unknown Source)
	at TempTestSuite1666947030096.run(TempTestSuite1666947030096.groovy:36)]]></system-out>
         <system-err><![CDATA[2022-10-28 15:51:47 - [TEST_CASE][ERROR] - Test Cases/Board/TC_Board_CS-04: Test Cases/Board/TC_Board_CS-04 FAILED.
Reason:
java.lang.IllegalArgumentException: Cannot find test data with id 'Data Files/Card/cardUser' because (of) 'java.lang.IllegalArgumentException: Test data with id 'Data Files/Card/cardUser' does not exist'
	at com.kms.katalon.core.testdata.TestDataFactory.findTestData(TestDataFactory.java:132)
	at com.kms.katalon.core.testdata.TestDataFactory$findTestData.callStatic(Unknown Source)
	at TC_Board_CS-04.run(TC_Board_CS-04:32)
	at com.kms.katalon.core.main.ScriptEngine.run(ScriptEngine.java:194)
	at com.kms.katalon.core.main.ScriptEngine.runScriptAsRawText(ScriptEngine.java:119)
	at com.kms.katalon.core.main.TestCaseExecutor.runScript(TestCaseExecutor.java:448)
	at com.kms.katalon.core.main.TestCaseExecutor.doExecute(TestCaseExecutor.java:439)
	at com.kms.katalon.core.main.TestCaseExecutor.processExecutionPhase(TestCaseExecutor.java:418)
	at com.kms.katalon.core.main.TestCaseExecutor.accessMainPhase(TestCaseExecutor.java:410)
	at com.kms.katalon.core.main.TestCaseExecutor.execute(TestCaseExecutor.java:285)
	at com.kms.katalon.core.common.CommonExecutor.accessTestCaseMainPhase(CommonExecutor.java:65)
	at com.kms.katalon.core.main.TestSuiteExecutor.accessTestSuiteMainPhase(TestSuiteExecutor.java:144)
	at com.kms.katalon.core.main.TestSuiteExecutor.execute(TestSuiteExecutor.java:106)
	at com.kms.katalon.core.main.TestCaseMain.startTestSuite(TestCaseMain.java:185)
	at com.kms.katalon.core.main.TestCaseMain$startTestSuite$0.call(Unknown Source)
	at TempTestSuite1666947030096.run(TempTestSuite1666947030096.groovy:36)]]></system-err>
      </testcase>
      <testcase name="Test Cases/Board/TC_Board_CS-05" time="34.492" classname="Test Cases/Board/TC_Board_CS-05" status="PASSED">
         <system-out><![CDATA[2022-10-28 15:52:15 - [TEST_CASE][PASSED] - Test Cases/Board/TC_Board_CS-05: Test Cases/Board/TC_Board_CS-05

2022-10-28 15:52:15 - [TEST_STEP][PASSED] - callTestCase(findTestCase("Sign in/TC_Sign in_CS-40"), [:], STOP_ON_FAILURE): Call Test Case 'Test Cases/Sign in/TC_Sign in_CS-40' successfully

2022-10-28 15:52:15 - [TEST_CASE][PASSED] - Test Cases/Sign in/TC_Sign in_CS-40: Test Cases/Sign in/TC_Sign in_CS-40

2022-10-28 15:52:15 - [TEST_STEP][PASSED] - startApplication("/Users/sandikurnia/Downloads/apk-staging-for-iqbal.apk", false): Started app at: '/Users/sandikurnia/Downloads/apk-staging-for-iqbal.apk'

2022-10-28 15:52:20 - [MESSAGE][PASSED] - Started app at: '/Users/sandikurnia/Downloads/apk-staging-for-iqbal.apk'

2022-10-28 15:52:20 - [TEST_STEP][PASSED] - tap(findTestObject("cicle.staging/Startup/YesButtonWhenOpenitApp"), 3, OPTIONAL): Object Object Repository/cicle.staging/Startup/YesButtonWhenOpenitApp not found

2022-10-28 15:52:23 - [MESSAGE][WARNING] - Object Object Repository/cicle.staging/Startup/YesButtonWhenOpenitApp not found

2022-10-28 15:52:23 - [TEST_STEP][PASSED] - tap(findTestObject("cicle.staging/Startup/SkipButtonWhenOpenitApp"), 3, OPTIONAL): Object Object Repository/cicle.staging/Startup/SkipButtonWhenOpenitApp not found

2022-10-28 15:52:27 - [MESSAGE][WARNING] - Object Object Repository/cicle.staging/Startup/SkipButtonWhenOpenitApp not found

2022-10-28 15:52:27 - [TEST_STEP][PASSED] - tap(findTestObject("cicle.staging/Startup/GotoSignInButton"), 3, OPTIONAL): Object Object Repository/cicle.staging/Startup/GotoSignInButton not found

2022-10-28 15:52:30 - [MESSAGE][WARNING] - Object Object Repository/cicle.staging/Startup/GotoSignInButton not found

2022-10-28 15:52:30 - [TEST_STEP][PASSED] - tap(findTestObject("cicle.staging/Startup/SignInwithGoogleAccount"), 3, OPTIONAL): Object Object Repository/cicle.staging/Startup/SignInwithGoogleAccount not found

2022-10-28 15:52:33 - [MESSAGE][WARNING] - Object Object Repository/cicle.staging/Startup/SignInwithGoogleAccount not found

2022-10-28 15:52:33 - [TEST_STEP][PASSED] - tap(findTestObject("cicle.staging/Startup/LayoutLoginwithMyAccount"), 3, OPTIONAL): Object Object Repository/cicle.staging/Startup/LayoutLoginwithMyAccount not found

2022-10-28 15:52:36 - [MESSAGE][WARNING] - Object Object Repository/cicle.staging/Startup/LayoutLoginwithMyAccount not found

2022-10-28 15:52:36 - [TEST_STEP][PASSED] - tap(findTestObject("cicle.staging/Startup/ChooseCompanyonYourListafterSignIn"), 3, OPTIONAL): Tapped on element 'Object Repository/cicle.staging/Startup/ChooseCompanyonYourListafterSignIn'

2022-10-28 15:52:36 - [MESSAGE][PASSED] - Tapped on element 'Object Repository/cicle.staging/Startup/ChooseCompanyonYourListafterSignIn'

2022-10-28 15:52:36 - [TEST_STEP][PASSED] - tap(findTestObject("cicle.staging/SekolahQAHeadQuarter/HeadquarterSekolahQA-MainPage"), 0, STOP_ON_FAILURE): Tapped on element 'Object Repository/cicle.staging/SekolahQAHeadQuarter/HeadquarterSekolahQA-MainPage'

2022-10-28 15:52:36 - [MESSAGE][WARNING] - Timeout '0' is invalid. Using default page load timeout: '30'

2022-10-28 15:52:38 - [MESSAGE][PASSED] - Tapped on element 'Object Repository/cicle.staging/SekolahQAHeadQuarter/HeadquarterSekolahQA-MainPage'

2022-10-28 15:52:38 - [MESSAGE][PASSED] - Call Test Case 'Test Cases/Sign in/TC_Sign in_CS-40' successfully

2022-10-28 15:52:38 - [TEST_STEP][PASSED] - tap(findTestObject("cicle.staging/Board/Board-Menu"), 0): Tapped on element 'Object Repository/cicle.staging/Board/Board-Menu'

2022-10-28 15:52:38 - [MESSAGE][WARNING] - Timeout '0' is invalid. Using default page load timeout: '30'

2022-10-28 15:52:38 - [MESSAGE][PASSED] - Tapped on element 'Object Repository/cicle.staging/Board/Board-Menu'

2022-10-28 15:52:38 - [TEST_STEP][PASSED] - tap(findTestObject("cicle.staging/Board/Card/AddNewCard-Button"), 0): Tapped on element 'Object Repository/cicle.staging/Board/Card/AddNewCard-Button'

2022-10-28 15:52:38 - [MESSAGE][WARNING] - Timeout '0' is invalid. Using default page load timeout: '30'

2022-10-28 15:52:49 - [MESSAGE][PASSED] - Tapped on element 'Object Repository/cicle.staging/Board/Card/AddNewCard-Button'

2022-10-28 15:52:49 - [TEST_STEP][PASSED] - tap(findTestObject("cicle.staging/Board/Card/YourCardName-Field"), 0): Tapped on element 'Object Repository/cicle.staging/Board/Card/YourCardName-Field'

2022-10-28 15:52:49 - [MESSAGE][WARNING] - Timeout '0' is invalid. Using default page load timeout: '30'

2022-10-28 15:52:49 - [MESSAGE][PASSED] - Tapped on element 'Object Repository/cicle.staging/Board/Card/YourCardName-Field'

2022-10-28 15:52:49 - [TEST_STEP][PASSED] - setText(findTestObject("cicle.staging/Board/Card/YourCardName-Field"), "", 0): Text '' has been set to element 'Object Repository/cicle.staging/Board/Card/YourCardName-Field'

2022-10-28 15:52:49 - [MESSAGE][WARNING] - Timeout '0' is invalid. Using default page load timeout: '30'

2022-10-28 15:52:49 - [MESSAGE][PASSED] - Text '' has been set to element 'Object Repository/cicle.staging/Board/Card/YourCardName-Field'

2022-10-28 15:52:49 - [TEST_STEP][PASSED] - tap(findTestObject("cicle.staging/Board/Check-Button"), 0): Tapped on element 'Object Repository/cicle.staging/Board/Check-Button'

2022-10-28 15:52:49 - [MESSAGE][WARNING] - Timeout '0' is invalid. Using default page load timeout: '30'

2022-10-28 15:52:49 - [MESSAGE][PASSED] - Tapped on element 'Object Repository/cicle.staging/Board/Check-Button']]></system-out>
         <system-err><![CDATA[]]></system-err>
      </testcase>
      <testcase name="Test Cases/Board/TC_Board_CS-06" time="63.296" classname="Test Cases/Board/TC_Board_CS-06" status="PASSED">
         <system-out><![CDATA[2022-10-28 15:52:49 - [TEST_CASE][PASSED] - Test Cases/Board/TC_Board_CS-06: Test Cases/Board/TC_Board_CS-06

2022-10-28 15:52:50 - [TEST_STEP][PASSED] - callTestCase(findTestCase("Sign in/TC_Sign in_CS-40"), [:], STOP_ON_FAILURE): Call Test Case 'Test Cases/Sign in/TC_Sign in_CS-40' successfully

2022-10-28 15:52:50 - [TEST_CASE][PASSED] - Test Cases/Sign in/TC_Sign in_CS-40: Test Cases/Sign in/TC_Sign in_CS-40

2022-10-28 15:52:50 - [TEST_STEP][PASSED] - startApplication("/Users/sandikurnia/Downloads/apk-staging-for-iqbal.apk", false): Started app at: '/Users/sandikurnia/Downloads/apk-staging-for-iqbal.apk'

2022-10-28 15:52:55 - [MESSAGE][PASSED] - Started app at: '/Users/sandikurnia/Downloads/apk-staging-for-iqbal.apk'

2022-10-28 15:52:55 - [TEST_STEP][PASSED] - tap(findTestObject("cicle.staging/Startup/YesButtonWhenOpenitApp"), 3, OPTIONAL): Object Object Repository/cicle.staging/Startup/YesButtonWhenOpenitApp not found

2022-10-28 15:52:59 - [MESSAGE][WARNING] - Object Object Repository/cicle.staging/Startup/YesButtonWhenOpenitApp not found

2022-10-28 15:52:59 - [TEST_STEP][PASSED] - tap(findTestObject("cicle.staging/Startup/SkipButtonWhenOpenitApp"), 3, OPTIONAL): Object Object Repository/cicle.staging/Startup/SkipButtonWhenOpenitApp not found

2022-10-28 15:53:02 - [MESSAGE][WARNING] - Object Object Repository/cicle.staging/Startup/SkipButtonWhenOpenitApp not found

2022-10-28 15:53:02 - [TEST_STEP][PASSED] - tap(findTestObject("cicle.staging/Startup/GotoSignInButton"), 3, OPTIONAL): Object Object Repository/cicle.staging/Startup/GotoSignInButton not found

2022-10-28 15:53:05 - [MESSAGE][WARNING] - Object Object Repository/cicle.staging/Startup/GotoSignInButton not found

2022-10-28 15:53:05 - [TEST_STEP][PASSED] - tap(findTestObject("cicle.staging/Startup/SignInwithGoogleAccount"), 3, OPTIONAL): Object Object Repository/cicle.staging/Startup/SignInwithGoogleAccount not found

2022-10-28 15:53:09 - [MESSAGE][WARNING] - Object Object Repository/cicle.staging/Startup/SignInwithGoogleAccount not found

2022-10-28 15:53:09 - [TEST_STEP][PASSED] - tap(findTestObject("cicle.staging/Startup/LayoutLoginwithMyAccount"), 3, OPTIONAL): Object Object Repository/cicle.staging/Startup/LayoutLoginwithMyAccount not found

2022-10-28 15:53:12 - [MESSAGE][WARNING] - Object Object Repository/cicle.staging/Startup/LayoutLoginwithMyAccount not found

2022-10-28 15:53:12 - [TEST_STEP][PASSED] - tap(findTestObject("cicle.staging/Startup/ChooseCompanyonYourListafterSignIn"), 3, OPTIONAL): Tapped on element 'Object Repository/cicle.staging/Startup/ChooseCompanyonYourListafterSignIn'

2022-10-28 15:53:12 - [MESSAGE][PASSED] - Tapped on element 'Object Repository/cicle.staging/Startup/ChooseCompanyonYourListafterSignIn'

2022-10-28 15:53:12 - [TEST_STEP][PASSED] - tap(findTestObject("cicle.staging/SekolahQAHeadQuarter/HeadquarterSekolahQA-MainPage"), 0, STOP_ON_FAILURE): Tapped on element 'Object Repository/cicle.staging/SekolahQAHeadQuarter/HeadquarterSekolahQA-MainPage'

2022-10-28 15:53:12 - [MESSAGE][WARNING] - Timeout '0' is invalid. Using default page load timeout: '30'

2022-10-28 15:53:14 - [MESSAGE][PASSED] - Tapped on element 'Object Repository/cicle.staging/SekolahQAHeadQuarter/HeadquarterSekolahQA-MainPage'

2022-10-28 15:53:14 - [MESSAGE][PASSED] - Call Test Case 'Test Cases/Sign in/TC_Sign in_CS-40' successfully

2022-10-28 15:53:14 - [TEST_STEP][PASSED] - tap(findTestObject("cicle.staging/Board/Board-Menu"), 0): Tapped on element 'Object Repository/cicle.staging/Board/Board-Menu'

2022-10-28 15:53:14 - [MESSAGE][WARNING] - Timeout '0' is invalid. Using default page load timeout: '30'

2022-10-28 15:53:14 - [MESSAGE][PASSED] - Tapped on element 'Object Repository/cicle.staging/Board/Board-Menu'

2022-10-28 15:53:14 - [TEST_STEP][PASSED] - tap(findTestObject("cicle.staging/Board/Card/userCardAccount"), 0): Tapped on element 'Object Repository/cicle.staging/Board/Card/userCardAccount'

2022-10-28 15:53:14 - [MESSAGE][WARNING] - Timeout '0' is invalid. Using default page load timeout: '30'

2022-10-28 15:53:15 - [MESSAGE][PASSED] - Tapped on element 'Object Repository/cicle.staging/Board/Card/userCardAccount'

2022-10-28 15:53:15 - [TEST_STEP][PASSED] - tap(findTestObject("cicle.staging/Board/Label/Label-Button"), 0): Tapped on element 'Object Repository/cicle.staging/Board/Label/Label-Button'

2022-10-28 15:53:15 - [MESSAGE][WARNING] - Timeout '0' is invalid. Using default page load timeout: '30'

2022-10-28 15:53:17 - [MESSAGE][PASSED] - Tapped on element 'Object Repository/cicle.staging/Board/Label/Label-Button'

2022-10-28 15:53:17 - [TEST_STEP][PASSED] - tap(findTestObject("cicle.staging/Board/Label/Label-CreateNewLabel"), 0, OPTIONAL): Object Object Repository/cicle.staging/Board/Label/Label-CreateNewLabel not found

2022-10-28 15:53:17 - [MESSAGE][WARNING] - Timeout '0' is invalid. Using default page load timeout: '30'

2022-10-28 15:53:47 - [MESSAGE][WARNING] - Object Object Repository/cicle.staging/Board/Label/Label-CreateNewLabel not found

2022-10-28 15:53:47 - [TEST_STEP][PASSED] - tap(findTestObject("cicle.staging/Board/Label/NameYourLabel-Field"), 0): Tapped on element 'Object Repository/cicle.staging/Board/Label/NameYourLabel-Field'

2022-10-28 15:53:47 - [MESSAGE][WARNING] - Timeout '0' is invalid. Using default page load timeout: '30'

2022-10-28 15:53:47 - [MESSAGE][PASSED] - Tapped on element 'Object Repository/cicle.staging/Board/Label/NameYourLabel-Field'

2022-10-28 15:53:47 - [TEST_STEP][PASSED] - setText(findTestObject("cicle.staging/Board/Label/NameYourLabel-Field"), Day1, 0): Text 'Sunday' has been set to element 'Object Repository/cicle.staging/Board/Label/NameYourLabel-Field'

2022-10-28 15:53:47 - [MESSAGE][WARNING] - Timeout '0' is invalid. Using default page load timeout: '30'

2022-10-28 15:53:48 - [MESSAGE][PASSED] - Text 'Sunday' has been set to element 'Object Repository/cicle.staging/Board/Label/NameYourLabel-Field'

2022-10-28 15:53:48 - [TEST_STEP][PASSED] - tap(findTestObject("cicle.staging/Board/Label/LabelColor-Green01"), 0): Tapped on element 'Object Repository/cicle.staging/Board/Label/LabelColor-Green01'

2022-10-28 15:53:48 - [MESSAGE][WARNING] - Timeout '0' is invalid. Using default page load timeout: '30'

2022-10-28 15:53:49 - [MESSAGE][PASSED] - Tapped on element 'Object Repository/cicle.staging/Board/Label/LabelColor-Green01'

2022-10-28 15:53:49 - [TEST_STEP][PASSED] - hideKeyboard(): Keyboard is hidden

2022-10-28 15:53:50 - [MESSAGE][PASSED] - Keyboard is hidden

2022-10-28 15:53:50 - [TEST_STEP][PASSED] - tap(findTestObject("cicle.staging/Board/Label/SubmitLabel-Button"), 0): Tapped on element 'Object Repository/cicle.staging/Board/Label/SubmitLabel-Button'

2022-10-28 15:53:50 - [MESSAGE][WARNING] - Timeout '0' is invalid. Using default page load timeout: '30'

2022-10-28 15:53:52 - [MESSAGE][PASSED] - Tapped on element 'Object Repository/cicle.staging/Board/Label/SubmitLabel-Button'

2022-10-28 15:53:52 - [TEST_STEP][PASSED] - verifyElementVisible(findTestObject("cicle.staging/Board/Label/Assertion-Label-CreatingLabelForThisBoardSuccess"), 0): Element 'Object Repository/cicle.staging/Board/Label/Assertion-Label-CreatingLabelForThisBoardSuccess' is visible

2022-10-28 15:53:53 - [MESSAGE][WARNING] - Timeout '0' is invalid. Using default page load timeout: '30'

2022-10-28 15:53:53 - [MESSAGE][PASSED] - Element 'Object Repository/cicle.staging/Board/Label/Assertion-Label-CreatingLabelForThisBoardSuccess' is visible]]></system-out>
         <system-err><![CDATA[]]></system-err>
      </testcase>
      <testcase name="Test Cases/Board/TC_Board_CS-07" time="32.083" classname="Test Cases/Board/TC_Board_CS-07" status="PASSED">
         <system-out><![CDATA[2022-10-28 15:53:53 - [TEST_CASE][PASSED] - Test Cases/Board/TC_Board_CS-07: Test Cases/Board/TC_Board_CS-07

2022-10-28 15:53:53 - [TEST_STEP][PASSED] - callTestCase(findTestCase("Sign in/TC_Sign in_CS-40"), [:], STOP_ON_FAILURE): Call Test Case 'Test Cases/Sign in/TC_Sign in_CS-40' successfully

2022-10-28 15:53:53 - [TEST_CASE][PASSED] - Test Cases/Sign in/TC_Sign in_CS-40: Test Cases/Sign in/TC_Sign in_CS-40

2022-10-28 15:53:53 - [TEST_STEP][PASSED] - startApplication("/Users/sandikurnia/Downloads/apk-staging-for-iqbal.apk", false): Started app at: '/Users/sandikurnia/Downloads/apk-staging-for-iqbal.apk'

2022-10-28 15:53:58 - [MESSAGE][PASSED] - Started app at: '/Users/sandikurnia/Downloads/apk-staging-for-iqbal.apk'

2022-10-28 15:53:58 - [TEST_STEP][PASSED] - tap(findTestObject("cicle.staging/Startup/YesButtonWhenOpenitApp"), 3, OPTIONAL): Object Object Repository/cicle.staging/Startup/YesButtonWhenOpenitApp not found

2022-10-28 15:54:01 - [MESSAGE][WARNING] - Object Object Repository/cicle.staging/Startup/YesButtonWhenOpenitApp not found

2022-10-28 15:54:01 - [TEST_STEP][PASSED] - tap(findTestObject("cicle.staging/Startup/SkipButtonWhenOpenitApp"), 3, OPTIONAL): Object Object Repository/cicle.staging/Startup/SkipButtonWhenOpenitApp not found

2022-10-28 15:54:05 - [MESSAGE][WARNING] - Object Object Repository/cicle.staging/Startup/SkipButtonWhenOpenitApp not found

2022-10-28 15:54:05 - [TEST_STEP][PASSED] - tap(findTestObject("cicle.staging/Startup/GotoSignInButton"), 3, OPTIONAL): Object Object Repository/cicle.staging/Startup/GotoSignInButton not found

2022-10-28 15:54:08 - [MESSAGE][WARNING] - Object Object Repository/cicle.staging/Startup/GotoSignInButton not found

2022-10-28 15:54:08 - [TEST_STEP][PASSED] - tap(findTestObject("cicle.staging/Startup/SignInwithGoogleAccount"), 3, OPTIONAL): Object Object Repository/cicle.staging/Startup/SignInwithGoogleAccount not found

2022-10-28 15:54:11 - [MESSAGE][WARNING] - Object Object Repository/cicle.staging/Startup/SignInwithGoogleAccount not found

2022-10-28 15:54:11 - [TEST_STEP][PASSED] - tap(findTestObject("cicle.staging/Startup/LayoutLoginwithMyAccount"), 3, OPTIONAL): Object Object Repository/cicle.staging/Startup/LayoutLoginwithMyAccount not found

2022-10-28 15:54:14 - [MESSAGE][WARNING] - Object Object Repository/cicle.staging/Startup/LayoutLoginwithMyAccount not found

2022-10-28 15:54:14 - [TEST_STEP][PASSED] - tap(findTestObject("cicle.staging/Startup/ChooseCompanyonYourListafterSignIn"), 3, OPTIONAL): Tapped on element 'Object Repository/cicle.staging/Startup/ChooseCompanyonYourListafterSignIn'

2022-10-28 15:54:14 - [MESSAGE][PASSED] - Tapped on element 'Object Repository/cicle.staging/Startup/ChooseCompanyonYourListafterSignIn'

2022-10-28 15:54:14 - [TEST_STEP][PASSED] - tap(findTestObject("cicle.staging/SekolahQAHeadQuarter/HeadquarterSekolahQA-MainPage"), 0, STOP_ON_FAILURE): Tapped on element 'Object Repository/cicle.staging/SekolahQAHeadQuarter/HeadquarterSekolahQA-MainPage'

2022-10-28 15:54:14 - [MESSAGE][WARNING] - Timeout '0' is invalid. Using default page load timeout: '30'

2022-10-28 15:54:16 - [MESSAGE][PASSED] - Tapped on element 'Object Repository/cicle.staging/SekolahQAHeadQuarter/HeadquarterSekolahQA-MainPage'

2022-10-28 15:54:16 - [MESSAGE][PASSED] - Call Test Case 'Test Cases/Sign in/TC_Sign in_CS-40' successfully

2022-10-28 15:54:16 - [TEST_STEP][PASSED] - tap(findTestObject("cicle.staging/Board/Board-Menu"), 0): Tapped on element 'Object Repository/cicle.staging/Board/Board-Menu'

2022-10-28 15:54:16 - [MESSAGE][WARNING] - Timeout '0' is invalid. Using default page load timeout: '30'

2022-10-28 15:54:16 - [MESSAGE][PASSED] - Tapped on element 'Object Repository/cicle.staging/Board/Board-Menu'

2022-10-28 15:54:16 - [TEST_STEP][PASSED] - tap(findTestObject("cicle.staging/Board/Card/userCardAccount"), 0): Tapped on element 'Object Repository/cicle.staging/Board/Card/userCardAccount'

2022-10-28 15:54:16 - [MESSAGE][WARNING] - Timeout '0' is invalid. Using default page load timeout: '30'

2022-10-28 15:54:17 - [MESSAGE][PASSED] - Tapped on element 'Object Repository/cicle.staging/Board/Card/userCardAccount'

2022-10-28 15:54:17 - [TEST_STEP][PASSED] - tap(findTestObject("cicle.staging/Board/Label/Label-Button"), 0): Tapped on element 'Object Repository/cicle.staging/Board/Label/Label-Button'

2022-10-28 15:54:17 - [MESSAGE][WARNING] - Timeout '0' is invalid. Using default page load timeout: '30'

2022-10-28 15:54:19 - [MESSAGE][PASSED] - Tapped on element 'Object Repository/cicle.staging/Board/Label/Label-Button'

2022-10-28 15:54:19 - [TEST_STEP][PASSED] - tap(findTestObject("cicle.staging/Board/Label/Label-CreateNewLabel"), 3, OPTIONAL): Object Object Repository/cicle.staging/Board/Label/Label-CreateNewLabel not found

2022-10-28 15:54:22 - [MESSAGE][WARNING] - Object Object Repository/cicle.staging/Board/Label/Label-CreateNewLabel not found

2022-10-28 15:54:22 - [TEST_STEP][PASSED] - tap(findTestObject("cicle.staging/Board/Label/NameYourLabel-Field"), 0): Tapped on element 'Object Repository/cicle.staging/Board/Label/NameYourLabel-Field'

2022-10-28 15:54:22 - [MESSAGE][WARNING] - Timeout '0' is invalid. Using default page load timeout: '30'

2022-10-28 15:54:23 - [MESSAGE][PASSED] - Tapped on element 'Object Repository/cicle.staging/Board/Label/NameYourLabel-Field'

2022-10-28 15:54:23 - [TEST_STEP][PASSED] - setText(findTestObject("cicle.staging/Board/Label/NameYourLabel-Field"), "", 0): Text '' has been set to element 'Object Repository/cicle.staging/Board/Label/NameYourLabel-Field'

2022-10-28 15:54:23 - [MESSAGE][WARNING] - Timeout '0' is invalid. Using default page load timeout: '30'

2022-10-28 15:54:23 - [MESSAGE][PASSED] - Text '' has been set to element 'Object Repository/cicle.staging/Board/Label/NameYourLabel-Field'

2022-10-28 15:54:23 - [TEST_STEP][PASSED] - tap(findTestObject("cicle.staging/Board/Label/LabelColor-Navy01"), 0): Tapped on element 'Object Repository/cicle.staging/Board/Label/LabelColor-Navy01'

2022-10-28 15:54:23 - [MESSAGE][WARNING] - Timeout '0' is invalid. Using default page load timeout: '30'

2022-10-28 15:54:23 - [MESSAGE][PASSED] - Tapped on element 'Object Repository/cicle.staging/Board/Label/LabelColor-Navy01'

2022-10-28 15:54:23 - [TEST_STEP][PASSED] - hideKeyboard(): Keyboard is hidden

2022-10-28 15:54:24 - [MESSAGE][PASSED] - Keyboard is hidden

2022-10-28 15:54:24 - [TEST_STEP][PASSED] - tap(findTestObject("cicle.staging/Board/Label/SubmitLabel-Button"), 0): Tapped on element 'Object Repository/cicle.staging/Board/Label/SubmitLabel-Button'

2022-10-28 15:54:24 - [MESSAGE][WARNING] - Timeout '0' is invalid. Using default page load timeout: '30'

2022-10-28 15:54:25 - [MESSAGE][PASSED] - Tapped on element 'Object Repository/cicle.staging/Board/Label/SubmitLabel-Button']]></system-out>
         <system-err><![CDATA[]]></system-err>
      </testcase>
      <testcase name="Test Cases/Board/TC_Board_CS-08" time="29.239" classname="Test Cases/Board/TC_Board_CS-08" status="PASSED">
         <system-out><![CDATA[2022-10-28 15:54:25 - [TEST_CASE][PASSED] - Test Cases/Board/TC_Board_CS-08: Test Cases/Board/TC_Board_CS-08

2022-10-28 15:54:25 - [TEST_STEP][PASSED] - callTestCase(findTestCase("Sign in/TC_Sign in_CS-40"), [:], STOP_ON_FAILURE): Call Test Case 'Test Cases/Sign in/TC_Sign in_CS-40' successfully

2022-10-28 15:54:25 - [TEST_CASE][PASSED] - Test Cases/Sign in/TC_Sign in_CS-40: Test Cases/Sign in/TC_Sign in_CS-40

2022-10-28 15:54:25 - [TEST_STEP][PASSED] - startApplication("/Users/sandikurnia/Downloads/apk-staging-for-iqbal.apk", false): Started app at: '/Users/sandikurnia/Downloads/apk-staging-for-iqbal.apk'

2022-10-28 15:54:30 - [MESSAGE][PASSED] - Started app at: '/Users/sandikurnia/Downloads/apk-staging-for-iqbal.apk'

2022-10-28 15:54:30 - [TEST_STEP][PASSED] - tap(findTestObject("cicle.staging/Startup/YesButtonWhenOpenitApp"), 3, OPTIONAL): Object Object Repository/cicle.staging/Startup/YesButtonWhenOpenitApp not found

2022-10-28 15:54:33 - [MESSAGE][WARNING] - Object Object Repository/cicle.staging/Startup/YesButtonWhenOpenitApp not found

2022-10-28 15:54:33 - [TEST_STEP][PASSED] - tap(findTestObject("cicle.staging/Startup/SkipButtonWhenOpenitApp"), 3, OPTIONAL): Object Object Repository/cicle.staging/Startup/SkipButtonWhenOpenitApp not found

2022-10-28 15:54:36 - [MESSAGE][WARNING] - Object Object Repository/cicle.staging/Startup/SkipButtonWhenOpenitApp not found

2022-10-28 15:54:36 - [TEST_STEP][PASSED] - tap(findTestObject("cicle.staging/Startup/GotoSignInButton"), 3, OPTIONAL): Object Object Repository/cicle.staging/Startup/GotoSignInButton not found

2022-10-28 15:54:40 - [MESSAGE][WARNING] - Object Object Repository/cicle.staging/Startup/GotoSignInButton not found

2022-10-28 15:54:40 - [TEST_STEP][PASSED] - tap(findTestObject("cicle.staging/Startup/SignInwithGoogleAccount"), 3, OPTIONAL): Object Object Repository/cicle.staging/Startup/SignInwithGoogleAccount not found

2022-10-28 15:54:43 - [MESSAGE][WARNING] - Object Object Repository/cicle.staging/Startup/SignInwithGoogleAccount not found

2022-10-28 15:54:43 - [TEST_STEP][PASSED] - tap(findTestObject("cicle.staging/Startup/LayoutLoginwithMyAccount"), 3, OPTIONAL): Object Object Repository/cicle.staging/Startup/LayoutLoginwithMyAccount not found

2022-10-28 15:54:46 - [MESSAGE][WARNING] - Object Object Repository/cicle.staging/Startup/LayoutLoginwithMyAccount not found

2022-10-28 15:54:46 - [TEST_STEP][PASSED] - tap(findTestObject("cicle.staging/Startup/ChooseCompanyonYourListafterSignIn"), 3, OPTIONAL): Tapped on element 'Object Repository/cicle.staging/Startup/ChooseCompanyonYourListafterSignIn'

2022-10-28 15:54:46 - [MESSAGE][PASSED] - Tapped on element 'Object Repository/cicle.staging/Startup/ChooseCompanyonYourListafterSignIn'

2022-10-28 15:54:46 - [TEST_STEP][PASSED] - tap(findTestObject("cicle.staging/SekolahQAHeadQuarter/HeadquarterSekolahQA-MainPage"), 0, STOP_ON_FAILURE): Tapped on element 'Object Repository/cicle.staging/SekolahQAHeadQuarter/HeadquarterSekolahQA-MainPage'

2022-10-28 15:54:46 - [MESSAGE][WARNING] - Timeout '0' is invalid. Using default page load timeout: '30'

2022-10-28 15:54:47 - [MESSAGE][PASSED] - Tapped on element 'Object Repository/cicle.staging/SekolahQAHeadQuarter/HeadquarterSekolahQA-MainPage'

2022-10-28 15:54:47 - [MESSAGE][PASSED] - Call Test Case 'Test Cases/Sign in/TC_Sign in_CS-40' successfully

2022-10-28 15:54:47 - [TEST_STEP][PASSED] - tap(findTestObject("cicle.staging/Board/Board-Menu"), 0): Tapped on element 'Object Repository/cicle.staging/Board/Board-Menu'

2022-10-28 15:54:47 - [MESSAGE][WARNING] - Timeout '0' is invalid. Using default page load timeout: '30'

2022-10-28 15:54:48 - [MESSAGE][PASSED] - Tapped on element 'Object Repository/cicle.staging/Board/Board-Menu'

2022-10-28 15:54:48 - [TEST_STEP][PASSED] - tap(findTestObject("cicle.staging/Board/Card/userCardAccount"), 0): Tapped on element 'Object Repository/cicle.staging/Board/Card/userCardAccount'

2022-10-28 15:54:48 - [MESSAGE][WARNING] - Timeout '0' is invalid. Using default page load timeout: '30'

2022-10-28 15:54:48 - [MESSAGE][PASSED] - Tapped on element 'Object Repository/cicle.staging/Board/Card/userCardAccount'

2022-10-28 15:54:48 - [TEST_STEP][PASSED] - tap(findTestObject("cicle.staging/Board/Comment/AddNewComment-Button"), 0): Tapped on element 'Object Repository/cicle.staging/Board/Comment/AddNewComment-Button'

2022-10-28 15:54:49 - [MESSAGE][WARNING] - Timeout '0' is invalid. Using default page load timeout: '30'

2022-10-28 15:54:51 - [MESSAGE][PASSED] - Tapped on element 'Object Repository/cicle.staging/Board/Comment/AddNewComment-Button'

2022-10-28 15:54:51 - [TEST_STEP][PASSED] - tap(findTestObject("cicle.staging/Board/Comment/AddComment2-Field"), 0): Tapped on element 'Object Repository/cicle.staging/Board/Comment/AddComment2-Field'

2022-10-28 15:54:51 - [MESSAGE][WARNING] - Timeout '0' is invalid. Using default page load timeout: '30'

2022-10-28 15:54:51 - [MESSAGE][PASSED] - Tapped on element 'Object Repository/cicle.staging/Board/Comment/AddComment2-Field'

2022-10-28 15:54:51 - [TEST_STEP][PASSED] - setText(findTestObject("cicle.staging/Board/Comment/AddComment2-Field"), Comment, 0): Text 'Project dari cilsy' has been set to element 'Object Repository/cicle.staging/Board/Comment/AddComment2-Field'

2022-10-28 15:54:51 - [MESSAGE][WARNING] - Timeout '0' is invalid. Using default page load timeout: '30'

2022-10-28 15:54:52 - [MESSAGE][PASSED] - Text 'Project dari cilsy' has been set to element 'Object Repository/cicle.staging/Board/Comment/AddComment2-Field'

2022-10-28 15:54:52 - [TEST_STEP][PASSED] - tap(findTestObject("cicle.staging/Board/Comment/SubmitButton-Comment"), 0): Tapped on element 'Object Repository/cicle.staging/Board/Comment/SubmitButton-Comment'

2022-10-28 15:54:52 - [MESSAGE][WARNING] - Timeout '0' is invalid. Using default page load timeout: '30'

2022-10-28 15:54:54 - [MESSAGE][PASSED] - Tapped on element 'Object Repository/cicle.staging/Board/Comment/SubmitButton-Comment']]></system-out>
         <system-err><![CDATA[]]></system-err>
      </testcase>
      <testcase name="Test Cases/Board/TC_Board_CS-09" time="31.146" classname="Test Cases/Board/TC_Board_CS-09" status="PASSED">
         <system-out><![CDATA[2022-10-28 15:54:54 - [TEST_CASE][PASSED] - Test Cases/Board/TC_Board_CS-09: Test Cases/Board/TC_Board_CS-09

2022-10-28 15:54:54 - [TEST_STEP][PASSED] - callTestCase(findTestCase("Sign in/TC_Sign in_CS-40"), [:], STOP_ON_FAILURE): Call Test Case 'Test Cases/Sign in/TC_Sign in_CS-40' successfully

2022-10-28 15:54:54 - [TEST_CASE][PASSED] - Test Cases/Sign in/TC_Sign in_CS-40: Test Cases/Sign in/TC_Sign in_CS-40

2022-10-28 15:54:54 - [TEST_STEP][PASSED] - startApplication("/Users/sandikurnia/Downloads/apk-staging-for-iqbal.apk", false): Started app at: '/Users/sandikurnia/Downloads/apk-staging-for-iqbal.apk'

2022-10-28 15:54:59 - [MESSAGE][PASSED] - Started app at: '/Users/sandikurnia/Downloads/apk-staging-for-iqbal.apk'

2022-10-28 15:54:59 - [TEST_STEP][PASSED] - tap(findTestObject("cicle.staging/Startup/YesButtonWhenOpenitApp"), 3, OPTIONAL): Object Object Repository/cicle.staging/Startup/YesButtonWhenOpenitApp not found

2022-10-28 15:55:02 - [MESSAGE][WARNING] - Object Object Repository/cicle.staging/Startup/YesButtonWhenOpenitApp not found

2022-10-28 15:55:02 - [TEST_STEP][PASSED] - tap(findTestObject("cicle.staging/Startup/SkipButtonWhenOpenitApp"), 3, OPTIONAL): Object Object Repository/cicle.staging/Startup/SkipButtonWhenOpenitApp not found

2022-10-28 15:55:06 - [MESSAGE][WARNING] - Object Object Repository/cicle.staging/Startup/SkipButtonWhenOpenitApp not found

2022-10-28 15:55:06 - [TEST_STEP][PASSED] - tap(findTestObject("cicle.staging/Startup/GotoSignInButton"), 3, OPTIONAL): Object Object Repository/cicle.staging/Startup/GotoSignInButton not found

2022-10-28 15:55:09 - [MESSAGE][WARNING] - Object Object Repository/cicle.staging/Startup/GotoSignInButton not found

2022-10-28 15:55:09 - [TEST_STEP][PASSED] - tap(findTestObject("cicle.staging/Startup/SignInwithGoogleAccount"), 3, OPTIONAL): Object Object Repository/cicle.staging/Startup/SignInwithGoogleAccount not found

2022-10-28 15:55:12 - [MESSAGE][WARNING] - Object Object Repository/cicle.staging/Startup/SignInwithGoogleAccount not found

2022-10-28 15:55:12 - [TEST_STEP][PASSED] - tap(findTestObject("cicle.staging/Startup/LayoutLoginwithMyAccount"), 3, OPTIONAL): Object Object Repository/cicle.staging/Startup/LayoutLoginwithMyAccount not found

2022-10-28 15:55:15 - [MESSAGE][WARNING] - Object Object Repository/cicle.staging/Startup/LayoutLoginwithMyAccount not found

2022-10-28 15:55:15 - [TEST_STEP][PASSED] - tap(findTestObject("cicle.staging/Startup/ChooseCompanyonYourListafterSignIn"), 3, OPTIONAL): Tapped on element 'Object Repository/cicle.staging/Startup/ChooseCompanyonYourListafterSignIn'

2022-10-28 15:55:15 - [MESSAGE][PASSED] - Tapped on element 'Object Repository/cicle.staging/Startup/ChooseCompanyonYourListafterSignIn'

2022-10-28 15:55:15 - [TEST_STEP][PASSED] - tap(findTestObject("cicle.staging/SekolahQAHeadQuarter/HeadquarterSekolahQA-MainPage"), 0, STOP_ON_FAILURE): Tapped on element 'Object Repository/cicle.staging/SekolahQAHeadQuarter/HeadquarterSekolahQA-MainPage'

2022-10-28 15:55:15 - [MESSAGE][WARNING] - Timeout '0' is invalid. Using default page load timeout: '30'

2022-10-28 15:55:17 - [MESSAGE][PASSED] - Tapped on element 'Object Repository/cicle.staging/SekolahQAHeadQuarter/HeadquarterSekolahQA-MainPage'

2022-10-28 15:55:17 - [MESSAGE][PASSED] - Call Test Case 'Test Cases/Sign in/TC_Sign in_CS-40' successfully

2022-10-28 15:55:17 - [TEST_STEP][PASSED] - tap(findTestObject("cicle.staging/Board/Board-Menu"), 0): Tapped on element 'Object Repository/cicle.staging/Board/Board-Menu'

2022-10-28 15:55:17 - [MESSAGE][WARNING] - Timeout '0' is invalid. Using default page load timeout: '30'

2022-10-28 15:55:17 - [MESSAGE][PASSED] - Tapped on element 'Object Repository/cicle.staging/Board/Board-Menu'

2022-10-28 15:55:17 - [TEST_STEP][PASSED] - tap(findTestObject("cicle.staging/Board/Card/userCardAccount"), 0): Tapped on element 'Object Repository/cicle.staging/Board/Card/userCardAccount'

2022-10-28 15:55:17 - [MESSAGE][WARNING] - Timeout '0' is invalid. Using default page load timeout: '30'

2022-10-28 15:55:19 - [MESSAGE][PASSED] - Tapped on element 'Object Repository/cicle.staging/Board/Card/userCardAccount'

2022-10-28 15:55:19 - [TEST_STEP][PASSED] - tap(findTestObject("cicle.staging/Board/Comment/AddNewComment-Button"), 0): Tapped on element 'Object Repository/cicle.staging/Board/Comment/AddNewComment-Button'

2022-10-28 15:55:19 - [MESSAGE][WARNING] - Timeout '0' is invalid. Using default page load timeout: '30'

2022-10-28 15:55:21 - [MESSAGE][PASSED] - Tapped on element 'Object Repository/cicle.staging/Board/Comment/AddNewComment-Button'

2022-10-28 15:55:21 - [TEST_STEP][PASSED] - tap(findTestObject("cicle.staging/Board/Comment/AddComment2-Field"), 0): Tapped on element 'Object Repository/cicle.staging/Board/Comment/AddComment2-Field'

2022-10-28 15:55:21 - [MESSAGE][WARNING] - Timeout '0' is invalid. Using default page load timeout: '30'

2022-10-28 15:55:22 - [MESSAGE][PASSED] - Tapped on element 'Object Repository/cicle.staging/Board/Comment/AddComment2-Field'

2022-10-28 15:55:22 - [TEST_STEP][PASSED] - setText(findTestObject("cicle.staging/Board/Comment/AddComment2-Field"), "", 0): Text '' has been set to element 'Object Repository/cicle.staging/Board/Comment/AddComment2-Field'

2022-10-28 15:55:22 - [MESSAGE][WARNING] - Timeout '0' is invalid. Using default page load timeout: '30'

2022-10-28 15:55:23 - [MESSAGE][PASSED] - Text '' has been set to element 'Object Repository/cicle.staging/Board/Comment/AddComment2-Field'

2022-10-28 15:55:23 - [TEST_STEP][PASSED] - tap(findTestObject("cicle.staging/Board/Comment/SubmitButton-Comment"), 0): Tapped on element 'Object Repository/cicle.staging/Board/Comment/SubmitButton-Comment'

2022-10-28 15:55:24 - [MESSAGE][WARNING] - Timeout '0' is invalid. Using default page load timeout: '30'

2022-10-28 15:55:25 - [MESSAGE][PASSED] - Tapped on element 'Object Repository/cicle.staging/Board/Comment/SubmitButton-Comment'

2022-10-28 15:55:25 - [TEST_STEP][PASSED] - verifyElementVisible(findTestObject("cicle.staging/Board/Comment/Assertion-CommentCantBeEmpty"), 0, STOP_ON_FAILURE): Element 'Object Repository/cicle.staging/Board/Comment/Assertion-CommentCantBeEmpty' is visible

2022-10-28 15:55:25 - [MESSAGE][WARNING] - Timeout '0' is invalid. Using default page load timeout: '30'

2022-10-28 15:55:25 - [MESSAGE][PASSED] - Element 'Object Repository/cicle.staging/Board/Comment/Assertion-CommentCantBeEmpty' is visible]]></system-out>
         <system-err><![CDATA[]]></system-err>
      </testcase>
      <testcase name="Test Cases/Board/TC_Board_CS-10" time="34.932" classname="Test Cases/Board/TC_Board_CS-10" status="PASSED">
         <system-out><![CDATA[2022-10-28 15:55:25 - [TEST_CASE][PASSED] - Test Cases/Board/TC_Board_CS-10: Test Cases/Board/TC_Board_CS-10

2022-10-28 15:55:25 - [TEST_STEP][PASSED] - callTestCase(findTestCase("Sign in/TC_Sign in_CS-40"), [:], STOP_ON_FAILURE): Call Test Case 'Test Cases/Sign in/TC_Sign in_CS-40' successfully

2022-10-28 15:55:25 - [TEST_CASE][PASSED] - Test Cases/Sign in/TC_Sign in_CS-40: Test Cases/Sign in/TC_Sign in_CS-40

2022-10-28 15:55:25 - [TEST_STEP][PASSED] - startApplication("/Users/sandikurnia/Downloads/apk-staging-for-iqbal.apk", false): Started app at: '/Users/sandikurnia/Downloads/apk-staging-for-iqbal.apk'

2022-10-28 15:55:30 - [MESSAGE][PASSED] - Started app at: '/Users/sandikurnia/Downloads/apk-staging-for-iqbal.apk'

2022-10-28 15:55:30 - [TEST_STEP][PASSED] - tap(findTestObject("cicle.staging/Startup/YesButtonWhenOpenitApp"), 3, OPTIONAL): Object Object Repository/cicle.staging/Startup/YesButtonWhenOpenitApp not found

2022-10-28 15:55:34 - [MESSAGE][WARNING] - Object Object Repository/cicle.staging/Startup/YesButtonWhenOpenitApp not found

2022-10-28 15:55:34 - [TEST_STEP][PASSED] - tap(findTestObject("cicle.staging/Startup/SkipButtonWhenOpenitApp"), 3, OPTIONAL): Object Object Repository/cicle.staging/Startup/SkipButtonWhenOpenitApp not found

2022-10-28 15:55:37 - [MESSAGE][WARNING] - Object Object Repository/cicle.staging/Startup/SkipButtonWhenOpenitApp not found

2022-10-28 15:55:37 - [TEST_STEP][PASSED] - tap(findTestObject("cicle.staging/Startup/GotoSignInButton"), 3, OPTIONAL): Object Object Repository/cicle.staging/Startup/GotoSignInButton not found

2022-10-28 15:55:40 - [MESSAGE][WARNING] - Object Object Repository/cicle.staging/Startup/GotoSignInButton not found

2022-10-28 15:55:40 - [TEST_STEP][PASSED] - tap(findTestObject("cicle.staging/Startup/SignInwithGoogleAccount"), 3, OPTIONAL): Object Object Repository/cicle.staging/Startup/SignInwithGoogleAccount not found

2022-10-28 15:55:43 - [MESSAGE][WARNING] - Object Object Repository/cicle.staging/Startup/SignInwithGoogleAccount not found

2022-10-28 15:55:43 - [TEST_STEP][PASSED] - tap(findTestObject("cicle.staging/Startup/LayoutLoginwithMyAccount"), 3, OPTIONAL): Object Object Repository/cicle.staging/Startup/LayoutLoginwithMyAccount not found

2022-10-28 15:55:46 - [MESSAGE][WARNING] - Object Object Repository/cicle.staging/Startup/LayoutLoginwithMyAccount not found

2022-10-28 15:55:46 - [TEST_STEP][PASSED] - tap(findTestObject("cicle.staging/Startup/ChooseCompanyonYourListafterSignIn"), 3, OPTIONAL): Tapped on element 'Object Repository/cicle.staging/Startup/ChooseCompanyonYourListafterSignIn'

2022-10-28 15:55:47 - [MESSAGE][PASSED] - Tapped on element 'Object Repository/cicle.staging/Startup/ChooseCompanyonYourListafterSignIn'

2022-10-28 15:55:47 - [TEST_STEP][PASSED] - tap(findTestObject("cicle.staging/SekolahQAHeadQuarter/HeadquarterSekolahQA-MainPage"), 0, STOP_ON_FAILURE): Tapped on element 'Object Repository/cicle.staging/SekolahQAHeadQuarter/HeadquarterSekolahQA-MainPage'

2022-10-28 15:55:47 - [MESSAGE][WARNING] - Timeout '0' is invalid. Using default page load timeout: '30'

2022-10-28 15:55:48 - [MESSAGE][PASSED] - Tapped on element 'Object Repository/cicle.staging/SekolahQAHeadQuarter/HeadquarterSekolahQA-MainPage'

2022-10-28 15:55:48 - [MESSAGE][PASSED] - Call Test Case 'Test Cases/Sign in/TC_Sign in_CS-40' successfully

2022-10-28 15:55:48 - [TEST_STEP][PASSED] - tap(findTestObject("cicle.staging/Board/Board-Menu"), 0): Tapped on element 'Object Repository/cicle.staging/Board/Board-Menu'

2022-10-28 15:55:48 - [MESSAGE][WARNING] - Timeout '0' is invalid. Using default page load timeout: '30'

2022-10-28 15:55:48 - [MESSAGE][PASSED] - Tapped on element 'Object Repository/cicle.staging/Board/Board-Menu'

2022-10-28 15:55:49 - [TEST_STEP][PASSED] - tap(findTestObject("cicle.staging/Board/Card/userCardAccount"), 0): Tapped on element 'Object Repository/cicle.staging/Board/Card/userCardAccount'

2022-10-28 15:55:49 - [MESSAGE][WARNING] - Timeout '0' is invalid. Using default page load timeout: '30'

2022-10-28 15:55:50 - [MESSAGE][PASSED] - Tapped on element 'Object Repository/cicle.staging/Board/Card/userCardAccount'

2022-10-28 15:55:50 - [TEST_STEP][PASSED] - tap(findTestObject("cicle.staging/Board/Comment/AddNewComment-Button"), 0): Tapped on element 'Object Repository/cicle.staging/Board/Comment/AddNewComment-Button'

2022-10-28 15:55:50 - [MESSAGE][WARNING] - Timeout '0' is invalid. Using default page load timeout: '30'

2022-10-28 15:55:53 - [MESSAGE][PASSED] - Tapped on element 'Object Repository/cicle.staging/Board/Comment/AddNewComment-Button'

2022-10-28 15:55:53 - [TEST_STEP][PASSED] - tap(findTestObject("cicle.staging/Board/Comment/AddComment2-Field"), 0): Tapped on element 'Object Repository/cicle.staging/Board/Comment/AddComment2-Field'

2022-10-28 15:55:53 - [MESSAGE][WARNING] - Timeout '0' is invalid. Using default page load timeout: '30'

2022-10-28 15:55:53 - [MESSAGE][PASSED] - Tapped on element 'Object Repository/cicle.staging/Board/Comment/AddComment2-Field'

2022-10-28 15:55:53 - [TEST_STEP][PASSED] - tap(findTestObject("cicle.staging/Board/Comment/AddAttachmentPopUPKeyboard-Button"), 0, STOP_ON_FAILURE): Tapped on element 'Object Repository/cicle.staging/Board/Comment/AddAttachmentPopUPKeyboard-Button'

2022-10-28 15:55:53 - [MESSAGE][WARNING] - Timeout '0' is invalid. Using default page load timeout: '30'

2022-10-28 15:55:56 - [MESSAGE][PASSED] - Tapped on element 'Object Repository/cicle.staging/Board/Comment/AddAttachmentPopUPKeyboard-Button'

2022-10-28 15:55:56 - [TEST_STEP][PASSED] - tap(findTestObject("cicle.staging/Board/Comment/AddImageOnComment-Button"), 0): Tapped on element 'Object Repository/cicle.staging/Board/Comment/AddImageOnComment-Button'

2022-10-28 15:55:56 - [MESSAGE][WARNING] - Timeout '0' is invalid. Using default page load timeout: '30'

2022-10-28 15:55:57 - [MESSAGE][PASSED] - Tapped on element 'Object Repository/cicle.staging/Board/Comment/AddImageOnComment-Button'

2022-10-28 15:55:57 - [TEST_STEP][PASSED] - tap(findTestObject("cicle.staging/Board/Comment/AddImageByURL-Comment"), 0): Tapped on element 'Object Repository/cicle.staging/Board/Comment/AddImageByURL-Comment'

2022-10-28 15:55:57 - [MESSAGE][WARNING] - Timeout '0' is invalid. Using default page load timeout: '30'

2022-10-28 15:55:58 - [MESSAGE][PASSED] - Tapped on element 'Object Repository/cicle.staging/Board/Comment/AddImageByURL-Comment'

2022-10-28 15:55:58 - [TEST_STEP][PASSED] - tap(findTestObject("cicle.staging/Board/Comment/InsertLinkHere-Image-Field"), 0): Tapped on element 'Object Repository/cicle.staging/Board/Comment/InsertLinkHere-Image-Field'

2022-10-28 15:55:58 - [MESSAGE][WARNING] - Timeout '0' is invalid. Using default page load timeout: '30'

2022-10-28 15:55:58 - [MESSAGE][PASSED] - Tapped on element 'Object Repository/cicle.staging/Board/Comment/InsertLinkHere-Image-Field'

2022-10-28 15:55:58 - [TEST_STEP][PASSED] - setText(findTestObject("cicle.staging/Board/Comment/InsertLinkHere-Image-Field"), Url, 0): Text 'https://i1.wp.com/www.99.co/blog/indonesia/wp-content/uploads/2022/07/Luffy-Gear-5.jpg' has been set to element 'Object Repository/cicle.staging/Board/Comment/InsertLinkHere-Image-Field'

2022-10-28 15:55:58 - [MESSAGE][WARNING] - Timeout '0' is invalid. Using default page load timeout: '30'

2022-10-28 15:55:58 - [MESSAGE][PASSED] - Text 'https://i1.wp.com/www.99.co/blog/indonesia/wp-content/uploads/2022/07/Luffy-Gear-5.jpg' has been set to element 'Object Repository/cicle.staging/Board/Comment/InsertLinkHere-Image-Field'

2022-10-28 15:55:58 - [TEST_STEP][PASSED] - tap(findTestObject("cicle.staging/Board/Comment/Comment-SelectInsert-Button"), 0): Tapped on element 'Object Repository/cicle.staging/Board/Comment/Comment-SelectInsert-Button'

2022-10-28 15:55:58 - [MESSAGE][WARNING] - Timeout '0' is invalid. Using default page load timeout: '30'

2022-10-28 15:56:00 - [MESSAGE][PASSED] - Tapped on element 'Object Repository/cicle.staging/Board/Comment/Comment-SelectInsert-Button']]></system-out>
         <system-err><![CDATA[]]></system-err>
      </testcase>
      <testcase name="Test Cases/Board/TC_Board_CS-11" time="35.952" classname="Test Cases/Board/TC_Board_CS-11" status="PASSED">
         <system-out><![CDATA[2022-10-28 15:56:00 - [TEST_CASE][PASSED] - Test Cases/Board/TC_Board_CS-11: Test Cases/Board/TC_Board_CS-11

2022-10-28 15:56:00 - [TEST_STEP][PASSED] - callTestCase(findTestCase("Sign in/TC_Sign in_CS-40"), [:], STOP_ON_FAILURE): Call Test Case 'Test Cases/Sign in/TC_Sign in_CS-40' successfully

2022-10-28 15:56:00 - [TEST_CASE][PASSED] - Test Cases/Sign in/TC_Sign in_CS-40: Test Cases/Sign in/TC_Sign in_CS-40

2022-10-28 15:56:00 - [TEST_STEP][PASSED] - startApplication("/Users/sandikurnia/Downloads/apk-staging-for-iqbal.apk", false): Started app at: '/Users/sandikurnia/Downloads/apk-staging-for-iqbal.apk'

2022-10-28 15:56:06 - [MESSAGE][PASSED] - Started app at: '/Users/sandikurnia/Downloads/apk-staging-for-iqbal.apk'

2022-10-28 15:56:06 - [TEST_STEP][PASSED] - tap(findTestObject("cicle.staging/Startup/YesButtonWhenOpenitApp"), 3, OPTIONAL): Object Object Repository/cicle.staging/Startup/YesButtonWhenOpenitApp not found

2022-10-28 15:56:09 - [MESSAGE][WARNING] - Object Object Repository/cicle.staging/Startup/YesButtonWhenOpenitApp not found

2022-10-28 15:56:09 - [TEST_STEP][PASSED] - tap(findTestObject("cicle.staging/Startup/SkipButtonWhenOpenitApp"), 3, OPTIONAL): Object Object Repository/cicle.staging/Startup/SkipButtonWhenOpenitApp not found

2022-10-28 15:56:12 - [MESSAGE][WARNING] - Object Object Repository/cicle.staging/Startup/SkipButtonWhenOpenitApp not found

2022-10-28 15:56:12 - [TEST_STEP][PASSED] - tap(findTestObject("cicle.staging/Startup/GotoSignInButton"), 3, OPTIONAL): Object Object Repository/cicle.staging/Startup/GotoSignInButton not found

2022-10-28 15:56:15 - [MESSAGE][WARNING] - Object Object Repository/cicle.staging/Startup/GotoSignInButton not found

2022-10-28 15:56:15 - [TEST_STEP][PASSED] - tap(findTestObject("cicle.staging/Startup/SignInwithGoogleAccount"), 3, OPTIONAL): Object Object Repository/cicle.staging/Startup/SignInwithGoogleAccount not found

2022-10-28 15:56:18 - [MESSAGE][WARNING] - Object Object Repository/cicle.staging/Startup/SignInwithGoogleAccount not found

2022-10-28 15:56:18 - [TEST_STEP][PASSED] - tap(findTestObject("cicle.staging/Startup/LayoutLoginwithMyAccount"), 3, OPTIONAL): Object Object Repository/cicle.staging/Startup/LayoutLoginwithMyAccount not found

2022-10-28 15:56:21 - [MESSAGE][WARNING] - Object Object Repository/cicle.staging/Startup/LayoutLoginwithMyAccount not found

2022-10-28 15:56:21 - [TEST_STEP][PASSED] - tap(findTestObject("cicle.staging/Startup/ChooseCompanyonYourListafterSignIn"), 3, OPTIONAL): Tapped on element 'Object Repository/cicle.staging/Startup/ChooseCompanyonYourListafterSignIn'

2022-10-28 15:56:21 - [MESSAGE][PASSED] - Tapped on element 'Object Repository/cicle.staging/Startup/ChooseCompanyonYourListafterSignIn'

2022-10-28 15:56:21 - [TEST_STEP][PASSED] - tap(findTestObject("cicle.staging/SekolahQAHeadQuarter/HeadquarterSekolahQA-MainPage"), 0, STOP_ON_FAILURE): Tapped on element 'Object Repository/cicle.staging/SekolahQAHeadQuarter/HeadquarterSekolahQA-MainPage'

2022-10-28 15:56:21 - [MESSAGE][WARNING] - Timeout '0' is invalid. Using default page load timeout: '30'

2022-10-28 15:56:23 - [MESSAGE][PASSED] - Tapped on element 'Object Repository/cicle.staging/SekolahQAHeadQuarter/HeadquarterSekolahQA-MainPage'

2022-10-28 15:56:23 - [MESSAGE][PASSED] - Call Test Case 'Test Cases/Sign in/TC_Sign in_CS-40' successfully

2022-10-28 15:56:23 - [TEST_STEP][PASSED] - tap(findTestObject("cicle.staging/Board/Board-Menu"), 0): Tapped on element 'Object Repository/cicle.staging/Board/Board-Menu'

2022-10-28 15:56:23 - [MESSAGE][WARNING] - Timeout '0' is invalid. Using default page load timeout: '30'

2022-10-28 15:56:23 - [MESSAGE][PASSED] - Tapped on element 'Object Repository/cicle.staging/Board/Board-Menu'

2022-10-28 15:56:24 - [TEST_STEP][PASSED] - tap(findTestObject("cicle.staging/Board/Card/userCardAccount"), 0): Tapped on element 'Object Repository/cicle.staging/Board/Card/userCardAccount'

2022-10-28 15:56:24 - [MESSAGE][WARNING] - Timeout '0' is invalid. Using default page load timeout: '30'

2022-10-28 15:56:25 - [MESSAGE][PASSED] - Tapped on element 'Object Repository/cicle.staging/Board/Card/userCardAccount'

2022-10-28 15:56:25 - [TEST_STEP][PASSED] - tap(findTestObject("cicle.staging/Board/Comment/AddNewComment-Button"), 0): Tapped on element 'Object Repository/cicle.staging/Board/Comment/AddNewComment-Button'

2022-10-28 15:56:25 - [MESSAGE][WARNING] - Timeout '0' is invalid. Using default page load timeout: '30'

2022-10-28 15:56:28 - [MESSAGE][PASSED] - Tapped on element 'Object Repository/cicle.staging/Board/Comment/AddNewComment-Button'

2022-10-28 15:56:28 - [TEST_STEP][PASSED] - tap(findTestObject("cicle.staging/Board/Comment/AddComment2-Field"), 0): Tapped on element 'Object Repository/cicle.staging/Board/Comment/AddComment2-Field'

2022-10-28 15:56:28 - [MESSAGE][WARNING] - Timeout '0' is invalid. Using default page load timeout: '30'

2022-10-28 15:56:28 - [MESSAGE][PASSED] - Tapped on element 'Object Repository/cicle.staging/Board/Comment/AddComment2-Field'

2022-10-28 15:56:28 - [TEST_STEP][PASSED] - tap(findTestObject("cicle.staging/Board/Comment/AddAttachmentPopUPKeyboard-Button"), 0, STOP_ON_FAILURE): Tapped on element 'Object Repository/cicle.staging/Board/Comment/AddAttachmentPopUPKeyboard-Button'

2022-10-28 15:56:28 - [MESSAGE][WARNING] - Timeout '0' is invalid. Using default page load timeout: '30'

2022-10-28 15:56:31 - [MESSAGE][PASSED] - Tapped on element 'Object Repository/cicle.staging/Board/Comment/AddAttachmentPopUPKeyboard-Button'

2022-10-28 15:56:31 - [TEST_STEP][PASSED] - tap(findTestObject("cicle.staging/Board/Comment/AddImageOnComment-Button"), 0): Tapped on element 'Object Repository/cicle.staging/Board/Comment/AddImageOnComment-Button'

2022-10-28 15:56:31 - [MESSAGE][WARNING] - Timeout '0' is invalid. Using default page load timeout: '30'

2022-10-28 15:56:32 - [MESSAGE][PASSED] - Tapped on element 'Object Repository/cicle.staging/Board/Comment/AddImageOnComment-Button'

2022-10-28 15:56:32 - [TEST_STEP][PASSED] - checkElement(findTestObject("cicle.staging/Board/Comment/AddImageByURL-Comment"), 0): Element 'Object Repository/cicle.staging/Board/Comment/AddImageByURL-Comment' is checked

2022-10-28 15:56:32 - [MESSAGE][WARNING] - Timeout '0' is invalid. Using default page load timeout: '30'

2022-10-28 15:56:33 - [MESSAGE][PASSED] - Element 'Object Repository/cicle.staging/Board/Comment/AddImageByURL-Comment' is checked

2022-10-28 15:56:33 - [TEST_STEP][PASSED] - tap(findTestObject("cicle.staging/Board/Comment/InsertLinkHere-Image-Field"), 0): Tapped on element 'Object Repository/cicle.staging/Board/Comment/InsertLinkHere-Image-Field'

2022-10-28 15:56:33 - [MESSAGE][WARNING] - Timeout '0' is invalid. Using default page load timeout: '30'

2022-10-28 15:56:33 - [MESSAGE][PASSED] - Tapped on element 'Object Repository/cicle.staging/Board/Comment/InsertLinkHere-Image-Field'

2022-10-28 15:56:33 - [TEST_STEP][PASSED] - setText(findTestObject("cicle.staging/Board/Comment/InsertLinkHere-Image-Field"), BlankURL, 0): Text 'Sekolah QA' has been set to element 'Object Repository/cicle.staging/Board/Comment/InsertLinkHere-Image-Field'

2022-10-28 15:56:33 - [MESSAGE][WARNING] - Timeout '0' is invalid. Using default page load timeout: '30'

2022-10-28 15:56:34 - [MESSAGE][PASSED] - Text 'Sekolah QA' has been set to element 'Object Repository/cicle.staging/Board/Comment/InsertLinkHere-Image-Field'

2022-10-28 15:56:34 - [TEST_STEP][PASSED] - tap(findTestObject("cicle.staging/Board/Comment/Comment-SelectInsert-Button"), 0): Tapped on element 'Object Repository/cicle.staging/Board/Comment/Comment-SelectInsert-Button'

2022-10-28 15:56:34 - [MESSAGE][WARNING] - Timeout '0' is invalid. Using default page load timeout: '30'

2022-10-28 15:56:36 - [MESSAGE][PASSED] - Tapped on element 'Object Repository/cicle.staging/Board/Comment/Comment-SelectInsert-Button'

2022-10-28 15:56:36 - [TEST_STEP][PASSED] - verifyElementVisible(findTestObject("cicle.staging/Board/Comment/AssertionNotValidURL-Comment"), 0): Element 'Object Repository/cicle.staging/Board/Comment/AssertionNotValidURL-Comment' is visible

2022-10-28 15:56:36 - [MESSAGE][WARNING] - Timeout '0' is invalid. Using default page load timeout: '30'

2022-10-28 15:56:36 - [MESSAGE][PASSED] - Element 'Object Repository/cicle.staging/Board/Comment/AssertionNotValidURL-Comment' is visible]]></system-out>
         <system-err><![CDATA[]]></system-err>
      </testcase>
      <testcase name="Test Cases/Board/TC_Board_CS-12" time="35.236" classname="Test Cases/Board/TC_Board_CS-12" status="PASSED">
         <system-out><![CDATA[2022-10-28 15:56:36 - [TEST_CASE][PASSED] - Test Cases/Board/TC_Board_CS-12: Test Cases/Board/TC_Board_CS-12

2022-10-28 15:56:36 - [TEST_STEP][PASSED] - callTestCase(findTestCase("Sign in/TC_Sign in_CS-40"), [:], STOP_ON_FAILURE): Call Test Case 'Test Cases/Sign in/TC_Sign in_CS-40' successfully

2022-10-28 15:56:36 - [TEST_CASE][PASSED] - Test Cases/Sign in/TC_Sign in_CS-40: Test Cases/Sign in/TC_Sign in_CS-40

2022-10-28 15:56:36 - [TEST_STEP][PASSED] - startApplication("/Users/sandikurnia/Downloads/apk-staging-for-iqbal.apk", false): Started app at: '/Users/sandikurnia/Downloads/apk-staging-for-iqbal.apk'

2022-10-28 15:56:41 - [MESSAGE][PASSED] - Started app at: '/Users/sandikurnia/Downloads/apk-staging-for-iqbal.apk'

2022-10-28 15:56:41 - [TEST_STEP][PASSED] - tap(findTestObject("cicle.staging/Startup/YesButtonWhenOpenitApp"), 3, OPTIONAL): Object Object Repository/cicle.staging/Startup/YesButtonWhenOpenitApp not found

2022-10-28 15:56:44 - [MESSAGE][WARNING] - Object Object Repository/cicle.staging/Startup/YesButtonWhenOpenitApp not found

2022-10-28 15:56:44 - [TEST_STEP][PASSED] - tap(findTestObject("cicle.staging/Startup/SkipButtonWhenOpenitApp"), 3, OPTIONAL): Object Object Repository/cicle.staging/Startup/SkipButtonWhenOpenitApp not found

2022-10-28 15:56:47 - [MESSAGE][WARNING] - Object Object Repository/cicle.staging/Startup/SkipButtonWhenOpenitApp not found

2022-10-28 15:56:47 - [TEST_STEP][PASSED] - tap(findTestObject("cicle.staging/Startup/GotoSignInButton"), 3, OPTIONAL): Object Object Repository/cicle.staging/Startup/GotoSignInButton not found

2022-10-28 15:56:51 - [MESSAGE][WARNING] - Object Object Repository/cicle.staging/Startup/GotoSignInButton not found

2022-10-28 15:56:51 - [TEST_STEP][PASSED] - tap(findTestObject("cicle.staging/Startup/SignInwithGoogleAccount"), 3, OPTIONAL): Object Object Repository/cicle.staging/Startup/SignInwithGoogleAccount not found

2022-10-28 15:56:54 - [MESSAGE][WARNING] - Object Object Repository/cicle.staging/Startup/SignInwithGoogleAccount not found

2022-10-28 15:56:54 - [TEST_STEP][PASSED] - tap(findTestObject("cicle.staging/Startup/LayoutLoginwithMyAccount"), 3, OPTIONAL): Object Object Repository/cicle.staging/Startup/LayoutLoginwithMyAccount not found

2022-10-28 15:56:57 - [MESSAGE][WARNING] - Object Object Repository/cicle.staging/Startup/LayoutLoginwithMyAccount not found

2022-10-28 15:56:57 - [TEST_STEP][PASSED] - tap(findTestObject("cicle.staging/Startup/ChooseCompanyonYourListafterSignIn"), 3, OPTIONAL): Tapped on element 'Object Repository/cicle.staging/Startup/ChooseCompanyonYourListafterSignIn'

2022-10-28 15:56:57 - [MESSAGE][PASSED] - Tapped on element 'Object Repository/cicle.staging/Startup/ChooseCompanyonYourListafterSignIn'

2022-10-28 15:56:57 - [TEST_STEP][PASSED] - tap(findTestObject("cicle.staging/SekolahQAHeadQuarter/HeadquarterSekolahQA-MainPage"), 0, STOP_ON_FAILURE): Tapped on element 'Object Repository/cicle.staging/SekolahQAHeadQuarter/HeadquarterSekolahQA-MainPage'

2022-10-28 15:56:57 - [MESSAGE][WARNING] - Timeout '0' is invalid. Using default page load timeout: '30'

2022-10-28 15:56:58 - [MESSAGE][PASSED] - Tapped on element 'Object Repository/cicle.staging/SekolahQAHeadQuarter/HeadquarterSekolahQA-MainPage'

2022-10-28 15:56:58 - [MESSAGE][PASSED] - Call Test Case 'Test Cases/Sign in/TC_Sign in_CS-40' successfully

2022-10-28 15:56:58 - [TEST_STEP][PASSED] - tap(findTestObject("cicle.staging/Board/Board-Menu"), 0): Tapped on element 'Object Repository/cicle.staging/Board/Board-Menu'

2022-10-28 15:56:59 - [MESSAGE][WARNING] - Timeout '0' is invalid. Using default page load timeout: '30'

2022-10-28 15:56:59 - [MESSAGE][PASSED] - Tapped on element 'Object Repository/cicle.staging/Board/Board-Menu'

2022-10-28 15:56:59 - [TEST_STEP][PASSED] - tap(findTestObject("cicle.staging/Board/Card/userCardAccount"), 0): Tapped on element 'Object Repository/cicle.staging/Board/Card/userCardAccount'

2022-10-28 15:56:59 - [MESSAGE][WARNING] - Timeout '0' is invalid. Using default page load timeout: '30'

2022-10-28 15:57:00 - [MESSAGE][PASSED] - Tapped on element 'Object Repository/cicle.staging/Board/Card/userCardAccount'

2022-10-28 15:57:00 - [TEST_STEP][PASSED] - tap(findTestObject("cicle.staging/Board/Comment/AddNewComment-Button"), 0): Tapped on element 'Object Repository/cicle.staging/Board/Comment/AddNewComment-Button'

2022-10-28 15:57:00 - [MESSAGE][WARNING] - Timeout '0' is invalid. Using default page load timeout: '30'

2022-10-28 15:57:03 - [MESSAGE][PASSED] - Tapped on element 'Object Repository/cicle.staging/Board/Comment/AddNewComment-Button'

2022-10-28 15:57:03 - [TEST_STEP][PASSED] - tap(findTestObject("cicle.staging/Board/Comment/AddComment2-Field"), 0): Tapped on element 'Object Repository/cicle.staging/Board/Comment/AddComment2-Field'

2022-10-28 15:57:03 - [MESSAGE][WARNING] - Timeout '0' is invalid. Using default page load timeout: '30'

2022-10-28 15:57:04 - [MESSAGE][PASSED] - Tapped on element 'Object Repository/cicle.staging/Board/Comment/AddComment2-Field'

2022-10-28 15:57:04 - [TEST_STEP][PASSED] - tap(findTestObject("cicle.staging/Board/Comment/AddAttachmentPopUPKeyboard-Button"), 0, STOP_ON_FAILURE): Tapped on element 'Object Repository/cicle.staging/Board/Comment/AddAttachmentPopUPKeyboard-Button'

2022-10-28 15:57:04 - [MESSAGE][WARNING] - Timeout '0' is invalid. Using default page load timeout: '30'

2022-10-28 15:57:06 - [MESSAGE][PASSED] - Tapped on element 'Object Repository/cicle.staging/Board/Comment/AddAttachmentPopUPKeyboard-Button'

2022-10-28 15:57:06 - [TEST_STEP][PASSED] - tap(findTestObject("cicle.staging/Board/Comment/AddImageOnComment-Button"), 0): Tapped on element 'Object Repository/cicle.staging/Board/Comment/AddImageOnComment-Button'

2022-10-28 15:57:06 - [MESSAGE][WARNING] - Timeout '0' is invalid. Using default page load timeout: '30'

2022-10-28 15:57:07 - [MESSAGE][PASSED] - Tapped on element 'Object Repository/cicle.staging/Board/Comment/AddImageOnComment-Button'

2022-10-28 15:57:07 - [TEST_STEP][PASSED] - checkElement(findTestObject("cicle.staging/Board/Comment/AddImageByURL-Comment"), 0): Element 'Object Repository/cicle.staging/Board/Comment/AddImageByURL-Comment' is checked

2022-10-28 15:57:07 - [MESSAGE][WARNING] - Timeout '0' is invalid. Using default page load timeout: '30'

2022-10-28 15:57:08 - [MESSAGE][PASSED] - Element 'Object Repository/cicle.staging/Board/Comment/AddImageByURL-Comment' is checked

2022-10-28 15:57:08 - [TEST_STEP][PASSED] - tap(findTestObject("cicle.staging/Board/Comment/InsertLinkHere-Image-Field"), 0): Tapped on element 'Object Repository/cicle.staging/Board/Comment/InsertLinkHere-Image-Field'

2022-10-28 15:57:08 - [MESSAGE][WARNING] - Timeout '0' is invalid. Using default page load timeout: '30'

2022-10-28 15:57:08 - [MESSAGE][PASSED] - Tapped on element 'Object Repository/cicle.staging/Board/Comment/InsertLinkHere-Image-Field'

2022-10-28 15:57:08 - [TEST_STEP][PASSED] - setText(findTestObject("cicle.staging/Board/Comment/InsertLinkHere-Image-Field"), InvalidURL, 0): Text 'SekolahQA' has been set to element 'Object Repository/cicle.staging/Board/Comment/InsertLinkHere-Image-Field'

2022-10-28 15:57:08 - [MESSAGE][WARNING] - Timeout '0' is invalid. Using default page load timeout: '30'

2022-10-28 15:57:09 - [MESSAGE][PASSED] - Text 'SekolahQA' has been set to element 'Object Repository/cicle.staging/Board/Comment/InsertLinkHere-Image-Field'

2022-10-28 15:57:09 - [TEST_STEP][PASSED] - tap(findTestObject("cicle.staging/Board/Comment/Comment-SelectInsert-Button"), 0): Tapped on element 'Object Repository/cicle.staging/Board/Comment/Comment-SelectInsert-Button'

2022-10-28 15:57:09 - [MESSAGE][WARNING] - Timeout '0' is invalid. Using default page load timeout: '30'

2022-10-28 15:57:11 - [MESSAGE][PASSED] - Tapped on element 'Object Repository/cicle.staging/Board/Comment/Comment-SelectInsert-Button'

2022-10-28 15:57:11 - [TEST_STEP][PASSED] - verifyElementVisible(findTestObject("cicle.staging/Board/Comment/AssertionNotValidURL-Comment"), 0): Element 'Object Repository/cicle.staging/Board/Comment/AssertionNotValidURL-Comment' is visible

2022-10-28 15:57:11 - [MESSAGE][WARNING] - Timeout '0' is invalid. Using default page load timeout: '30'

2022-10-28 15:57:11 - [MESSAGE][PASSED] - Element 'Object Repository/cicle.staging/Board/Comment/AssertionNotValidURL-Comment' is visible]]></system-out>
         <system-err><![CDATA[]]></system-err>
      </testcase>
      <system-out><![CDATA[2022-10-28 15:50:42 - [TEST_SUITE][ERROR] - Cicle Staging Mobile App: Test Cases/Board/TC_Board_CS-04 FAILED.
Reason:
java.lang.IllegalArgumentException: Cannot find test data with id 'Data Files/Card/cardUser' because (of) 'java.lang.IllegalArgumentException: Test data with id 'Data Files/Card/cardUser' does not exist'
	at com.kms.katalon.core.testdata.TestDataFactory.findTestData(TestDataFactory.java:132)
	at com.kms.katalon.core.testdata.TestDataFactory$findTestData.callStatic(Unknown Source)
	at TC_Board_CS-04.run(TC_Board_CS-04:32)
	at com.kms.katalon.core.main.ScriptEngine.run(ScriptEngine.java:194)
	at com.kms.katalon.core.main.ScriptEngine.runScriptAsRawText(ScriptEngine.java:119)
	at com.kms.katalon.core.main.TestCaseExecutor.runScript(TestCaseExecutor.java:448)
	at com.kms.katalon.core.main.TestCaseExecutor.doExecute(TestCaseExecutor.java:439)
	at com.kms.katalon.core.main.TestCaseExecutor.processExecutionPhase(TestCaseExecutor.java:418)
	at com.kms.katalon.core.main.TestCaseExecutor.accessMainPhase(TestCaseExecutor.java:410)
	at com.kms.katalon.core.main.TestCaseExecutor.execute(TestCaseExecutor.java:285)
	at com.kms.katalon.core.common.CommonExecutor.accessTestCaseMainPhase(CommonExecutor.java:65)
	at com.kms.katalon.core.main.TestSuiteExecutor.accessTestSuiteMainPhase(TestSuiteExecutor.java:144)
	at com.kms.katalon.core.main.TestSuiteExecutor.execute(TestSuiteExecutor.java:106)
	at com.kms.katalon.core.main.TestCaseMain.startTestSuite(TestCaseMain.java:185)
	at com.kms.katalon.core.main.TestCaseMain$startTestSuite$0.call(Unknown Source)
	at TempTestSuite1666947030096.run(TempTestSuite1666947030096.groovy:36)]]></system-out>
      <system-err><![CDATA[2022-10-28 15:50:42 - [TEST_SUITE][ERROR] - Cicle Staging Mobile App: Test Cases/Board/TC_Board_CS-04 FAILED.
Reason:
java.lang.IllegalArgumentException: Cannot find test data with id 'Data Files/Card/cardUser' because (of) 'java.lang.IllegalArgumentException: Test data with id 'Data Files/Card/cardUser' does not exist'
	at com.kms.katalon.core.testdata.TestDataFactory.findTestData(TestDataFactory.java:132)
	at com.kms.katalon.core.testdata.TestDataFactory$findTestData.callStatic(Unknown Source)
	at TC_Board_CS-04.run(TC_Board_CS-04:32)
	at com.kms.katalon.core.main.ScriptEngine.run(ScriptEngine.java:194)
	at com.kms.katalon.core.main.ScriptEngine.runScriptAsRawText(ScriptEngine.java:119)
	at com.kms.katalon.core.main.TestCaseExecutor.runScript(TestCaseExecutor.java:448)
	at com.kms.katalon.core.main.TestCaseExecutor.doExecute(TestCaseExecutor.java:439)
	at com.kms.katalon.core.main.TestCaseExecutor.processExecutionPhase(TestCaseExecutor.java:418)
	at com.kms.katalon.core.main.TestCaseExecutor.accessMainPhase(TestCaseExecutor.java:410)
	at com.kms.katalon.core.main.TestCaseExecutor.execute(TestCaseExecutor.java:285)
	at com.kms.katalon.core.common.CommonExecutor.accessTestCaseMainPhase(CommonExecutor.java:65)
	at com.kms.katalon.core.main.TestSuiteExecutor.accessTestSuiteMainPhase(TestSuiteExecutor.java:144)
	at com.kms.katalon.core.main.TestSuiteExecutor.execute(TestSuiteExecutor.java:106)
	at com.kms.katalon.core.main.TestCaseMain.startTestSuite(TestCaseMain.java:185)
	at com.kms.katalon.core.main.TestCaseMain$startTestSuite$0.call(Unknown Source)
	at TempTestSuite1666947030096.run(TempTestSuite1666947030096.groovy:36)]]></system-err>
   </testsuite>
</testsuites>
