<?xml version="1.0" encoding="UTF-8"?>
<testsuites name="Cicle Staging Mobile App - Group Chat" time="139.644" tests="4" failures="0" errors="0">
   <testsuite name="Cicle Staging Mobile App - Group Chat" tests="4" failures="0" errors="0" time="139.644" skipped="0" timestamp="2022-10-29 19:47:30" hostname="sandikurnia - localhost" id="Test Suites/Cicle Staging Mobile App/Group Chat/Cicle Staging Mobile App - Group Chat">
      <properties>
         <property name="deviceName" value="emulator-5554 (Android SDK built for arm64 - Android 10)"/>
         <property name="devicePlatform" value=""/>
         <property name="logFolder" value="/Users/sandikurnia/Katalon Studio/smallProject/Reports/20221029_194719/Cicle Staging Mobile App/Group Chat/Cicle Staging Mobile App - Group Chat/20221029_194719"/>
         <property name="logFiles" value="/Users/sandikurnia/Katalon Studio/smallProject/Reports/20221029_194719/Cicle Staging Mobile App/Group Chat/Cicle Staging Mobile App - Group Chat/20221029_194719/execution0.log, /Users/sandikurnia/Katalon Studio/smallProject/Reports/20221029_194719/Cicle Staging Mobile App/Group Chat/Cicle Staging Mobile App - Group Chat/20221029_194719/appium.log"/>
         <property name="attachments" value=""/>
         <property name="hostName" value="sandikurnia - localhost"/>
         <property name="os" value="Mac OS X 64bit"/>
         <property name="appiumServerStatus" value="{&quot;value&quot;:{&quot;build&quot;:{&quot;version&quot;:&quot;1.22.3&quot;}},&quot;sessionId&quot;:null,&quot;status&quot;:0}"/>
         <property name="katalonVersion" value="8.4.1.208"/>
         <property name="deviceOS" value="Android"/>
         <property name="appiumVersion" value="1.22.3"/>
         <property name="deviceModel" value="Android SDK built for arm64"/>
         <property name="hostAddress" value="127.0.0.1"/>
         <property name="deviceManufacturer" value="Google"/>
         <property name="deviceId" value="emulator-5554"/>
         <property name="deviceName" value="emulator-5554 (Android SDK built for arm64 - Android 10)"/>
         <property name="deviceOSVersion" value="10"/>
      </properties>
      <testcase name="Test Cases/GroupChat/TC_Group Chat_CS-13" time="33.058" classname="Test Cases/GroupChat/TC_Group Chat_CS-13" status="PASSED">
         <system-out><![CDATA[2022-10-29 19:47:30 - [TEST_CASE][PASSED] - Test Cases/GroupChat/TC_Group Chat_CS-13: Test Cases/GroupChat/TC_Group Chat_CS-13

2022-10-29 19:47:31 - [TEST_STEP][PASSED] - callTestCase(findTestCase("Sign in/TC_Sign in_CS-40"), [:], STOP_ON_FAILURE): Call Test Case 'Test Cases/Sign in/TC_Sign in_CS-40' successfully

2022-10-29 19:47:31 - [TEST_CASE][PASSED] - Test Cases/Sign in/TC_Sign in_CS-40: Test Cases/Sign in/TC_Sign in_CS-40

2022-10-29 19:47:31 - [TEST_STEP][PASSED] - startApplication("/Users/sandikurnia/Downloads/apk-staging-for-iqbal.apk", false): Started app at: '/Users/sandikurnia/Downloads/apk-staging-for-iqbal.apk'

2022-10-29 19:47:33 - [MESSAGE][INFO] - Detected NodeJS location: "/opt/homebrew/Cellar/node/18.11.0/bin/node"

2022-10-29 19:47:33 - [MESSAGE][INFO] - Appium server started on port 49,539

2022-10-29 19:47:45 - [MESSAGE][PASSED] - Started app at: '/Users/sandikurnia/Downloads/apk-staging-for-iqbal.apk'

2022-10-29 19:47:45 - [TEST_STEP][PASSED] - tap(findTestObject("cicle.staging/Startup/YesButtonWhenOpenitApp"), 2, OPTIONAL): Object Object Repository/cicle.staging/Startup/YesButtonWhenOpenitApp not found

2022-10-29 19:47:47 - [MESSAGE][WARNING] - Object Object Repository/cicle.staging/Startup/YesButtonWhenOpenitApp not found

2022-10-29 19:47:47 - [TEST_STEP][PASSED] - tap(findTestObject("cicle.staging/Startup/SkipButtonWhenOpenitApp"), 2, OPTIONAL): Object Object Repository/cicle.staging/Startup/SkipButtonWhenOpenitApp not found

2022-10-29 19:47:50 - [MESSAGE][WARNING] - Object Object Repository/cicle.staging/Startup/SkipButtonWhenOpenitApp not found

2022-10-29 19:47:50 - [TEST_STEP][PASSED] - tap(findTestObject("cicle.staging/Startup/GotoSignInButton"), 2, OPTIONAL): Object Object Repository/cicle.staging/Startup/GotoSignInButton not found

2022-10-29 19:47:52 - [MESSAGE][WARNING] - Object Object Repository/cicle.staging/Startup/GotoSignInButton not found

2022-10-29 19:47:52 - [TEST_STEP][PASSED] - tap(findTestObject("cicle.staging/Startup/SignInwithGoogleAccount"), 2, OPTIONAL): Object Object Repository/cicle.staging/Startup/SignInwithGoogleAccount not found

2022-10-29 19:47:54 - [MESSAGE][WARNING] - Object Object Repository/cicle.staging/Startup/SignInwithGoogleAccount not found

2022-10-29 19:47:54 - [TEST_STEP][PASSED] - tap(findTestObject("cicle.staging/Startup/LayoutLoginwithMyAccount"), 2, OPTIONAL): Object Object Repository/cicle.staging/Startup/LayoutLoginwithMyAccount not found

2022-10-29 19:47:56 - [MESSAGE][WARNING] - Object Object Repository/cicle.staging/Startup/LayoutLoginwithMyAccount not found

2022-10-29 19:47:56 - [TEST_STEP][PASSED] - tap(findTestObject("cicle.staging/Startup/Sekolah QA COMPANY 2"), 2, OPTIONAL): Object Object Repository/cicle.staging/Startup/Sekolah QA COMPANY 2 not found

2022-10-29 19:47:58 - [MESSAGE][WARNING] - Object Object Repository/cicle.staging/Startup/Sekolah QA COMPANY 2 not found

2022-10-29 19:47:58 - [TEST_STEP][PASSED] - tap(findTestObject("cicle.staging/SekolahQAHeadQuarter/SekolahQAHeadquarter1"), 2, OPTIONAL): Tapped on element 'Object Repository/cicle.staging/SekolahQAHeadQuarter/SekolahQAHeadquarter1'

2022-10-29 19:47:59 - [MESSAGE][PASSED] - Tapped on element 'Object Repository/cicle.staging/SekolahQAHeadQuarter/SekolahQAHeadquarter1'

2022-10-29 19:47:59 - [MESSAGE][PASSED] - Call Test Case 'Test Cases/Sign in/TC_Sign in_CS-40' successfully

2022-10-29 19:47:59 - [TEST_STEP][PASSED] - tap(findTestObject("cicle.staging/Group Chat/GroupChatMenu"), 0): Tapped on element 'Object Repository/cicle.staging/Group Chat/GroupChatMenu'

2022-10-29 19:47:59 - [MESSAGE][WARNING] - Timeout '0' is invalid. Using default page load timeout: '30'

2022-10-29 19:47:59 - [MESSAGE][PASSED] - Tapped on element 'Object Repository/cicle.staging/Group Chat/GroupChatMenu'

2022-10-29 19:47:59 - [TEST_STEP][PASSED] - tap(findTestObject("cicle.staging/Group Chat/TypeMessage-Field"), 0): Tapped on element 'Object Repository/cicle.staging/Group Chat/TypeMessage-Field'

2022-10-29 19:47:59 - [MESSAGE][WARNING] - Timeout '0' is invalid. Using default page load timeout: '30'

2022-10-29 19:48:01 - [MESSAGE][PASSED] - Tapped on element 'Object Repository/cicle.staging/Group Chat/TypeMessage-Field'

2022-10-29 19:48:01 - [TEST_STEP][PASSED] - setText(findTestObject("cicle.staging/Group Chat/TypeMessage-Field"), findTestData("GroupChat/sendMessageonGroupChat").getValue(1, 1), 0): Text 'Hello Sandi !!' has been set to element 'Object Repository/cicle.staging/Group Chat/TypeMessage-Field'

2022-10-29 19:48:01 - [MESSAGE][WARNING] - Timeout '0' is invalid. Using default page load timeout: '30'

2022-10-29 19:48:01 - [MESSAGE][PASSED] - Text 'Hello Sandi !!' has been set to element 'Object Repository/cicle.staging/Group Chat/TypeMessage-Field'

2022-10-29 19:48:02 - [TEST_STEP][PASSED] - tap(findTestObject("cicle.staging/Group Chat/SendChat-Button"), 0): Tapped on element 'Object Repository/cicle.staging/Group Chat/SendChat-Button'

2022-10-29 19:48:02 - [MESSAGE][WARNING] - Timeout '0' is invalid. Using default page load timeout: '30'

2022-10-29 19:48:03 - [MESSAGE][PASSED] - Tapped on element 'Object Repository/cicle.staging/Group Chat/SendChat-Button'

2022-10-29 19:48:03 - [TEST_STEP][PASSED] - verifyElementVisible(findTestObject("cicle.staging/Group Chat/Assertion-SendChat"), 0): Element 'Object Repository/cicle.staging/Group Chat/Assertion-SendChat' is visible

2022-10-29 19:48:03 - [MESSAGE][WARNING] - Timeout '0' is invalid. Using default page load timeout: '30'

2022-10-29 19:48:03 - [MESSAGE][PASSED] - Element 'Object Repository/cicle.staging/Group Chat/Assertion-SendChat' is visible]]></system-out>
         <system-err><![CDATA[]]></system-err>
      </testcase>
      <testcase name="Test Cases/GroupChat/TC_Group Chat_CS-14" time="52.44" classname="Test Cases/GroupChat/TC_Group Chat_CS-14" status="PASSED">
         <system-out><![CDATA[2022-10-29 19:48:03 - [TEST_CASE][PASSED] - Test Cases/GroupChat/TC_Group Chat_CS-14: Test Cases/GroupChat/TC_Group Chat_CS-14

2022-10-29 19:48:04 - [TEST_STEP][PASSED] - callTestCase(findTestCase("Sign in/TC_Sign in_CS-40"), [:], STOP_ON_FAILURE): Call Test Case 'Test Cases/Sign in/TC_Sign in_CS-40' successfully

2022-10-29 19:48:04 - [TEST_CASE][PASSED] - Test Cases/Sign in/TC_Sign in_CS-40: Test Cases/Sign in/TC_Sign in_CS-40

2022-10-29 19:48:04 - [TEST_STEP][PASSED] - startApplication("/Users/sandikurnia/Downloads/apk-staging-for-iqbal.apk", false): Started app at: '/Users/sandikurnia/Downloads/apk-staging-for-iqbal.apk'

2022-10-29 19:48:09 - [MESSAGE][PASSED] - Started app at: '/Users/sandikurnia/Downloads/apk-staging-for-iqbal.apk'

2022-10-29 19:48:09 - [TEST_STEP][PASSED] - tap(findTestObject("cicle.staging/Startup/YesButtonWhenOpenitApp"), 2, OPTIONAL): Object Object Repository/cicle.staging/Startup/YesButtonWhenOpenitApp not found

2022-10-29 19:48:12 - [MESSAGE][WARNING] - Object Object Repository/cicle.staging/Startup/YesButtonWhenOpenitApp not found

2022-10-29 19:48:12 - [TEST_STEP][PASSED] - tap(findTestObject("cicle.staging/Startup/SkipButtonWhenOpenitApp"), 2, OPTIONAL): Object Object Repository/cicle.staging/Startup/SkipButtonWhenOpenitApp not found

2022-10-29 19:48:14 - [MESSAGE][WARNING] - Object Object Repository/cicle.staging/Startup/SkipButtonWhenOpenitApp not found

2022-10-29 19:48:14 - [TEST_STEP][PASSED] - tap(findTestObject("cicle.staging/Startup/GotoSignInButton"), 2, OPTIONAL): Object Object Repository/cicle.staging/Startup/GotoSignInButton not found

2022-10-29 19:48:16 - [MESSAGE][WARNING] - Object Object Repository/cicle.staging/Startup/GotoSignInButton not found

2022-10-29 19:48:16 - [TEST_STEP][PASSED] - tap(findTestObject("cicle.staging/Startup/SignInwithGoogleAccount"), 2, OPTIONAL): Object Object Repository/cicle.staging/Startup/SignInwithGoogleAccount not found

2022-10-29 19:48:18 - [MESSAGE][WARNING] - Object Object Repository/cicle.staging/Startup/SignInwithGoogleAccount not found

2022-10-29 19:48:18 - [TEST_STEP][PASSED] - tap(findTestObject("cicle.staging/Startup/LayoutLoginwithMyAccount"), 2, OPTIONAL): Object Object Repository/cicle.staging/Startup/LayoutLoginwithMyAccount not found

2022-10-29 19:48:20 - [MESSAGE][WARNING] - Object Object Repository/cicle.staging/Startup/LayoutLoginwithMyAccount not found

2022-10-29 19:48:20 - [TEST_STEP][PASSED] - tap(findTestObject("cicle.staging/Startup/Sekolah QA COMPANY 2"), 2, OPTIONAL): Object Object Repository/cicle.staging/Startup/Sekolah QA COMPANY 2 not found

2022-10-29 19:48:22 - [MESSAGE][WARNING] - Object Object Repository/cicle.staging/Startup/Sekolah QA COMPANY 2 not found

2022-10-29 19:48:22 - [TEST_STEP][PASSED] - tap(findTestObject("cicle.staging/SekolahQAHeadQuarter/SekolahQAHeadquarter1"), 2, OPTIONAL): Tapped on element 'Object Repository/cicle.staging/SekolahQAHeadQuarter/SekolahQAHeadquarter1'

2022-10-29 19:48:23 - [MESSAGE][PASSED] - Tapped on element 'Object Repository/cicle.staging/SekolahQAHeadQuarter/SekolahQAHeadquarter1'

2022-10-29 19:48:23 - [MESSAGE][PASSED] - Call Test Case 'Test Cases/Sign in/TC_Sign in_CS-40' successfully

2022-10-29 19:48:23 - [TEST_STEP][PASSED] - tap(findTestObject("cicle.staging/Group Chat/GroupChatMenu"), 0): Tapped on element 'Object Repository/cicle.staging/Group Chat/GroupChatMenu'

2022-10-29 19:48:23 - [MESSAGE][WARNING] - Timeout '0' is invalid. Using default page load timeout: '30'

2022-10-29 19:48:24 - [MESSAGE][PASSED] - Tapped on element 'Object Repository/cicle.staging/Group Chat/GroupChatMenu'

2022-10-29 19:48:24 - [TEST_STEP][PASSED] - tap(findTestObject("cicle.staging/Group Chat/TypeMessage-Field"), 0): Tapped on element 'Object Repository/cicle.staging/Group Chat/TypeMessage-Field'

2022-10-29 19:48:24 - [MESSAGE][WARNING] - Timeout '0' is invalid. Using default page load timeout: '30'

2022-10-29 19:48:25 - [MESSAGE][PASSED] - Tapped on element 'Object Repository/cicle.staging/Group Chat/TypeMessage-Field'

2022-10-29 19:48:25 - [TEST_STEP][PASSED] - setText(findTestObject("cicle.staging/Group Chat/TypeMessage-Field"), findTestData("GroupChat/sendMessageonGroupChat").getValue(2, 1), 0): Text '' has been set to element 'Object Repository/cicle.staging/Group Chat/TypeMessage-Field'

2022-10-29 19:48:25 - [MESSAGE][WARNING] - Timeout '0' is invalid. Using default page load timeout: '30'

2022-10-29 19:48:26 - [MESSAGE][PASSED] - Text '' has been set to element 'Object Repository/cicle.staging/Group Chat/TypeMessage-Field'

2022-10-29 19:48:26 - [TEST_STEP][PASSED] - verifyElementNotVisible(findTestObject("cicle.staging/Group Chat/SendChat-Button"), 0): Element 'Object Repository/cicle.staging/Group Chat/SendChat-Button' not found

2022-10-29 19:48:26 - [MESSAGE][WARNING] - Timeout '0' is invalid. Using default page load timeout: '30'

2022-10-29 19:48:56 - [MESSAGE][PASSED] - Element 'Object Repository/cicle.staging/Group Chat/SendChat-Button' not found]]></system-out>
         <system-err><![CDATA[]]></system-err>
      </testcase>
      <testcase name="Test Cases/GroupChat/TC_Group Chat_CS-36" time="25.515" classname="Test Cases/GroupChat/TC_Group Chat_CS-36" status="PASSED">
         <system-out><![CDATA[2022-10-29 19:48:56 - [TEST_CASE][PASSED] - Test Cases/GroupChat/TC_Group Chat_CS-36: Test Cases/GroupChat/TC_Group Chat_CS-36

2022-10-29 19:48:56 - [TEST_STEP][PASSED] - callTestCase(findTestCase("Sign in/TC_Sign in_CS-40"), [:], STOP_ON_FAILURE): Call Test Case 'Test Cases/Sign in/TC_Sign in_CS-40' successfully

2022-10-29 19:48:56 - [TEST_CASE][PASSED] - Test Cases/Sign in/TC_Sign in_CS-40: Test Cases/Sign in/TC_Sign in_CS-40

2022-10-29 19:48:56 - [TEST_STEP][PASSED] - startApplication("/Users/sandikurnia/Downloads/apk-staging-for-iqbal.apk", false): Started app at: '/Users/sandikurnia/Downloads/apk-staging-for-iqbal.apk'

2022-10-29 19:49:03 - [MESSAGE][PASSED] - Started app at: '/Users/sandikurnia/Downloads/apk-staging-for-iqbal.apk'

2022-10-29 19:49:03 - [TEST_STEP][PASSED] - tap(findTestObject("cicle.staging/Startup/YesButtonWhenOpenitApp"), 2, OPTIONAL): Object Object Repository/cicle.staging/Startup/YesButtonWhenOpenitApp not found

2022-10-29 19:49:05 - [MESSAGE][WARNING] - Object Object Repository/cicle.staging/Startup/YesButtonWhenOpenitApp not found

2022-10-29 19:49:05 - [TEST_STEP][PASSED] - tap(findTestObject("cicle.staging/Startup/SkipButtonWhenOpenitApp"), 2, OPTIONAL): Object Object Repository/cicle.staging/Startup/SkipButtonWhenOpenitApp not found

2022-10-29 19:49:07 - [MESSAGE][WARNING] - Object Object Repository/cicle.staging/Startup/SkipButtonWhenOpenitApp not found

2022-10-29 19:49:07 - [TEST_STEP][PASSED] - tap(findTestObject("cicle.staging/Startup/GotoSignInButton"), 2, OPTIONAL): Object Object Repository/cicle.staging/Startup/GotoSignInButton not found

2022-10-29 19:49:09 - [MESSAGE][WARNING] - Object Object Repository/cicle.staging/Startup/GotoSignInButton not found

2022-10-29 19:49:09 - [TEST_STEP][PASSED] - tap(findTestObject("cicle.staging/Startup/SignInwithGoogleAccount"), 2, OPTIONAL): Object Object Repository/cicle.staging/Startup/SignInwithGoogleAccount not found

2022-10-29 19:49:11 - [MESSAGE][WARNING] - Object Object Repository/cicle.staging/Startup/SignInwithGoogleAccount not found

2022-10-29 19:49:11 - [TEST_STEP][PASSED] - tap(findTestObject("cicle.staging/Startup/LayoutLoginwithMyAccount"), 2, OPTIONAL): Object Object Repository/cicle.staging/Startup/LayoutLoginwithMyAccount not found

2022-10-29 19:49:13 - [MESSAGE][WARNING] - Object Object Repository/cicle.staging/Startup/LayoutLoginwithMyAccount not found

2022-10-29 19:49:13 - [TEST_STEP][PASSED] - tap(findTestObject("cicle.staging/Startup/Sekolah QA COMPANY 2"), 2, OPTIONAL): Object Object Repository/cicle.staging/Startup/Sekolah QA COMPANY 2 not found

2022-10-29 19:49:16 - [MESSAGE][WARNING] - Object Object Repository/cicle.staging/Startup/Sekolah QA COMPANY 2 not found

2022-10-29 19:49:16 - [TEST_STEP][PASSED] - tap(findTestObject("cicle.staging/SekolahQAHeadQuarter/SekolahQAHeadquarter1"), 2, OPTIONAL): Tapped on element 'Object Repository/cicle.staging/SekolahQAHeadQuarter/SekolahQAHeadquarter1'

2022-10-29 19:49:17 - [MESSAGE][PASSED] - Tapped on element 'Object Repository/cicle.staging/SekolahQAHeadQuarter/SekolahQAHeadquarter1'

2022-10-29 19:49:17 - [MESSAGE][PASSED] - Call Test Case 'Test Cases/Sign in/TC_Sign in_CS-40' successfully

2022-10-29 19:49:17 - [TEST_STEP][PASSED] - tap(findTestObject("cicle.staging/Group Chat/GroupChatMenu"), 0): Tapped on element 'Object Repository/cicle.staging/Group Chat/GroupChatMenu'

2022-10-29 19:49:17 - [MESSAGE][WARNING] - Timeout '0' is invalid. Using default page load timeout: '30'

2022-10-29 19:49:17 - [MESSAGE][PASSED] - Tapped on element 'Object Repository/cicle.staging/Group Chat/GroupChatMenu'

2022-10-29 19:49:17 - [TEST_STEP][PASSED] - tap(findTestObject("cicle.staging/Group Chat/TypeMessage-Field"), 0): Tapped on element 'Object Repository/cicle.staging/Group Chat/TypeMessage-Field'

2022-10-29 19:49:17 - [MESSAGE][WARNING] - Timeout '0' is invalid. Using default page load timeout: '30'

2022-10-29 19:49:18 - [MESSAGE][PASSED] - Tapped on element 'Object Repository/cicle.staging/Group Chat/TypeMessage-Field'

2022-10-29 19:49:18 - [TEST_STEP][PASSED] - setText(findTestObject("cicle.staging/Group Chat/TypeMessage-Field"), findTestData("GroupChat/sendMessageonGroupChat").getValue(2, 2), 0): Text '  ' has been set to element 'Object Repository/cicle.staging/Group Chat/TypeMessage-Field'

2022-10-29 19:49:18 - [MESSAGE][WARNING] - Timeout '0' is invalid. Using default page load timeout: '30'

2022-10-29 19:49:19 - [MESSAGE][PASSED] - Text '  ' has been set to element 'Object Repository/cicle.staging/Group Chat/TypeMessage-Field'

2022-10-29 19:49:19 - [TEST_STEP][PASSED] - tap(findTestObject("cicle.staging/Group Chat/SendChat-Button"), 0): Tapped on element 'Object Repository/cicle.staging/Group Chat/SendChat-Button'

2022-10-29 19:49:19 - [MESSAGE][WARNING] - Timeout '0' is invalid. Using default page load timeout: '30'

2022-10-29 19:49:20 - [MESSAGE][PASSED] - Tapped on element 'Object Repository/cicle.staging/Group Chat/SendChat-Button'

2022-10-29 19:49:20 - [TEST_STEP][PASSED] - verifyElementVisible(findTestObject("cicle.staging/Group Chat/Assertion-SendChat"), 0): Element 'Object Repository/cicle.staging/Group Chat/Assertion-SendChat' is visible

2022-10-29 19:49:21 - [MESSAGE][WARNING] - Timeout '0' is invalid. Using default page load timeout: '30'

2022-10-29 19:49:21 - [MESSAGE][PASSED] - Element 'Object Repository/cicle.staging/Group Chat/Assertion-SendChat' is visible]]></system-out>
         <system-err><![CDATA[]]></system-err>
      </testcase>
      <testcase name="Test Cases/GroupChat/TC_Group Chat_CS-39" time="28.132" classname="Test Cases/GroupChat/TC_Group Chat_CS-39" status="PASSED">
         <system-out><![CDATA[2022-10-29 19:49:21 - [TEST_CASE][PASSED] - Test Cases/GroupChat/TC_Group Chat_CS-39: Test Cases/GroupChat/TC_Group Chat_CS-39

2022-10-29 19:49:22 - [TEST_STEP][PASSED] - callTestCase(findTestCase("Sign in/TC_Sign in_CS-40"), [:], STOP_ON_FAILURE): Call Test Case 'Test Cases/Sign in/TC_Sign in_CS-40' successfully

2022-10-29 19:49:22 - [TEST_CASE][PASSED] - Test Cases/Sign in/TC_Sign in_CS-40: Test Cases/Sign in/TC_Sign in_CS-40

2022-10-29 19:49:22 - [TEST_STEP][PASSED] - startApplication("/Users/sandikurnia/Downloads/apk-staging-for-iqbal.apk", false): Started app at: '/Users/sandikurnia/Downloads/apk-staging-for-iqbal.apk'

2022-10-29 19:49:29 - [MESSAGE][PASSED] - Started app at: '/Users/sandikurnia/Downloads/apk-staging-for-iqbal.apk'

2022-10-29 19:49:29 - [TEST_STEP][PASSED] - tap(findTestObject("cicle.staging/Startup/YesButtonWhenOpenitApp"), 2, OPTIONAL): Object Object Repository/cicle.staging/Startup/YesButtonWhenOpenitApp not found

2022-10-29 19:49:31 - [MESSAGE][WARNING] - Object Object Repository/cicle.staging/Startup/YesButtonWhenOpenitApp not found

2022-10-29 19:49:31 - [TEST_STEP][PASSED] - tap(findTestObject("cicle.staging/Startup/SkipButtonWhenOpenitApp"), 2, OPTIONAL): Object Object Repository/cicle.staging/Startup/SkipButtonWhenOpenitApp not found

2022-10-29 19:49:33 - [MESSAGE][WARNING] - Object Object Repository/cicle.staging/Startup/SkipButtonWhenOpenitApp not found

2022-10-29 19:49:33 - [TEST_STEP][PASSED] - tap(findTestObject("cicle.staging/Startup/GotoSignInButton"), 2, OPTIONAL): Object Object Repository/cicle.staging/Startup/GotoSignInButton not found

2022-10-29 19:49:36 - [MESSAGE][WARNING] - Object Object Repository/cicle.staging/Startup/GotoSignInButton not found

2022-10-29 19:49:36 - [TEST_STEP][PASSED] - tap(findTestObject("cicle.staging/Startup/SignInwithGoogleAccount"), 2, OPTIONAL): Object Object Repository/cicle.staging/Startup/SignInwithGoogleAccount not found

2022-10-29 19:49:38 - [MESSAGE][WARNING] - Object Object Repository/cicle.staging/Startup/SignInwithGoogleAccount not found

2022-10-29 19:49:38 - [TEST_STEP][PASSED] - tap(findTestObject("cicle.staging/Startup/LayoutLoginwithMyAccount"), 2, OPTIONAL): Object Object Repository/cicle.staging/Startup/LayoutLoginwithMyAccount not found

2022-10-29 19:49:40 - [MESSAGE][WARNING] - Object Object Repository/cicle.staging/Startup/LayoutLoginwithMyAccount not found

2022-10-29 19:49:40 - [TEST_STEP][PASSED] - tap(findTestObject("cicle.staging/Startup/Sekolah QA COMPANY 2"), 2, OPTIONAL): Object Object Repository/cicle.staging/Startup/Sekolah QA COMPANY 2 not found

2022-10-29 19:49:42 - [MESSAGE][WARNING] - Object Object Repository/cicle.staging/Startup/Sekolah QA COMPANY 2 not found

2022-10-29 19:49:42 - [TEST_STEP][PASSED] - tap(findTestObject("cicle.staging/SekolahQAHeadQuarter/SekolahQAHeadquarter1"), 2, OPTIONAL): Tapped on element 'Object Repository/cicle.staging/SekolahQAHeadQuarter/SekolahQAHeadquarter1'

2022-10-29 19:49:43 - [MESSAGE][PASSED] - Tapped on element 'Object Repository/cicle.staging/SekolahQAHeadQuarter/SekolahQAHeadquarter1'

2022-10-29 19:49:43 - [MESSAGE][PASSED] - Call Test Case 'Test Cases/Sign in/TC_Sign in_CS-40' successfully

2022-10-29 19:49:43 - [TEST_STEP][PASSED] - tap(findTestObject("cicle.staging/Group Chat/GroupChatMenu"), 0): Tapped on element 'Object Repository/cicle.staging/Group Chat/GroupChatMenu'

2022-10-29 19:49:43 - [MESSAGE][WARNING] - Timeout '0' is invalid. Using default page load timeout: '30'

2022-10-29 19:49:43 - [MESSAGE][PASSED] - Tapped on element 'Object Repository/cicle.staging/Group Chat/GroupChatMenu'

2022-10-29 19:49:43 - [TEST_STEP][PASSED] - for ([i = 1, i <= 4, (i++)]): Tapped at [914, 914]

2022-10-29 19:49:43 - [TEST_STEP][PASSED] - tapAtPosition(914, 914, STOP_ON_FAILURE): Tapped at [914, 914]

2022-10-29 19:49:44 - [MESSAGE][PASSED] - Tapped at [914, 914]

2022-10-29 19:49:44 - [TEST_STEP][PASSED] - tapAtPosition(914, 914, STOP_ON_FAILURE): Tapped at [914, 914]

2022-10-29 19:49:45 - [MESSAGE][PASSED] - Tapped at [914, 914]

2022-10-29 19:49:45 - [TEST_STEP][PASSED] - tapAtPosition(914, 914, STOP_ON_FAILURE): Tapped at [914, 914]

2022-10-29 19:49:46 - [MESSAGE][PASSED] - Tapped at [914, 914]

2022-10-29 19:49:46 - [TEST_STEP][PASSED] - tapAtPosition(914, 914, STOP_ON_FAILURE): Tapped at [914, 914]

2022-10-29 19:49:47 - [MESSAGE][PASSED] - Tapped at [914, 914]

2022-10-29 19:49:47 - [TEST_STEP][PASSED] - tap(findTestObject("cicle.staging/Group Chat/DeleteMessageOnGroupChatButton"), 0): Tapped on element 'Object Repository/cicle.staging/Group Chat/DeleteMessageOnGroupChatButton'

2022-10-29 19:49:47 - [MESSAGE][WARNING] - Timeout '0' is invalid. Using default page load timeout: '30'

2022-10-29 19:49:47 - [MESSAGE][PASSED] - Tapped on element 'Object Repository/cicle.staging/Group Chat/DeleteMessageOnGroupChatButton'

2022-10-29 19:49:47 - [TEST_STEP][PASSED] - tap(findTestObject("cicle.staging/Group Chat/OkForSureDeleteMessage"), 0): Tapped on element 'Object Repository/cicle.staging/Group Chat/OkForSureDeleteMessage'

2022-10-29 19:49:47 - [MESSAGE][WARNING] - Timeout '0' is invalid. Using default page load timeout: '30'

2022-10-29 19:49:49 - [MESSAGE][PASSED] - Tapped on element 'Object Repository/cicle.staging/Group Chat/OkForSureDeleteMessage'

2022-10-29 19:49:49 - [TEST_STEP][PASSED] - verifyElementVisible(findTestObject("cicle.staging/Group Chat/AssertDeleteMessage"), 0): Element 'Object Repository/cicle.staging/Group Chat/AssertDeleteMessage' is visible

2022-10-29 19:49:50 - [MESSAGE][WARNING] - Timeout '0' is invalid. Using default page load timeout: '30'

2022-10-29 19:49:50 - [MESSAGE][PASSED] - Element 'Object Repository/cicle.staging/Group Chat/AssertDeleteMessage' is visible]]></system-out>
         <system-err><![CDATA[]]></system-err>
      </testcase>
      <system-out><![CDATA[2022-10-29 19:47:30 - [TEST_SUITE][PASSED] - Cicle Staging Mobile App - Group Chat: Test Cases/GroupChat/TC_Group Chat_CS-39]]></system-out>
      <system-err><![CDATA[]]></system-err>
   </testsuite>
</testsuites>
