<?xml version="1.0" encoding="UTF-8"?>
<testsuites name="Cicle Staging Mobile App - Blast" time="321.913" tests="11" failures="0" errors="0">
   <testsuite name="Cicle Staging Mobile App - Blast" tests="11" failures="0" errors="0" time="321.913" skipped="0" timestamp="2022-10-31 08:44:21" hostname="sandikurnia - localhost" id="Test Suites/Cicle Staging Mobile App/Blast/Cicle Staging Mobile App - Blast">
      <properties>
         <property name="deviceName" value="emulator-5554 (Android SDK built for arm64 - Android 10)"/>
         <property name="devicePlatform" value=""/>
         <property name="logFolder" value="/Users/sandikurnia/Katalon Studio/smallProject/Reports/20221031_084410/Cicle Staging Mobile App/Blast/Cicle Staging Mobile App - Blast/20221031_084410"/>
         <property name="logFiles" value="/Users/sandikurnia/Katalon Studio/smallProject/Reports/20221031_084410/Cicle Staging Mobile App/Blast/Cicle Staging Mobile App - Blast/20221031_084410/execution0.log, /Users/sandikurnia/Katalon Studio/smallProject/Reports/20221031_084410/Cicle Staging Mobile App/Blast/Cicle Staging Mobile App - Blast/20221031_084410/appium.log"/>
         <property name="attachments" value=""/>
         <property name="hostName" value="sandikurnia - localhost"/>
         <property name="os" value="Mac OS X 64bit"/>
         <property name="appiumServerStatus" value="{&quot;value&quot;:{&quot;build&quot;:{&quot;version&quot;:&quot;1.22.3&quot;}},&quot;sessionId&quot;:null,&quot;status&quot;:0}"/>
         <property name="katalonVersion" value="8.4.1.208"/>
         <property name="deviceOS" value="Android"/>
         <property name="appiumVersion" value="1.22.3"/>
         <property name="deviceModel" value="Android SDK built for arm64"/>
         <property name="hostAddress" value="127.0.0.1"/>
         <property name="deviceManufacturer" value="Google"/>
         <property name="deviceId" value="emulator-5554"/>
         <property name="deviceName" value="emulator-5554 (Android SDK built for arm64 - Android 10)"/>
         <property name="deviceOSVersion" value="10"/>
      </properties>
      <testcase name="Test Cases/Blast/TC_Blast_CS-24" time="39.064" classname="Test Cases/Blast/TC_Blast_CS-24" status="PASSED">
         <system-out><![CDATA[2022-10-31 08:44:22 - [TEST_CASE][PASSED] - Test Cases/Blast/TC_Blast_CS-24: Test Cases/Blast/TC_Blast_CS-24

2022-10-31 08:44:22 - [TEST_STEP][PASSED] - callTestCase(findTestCase("Sign in/TC_Sign in_CS-40"), [:], STOP_ON_FAILURE): Call Test Case 'Test Cases/Sign in/TC_Sign in_CS-40' successfully

2022-10-31 08:44:22 - [TEST_CASE][PASSED] - Test Cases/Sign in/TC_Sign in_CS-40: Test Cases/Sign in/TC_Sign in_CS-40

2022-10-31 08:44:23 - [TEST_STEP][PASSED] - startApplication("/Users/sandikurnia/Downloads/apk-staging-for-iqbal.apk", false): Started app at: '/Users/sandikurnia/Downloads/apk-staging-for-iqbal.apk'

2022-10-31 08:44:24 - [MESSAGE][INFO] - Detected NodeJS location: "/opt/homebrew/Cellar/node/18.11.0/bin/node"

2022-10-31 08:44:25 - [MESSAGE][INFO] - Appium server started on port 63,840

2022-10-31 08:44:36 - [MESSAGE][PASSED] - Started app at: '/Users/sandikurnia/Downloads/apk-staging-for-iqbal.apk'

2022-10-31 08:44:36 - [TEST_STEP][PASSED] - tap(findTestObject("cicle.staging/Startup/YesButtonWhenOpenitApp"), 2, OPTIONAL): Object Object Repository/cicle.staging/Startup/YesButtonWhenOpenitApp not found

2022-10-31 08:44:39 - [MESSAGE][WARNING] - Object Object Repository/cicle.staging/Startup/YesButtonWhenOpenitApp not found

2022-10-31 08:44:39 - [TEST_STEP][PASSED] - tap(findTestObject("cicle.staging/Startup/SkipButtonWhenOpenitApp"), 2, OPTIONAL): Object Object Repository/cicle.staging/Startup/SkipButtonWhenOpenitApp not found

2022-10-31 08:44:41 - [MESSAGE][WARNING] - Object Object Repository/cicle.staging/Startup/SkipButtonWhenOpenitApp not found

2022-10-31 08:44:41 - [TEST_STEP][PASSED] - tap(findTestObject("cicle.staging/Startup/GotoSignInButton"), 2, OPTIONAL): Object Object Repository/cicle.staging/Startup/GotoSignInButton not found

2022-10-31 08:44:43 - [MESSAGE][WARNING] - Object Object Repository/cicle.staging/Startup/GotoSignInButton not found

2022-10-31 08:44:43 - [TEST_STEP][PASSED] - tap(findTestObject("cicle.staging/Startup/SignInwithGoogleAccount"), 2, OPTIONAL): Object Object Repository/cicle.staging/Startup/SignInwithGoogleAccount not found

2022-10-31 08:44:45 - [MESSAGE][WARNING] - Object Object Repository/cicle.staging/Startup/SignInwithGoogleAccount not found

2022-10-31 08:44:45 - [TEST_STEP][PASSED] - tap(findTestObject("cicle.staging/Startup/LayoutLoginwithMyAccount"), 2, OPTIONAL): Object Object Repository/cicle.staging/Startup/LayoutLoginwithMyAccount not found

2022-10-31 08:44:47 - [MESSAGE][WARNING] - Object Object Repository/cicle.staging/Startup/LayoutLoginwithMyAccount not found

2022-10-31 08:44:47 - [TEST_STEP][PASSED] - tap(findTestObject("cicle.staging/Startup/Sekolah QA COMPANY 2"), 2, OPTIONAL): Object Object Repository/cicle.staging/Startup/Sekolah QA COMPANY 2 not found

2022-10-31 08:44:49 - [MESSAGE][WARNING] - Object Object Repository/cicle.staging/Startup/Sekolah QA COMPANY 2 not found

2022-10-31 08:44:49 - [TEST_STEP][PASSED] - tap(findTestObject("cicle.staging/SekolahQAHeadQuarter/SekolahQAHeadquarter1"), 2, OPTIONAL): Tapped on element 'Object Repository/cicle.staging/SekolahQAHeadQuarter/SekolahQAHeadquarter1'

2022-10-31 08:44:51 - [MESSAGE][PASSED] - Tapped on element 'Object Repository/cicle.staging/SekolahQAHeadQuarter/SekolahQAHeadquarter1'

2022-10-31 08:44:51 - [MESSAGE][PASSED] - Call Test Case 'Test Cases/Sign in/TC_Sign in_CS-40' successfully

2022-10-31 08:44:51 - [TEST_STEP][PASSED] - tap(findTestObject("cicle.staging/Blast/Menu/BlastMenu"), 0): Tapped on element 'Object Repository/cicle.staging/Blast/Menu/BlastMenu'

2022-10-31 08:44:51 - [MESSAGE][WARNING] - Timeout '0' is invalid. Using default page load timeout: '30'

2022-10-31 08:44:51 - [MESSAGE][PASSED] - Tapped on element 'Object Repository/cicle.staging/Blast/Menu/BlastMenu'

2022-10-31 08:44:51 - [TEST_STEP][PASSED] - tap(findTestObject("Object Repository/cicle.staging/Blast/Post/POST-AddButtonOnTheBottomRightSide"), 0): Tapped on element 'Object Repository/cicle.staging/Blast/Post/POST-AddButtonOnTheBottomRightSide'

2022-10-31 08:44:51 - [MESSAGE][WARNING] - Timeout '0' is invalid. Using default page load timeout: '30'

2022-10-31 08:44:52 - [MESSAGE][PASSED] - Tapped on element 'Object Repository/cicle.staging/Blast/Post/POST-AddButtonOnTheBottomRightSide'

2022-10-31 08:44:52 - [TEST_STEP][PASSED] - tap(findTestObject("Object Repository/cicle.staging/Blast/Post/POST-TypeATitleField"), 0): Tapped on element 'Object Repository/cicle.staging/Blast/Post/POST-TypeATitleField'

2022-10-31 08:44:53 - [MESSAGE][WARNING] - Timeout '0' is invalid. Using default page load timeout: '30'

2022-10-31 08:44:55 - [MESSAGE][PASSED] - Tapped on element 'Object Repository/cicle.staging/Blast/Post/POST-TypeATitleField'

2022-10-31 08:44:55 - [TEST_STEP][PASSED] - setText(findTestObject("cicle.staging/Blast/Post/POST-TypeATitleField"), findTestData("Blast/Post/PostData").getValue(1, 1), 0): Text 'Project Sekolah QA' has been set to element 'Object Repository/cicle.staging/Blast/Post/POST-TypeATitleField'

2022-10-31 08:44:55 - [MESSAGE][WARNING] - Timeout '0' is invalid. Using default page load timeout: '30'

2022-10-31 08:44:55 - [MESSAGE][PASSED] - Text 'Project Sekolah QA' has been set to element 'Object Repository/cicle.staging/Blast/Post/POST-TypeATitleField'

2022-10-31 08:44:55 - [TEST_STEP][PASSED] - tap(findTestObject("Object Repository/cicle.staging/Blast/Post/POST-YourTextHereField"), 0): Tapped on element 'Object Repository/cicle.staging/Blast/Post/POST-YourTextHereField'

2022-10-31 08:44:55 - [MESSAGE][WARNING] - Timeout '0' is invalid. Using default page load timeout: '30'

2022-10-31 08:44:56 - [MESSAGE][PASSED] - Tapped on element 'Object Repository/cicle.staging/Blast/Post/POST-YourTextHereField'

2022-10-31 08:44:56 - [TEST_STEP][PASSED] - setText(findTestObject("cicle.staging/Blast/Post/Post-DescriptionField1"), findTestData("Blast/Post/PostData").getValue(2, 1), 0, STOP_ON_FAILURE): Text 'Cicle Staging Mobile App Need to Test' has been set to element 'Object Repository/cicle.staging/Blast/Post/Post-DescriptionField1'

2022-10-31 08:44:56 - [MESSAGE][WARNING] - Timeout '0' is invalid. Using default page load timeout: '30'

2022-10-31 08:44:58 - [MESSAGE][PASSED] - Text 'Cicle Staging Mobile App Need to Test' has been set to element 'Object Repository/cicle.staging/Blast/Post/Post-DescriptionField1'

2022-10-31 08:44:58 - [TEST_STEP][PASSED] - hideKeyboard(): Keyboard is hidden

2022-10-31 08:44:59 - [MESSAGE][PASSED] - Keyboard is hidden

2022-10-31 08:44:59 - [TEST_STEP][PASSED] - swipe(724, 1830, 724, 1000): Swiped from 724,1,830 to 724,1,000

2022-10-31 08:45:00 - [MESSAGE][PASSED] - Swiped from 724,1,830 to 724,1,000

2022-10-31 08:45:00 - [TEST_STEP][PASSED] - tap(findTestObject("Object Repository/cicle.staging/Blast/Post/POST-PublishButton"), 0): Tapped on element 'Object Repository/cicle.staging/Blast/Post/POST-PublishButton'

2022-10-31 08:45:00 - [MESSAGE][WARNING] - Timeout '0' is invalid. Using default page load timeout: '30'

2022-10-31 08:45:01 - [MESSAGE][PASSED] - Tapped on element 'Object Repository/cicle.staging/Blast/Post/POST-PublishButton']]></system-out>
         <system-err><![CDATA[]]></system-err>
      </testcase>
      <testcase name="Test Cases/Blast/TC_Blast_CS-25" time="29.695" classname="Test Cases/Blast/TC_Blast_CS-25" status="PASSED">
         <system-out><![CDATA[2022-10-31 08:45:01 - [TEST_CASE][PASSED] - Test Cases/Blast/TC_Blast_CS-25: Test Cases/Blast/TC_Blast_CS-25

2022-10-31 08:45:01 - [TEST_STEP][PASSED] - callTestCase(findTestCase("Sign in/TC_Sign in_CS-40"), [:], STOP_ON_FAILURE): Call Test Case 'Test Cases/Sign in/TC_Sign in_CS-40' successfully

2022-10-31 08:45:01 - [TEST_CASE][PASSED] - Test Cases/Sign in/TC_Sign in_CS-40: Test Cases/Sign in/TC_Sign in_CS-40

2022-10-31 08:45:01 - [TEST_STEP][PASSED] - startApplication("/Users/sandikurnia/Downloads/apk-staging-for-iqbal.apk", false): Started app at: '/Users/sandikurnia/Downloads/apk-staging-for-iqbal.apk'

2022-10-31 08:45:07 - [MESSAGE][PASSED] - Started app at: '/Users/sandikurnia/Downloads/apk-staging-for-iqbal.apk'

2022-10-31 08:45:07 - [TEST_STEP][PASSED] - tap(findTestObject("cicle.staging/Startup/YesButtonWhenOpenitApp"), 2, OPTIONAL): Object Object Repository/cicle.staging/Startup/YesButtonWhenOpenitApp not found

2022-10-31 08:45:09 - [MESSAGE][WARNING] - Object Object Repository/cicle.staging/Startup/YesButtonWhenOpenitApp not found

2022-10-31 08:45:09 - [TEST_STEP][PASSED] - tap(findTestObject("cicle.staging/Startup/SkipButtonWhenOpenitApp"), 2, OPTIONAL): Object Object Repository/cicle.staging/Startup/SkipButtonWhenOpenitApp not found

2022-10-31 08:45:12 - [MESSAGE][WARNING] - Object Object Repository/cicle.staging/Startup/SkipButtonWhenOpenitApp not found

2022-10-31 08:45:12 - [TEST_STEP][PASSED] - tap(findTestObject("cicle.staging/Startup/GotoSignInButton"), 2, OPTIONAL): Object Object Repository/cicle.staging/Startup/GotoSignInButton not found

2022-10-31 08:45:14 - [MESSAGE][WARNING] - Object Object Repository/cicle.staging/Startup/GotoSignInButton not found

2022-10-31 08:45:14 - [TEST_STEP][PASSED] - tap(findTestObject("cicle.staging/Startup/SignInwithGoogleAccount"), 2, OPTIONAL): Object Object Repository/cicle.staging/Startup/SignInwithGoogleAccount not found

2022-10-31 08:45:16 - [MESSAGE][WARNING] - Object Object Repository/cicle.staging/Startup/SignInwithGoogleAccount not found

2022-10-31 08:45:16 - [TEST_STEP][PASSED] - tap(findTestObject("cicle.staging/Startup/LayoutLoginwithMyAccount"), 2, OPTIONAL): Object Object Repository/cicle.staging/Startup/LayoutLoginwithMyAccount not found

2022-10-31 08:45:18 - [MESSAGE][WARNING] - Object Object Repository/cicle.staging/Startup/LayoutLoginwithMyAccount not found

2022-10-31 08:45:18 - [TEST_STEP][PASSED] - tap(findTestObject("cicle.staging/Startup/Sekolah QA COMPANY 2"), 2, OPTIONAL): Object Object Repository/cicle.staging/Startup/Sekolah QA COMPANY 2 not found

2022-10-31 08:45:20 - [MESSAGE][WARNING] - Object Object Repository/cicle.staging/Startup/Sekolah QA COMPANY 2 not found

2022-10-31 08:45:20 - [TEST_STEP][PASSED] - tap(findTestObject("cicle.staging/SekolahQAHeadQuarter/SekolahQAHeadquarter1"), 2, OPTIONAL): Tapped on element 'Object Repository/cicle.staging/SekolahQAHeadQuarter/SekolahQAHeadquarter1'

2022-10-31 08:45:22 - [MESSAGE][PASSED] - Tapped on element 'Object Repository/cicle.staging/SekolahQAHeadQuarter/SekolahQAHeadquarter1'

2022-10-31 08:45:22 - [MESSAGE][PASSED] - Call Test Case 'Test Cases/Sign in/TC_Sign in_CS-40' successfully

2022-10-31 08:45:22 - [TEST_STEP][PASSED] - tap(findTestObject("cicle.staging/Blast/Menu/BlastMenu"), 0): Tapped on element 'Object Repository/cicle.staging/Blast/Menu/BlastMenu'

2022-10-31 08:45:22 - [MESSAGE][WARNING] - Timeout '0' is invalid. Using default page load timeout: '30'

2022-10-31 08:45:22 - [MESSAGE][PASSED] - Tapped on element 'Object Repository/cicle.staging/Blast/Menu/BlastMenu'

2022-10-31 08:45:22 - [TEST_STEP][PASSED] - tap(findTestObject("Object Repository/cicle.staging/Blast/Post/POST-AddButtonOnTheBottomRightSide"), 0): Tapped on element 'Object Repository/cicle.staging/Blast/Post/POST-AddButtonOnTheBottomRightSide'

2022-10-31 08:45:22 - [MESSAGE][WARNING] - Timeout '0' is invalid. Using default page load timeout: '30'

2022-10-31 08:45:24 - [MESSAGE][PASSED] - Tapped on element 'Object Repository/cicle.staging/Blast/Post/POST-AddButtonOnTheBottomRightSide'

2022-10-31 08:45:24 - [TEST_STEP][PASSED] - tap(findTestObject("Object Repository/cicle.staging/Blast/Post/POST-TypeATitleField"), 0): Tapped on element 'Object Repository/cicle.staging/Blast/Post/POST-TypeATitleField'

2022-10-31 08:45:24 - [MESSAGE][WARNING] - Timeout '0' is invalid. Using default page load timeout: '30'

2022-10-31 08:45:25 - [MESSAGE][PASSED] - Tapped on element 'Object Repository/cicle.staging/Blast/Post/POST-TypeATitleField'

2022-10-31 08:45:25 - [TEST_STEP][PASSED] - setText(findTestObject("cicle.staging/Blast/Post/POST-TypeATitleField"), findTestData("Blast/Post/PostData").getValue(1, 3), 0): Text '' has been set to element 'Object Repository/cicle.staging/Blast/Post/POST-TypeATitleField'

2022-10-31 08:45:25 - [MESSAGE][WARNING] - Timeout '0' is invalid. Using default page load timeout: '30'

2022-10-31 08:45:26 - [MESSAGE][PASSED] - Text '' has been set to element 'Object Repository/cicle.staging/Blast/Post/POST-TypeATitleField'

2022-10-31 08:45:26 - [TEST_STEP][PASSED] - tap(findTestObject("Object Repository/cicle.staging/Blast/Post/POST-YourTextHereField"), 0): Tapped on element 'Object Repository/cicle.staging/Blast/Post/POST-YourTextHereField'

2022-10-31 08:45:26 - [MESSAGE][WARNING] - Timeout '0' is invalid. Using default page load timeout: '30'

2022-10-31 08:45:26 - [MESSAGE][PASSED] - Tapped on element 'Object Repository/cicle.staging/Blast/Post/POST-YourTextHereField'

2022-10-31 08:45:26 - [TEST_STEP][PASSED] - setText(findTestObject("cicle.staging/Blast/Post/Post-DescriptionField1"), findTestData("Blast/Post/PostData").getValue(2, 1), 0, STOP_ON_FAILURE): Text 'Cicle Staging Mobile App Need to Test' has been set to element 'Object Repository/cicle.staging/Blast/Post/Post-DescriptionField1'

2022-10-31 08:45:26 - [MESSAGE][WARNING] - Timeout '0' is invalid. Using default page load timeout: '30'

2022-10-31 08:45:27 - [MESSAGE][PASSED] - Text 'Cicle Staging Mobile App Need to Test' has been set to element 'Object Repository/cicle.staging/Blast/Post/Post-DescriptionField1'

2022-10-31 08:45:27 - [TEST_STEP][PASSED] - hideKeyboard(): Keyboard is hidden

2022-10-31 08:45:27 - [MESSAGE][PASSED] - Keyboard is hidden

2022-10-31 08:45:27 - [TEST_STEP][PASSED] - swipe(724, 1830, 724, 1000): Swiped from 724,1,830 to 724,1,000

2022-10-31 08:45:28 - [MESSAGE][PASSED] - Swiped from 724,1,830 to 724,1,000

2022-10-31 08:45:28 - [TEST_STEP][PASSED] - tap(findTestObject("Object Repository/cicle.staging/Blast/Post/POST-PublishButton"), 0): Tapped on element 'Object Repository/cicle.staging/Blast/Post/POST-PublishButton'

2022-10-31 08:45:29 - [MESSAGE][WARNING] - Timeout '0' is invalid. Using default page load timeout: '30'

2022-10-31 08:45:30 - [MESSAGE][PASSED] - Tapped on element 'Object Repository/cicle.staging/Blast/Post/POST-PublishButton'

2022-10-31 08:45:30 - [TEST_STEP][PASSED] - verifyElementVisible(findTestObject("cicle.staging/Blast/Post/POST-Assert-TitleMustBeFilled"), 0): Element 'Object Repository/cicle.staging/Blast/Post/POST-Assert-TitleMustBeFilled' is visible

2022-10-31 08:45:31 - [MESSAGE][WARNING] - Timeout '0' is invalid. Using default page load timeout: '30'

2022-10-31 08:45:31 - [MESSAGE][PASSED] - Element 'Object Repository/cicle.staging/Blast/Post/POST-Assert-TitleMustBeFilled' is visible]]></system-out>
         <system-err><![CDATA[]]></system-err>
      </testcase>
      <testcase name="Test Cases/Blast/TC_Blast_CS-26" time="30.207" classname="Test Cases/Blast/TC_Blast_CS-26" status="PASSED">
         <system-out><![CDATA[2022-10-31 08:45:31 - [TEST_CASE][PASSED] - Test Cases/Blast/TC_Blast_CS-26: Test Cases/Blast/TC_Blast_CS-26

2022-10-31 08:45:31 - [TEST_STEP][PASSED] - callTestCase(findTestCase("Sign in/TC_Sign in_CS-40"), [:], STOP_ON_FAILURE): Call Test Case 'Test Cases/Sign in/TC_Sign in_CS-40' successfully

2022-10-31 08:45:31 - [TEST_CASE][PASSED] - Test Cases/Sign in/TC_Sign in_CS-40: Test Cases/Sign in/TC_Sign in_CS-40

2022-10-31 08:45:31 - [TEST_STEP][PASSED] - startApplication("/Users/sandikurnia/Downloads/apk-staging-for-iqbal.apk", false): Started app at: '/Users/sandikurnia/Downloads/apk-staging-for-iqbal.apk'

2022-10-31 08:45:36 - [MESSAGE][PASSED] - Started app at: '/Users/sandikurnia/Downloads/apk-staging-for-iqbal.apk'

2022-10-31 08:45:36 - [TEST_STEP][PASSED] - tap(findTestObject("cicle.staging/Startup/YesButtonWhenOpenitApp"), 2, OPTIONAL): Object Object Repository/cicle.staging/Startup/YesButtonWhenOpenitApp not found

2022-10-31 08:45:39 - [MESSAGE][WARNING] - Object Object Repository/cicle.staging/Startup/YesButtonWhenOpenitApp not found

2022-10-31 08:45:39 - [TEST_STEP][PASSED] - tap(findTestObject("cicle.staging/Startup/SkipButtonWhenOpenitApp"), 2, OPTIONAL): Object Object Repository/cicle.staging/Startup/SkipButtonWhenOpenitApp not found

2022-10-31 08:45:41 - [MESSAGE][WARNING] - Object Object Repository/cicle.staging/Startup/SkipButtonWhenOpenitApp not found

2022-10-31 08:45:41 - [TEST_STEP][PASSED] - tap(findTestObject("cicle.staging/Startup/GotoSignInButton"), 2, OPTIONAL): Object Object Repository/cicle.staging/Startup/GotoSignInButton not found

2022-10-31 08:45:43 - [MESSAGE][WARNING] - Object Object Repository/cicle.staging/Startup/GotoSignInButton not found

2022-10-31 08:45:43 - [TEST_STEP][PASSED] - tap(findTestObject("cicle.staging/Startup/SignInwithGoogleAccount"), 2, OPTIONAL): Object Object Repository/cicle.staging/Startup/SignInwithGoogleAccount not found

2022-10-31 08:45:45 - [MESSAGE][WARNING] - Object Object Repository/cicle.staging/Startup/SignInwithGoogleAccount not found

2022-10-31 08:45:45 - [TEST_STEP][PASSED] - tap(findTestObject("cicle.staging/Startup/LayoutLoginwithMyAccount"), 2, OPTIONAL): Object Object Repository/cicle.staging/Startup/LayoutLoginwithMyAccount not found

2022-10-31 08:45:47 - [MESSAGE][WARNING] - Object Object Repository/cicle.staging/Startup/LayoutLoginwithMyAccount not found

2022-10-31 08:45:47 - [TEST_STEP][PASSED] - tap(findTestObject("cicle.staging/Startup/Sekolah QA COMPANY 2"), 2, OPTIONAL): Object Object Repository/cicle.staging/Startup/Sekolah QA COMPANY 2 not found

2022-10-31 08:45:49 - [MESSAGE][WARNING] - Object Object Repository/cicle.staging/Startup/Sekolah QA COMPANY 2 not found

2022-10-31 08:45:49 - [TEST_STEP][PASSED] - tap(findTestObject("cicle.staging/SekolahQAHeadQuarter/SekolahQAHeadquarter1"), 2, OPTIONAL): Tapped on element 'Object Repository/cicle.staging/SekolahQAHeadQuarter/SekolahQAHeadquarter1'

2022-10-31 08:45:51 - [MESSAGE][PASSED] - Tapped on element 'Object Repository/cicle.staging/SekolahQAHeadQuarter/SekolahQAHeadquarter1'

2022-10-31 08:45:51 - [MESSAGE][PASSED] - Call Test Case 'Test Cases/Sign in/TC_Sign in_CS-40' successfully

2022-10-31 08:45:51 - [TEST_STEP][PASSED] - tap(findTestObject("cicle.staging/Blast/Menu/BlastMenu"), 0): Tapped on element 'Object Repository/cicle.staging/Blast/Menu/BlastMenu'

2022-10-31 08:45:51 - [MESSAGE][WARNING] - Timeout '0' is invalid. Using default page load timeout: '30'

2022-10-31 08:45:51 - [MESSAGE][PASSED] - Tapped on element 'Object Repository/cicle.staging/Blast/Menu/BlastMenu'

2022-10-31 08:45:51 - [TEST_STEP][PASSED] - tap(findTestObject("Object Repository/cicle.staging/Blast/Post/POST-AddButtonOnTheBottomRightSide"), 0): Tapped on element 'Object Repository/cicle.staging/Blast/Post/POST-AddButtonOnTheBottomRightSide'

2022-10-31 08:45:51 - [MESSAGE][WARNING] - Timeout '0' is invalid. Using default page load timeout: '30'

2022-10-31 08:45:52 - [MESSAGE][PASSED] - Tapped on element 'Object Repository/cicle.staging/Blast/Post/POST-AddButtonOnTheBottomRightSide'

2022-10-31 08:45:52 - [TEST_STEP][PASSED] - tap(findTestObject("Object Repository/cicle.staging/Blast/Post/POST-TypeATitleField"), 0): Tapped on element 'Object Repository/cicle.staging/Blast/Post/POST-TypeATitleField'

2022-10-31 08:45:52 - [MESSAGE][WARNING] - Timeout '0' is invalid. Using default page load timeout: '30'

2022-10-31 08:45:54 - [MESSAGE][PASSED] - Tapped on element 'Object Repository/cicle.staging/Blast/Post/POST-TypeATitleField'

2022-10-31 08:45:54 - [TEST_STEP][PASSED] - setText(findTestObject("cicle.staging/Blast/Post/POST-TypeATitleField"), findTestData("Blast/Post/PostData").getValue(1, 2), 0): Text 'Project Sekolah FullStack' has been set to element 'Object Repository/cicle.staging/Blast/Post/POST-TypeATitleField'

2022-10-31 08:45:54 - [MESSAGE][WARNING] - Timeout '0' is invalid. Using default page load timeout: '30'

2022-10-31 08:45:55 - [MESSAGE][PASSED] - Text 'Project Sekolah FullStack' has been set to element 'Object Repository/cicle.staging/Blast/Post/POST-TypeATitleField'

2022-10-31 08:45:55 - [TEST_STEP][PASSED] - tap(findTestObject("Object Repository/cicle.staging/Blast/Post/POST-YourTextHereField"), 0): Tapped on element 'Object Repository/cicle.staging/Blast/Post/POST-YourTextHereField'

2022-10-31 08:45:55 - [MESSAGE][WARNING] - Timeout '0' is invalid. Using default page load timeout: '30'

2022-10-31 08:45:56 - [MESSAGE][PASSED] - Tapped on element 'Object Repository/cicle.staging/Blast/Post/POST-YourTextHereField'

2022-10-31 08:45:56 - [TEST_STEP][PASSED] - setText(findTestObject("cicle.staging/Blast/Post/Post-DescriptionField1"), findTestData("Blast/Post/PostData").getValue(2, 3), 0, STOP_ON_FAILURE): Text '' has been set to element 'Object Repository/cicle.staging/Blast/Post/Post-DescriptionField1'

2022-10-31 08:45:56 - [MESSAGE][WARNING] - Timeout '0' is invalid. Using default page load timeout: '30'

2022-10-31 08:45:57 - [MESSAGE][PASSED] - Text '' has been set to element 'Object Repository/cicle.staging/Blast/Post/Post-DescriptionField1'

2022-10-31 08:45:57 - [TEST_STEP][PASSED] - hideKeyboard(): Keyboard is hidden

2022-10-31 08:45:57 - [MESSAGE][PASSED] - Keyboard is hidden

2022-10-31 08:45:57 - [TEST_STEP][PASSED] - swipe(724, 1830, 724, 1000): Swiped from 724,1,830 to 724,1,000

2022-10-31 08:45:58 - [MESSAGE][PASSED] - Swiped from 724,1,830 to 724,1,000

2022-10-31 08:45:58 - [TEST_STEP][PASSED] - tap(findTestObject("Object Repository/cicle.staging/Blast/Post/POST-PublishButton"), 0): Tapped on element 'Object Repository/cicle.staging/Blast/Post/POST-PublishButton'

2022-10-31 08:45:58 - [MESSAGE][WARNING] - Timeout '0' is invalid. Using default page load timeout: '30'

2022-10-31 08:46:01 - [MESSAGE][PASSED] - Tapped on element 'Object Repository/cicle.staging/Blast/Post/POST-PublishButton'

2022-10-31 08:46:01 - [TEST_STEP][PASSED] - verifyElementVisible(findTestObject("cicle.staging/Blast/Post/POST-Assert-DescriptionMustBeFilled"), 0): Element 'Object Repository/cicle.staging/Blast/Post/POST-Assert-DescriptionMustBeFilled' is visible

2022-10-31 08:46:01 - [MESSAGE][WARNING] - Timeout '0' is invalid. Using default page load timeout: '30'

2022-10-31 08:46:01 - [MESSAGE][PASSED] - Element 'Object Repository/cicle.staging/Blast/Post/POST-Assert-DescriptionMustBeFilled' is visible]]></system-out>
         <system-err><![CDATA[]]></system-err>
      </testcase>
      <testcase name="Test Cases/Blast/TC_Blast_CS-27" time="29.766" classname="Test Cases/Blast/TC_Blast_CS-27" status="PASSED">
         <system-out><![CDATA[2022-10-31 08:46:01 - [TEST_CASE][PASSED] - Test Cases/Blast/TC_Blast_CS-27: Test Cases/Blast/TC_Blast_CS-27

2022-10-31 08:46:01 - [TEST_STEP][PASSED] - callTestCase(findTestCase("Sign in/TC_Sign in_CS-40"), [:], STOP_ON_FAILURE): Call Test Case 'Test Cases/Sign in/TC_Sign in_CS-40' successfully

2022-10-31 08:46:01 - [TEST_CASE][PASSED] - Test Cases/Sign in/TC_Sign in_CS-40: Test Cases/Sign in/TC_Sign in_CS-40

2022-10-31 08:46:01 - [TEST_STEP][PASSED] - startApplication("/Users/sandikurnia/Downloads/apk-staging-for-iqbal.apk", false): Started app at: '/Users/sandikurnia/Downloads/apk-staging-for-iqbal.apk'

2022-10-31 08:46:07 - [MESSAGE][PASSED] - Started app at: '/Users/sandikurnia/Downloads/apk-staging-for-iqbal.apk'

2022-10-31 08:46:07 - [TEST_STEP][PASSED] - tap(findTestObject("cicle.staging/Startup/YesButtonWhenOpenitApp"), 2, OPTIONAL): Object Object Repository/cicle.staging/Startup/YesButtonWhenOpenitApp not found

2022-10-31 08:46:09 - [MESSAGE][WARNING] - Object Object Repository/cicle.staging/Startup/YesButtonWhenOpenitApp not found

2022-10-31 08:46:09 - [TEST_STEP][PASSED] - tap(findTestObject("cicle.staging/Startup/SkipButtonWhenOpenitApp"), 2, OPTIONAL): Object Object Repository/cicle.staging/Startup/SkipButtonWhenOpenitApp not found

2022-10-31 08:46:11 - [MESSAGE][WARNING] - Object Object Repository/cicle.staging/Startup/SkipButtonWhenOpenitApp not found

2022-10-31 08:46:11 - [TEST_STEP][PASSED] - tap(findTestObject("cicle.staging/Startup/GotoSignInButton"), 2, OPTIONAL): Object Object Repository/cicle.staging/Startup/GotoSignInButton not found

2022-10-31 08:46:13 - [MESSAGE][WARNING] - Object Object Repository/cicle.staging/Startup/GotoSignInButton not found

2022-10-31 08:46:13 - [TEST_STEP][PASSED] - tap(findTestObject("cicle.staging/Startup/SignInwithGoogleAccount"), 2, OPTIONAL): Object Object Repository/cicle.staging/Startup/SignInwithGoogleAccount not found

2022-10-31 08:46:15 - [MESSAGE][WARNING] - Object Object Repository/cicle.staging/Startup/SignInwithGoogleAccount not found

2022-10-31 08:46:15 - [TEST_STEP][PASSED] - tap(findTestObject("cicle.staging/Startup/LayoutLoginwithMyAccount"), 2, OPTIONAL): Object Object Repository/cicle.staging/Startup/LayoutLoginwithMyAccount not found

2022-10-31 08:46:18 - [MESSAGE][WARNING] - Object Object Repository/cicle.staging/Startup/LayoutLoginwithMyAccount not found

2022-10-31 08:46:18 - [TEST_STEP][PASSED] - tap(findTestObject("cicle.staging/Startup/Sekolah QA COMPANY 2"), 2, OPTIONAL): Object Object Repository/cicle.staging/Startup/Sekolah QA COMPANY 2 not found

2022-10-31 08:46:20 - [MESSAGE][WARNING] - Object Object Repository/cicle.staging/Startup/Sekolah QA COMPANY 2 not found

2022-10-31 08:46:20 - [TEST_STEP][PASSED] - tap(findTestObject("cicle.staging/SekolahQAHeadQuarter/SekolahQAHeadquarter1"), 2, OPTIONAL): Tapped on element 'Object Repository/cicle.staging/SekolahQAHeadQuarter/SekolahQAHeadquarter1'

2022-10-31 08:46:21 - [MESSAGE][PASSED] - Tapped on element 'Object Repository/cicle.staging/SekolahQAHeadQuarter/SekolahQAHeadquarter1'

2022-10-31 08:46:21 - [MESSAGE][PASSED] - Call Test Case 'Test Cases/Sign in/TC_Sign in_CS-40' successfully

2022-10-31 08:46:21 - [TEST_STEP][PASSED] - tap(findTestObject("cicle.staging/Blast/Menu/BlastMenu"), 0): Tapped on element 'Object Repository/cicle.staging/Blast/Menu/BlastMenu'

2022-10-31 08:46:21 - [MESSAGE][WARNING] - Timeout '0' is invalid. Using default page load timeout: '30'

2022-10-31 08:46:21 - [MESSAGE][PASSED] - Tapped on element 'Object Repository/cicle.staging/Blast/Menu/BlastMenu'

2022-10-31 08:46:21 - [TEST_STEP][PASSED] - tap(findTestObject("Object Repository/cicle.staging/Blast/Description/Desc-AddButtonOntheBottomRightSide"), 0): Tapped on element 'Object Repository/cicle.staging/Blast/Description/Desc-AddButtonOntheBottomRightSide'

2022-10-31 08:46:21 - [MESSAGE][WARNING] - Timeout '0' is invalid. Using default page load timeout: '30'

2022-10-31 08:46:24 - [MESSAGE][PASSED] - Tapped on element 'Object Repository/cicle.staging/Blast/Description/Desc-AddButtonOntheBottomRightSide'

2022-10-31 08:46:24 - [TEST_STEP][PASSED] - tap(findTestObject("Object Repository/cicle.staging/Blast/Description/Desc-TypeATitleField"), 0): Tapped on element 'Object Repository/cicle.staging/Blast/Description/Desc-TypeATitleField'

2022-10-31 08:46:24 - [MESSAGE][WARNING] - Timeout '0' is invalid. Using default page load timeout: '30'

2022-10-31 08:46:24 - [MESSAGE][PASSED] - Tapped on element 'Object Repository/cicle.staging/Blast/Description/Desc-TypeATitleField'

2022-10-31 08:46:24 - [TEST_STEP][PASSED] - setText(findTestObject("cicle.staging/Blast/Description/Desc-TypeATitleField"), findTestData("Blast/Desc/Desc").getValue(1, 1), 0): Text 'One Piece' has been set to element 'Object Repository/cicle.staging/Blast/Description/Desc-TypeATitleField'

2022-10-31 08:46:24 - [MESSAGE][WARNING] - Timeout '0' is invalid. Using default page load timeout: '30'

2022-10-31 08:46:25 - [MESSAGE][PASSED] - Text 'One Piece' has been set to element 'Object Repository/cicle.staging/Blast/Description/Desc-TypeATitleField'

2022-10-31 08:46:25 - [TEST_STEP][PASSED] - tap(findTestObject("Object Repository/cicle.staging/Blast/Description/Desc-InsertLinkToolBar"), 0): Tapped on element 'Object Repository/cicle.staging/Blast/Description/Desc-InsertLinkToolBar'

2022-10-31 08:46:25 - [MESSAGE][WARNING] - Timeout '0' is invalid. Using default page load timeout: '30'

2022-10-31 08:46:26 - [MESSAGE][PASSED] - Tapped on element 'Object Repository/cicle.staging/Blast/Description/Desc-InsertLinkToolBar'

2022-10-31 08:46:26 - [TEST_STEP][PASSED] - tap(findTestObject("Object Repository/cicle.staging/Blast/Description/Desc-TextToDisplay1Field"), 0): Tapped on element 'Object Repository/cicle.staging/Blast/Description/Desc-TextToDisplay1Field'

2022-10-31 08:46:26 - [MESSAGE][WARNING] - Timeout '0' is invalid. Using default page load timeout: '30'

2022-10-31 08:46:27 - [MESSAGE][PASSED] - Tapped on element 'Object Repository/cicle.staging/Blast/Description/Desc-TextToDisplay1Field'

2022-10-31 08:46:27 - [TEST_STEP][PASSED] - tap(findTestObject("Object Repository/cicle.staging/Blast/Description/Desc-TextToDisplay2Field"), 0): Tapped on element 'Object Repository/cicle.staging/Blast/Description/Desc-TextToDisplay2Field'

2022-10-31 08:46:27 - [MESSAGE][WARNING] - Timeout '0' is invalid. Using default page load timeout: '30'

2022-10-31 08:46:27 - [MESSAGE][PASSED] - Tapped on element 'Object Repository/cicle.staging/Blast/Description/Desc-TextToDisplay2Field'

2022-10-31 08:46:27 - [TEST_STEP][PASSED] - setText(findTestObject("cicle.staging/Blast/Description/Desc-TextToDisplay2Field"), findTestData("Blast/Desc/Desc").getValue(2, 1), 0): Text 'Luffy' has been set to element 'Object Repository/cicle.staging/Blast/Description/Desc-TextToDisplay2Field'

2022-10-31 08:46:27 - [MESSAGE][WARNING] - Timeout '0' is invalid. Using default page load timeout: '30'

2022-10-31 08:46:27 - [MESSAGE][PASSED] - Text 'Luffy' has been set to element 'Object Repository/cicle.staging/Blast/Description/Desc-TextToDisplay2Field'

2022-10-31 08:46:27 - [TEST_STEP][PASSED] - tap(findTestObject("Object Repository/cicle.staging/Blast/Description/Desc-URL1Field"), 0): Tapped on element 'Object Repository/cicle.staging/Blast/Description/Desc-URL1Field'

2022-10-31 08:46:28 - [MESSAGE][WARNING] - Timeout '0' is invalid. Using default page load timeout: '30'

2022-10-31 08:46:28 - [MESSAGE][PASSED] - Tapped on element 'Object Repository/cicle.staging/Blast/Description/Desc-URL1Field'

2022-10-31 08:46:28 - [TEST_STEP][PASSED] - tap(findTestObject("Object Repository/cicle.staging/Blast/Description/Desc-URL2Field"), 0): Tapped on element 'Object Repository/cicle.staging/Blast/Description/Desc-URL2Field'

2022-10-31 08:46:28 - [MESSAGE][WARNING] - Timeout '0' is invalid. Using default page load timeout: '30'

2022-10-31 08:46:29 - [MESSAGE][PASSED] - Tapped on element 'Object Repository/cicle.staging/Blast/Description/Desc-URL2Field'

2022-10-31 08:46:29 - [TEST_STEP][PASSED] - setText(findTestObject("cicle.staging/Blast/Description/Desc-URL2Field"), findTestData("Blast/Desc/Desc").getValue(3, 1), 0): Text 'https://i1.wp.com/www.99.co/blog/indonesia/wp-content/uploads/2022/07/Luffy-Gear-5.jpg
' has been set to element 'Object Repository/cicle.staging/Blast/Description/Desc-URL2Field'

2022-10-31 08:46:29 - [MESSAGE][WARNING] - Timeout '0' is invalid. Using default page load timeout: '30'

2022-10-31 08:46:29 - [MESSAGE][PASSED] - Text 'https://i1.wp.com/www.99.co/blog/indonesia/wp-content/uploads/2022/07/Luffy-Gear-5.jpg
' has been set to element 'Object Repository/cicle.staging/Blast/Description/Desc-URL2Field'

2022-10-31 08:46:29 - [TEST_STEP][PASSED] - tap(findTestObject("Object Repository/cicle.staging/Blast/Description/Desc-InsertLinkOKButton"), 0): Tapped on element 'Object Repository/cicle.staging/Blast/Description/Desc-InsertLinkOKButton'

2022-10-31 08:46:29 - [MESSAGE][WARNING] - Timeout '0' is invalid. Using default page load timeout: '30'

2022-10-31 08:46:31 - [MESSAGE][PASSED] - Tapped on element 'Object Repository/cicle.staging/Blast/Description/Desc-InsertLinkOKButton']]></system-out>
         <system-err><![CDATA[]]></system-err>
      </testcase>
      <testcase name="Test Cases/Blast/TC_Blast_CS-28" time="27.94" classname="Test Cases/Blast/TC_Blast_CS-28" status="PASSED">
         <system-out><![CDATA[2022-10-31 08:46:31 - [TEST_CASE][PASSED] - Test Cases/Blast/TC_Blast_CS-28: Test Cases/Blast/TC_Blast_CS-28

2022-10-31 08:46:31 - [TEST_STEP][PASSED] - callTestCase(findTestCase("Sign in/TC_Sign in_CS-40"), [:], STOP_ON_FAILURE): Call Test Case 'Test Cases/Sign in/TC_Sign in_CS-40' successfully

2022-10-31 08:46:31 - [TEST_CASE][PASSED] - Test Cases/Sign in/TC_Sign in_CS-40: Test Cases/Sign in/TC_Sign in_CS-40

2022-10-31 08:46:31 - [TEST_STEP][PASSED] - startApplication("/Users/sandikurnia/Downloads/apk-staging-for-iqbal.apk", false): Started app at: '/Users/sandikurnia/Downloads/apk-staging-for-iqbal.apk'

2022-10-31 08:46:36 - [MESSAGE][PASSED] - Started app at: '/Users/sandikurnia/Downloads/apk-staging-for-iqbal.apk'

2022-10-31 08:46:36 - [TEST_STEP][PASSED] - tap(findTestObject("cicle.staging/Startup/YesButtonWhenOpenitApp"), 2, OPTIONAL): Object Object Repository/cicle.staging/Startup/YesButtonWhenOpenitApp not found

2022-10-31 08:46:39 - [MESSAGE][WARNING] - Object Object Repository/cicle.staging/Startup/YesButtonWhenOpenitApp not found

2022-10-31 08:46:39 - [TEST_STEP][PASSED] - tap(findTestObject("cicle.staging/Startup/SkipButtonWhenOpenitApp"), 2, OPTIONAL): Object Object Repository/cicle.staging/Startup/SkipButtonWhenOpenitApp not found

2022-10-31 08:46:41 - [MESSAGE][WARNING] - Object Object Repository/cicle.staging/Startup/SkipButtonWhenOpenitApp not found

2022-10-31 08:46:41 - [TEST_STEP][PASSED] - tap(findTestObject("cicle.staging/Startup/GotoSignInButton"), 2, OPTIONAL): Object Object Repository/cicle.staging/Startup/GotoSignInButton not found

2022-10-31 08:46:43 - [MESSAGE][WARNING] - Object Object Repository/cicle.staging/Startup/GotoSignInButton not found

2022-10-31 08:46:43 - [TEST_STEP][PASSED] - tap(findTestObject("cicle.staging/Startup/SignInwithGoogleAccount"), 2, OPTIONAL): Object Object Repository/cicle.staging/Startup/SignInwithGoogleAccount not found

2022-10-31 08:46:45 - [MESSAGE][WARNING] - Object Object Repository/cicle.staging/Startup/SignInwithGoogleAccount not found

2022-10-31 08:46:45 - [TEST_STEP][PASSED] - tap(findTestObject("cicle.staging/Startup/LayoutLoginwithMyAccount"), 2, OPTIONAL): Object Object Repository/cicle.staging/Startup/LayoutLoginwithMyAccount not found

2022-10-31 08:46:47 - [MESSAGE][WARNING] - Object Object Repository/cicle.staging/Startup/LayoutLoginwithMyAccount not found

2022-10-31 08:46:47 - [TEST_STEP][PASSED] - tap(findTestObject("cicle.staging/Startup/Sekolah QA COMPANY 2"), 2, OPTIONAL): Object Object Repository/cicle.staging/Startup/Sekolah QA COMPANY 2 not found

2022-10-31 08:46:49 - [MESSAGE][WARNING] - Object Object Repository/cicle.staging/Startup/Sekolah QA COMPANY 2 not found

2022-10-31 08:46:49 - [TEST_STEP][PASSED] - tap(findTestObject("cicle.staging/SekolahQAHeadQuarter/SekolahQAHeadquarter1"), 2, OPTIONAL): Tapped on element 'Object Repository/cicle.staging/SekolahQAHeadQuarter/SekolahQAHeadquarter1'

2022-10-31 08:46:49 - [MESSAGE][PASSED] - Tapped on element 'Object Repository/cicle.staging/SekolahQAHeadQuarter/SekolahQAHeadquarter1'

2022-10-31 08:46:49 - [MESSAGE][PASSED] - Call Test Case 'Test Cases/Sign in/TC_Sign in_CS-40' successfully

2022-10-31 08:46:49 - [TEST_STEP][PASSED] - tap(findTestObject("cicle.staging/Blast/Menu/BlastMenu"), 0): Tapped on element 'Object Repository/cicle.staging/Blast/Menu/BlastMenu'

2022-10-31 08:46:49 - [MESSAGE][WARNING] - Timeout '0' is invalid. Using default page load timeout: '30'

2022-10-31 08:46:51 - [MESSAGE][PASSED] - Tapped on element 'Object Repository/cicle.staging/Blast/Menu/BlastMenu'

2022-10-31 08:46:51 - [TEST_STEP][PASSED] - tap(findTestObject("Object Repository/cicle.staging/Blast/Description/Desc-AddButtonOntheBottomRightSide"), 0): Tapped on element 'Object Repository/cicle.staging/Blast/Description/Desc-AddButtonOntheBottomRightSide'

2022-10-31 08:46:51 - [MESSAGE][WARNING] - Timeout '0' is invalid. Using default page load timeout: '30'

2022-10-31 08:46:52 - [MESSAGE][PASSED] - Tapped on element 'Object Repository/cicle.staging/Blast/Description/Desc-AddButtonOntheBottomRightSide'

2022-10-31 08:46:52 - [TEST_STEP][PASSED] - tap(findTestObject("Object Repository/cicle.staging/Blast/Description/Desc-TypeATitleField"), 0): Tapped on element 'Object Repository/cicle.staging/Blast/Description/Desc-TypeATitleField'

2022-10-31 08:46:52 - [MESSAGE][WARNING] - Timeout '0' is invalid. Using default page load timeout: '30'

2022-10-31 08:46:53 - [MESSAGE][PASSED] - Tapped on element 'Object Repository/cicle.staging/Blast/Description/Desc-TypeATitleField'

2022-10-31 08:46:53 - [TEST_STEP][PASSED] - setText(findTestObject("cicle.staging/Blast/Description/Desc-TypeATitleField"), findTestData("Blast/Desc/Desc").getValue(1, 1), 0): Text 'One Piece' has been set to element 'Object Repository/cicle.staging/Blast/Description/Desc-TypeATitleField'

2022-10-31 08:46:53 - [MESSAGE][WARNING] - Timeout '0' is invalid. Using default page load timeout: '30'

2022-10-31 08:46:54 - [MESSAGE][PASSED] - Text 'One Piece' has been set to element 'Object Repository/cicle.staging/Blast/Description/Desc-TypeATitleField'

2022-10-31 08:46:54 - [TEST_STEP][PASSED] - tap(findTestObject("Object Repository/cicle.staging/Blast/Description/Desc-InsertLinkToolBar"), 0): Tapped on element 'Object Repository/cicle.staging/Blast/Description/Desc-InsertLinkToolBar'

2022-10-31 08:46:54 - [MESSAGE][WARNING] - Timeout '0' is invalid. Using default page load timeout: '30'

2022-10-31 08:46:56 - [MESSAGE][PASSED] - Tapped on element 'Object Repository/cicle.staging/Blast/Description/Desc-InsertLinkToolBar'

2022-10-31 08:46:56 - [TEST_STEP][PASSED] - tap(findTestObject("Object Repository/cicle.staging/Blast/Description/Desc-TextToDisplay1Field"), 0): Tapped on element 'Object Repository/cicle.staging/Blast/Description/Desc-TextToDisplay1Field'

2022-10-31 08:46:56 - [MESSAGE][WARNING] - Timeout '0' is invalid. Using default page load timeout: '30'

2022-10-31 08:46:56 - [MESSAGE][PASSED] - Tapped on element 'Object Repository/cicle.staging/Blast/Description/Desc-TextToDisplay1Field'

2022-10-31 08:46:56 - [TEST_STEP][PASSED] - tap(findTestObject("Object Repository/cicle.staging/Blast/Description/Desc-TextToDisplay2Field"), 0): Tapped on element 'Object Repository/cicle.staging/Blast/Description/Desc-TextToDisplay2Field'

2022-10-31 08:46:57 - [MESSAGE][WARNING] - Timeout '0' is invalid. Using default page load timeout: '30'

2022-10-31 08:46:57 - [MESSAGE][PASSED] - Tapped on element 'Object Repository/cicle.staging/Blast/Description/Desc-TextToDisplay2Field'

2022-10-31 08:46:57 - [TEST_STEP][PASSED] - setText(findTestObject("cicle.staging/Blast/Description/Desc-TextToDisplay2Field"), findTestData("Blast/Desc/Desc").getValue(2, 3), 0): Text '' has been set to element 'Object Repository/cicle.staging/Blast/Description/Desc-TextToDisplay2Field'

2022-10-31 08:46:57 - [MESSAGE][WARNING] - Timeout '0' is invalid. Using default page load timeout: '30'

2022-10-31 08:46:57 - [MESSAGE][PASSED] - Text '' has been set to element 'Object Repository/cicle.staging/Blast/Description/Desc-TextToDisplay2Field'

2022-10-31 08:46:57 - [TEST_STEP][PASSED] - tap(findTestObject("Object Repository/cicle.staging/Blast/Description/Desc-URL1Field"), 0): Tapped on element 'Object Repository/cicle.staging/Blast/Description/Desc-URL1Field'

2022-10-31 08:46:57 - [MESSAGE][WARNING] - Timeout '0' is invalid. Using default page load timeout: '30'

2022-10-31 08:46:57 - [MESSAGE][PASSED] - Tapped on element 'Object Repository/cicle.staging/Blast/Description/Desc-URL1Field'

2022-10-31 08:46:57 - [TEST_STEP][PASSED] - tap(findTestObject("Object Repository/cicle.staging/Blast/Description/Desc-URL2Field"), 0): Tapped on element 'Object Repository/cicle.staging/Blast/Description/Desc-URL2Field'

2022-10-31 08:46:58 - [MESSAGE][WARNING] - Timeout '0' is invalid. Using default page load timeout: '30'

2022-10-31 08:46:58 - [MESSAGE][PASSED] - Tapped on element 'Object Repository/cicle.staging/Blast/Description/Desc-URL2Field'

2022-10-31 08:46:58 - [TEST_STEP][PASSED] - setText(findTestObject("cicle.staging/Blast/Description/Desc-URL2Field"), findTestData("Blast/Desc/Desc").getValue(3, 3), 0): Text '' has been set to element 'Object Repository/cicle.staging/Blast/Description/Desc-URL2Field'

2022-10-31 08:46:58 - [MESSAGE][WARNING] - Timeout '0' is invalid. Using default page load timeout: '30'

2022-10-31 08:46:58 - [MESSAGE][PASSED] - Text '' has been set to element 'Object Repository/cicle.staging/Blast/Description/Desc-URL2Field'

2022-10-31 08:46:58 - [TEST_STEP][PASSED] - tap(findTestObject("Object Repository/cicle.staging/Blast/Description/Desc-InsertLinkOKButton"), 0): Tapped on element 'Object Repository/cicle.staging/Blast/Description/Desc-InsertLinkOKButton'

2022-10-31 08:46:58 - [MESSAGE][WARNING] - Timeout '0' is invalid. Using default page load timeout: '30'

2022-10-31 08:46:58 - [MESSAGE][PASSED] - Tapped on element 'Object Repository/cicle.staging/Blast/Description/Desc-InsertLinkOKButton'

2022-10-31 08:46:58 - [TEST_STEP][PASSED] - verifyElementVisible(findTestObject("cicle.staging/Blast/Description/Desc-Assert-PleaseEntrtURL"), 0): Element 'Object Repository/cicle.staging/Blast/Description/Desc-Assert-PleaseEntrtURL' is visible

2022-10-31 08:46:59 - [MESSAGE][WARNING] - Timeout '0' is invalid. Using default page load timeout: '30'

2022-10-31 08:46:59 - [MESSAGE][PASSED] - Element 'Object Repository/cicle.staging/Blast/Description/Desc-Assert-PleaseEntrtURL' is visible]]></system-out>
         <system-err><![CDATA[]]></system-err>
      </testcase>
      <testcase name="Test Cases/Blast/TC_Blast_CS-29" time="32.117" classname="Test Cases/Blast/TC_Blast_CS-29" status="PASSED">
         <system-out><![CDATA[2022-10-31 08:46:59 - [TEST_CASE][PASSED] - Test Cases/Blast/TC_Blast_CS-29: Test Cases/Blast/TC_Blast_CS-29

2022-10-31 08:46:59 - [TEST_STEP][PASSED] - callTestCase(findTestCase("Sign in/TC_Sign in_CS-40"), [:], STOP_ON_FAILURE): Call Test Case 'Test Cases/Sign in/TC_Sign in_CS-40' successfully

2022-10-31 08:46:59 - [TEST_CASE][PASSED] - Test Cases/Sign in/TC_Sign in_CS-40: Test Cases/Sign in/TC_Sign in_CS-40

2022-10-31 08:46:59 - [TEST_STEP][PASSED] - startApplication("/Users/sandikurnia/Downloads/apk-staging-for-iqbal.apk", false): Started app at: '/Users/sandikurnia/Downloads/apk-staging-for-iqbal.apk'

2022-10-31 08:47:04 - [MESSAGE][PASSED] - Started app at: '/Users/sandikurnia/Downloads/apk-staging-for-iqbal.apk'

2022-10-31 08:47:04 - [TEST_STEP][PASSED] - tap(findTestObject("cicle.staging/Startup/YesButtonWhenOpenitApp"), 2, OPTIONAL): Object Object Repository/cicle.staging/Startup/YesButtonWhenOpenitApp not found

2022-10-31 08:47:06 - [MESSAGE][WARNING] - Object Object Repository/cicle.staging/Startup/YesButtonWhenOpenitApp not found

2022-10-31 08:47:06 - [TEST_STEP][PASSED] - tap(findTestObject("cicle.staging/Startup/SkipButtonWhenOpenitApp"), 2, OPTIONAL): Object Object Repository/cicle.staging/Startup/SkipButtonWhenOpenitApp not found

2022-10-31 08:47:09 - [MESSAGE][WARNING] - Object Object Repository/cicle.staging/Startup/SkipButtonWhenOpenitApp not found

2022-10-31 08:47:09 - [TEST_STEP][PASSED] - tap(findTestObject("cicle.staging/Startup/GotoSignInButton"), 2, OPTIONAL): Object Object Repository/cicle.staging/Startup/GotoSignInButton not found

2022-10-31 08:47:11 - [MESSAGE][WARNING] - Object Object Repository/cicle.staging/Startup/GotoSignInButton not found

2022-10-31 08:47:11 - [TEST_STEP][PASSED] - tap(findTestObject("cicle.staging/Startup/SignInwithGoogleAccount"), 2, OPTIONAL): Object Object Repository/cicle.staging/Startup/SignInwithGoogleAccount not found

2022-10-31 08:47:13 - [MESSAGE][WARNING] - Object Object Repository/cicle.staging/Startup/SignInwithGoogleAccount not found

2022-10-31 08:47:13 - [TEST_STEP][PASSED] - tap(findTestObject("cicle.staging/Startup/LayoutLoginwithMyAccount"), 2, OPTIONAL): Object Object Repository/cicle.staging/Startup/LayoutLoginwithMyAccount not found

2022-10-31 08:47:15 - [MESSAGE][WARNING] - Object Object Repository/cicle.staging/Startup/LayoutLoginwithMyAccount not found

2022-10-31 08:47:15 - [TEST_STEP][PASSED] - tap(findTestObject("cicle.staging/Startup/Sekolah QA COMPANY 2"), 2, OPTIONAL): Object Object Repository/cicle.staging/Startup/Sekolah QA COMPANY 2 not found

2022-10-31 08:47:17 - [MESSAGE][WARNING] - Object Object Repository/cicle.staging/Startup/Sekolah QA COMPANY 2 not found

2022-10-31 08:47:17 - [TEST_STEP][PASSED] - tap(findTestObject("cicle.staging/SekolahQAHeadQuarter/SekolahQAHeadquarter1"), 2, OPTIONAL): Tapped on element 'Object Repository/cicle.staging/SekolahQAHeadQuarter/SekolahQAHeadquarter1'

2022-10-31 08:47:17 - [MESSAGE][PASSED] - Tapped on element 'Object Repository/cicle.staging/SekolahQAHeadQuarter/SekolahQAHeadquarter1'

2022-10-31 08:47:17 - [MESSAGE][PASSED] - Call Test Case 'Test Cases/Sign in/TC_Sign in_CS-40' successfully

2022-10-31 08:47:17 - [TEST_STEP][PASSED] - tap(findTestObject("cicle.staging/Blast/Menu/BlastMenu"), 0): Tapped on element 'Object Repository/cicle.staging/Blast/Menu/BlastMenu'

2022-10-31 08:47:17 - [MESSAGE][WARNING] - Timeout '0' is invalid. Using default page load timeout: '30'

2022-10-31 08:47:19 - [MESSAGE][PASSED] - Tapped on element 'Object Repository/cicle.staging/Blast/Menu/BlastMenu'

2022-10-31 08:47:19 - [TEST_STEP][PASSED] - tap(findTestObject("cicle.staging/Blast/DueDate/Date-AddButtonOntheBottomRightSide"), 0): Tapped on element 'Object Repository/cicle.staging/Blast/DueDate/Date-AddButtonOntheBottomRightSide'

2022-10-31 08:47:19 - [MESSAGE][WARNING] - Timeout '0' is invalid. Using default page load timeout: '30'

2022-10-31 08:47:21 - [MESSAGE][PASSED] - Tapped on element 'Object Repository/cicle.staging/Blast/DueDate/Date-AddButtonOntheBottomRightSide'

2022-10-31 08:47:21 - [TEST_STEP][PASSED] - tap(findTestObject("cicle.staging/Blast/DueDate/Date-DueDate1"), 0): Tapped on element 'Object Repository/cicle.staging/Blast/DueDate/Date-DueDate1'

2022-10-31 08:47:21 - [MESSAGE][WARNING] - Timeout '0' is invalid. Using default page load timeout: '30'

2022-10-31 08:47:21 - [MESSAGE][PASSED] - Tapped on element 'Object Repository/cicle.staging/Blast/DueDate/Date-DueDate1'

2022-10-31 08:47:21 - [TEST_STEP][PASSED] - tap(findTestObject("cicle.staging/Blast/DueDate/Date-SwitchToInputButton"), 0): Tapped on element 'Object Repository/cicle.staging/Blast/DueDate/Date-SwitchToInputButton'

2022-10-31 08:47:21 - [MESSAGE][WARNING] - Timeout '0' is invalid. Using default page load timeout: '30'

2022-10-31 08:47:23 - [MESSAGE][PASSED] - Tapped on element 'Object Repository/cicle.staging/Blast/DueDate/Date-SwitchToInputButton'

2022-10-31 08:47:23 - [TEST_STEP][PASSED] - tap(findTestObject("cicle.staging/Blast/DueDate/Date-EnterDateField"), 0): Tapped on element 'Object Repository/cicle.staging/Blast/DueDate/Date-EnterDateField'

2022-10-31 08:47:23 - [MESSAGE][WARNING] - Timeout '0' is invalid. Using default page load timeout: '30'

2022-10-31 08:47:23 - [MESSAGE][PASSED] - Tapped on element 'Object Repository/cicle.staging/Blast/DueDate/Date-EnterDateField'

2022-10-31 08:47:23 - [TEST_STEP][PASSED] - setText(findTestObject("cicle.staging/Blast/DueDate/Date-EnterDateField"), findTestData("Blast/Date").getValue(1, 1), 0): Text '12/07/2023' has been set to element 'Object Repository/cicle.staging/Blast/DueDate/Date-EnterDateField'

2022-10-31 08:47:23 - [MESSAGE][WARNING] - Timeout '0' is invalid. Using default page load timeout: '30'

2022-10-31 08:47:24 - [MESSAGE][PASSED] - Text '12/07/2023' has been set to element 'Object Repository/cicle.staging/Blast/DueDate/Date-EnterDateField'

2022-10-31 08:47:24 - [TEST_STEP][PASSED] - tap(findTestObject("cicle.staging/Blast/DueDate/Date-OkButtonDate"), 0): Tapped on element 'Object Repository/cicle.staging/Blast/DueDate/Date-OkButtonDate'

2022-10-31 08:47:24 - [MESSAGE][WARNING] - Timeout '0' is invalid. Using default page load timeout: '30'

2022-10-31 08:47:25 - [MESSAGE][PASSED] - Tapped on element 'Object Repository/cicle.staging/Blast/DueDate/Date-OkButtonDate'

2022-10-31 08:47:25 - [TEST_STEP][PASSED] - tap(findTestObject("cicle.staging/Blast/DueDate/Date-SwitchInputTime"), 0): Tapped on element 'Object Repository/cicle.staging/Blast/DueDate/Date-SwitchInputTime'

2022-10-31 08:47:25 - [MESSAGE][WARNING] - Timeout '0' is invalid. Using default page load timeout: '30'

2022-10-31 08:47:26 - [MESSAGE][PASSED] - Tapped on element 'Object Repository/cicle.staging/Blast/DueDate/Date-SwitchInputTime'

2022-10-31 08:47:26 - [TEST_STEP][PASSED] - tap(findTestObject("cicle.staging/Blast/DueDate/Date-EnterTimeHour"), 0): Tapped on element 'Object Repository/cicle.staging/Blast/DueDate/Date-EnterTimeHour'

2022-10-31 08:47:26 - [MESSAGE][WARNING] - Timeout '0' is invalid. Using default page load timeout: '30'

2022-10-31 08:47:26 - [MESSAGE][PASSED] - Tapped on element 'Object Repository/cicle.staging/Blast/DueDate/Date-EnterTimeHour'

2022-10-31 08:47:26 - [TEST_STEP][PASSED] - setText(findTestObject("cicle.staging/Blast/DueDate/Date-EnterTimeHour"), findTestData("Blast/Time").getValue(1, 1), 0): Text '07' has been set to element 'Object Repository/cicle.staging/Blast/DueDate/Date-EnterTimeHour'

2022-10-31 08:47:26 - [MESSAGE][WARNING] - Timeout '0' is invalid. Using default page load timeout: '30'

2022-10-31 08:47:28 - [MESSAGE][PASSED] - Text '07' has been set to element 'Object Repository/cicle.staging/Blast/DueDate/Date-EnterTimeHour'

2022-10-31 08:47:28 - [TEST_STEP][PASSED] - tap(findTestObject("cicle.staging/Blast/DueDate/Date-EnterMinute"), 0): Tapped on element 'Object Repository/cicle.staging/Blast/DueDate/Date-EnterMinute'

2022-10-31 08:47:28 - [MESSAGE][WARNING] - Timeout '0' is invalid. Using default page load timeout: '30'

2022-10-31 08:47:28 - [MESSAGE][PASSED] - Tapped on element 'Object Repository/cicle.staging/Blast/DueDate/Date-EnterMinute'

2022-10-31 08:47:28 - [TEST_STEP][PASSED] - setText(findTestObject("cicle.staging/Blast/DueDate/Date-EnterMinute"), findTestData("Blast/Time").getValue(2, 1), 0): Text '30' has been set to element 'Object Repository/cicle.staging/Blast/DueDate/Date-EnterMinute'

2022-10-31 08:47:28 - [MESSAGE][WARNING] - Timeout '0' is invalid. Using default page load timeout: '30'

2022-10-31 08:47:29 - [MESSAGE][PASSED] - Text '30' has been set to element 'Object Repository/cicle.staging/Blast/DueDate/Date-EnterMinute'

2022-10-31 08:47:29 - [TEST_STEP][PASSED] - tap(findTestObject("cicle.staging/Blast/DueDate/Date-SelectTimeOKbutton"), 0): Tapped on element 'Object Repository/cicle.staging/Blast/DueDate/Date-SelectTimeOKbutton'

2022-10-31 08:47:29 - [MESSAGE][WARNING] - Timeout '0' is invalid. Using default page load timeout: '30'

2022-10-31 08:47:31 - [MESSAGE][PASSED] - Tapped on element 'Object Repository/cicle.staging/Blast/DueDate/Date-SelectTimeOKbutton'

2022-10-31 08:47:31 - [TEST_STEP][PASSED] - verifyElementVisible(findTestObject("cicle.staging/Blast/DueDate/Date-DueDate1"), 0): Element 'Object Repository/cicle.staging/Blast/DueDate/Date-DueDate1' is visible

2022-10-31 08:47:31 - [MESSAGE][WARNING] - Timeout '0' is invalid. Using default page load timeout: '30'

2022-10-31 08:47:31 - [MESSAGE][PASSED] - Element 'Object Repository/cicle.staging/Blast/DueDate/Date-DueDate1' is visible]]></system-out>
         <system-err><![CDATA[]]></system-err>
      </testcase>
      <testcase name="Test Cases/Blast/TC_Blast_CS-30" time="27.251" classname="Test Cases/Blast/TC_Blast_CS-30" status="PASSED">
         <system-out><![CDATA[2022-10-31 08:47:31 - [TEST_CASE][PASSED] - Test Cases/Blast/TC_Blast_CS-30: Test Cases/Blast/TC_Blast_CS-30

2022-10-31 08:47:31 - [TEST_STEP][PASSED] - callTestCase(findTestCase("Sign in/TC_Sign in_CS-40"), [:], STOP_ON_FAILURE): Call Test Case 'Test Cases/Sign in/TC_Sign in_CS-40' successfully

2022-10-31 08:47:31 - [TEST_CASE][PASSED] - Test Cases/Sign in/TC_Sign in_CS-40: Test Cases/Sign in/TC_Sign in_CS-40

2022-10-31 08:47:31 - [TEST_STEP][PASSED] - startApplication("/Users/sandikurnia/Downloads/apk-staging-for-iqbal.apk", false): Started app at: '/Users/sandikurnia/Downloads/apk-staging-for-iqbal.apk'

2022-10-31 08:47:36 - [MESSAGE][PASSED] - Started app at: '/Users/sandikurnia/Downloads/apk-staging-for-iqbal.apk'

2022-10-31 08:47:36 - [TEST_STEP][PASSED] - tap(findTestObject("cicle.staging/Startup/YesButtonWhenOpenitApp"), 2, OPTIONAL): Object Object Repository/cicle.staging/Startup/YesButtonWhenOpenitApp not found

2022-10-31 08:47:39 - [MESSAGE][WARNING] - Object Object Repository/cicle.staging/Startup/YesButtonWhenOpenitApp not found

2022-10-31 08:47:39 - [TEST_STEP][PASSED] - tap(findTestObject("cicle.staging/Startup/SkipButtonWhenOpenitApp"), 2, OPTIONAL): Object Object Repository/cicle.staging/Startup/SkipButtonWhenOpenitApp not found

2022-10-31 08:47:41 - [MESSAGE][WARNING] - Object Object Repository/cicle.staging/Startup/SkipButtonWhenOpenitApp not found

2022-10-31 08:47:41 - [TEST_STEP][PASSED] - tap(findTestObject("cicle.staging/Startup/GotoSignInButton"), 2, OPTIONAL): Object Object Repository/cicle.staging/Startup/GotoSignInButton not found

2022-10-31 08:47:43 - [MESSAGE][WARNING] - Object Object Repository/cicle.staging/Startup/GotoSignInButton not found

2022-10-31 08:47:43 - [TEST_STEP][PASSED] - tap(findTestObject("cicle.staging/Startup/SignInwithGoogleAccount"), 2, OPTIONAL): Object Object Repository/cicle.staging/Startup/SignInwithGoogleAccount not found

2022-10-31 08:47:45 - [MESSAGE][WARNING] - Object Object Repository/cicle.staging/Startup/SignInwithGoogleAccount not found

2022-10-31 08:47:45 - [TEST_STEP][PASSED] - tap(findTestObject("cicle.staging/Startup/LayoutLoginwithMyAccount"), 2, OPTIONAL): Object Object Repository/cicle.staging/Startup/LayoutLoginwithMyAccount not found

2022-10-31 08:47:47 - [MESSAGE][WARNING] - Object Object Repository/cicle.staging/Startup/LayoutLoginwithMyAccount not found

2022-10-31 08:47:47 - [TEST_STEP][PASSED] - tap(findTestObject("cicle.staging/Startup/Sekolah QA COMPANY 2"), 2, OPTIONAL): Object Object Repository/cicle.staging/Startup/Sekolah QA COMPANY 2 not found

2022-10-31 08:47:49 - [MESSAGE][WARNING] - Object Object Repository/cicle.staging/Startup/Sekolah QA COMPANY 2 not found

2022-10-31 08:47:49 - [TEST_STEP][PASSED] - tap(findTestObject("cicle.staging/SekolahQAHeadQuarter/SekolahQAHeadquarter1"), 2, OPTIONAL): Tapped on element 'Object Repository/cicle.staging/SekolahQAHeadQuarter/SekolahQAHeadquarter1'

2022-10-31 08:47:51 - [MESSAGE][PASSED] - Tapped on element 'Object Repository/cicle.staging/SekolahQAHeadQuarter/SekolahQAHeadquarter1'

2022-10-31 08:47:51 - [MESSAGE][PASSED] - Call Test Case 'Test Cases/Sign in/TC_Sign in_CS-40' successfully

2022-10-31 08:47:51 - [TEST_STEP][PASSED] - tap(findTestObject("cicle.staging/Blast/Menu/BlastMenu"), 0): Tapped on element 'Object Repository/cicle.staging/Blast/Menu/BlastMenu'

2022-10-31 08:47:51 - [MESSAGE][WARNING] - Timeout '0' is invalid. Using default page load timeout: '30'

2022-10-31 08:47:51 - [MESSAGE][PASSED] - Tapped on element 'Object Repository/cicle.staging/Blast/Menu/BlastMenu'

2022-10-31 08:47:51 - [TEST_STEP][PASSED] - tap(findTestObject("cicle.staging/Blast/DueDate/Date-AddButtonOntheBottomRightSide"), 0): Tapped on element 'Object Repository/cicle.staging/Blast/DueDate/Date-AddButtonOntheBottomRightSide'

2022-10-31 08:47:51 - [MESSAGE][WARNING] - Timeout '0' is invalid. Using default page load timeout: '30'

2022-10-31 08:47:52 - [MESSAGE][PASSED] - Tapped on element 'Object Repository/cicle.staging/Blast/DueDate/Date-AddButtonOntheBottomRightSide'

2022-10-31 08:47:52 - [TEST_STEP][PASSED] - tap(findTestObject("cicle.staging/Blast/DueDate/Date-DueDate1"), 0): Tapped on element 'Object Repository/cicle.staging/Blast/DueDate/Date-DueDate1'

2022-10-31 08:47:52 - [MESSAGE][WARNING] - Timeout '0' is invalid. Using default page load timeout: '30'

2022-10-31 08:47:54 - [MESSAGE][PASSED] - Tapped on element 'Object Repository/cicle.staging/Blast/DueDate/Date-DueDate1'

2022-10-31 08:47:54 - [TEST_STEP][PASSED] - tap(findTestObject("cicle.staging/Blast/DueDate/Date-SwitchToInputButton"), 0): Tapped on element 'Object Repository/cicle.staging/Blast/DueDate/Date-SwitchToInputButton'

2022-10-31 08:47:54 - [MESSAGE][WARNING] - Timeout '0' is invalid. Using default page load timeout: '30'

2022-10-31 08:47:55 - [MESSAGE][PASSED] - Tapped on element 'Object Repository/cicle.staging/Blast/DueDate/Date-SwitchToInputButton'

2022-10-31 08:47:55 - [TEST_STEP][PASSED] - tap(findTestObject("cicle.staging/Blast/DueDate/Date-EnterDateField"), 0): Tapped on element 'Object Repository/cicle.staging/Blast/DueDate/Date-EnterDateField'

2022-10-31 08:47:55 - [MESSAGE][WARNING] - Timeout '0' is invalid. Using default page load timeout: '30'

2022-10-31 08:47:56 - [MESSAGE][PASSED] - Tapped on element 'Object Repository/cicle.staging/Blast/DueDate/Date-EnterDateField'

2022-10-31 08:47:56 - [TEST_STEP][PASSED] - setText(findTestObject("cicle.staging/Blast/DueDate/Date-EnterDateField"), findTestData("Blast/Date").getValue(2, 1), 0): Text '666' has been set to element 'Object Repository/cicle.staging/Blast/DueDate/Date-EnterDateField'

2022-10-31 08:47:56 - [MESSAGE][WARNING] - Timeout '0' is invalid. Using default page load timeout: '30'

2022-10-31 08:47:57 - [MESSAGE][PASSED] - Text '666' has been set to element 'Object Repository/cicle.staging/Blast/DueDate/Date-EnterDateField'

2022-10-31 08:47:57 - [TEST_STEP][PASSED] - tap(findTestObject("cicle.staging/Blast/DueDate/Date-OkButtonDate"), 0): Tapped on element 'Object Repository/cicle.staging/Blast/DueDate/Date-OkButtonDate'

2022-10-31 08:47:57 - [MESSAGE][WARNING] - Timeout '0' is invalid. Using default page load timeout: '30'

2022-10-31 08:47:58 - [MESSAGE][PASSED] - Tapped on element 'Object Repository/cicle.staging/Blast/DueDate/Date-OkButtonDate'

2022-10-31 08:47:58 - [TEST_STEP][PASSED] - verifyElementVisible(findTestObject("cicle.staging/Blast/DueDate/Date-Asset-InvalidDateFormat"), 0): Element 'Object Repository/cicle.staging/Blast/DueDate/Date-Asset-InvalidDateFormat' is visible

2022-10-31 08:47:58 - [MESSAGE][WARNING] - Timeout '0' is invalid. Using default page load timeout: '30'

2022-10-31 08:47:58 - [MESSAGE][PASSED] - Element 'Object Repository/cicle.staging/Blast/DueDate/Date-Asset-InvalidDateFormat' is visible]]></system-out>
         <system-err><![CDATA[]]></system-err>
      </testcase>
      <testcase name="Test Cases/Blast/TC_Blast_CS-31" time="26.033" classname="Test Cases/Blast/TC_Blast_CS-31" status="PASSED">
         <system-out><![CDATA[2022-10-31 08:47:58 - [TEST_CASE][PASSED] - Test Cases/Blast/TC_Blast_CS-31: Test Cases/Blast/TC_Blast_CS-31

2022-10-31 08:47:58 - [TEST_STEP][PASSED] - callTestCase(findTestCase("Sign in/TC_Sign in_CS-40"), [:], STOP_ON_FAILURE): Call Test Case 'Test Cases/Sign in/TC_Sign in_CS-40' successfully

2022-10-31 08:47:58 - [TEST_CASE][PASSED] - Test Cases/Sign in/TC_Sign in_CS-40: Test Cases/Sign in/TC_Sign in_CS-40

2022-10-31 08:47:58 - [TEST_STEP][PASSED] - startApplication("/Users/sandikurnia/Downloads/apk-staging-for-iqbal.apk", false): Started app at: '/Users/sandikurnia/Downloads/apk-staging-for-iqbal.apk'

2022-10-31 08:48:03 - [MESSAGE][PASSED] - Started app at: '/Users/sandikurnia/Downloads/apk-staging-for-iqbal.apk'

2022-10-31 08:48:03 - [TEST_STEP][PASSED] - tap(findTestObject("cicle.staging/Startup/YesButtonWhenOpenitApp"), 2, OPTIONAL): Object Object Repository/cicle.staging/Startup/YesButtonWhenOpenitApp not found

2022-10-31 08:48:06 - [MESSAGE][WARNING] - Object Object Repository/cicle.staging/Startup/YesButtonWhenOpenitApp not found

2022-10-31 08:48:06 - [TEST_STEP][PASSED] - tap(findTestObject("cicle.staging/Startup/SkipButtonWhenOpenitApp"), 2, OPTIONAL): Object Object Repository/cicle.staging/Startup/SkipButtonWhenOpenitApp not found

2022-10-31 08:48:08 - [MESSAGE][WARNING] - Object Object Repository/cicle.staging/Startup/SkipButtonWhenOpenitApp not found

2022-10-31 08:48:08 - [TEST_STEP][PASSED] - tap(findTestObject("cicle.staging/Startup/GotoSignInButton"), 2, OPTIONAL): Object Object Repository/cicle.staging/Startup/GotoSignInButton not found

2022-10-31 08:48:10 - [MESSAGE][WARNING] - Object Object Repository/cicle.staging/Startup/GotoSignInButton not found

2022-10-31 08:48:10 - [TEST_STEP][PASSED] - tap(findTestObject("cicle.staging/Startup/SignInwithGoogleAccount"), 2, OPTIONAL): Object Object Repository/cicle.staging/Startup/SignInwithGoogleAccount not found

2022-10-31 08:48:12 - [MESSAGE][WARNING] - Object Object Repository/cicle.staging/Startup/SignInwithGoogleAccount not found

2022-10-31 08:48:12 - [TEST_STEP][PASSED] - tap(findTestObject("cicle.staging/Startup/LayoutLoginwithMyAccount"), 2, OPTIONAL): Object Object Repository/cicle.staging/Startup/LayoutLoginwithMyAccount not found

2022-10-31 08:48:14 - [MESSAGE][WARNING] - Object Object Repository/cicle.staging/Startup/LayoutLoginwithMyAccount not found

2022-10-31 08:48:14 - [TEST_STEP][PASSED] - tap(findTestObject("cicle.staging/Startup/Sekolah QA COMPANY 2"), 2, OPTIONAL): Object Object Repository/cicle.staging/Startup/Sekolah QA COMPANY 2 not found

2022-10-31 08:48:16 - [MESSAGE][WARNING] - Object Object Repository/cicle.staging/Startup/Sekolah QA COMPANY 2 not found

2022-10-31 08:48:16 - [TEST_STEP][PASSED] - tap(findTestObject("cicle.staging/SekolahQAHeadQuarter/SekolahQAHeadquarter1"), 2, OPTIONAL): Tapped on element 'Object Repository/cicle.staging/SekolahQAHeadQuarter/SekolahQAHeadquarter1'

2022-10-31 08:48:17 - [MESSAGE][PASSED] - Tapped on element 'Object Repository/cicle.staging/SekolahQAHeadQuarter/SekolahQAHeadquarter1'

2022-10-31 08:48:17 - [MESSAGE][PASSED] - Call Test Case 'Test Cases/Sign in/TC_Sign in_CS-40' successfully

2022-10-31 08:48:17 - [TEST_STEP][PASSED] - tap(findTestObject("cicle.staging/Blast/Menu/BlastMenu"), 0): Tapped on element 'Object Repository/cicle.staging/Blast/Menu/BlastMenu'

2022-10-31 08:48:17 - [MESSAGE][WARNING] - Timeout '0' is invalid. Using default page load timeout: '30'

2022-10-31 08:48:18 - [MESSAGE][PASSED] - Tapped on element 'Object Repository/cicle.staging/Blast/Menu/BlastMenu'

2022-10-31 08:48:18 - [TEST_STEP][PASSED] - tap(findTestObject("cicle.staging/Blast/DueDate/Date-AddButtonOntheBottomRightSide"), 0): Tapped on element 'Object Repository/cicle.staging/Blast/DueDate/Date-AddButtonOntheBottomRightSide'

2022-10-31 08:48:18 - [MESSAGE][WARNING] - Timeout '0' is invalid. Using default page load timeout: '30'

2022-10-31 08:48:20 - [MESSAGE][PASSED] - Tapped on element 'Object Repository/cicle.staging/Blast/DueDate/Date-AddButtonOntheBottomRightSide'

2022-10-31 08:48:20 - [TEST_STEP][PASSED] - tap(findTestObject("cicle.staging/Blast/DueDate/Date-DueDate1"), 0): Tapped on element 'Object Repository/cicle.staging/Blast/DueDate/Date-DueDate1'

2022-10-31 08:48:20 - [MESSAGE][WARNING] - Timeout '0' is invalid. Using default page load timeout: '30'

2022-10-31 08:48:21 - [MESSAGE][PASSED] - Tapped on element 'Object Repository/cicle.staging/Blast/DueDate/Date-DueDate1'

2022-10-31 08:48:21 - [TEST_STEP][PASSED] - tap(findTestObject("cicle.staging/Blast/DueDate/Date-SwitchToInputButton"), 0): Tapped on element 'Object Repository/cicle.staging/Blast/DueDate/Date-SwitchToInputButton'

2022-10-31 08:48:21 - [MESSAGE][WARNING] - Timeout '0' is invalid. Using default page load timeout: '30'

2022-10-31 08:48:22 - [MESSAGE][PASSED] - Tapped on element 'Object Repository/cicle.staging/Blast/DueDate/Date-SwitchToInputButton'

2022-10-31 08:48:22 - [TEST_STEP][PASSED] - tap(findTestObject("cicle.staging/Blast/DueDate/Date-EnterDateField"), 0): Tapped on element 'Object Repository/cicle.staging/Blast/DueDate/Date-EnterDateField'

2022-10-31 08:48:22 - [MESSAGE][WARNING] - Timeout '0' is invalid. Using default page load timeout: '30'

2022-10-31 08:48:22 - [MESSAGE][PASSED] - Tapped on element 'Object Repository/cicle.staging/Blast/DueDate/Date-EnterDateField'

2022-10-31 08:48:22 - [TEST_STEP][PASSED] - setText(findTestObject("cicle.staging/Blast/DueDate/Date-EnterDateField"), findTestData("Blast/Date").getValue(3, 1), 0): Text '' has been set to element 'Object Repository/cicle.staging/Blast/DueDate/Date-EnterDateField'

2022-10-31 08:48:22 - [MESSAGE][WARNING] - Timeout '0' is invalid. Using default page load timeout: '30'

2022-10-31 08:48:23 - [MESSAGE][PASSED] - Text '' has been set to element 'Object Repository/cicle.staging/Blast/DueDate/Date-EnterDateField'

2022-10-31 08:48:23 - [TEST_STEP][PASSED] - tap(findTestObject("cicle.staging/Blast/DueDate/Date-OkButtonDate"), 0): Tapped on element 'Object Repository/cicle.staging/Blast/DueDate/Date-OkButtonDate'

2022-10-31 08:48:23 - [MESSAGE][WARNING] - Timeout '0' is invalid. Using default page load timeout: '30'

2022-10-31 08:48:24 - [MESSAGE][PASSED] - Tapped on element 'Object Repository/cicle.staging/Blast/DueDate/Date-OkButtonDate'

2022-10-31 08:48:24 - [TEST_STEP][PASSED] - verifyElementVisible(findTestObject("cicle.staging/Blast/DueDate/Date-Asset-InvalidDateFormat"), 0): Element 'Object Repository/cicle.staging/Blast/DueDate/Date-Asset-InvalidDateFormat' is visible

2022-10-31 08:48:24 - [MESSAGE][WARNING] - Timeout '0' is invalid. Using default page load timeout: '30'

2022-10-31 08:48:24 - [MESSAGE][PASSED] - Element 'Object Repository/cicle.staging/Blast/DueDate/Date-Asset-InvalidDateFormat' is visible]]></system-out>
         <system-err><![CDATA[]]></system-err>
      </testcase>
      <testcase name="Test Cases/Blast/TC_Blast_CS-32" time="26.293" classname="Test Cases/Blast/TC_Blast_CS-32" status="PASSED">
         <system-out><![CDATA[2022-10-31 08:48:24 - [TEST_CASE][PASSED] - Test Cases/Blast/TC_Blast_CS-32: Test Cases/Blast/TC_Blast_CS-32

2022-10-31 08:48:24 - [TEST_STEP][PASSED] - callTestCase(findTestCase("Sign in/TC_Sign in_CS-40"), [:], STOP_ON_FAILURE): Call Test Case 'Test Cases/Sign in/TC_Sign in_CS-40' successfully

2022-10-31 08:48:24 - [TEST_CASE][PASSED] - Test Cases/Sign in/TC_Sign in_CS-40: Test Cases/Sign in/TC_Sign in_CS-40

2022-10-31 08:48:24 - [TEST_STEP][PASSED] - startApplication("/Users/sandikurnia/Downloads/apk-staging-for-iqbal.apk", false): Started app at: '/Users/sandikurnia/Downloads/apk-staging-for-iqbal.apk'

2022-10-31 08:48:30 - [MESSAGE][PASSED] - Started app at: '/Users/sandikurnia/Downloads/apk-staging-for-iqbal.apk'

2022-10-31 08:48:30 - [TEST_STEP][PASSED] - tap(findTestObject("cicle.staging/Startup/YesButtonWhenOpenitApp"), 2, OPTIONAL): Object Object Repository/cicle.staging/Startup/YesButtonWhenOpenitApp not found

2022-10-31 08:48:32 - [MESSAGE][WARNING] - Object Object Repository/cicle.staging/Startup/YesButtonWhenOpenitApp not found

2022-10-31 08:48:32 - [TEST_STEP][PASSED] - tap(findTestObject("cicle.staging/Startup/SkipButtonWhenOpenitApp"), 2, OPTIONAL): Object Object Repository/cicle.staging/Startup/SkipButtonWhenOpenitApp not found

2022-10-31 08:48:35 - [MESSAGE][WARNING] - Object Object Repository/cicle.staging/Startup/SkipButtonWhenOpenitApp not found

2022-10-31 08:48:35 - [TEST_STEP][PASSED] - tap(findTestObject("cicle.staging/Startup/GotoSignInButton"), 2, OPTIONAL): Object Object Repository/cicle.staging/Startup/GotoSignInButton not found

2022-10-31 08:48:37 - [MESSAGE][WARNING] - Object Object Repository/cicle.staging/Startup/GotoSignInButton not found

2022-10-31 08:48:37 - [TEST_STEP][PASSED] - tap(findTestObject("cicle.staging/Startup/SignInwithGoogleAccount"), 2, OPTIONAL): Object Object Repository/cicle.staging/Startup/SignInwithGoogleAccount not found

2022-10-31 08:48:39 - [MESSAGE][WARNING] - Object Object Repository/cicle.staging/Startup/SignInwithGoogleAccount not found

2022-10-31 08:48:39 - [TEST_STEP][PASSED] - tap(findTestObject("cicle.staging/Startup/LayoutLoginwithMyAccount"), 2, OPTIONAL): Object Object Repository/cicle.staging/Startup/LayoutLoginwithMyAccount not found

2022-10-31 08:48:41 - [MESSAGE][WARNING] - Object Object Repository/cicle.staging/Startup/LayoutLoginwithMyAccount not found

2022-10-31 08:48:41 - [TEST_STEP][PASSED] - tap(findTestObject("cicle.staging/Startup/Sekolah QA COMPANY 2"), 2, OPTIONAL): Object Object Repository/cicle.staging/Startup/Sekolah QA COMPANY 2 not found

2022-10-31 08:48:43 - [MESSAGE][WARNING] - Object Object Repository/cicle.staging/Startup/Sekolah QA COMPANY 2 not found

2022-10-31 08:48:43 - [TEST_STEP][PASSED] - tap(findTestObject("cicle.staging/SekolahQAHeadQuarter/SekolahQAHeadquarter1"), 2, OPTIONAL): Tapped on element 'Object Repository/cicle.staging/SekolahQAHeadQuarter/SekolahQAHeadquarter1'

2022-10-31 08:48:44 - [MESSAGE][PASSED] - Tapped on element 'Object Repository/cicle.staging/SekolahQAHeadQuarter/SekolahQAHeadquarter1'

2022-10-31 08:48:44 - [MESSAGE][PASSED] - Call Test Case 'Test Cases/Sign in/TC_Sign in_CS-40' successfully

2022-10-31 08:48:44 - [TEST_STEP][PASSED] - tap(findTestObject("cicle.staging/Blast/Menu/BlastMenu"), 0): Tapped on element 'Object Repository/cicle.staging/Blast/Menu/BlastMenu'

2022-10-31 08:48:44 - [MESSAGE][WARNING] - Timeout '0' is invalid. Using default page load timeout: '30'

2022-10-31 08:48:44 - [MESSAGE][PASSED] - Tapped on element 'Object Repository/cicle.staging/Blast/Menu/BlastMenu'

2022-10-31 08:48:44 - [TEST_STEP][PASSED] - tap(findTestObject("Object Repository/cicle.staging/Blast/MemberNotification/Notif-AddButtonOntheBottomRightSide"), 0): Tapped on element 'Object Repository/cicle.staging/Blast/MemberNotification/Notif-AddButtonOntheBottomRightSide'

2022-10-31 08:48:45 - [MESSAGE][WARNING] - Timeout '0' is invalid. Using default page load timeout: '30'

2022-10-31 08:48:46 - [MESSAGE][PASSED] - Tapped on element 'Object Repository/cicle.staging/Blast/MemberNotification/Notif-AddButtonOntheBottomRightSide'

2022-10-31 08:48:46 - [TEST_STEP][PASSED] - tap(findTestObject("Object Repository/cicle.staging/Blast/MemberNotification/Notif-AddMemberWhodoyouWannabenotified"), 0): Tapped on element 'Object Repository/cicle.staging/Blast/MemberNotification/Notif-AddMemberWhodoyouWannabenotified'

2022-10-31 08:48:46 - [MESSAGE][WARNING] - Timeout '0' is invalid. Using default page load timeout: '30'

2022-10-31 08:48:49 - [MESSAGE][PASSED] - Tapped on element 'Object Repository/cicle.staging/Blast/MemberNotification/Notif-AddMemberWhodoyouWannabenotified'

2022-10-31 08:48:49 - [TEST_STEP][PASSED] - tap(findTestObject("Object Repository/cicle.staging/Blast/MemberNotification/Notif-CheckBoxSelectAllMember"), 0): Tapped on element 'Object Repository/cicle.staging/Blast/MemberNotification/Notif-CheckBoxSelectAllMember'

2022-10-31 08:48:49 - [MESSAGE][WARNING] - Timeout '0' is invalid. Using default page load timeout: '30'

2022-10-31 08:48:49 - [MESSAGE][PASSED] - Tapped on element 'Object Repository/cicle.staging/Blast/MemberNotification/Notif-CheckBoxSelectAllMember'

2022-10-31 08:48:49 - [TEST_STEP][PASSED] - tap(findTestObject("Object Repository/cicle.staging/Blast/MemberNotification/Notif-Donebutton"), 0): Tapped on element 'Object Repository/cicle.staging/Blast/MemberNotification/Notif-Donebutton'

2022-10-31 08:48:49 - [MESSAGE][WARNING] - Timeout '0' is invalid. Using default page load timeout: '30'

2022-10-31 08:48:50 - [MESSAGE][PASSED] - Tapped on element 'Object Repository/cicle.staging/Blast/MemberNotification/Notif-Donebutton'

2022-10-31 08:48:50 - [TEST_STEP][PASSED] - verifyElementVisible(findTestObject("Object Repository/cicle.staging/Blast/MemberNotification/Notif-AllMemberAssert"), 0): Element 'Object Repository/cicle.staging/Blast/MemberNotification/Notif-AllMemberAssert' is visible

2022-10-31 08:48:50 - [MESSAGE][WARNING] - Timeout '0' is invalid. Using default page load timeout: '30'

2022-10-31 08:48:50 - [MESSAGE][PASSED] - Element 'Object Repository/cicle.staging/Blast/MemberNotification/Notif-AllMemberAssert' is visible]]></system-out>
         <system-err><![CDATA[]]></system-err>
      </testcase>
      <testcase name="Test Cases/Blast/TC_Blast_CS-33" time="28.513" classname="Test Cases/Blast/TC_Blast_CS-33" status="PASSED">
         <system-out><![CDATA[2022-10-31 08:48:50 - [TEST_CASE][PASSED] - Test Cases/Blast/TC_Blast_CS-33: Test Cases/Blast/TC_Blast_CS-33

2022-10-31 08:48:51 - [TEST_STEP][PASSED] - callTestCase(findTestCase("Sign in/TC_Sign in_CS-40"), [:], STOP_ON_FAILURE): Call Test Case 'Test Cases/Sign in/TC_Sign in_CS-40' successfully

2022-10-31 08:48:51 - [TEST_CASE][PASSED] - Test Cases/Sign in/TC_Sign in_CS-40: Test Cases/Sign in/TC_Sign in_CS-40

2022-10-31 08:48:51 - [TEST_STEP][PASSED] - startApplication("/Users/sandikurnia/Downloads/apk-staging-for-iqbal.apk", false): Started app at: '/Users/sandikurnia/Downloads/apk-staging-for-iqbal.apk'

2022-10-31 08:48:56 - [MESSAGE][PASSED] - Started app at: '/Users/sandikurnia/Downloads/apk-staging-for-iqbal.apk'

2022-10-31 08:48:56 - [TEST_STEP][PASSED] - tap(findTestObject("cicle.staging/Startup/YesButtonWhenOpenitApp"), 2, OPTIONAL): Object Object Repository/cicle.staging/Startup/YesButtonWhenOpenitApp not found

2022-10-31 08:48:59 - [MESSAGE][WARNING] - Object Object Repository/cicle.staging/Startup/YesButtonWhenOpenitApp not found

2022-10-31 08:48:59 - [TEST_STEP][PASSED] - tap(findTestObject("cicle.staging/Startup/SkipButtonWhenOpenitApp"), 2, OPTIONAL): Object Object Repository/cicle.staging/Startup/SkipButtonWhenOpenitApp not found

2022-10-31 08:49:01 - [MESSAGE][WARNING] - Object Object Repository/cicle.staging/Startup/SkipButtonWhenOpenitApp not found

2022-10-31 08:49:01 - [TEST_STEP][PASSED] - tap(findTestObject("cicle.staging/Startup/GotoSignInButton"), 2, OPTIONAL): Object Object Repository/cicle.staging/Startup/GotoSignInButton not found

2022-10-31 08:49:03 - [MESSAGE][WARNING] - Object Object Repository/cicle.staging/Startup/GotoSignInButton not found

2022-10-31 08:49:03 - [TEST_STEP][PASSED] - tap(findTestObject("cicle.staging/Startup/SignInwithGoogleAccount"), 2, OPTIONAL): Object Object Repository/cicle.staging/Startup/SignInwithGoogleAccount not found

2022-10-31 08:49:06 - [MESSAGE][WARNING] - Object Object Repository/cicle.staging/Startup/SignInwithGoogleAccount not found

2022-10-31 08:49:06 - [TEST_STEP][PASSED] - tap(findTestObject("cicle.staging/Startup/LayoutLoginwithMyAccount"), 2, OPTIONAL): Object Object Repository/cicle.staging/Startup/LayoutLoginwithMyAccount not found

2022-10-31 08:49:08 - [MESSAGE][WARNING] - Object Object Repository/cicle.staging/Startup/LayoutLoginwithMyAccount not found

2022-10-31 08:49:08 - [TEST_STEP][PASSED] - tap(findTestObject("cicle.staging/Startup/Sekolah QA COMPANY 2"), 2, OPTIONAL): Object Object Repository/cicle.staging/Startup/Sekolah QA COMPANY 2 not found

2022-10-31 08:49:10 - [MESSAGE][WARNING] - Object Object Repository/cicle.staging/Startup/Sekolah QA COMPANY 2 not found

2022-10-31 08:49:10 - [TEST_STEP][PASSED] - tap(findTestObject("cicle.staging/SekolahQAHeadQuarter/SekolahQAHeadquarter1"), 2, OPTIONAL): Tapped on element 'Object Repository/cicle.staging/SekolahQAHeadQuarter/SekolahQAHeadquarter1'

2022-10-31 08:49:10 - [MESSAGE][PASSED] - Tapped on element 'Object Repository/cicle.staging/SekolahQAHeadQuarter/SekolahQAHeadquarter1'

2022-10-31 08:49:10 - [MESSAGE][PASSED] - Call Test Case 'Test Cases/Sign in/TC_Sign in_CS-40' successfully

2022-10-31 08:49:10 - [TEST_STEP][PASSED] - tap(findTestObject("cicle.staging/Blast/Menu/BlastMenu"), 0): Tapped on element 'Object Repository/cicle.staging/Blast/Menu/BlastMenu'

2022-10-31 08:49:10 - [MESSAGE][WARNING] - Timeout '0' is invalid. Using default page load timeout: '30'

2022-10-31 08:49:11 - [MESSAGE][PASSED] - Tapped on element 'Object Repository/cicle.staging/Blast/Menu/BlastMenu'

2022-10-31 08:49:11 - [TEST_STEP][PASSED] - tap(findTestObject("Object Repository/cicle.staging/Blast/MemberNotification/Notif-AddButtonOntheBottomRightSide"), 0): Tapped on element 'Object Repository/cicle.staging/Blast/MemberNotification/Notif-AddButtonOntheBottomRightSide'

2022-10-31 08:49:11 - [MESSAGE][WARNING] - Timeout '0' is invalid. Using default page load timeout: '30'

2022-10-31 08:49:14 - [MESSAGE][PASSED] - Tapped on element 'Object Repository/cicle.staging/Blast/MemberNotification/Notif-AddButtonOntheBottomRightSide'

2022-10-31 08:49:14 - [TEST_STEP][PASSED] - for ([i = 1, i < 3, (i++)]): Tapped on element 'Object Repository/cicle.staging/Blast/MemberNotification/Notif-Donebutton'

2022-10-31 08:49:14 - [TEST_STEP][PASSED] - tap(findTestObject("Object Repository/cicle.staging/Blast/MemberNotification/Notif-AddMemberWhodoyouWannabenotified"), 0): Tapped on element 'Object Repository/cicle.staging/Blast/MemberNotification/Notif-AddMemberWhodoyouWannabenotified'

2022-10-31 08:49:14 - [MESSAGE][WARNING] - Timeout '0' is invalid. Using default page load timeout: '30'

2022-10-31 08:49:15 - [MESSAGE][PASSED] - Tapped on element 'Object Repository/cicle.staging/Blast/MemberNotification/Notif-AddMemberWhodoyouWannabenotified'

2022-10-31 08:49:15 - [TEST_STEP][PASSED] - tap(findTestObject("Object Repository/cicle.staging/Blast/MemberNotification/Notif-CheckBoxSelectAllMember"), 0): Tapped on element 'Object Repository/cicle.staging/Blast/MemberNotification/Notif-CheckBoxSelectAllMember'

2022-10-31 08:49:15 - [MESSAGE][WARNING] - Timeout '0' is invalid. Using default page load timeout: '30'

2022-10-31 08:49:15 - [MESSAGE][PASSED] - Tapped on element 'Object Repository/cicle.staging/Blast/MemberNotification/Notif-CheckBoxSelectAllMember'

2022-10-31 08:49:15 - [TEST_STEP][PASSED] - tap(findTestObject("Object Repository/cicle.staging/Blast/MemberNotification/Notif-Donebutton"), 0): Tapped on element 'Object Repository/cicle.staging/Blast/MemberNotification/Notif-Donebutton'

2022-10-31 08:49:15 - [MESSAGE][WARNING] - Timeout '0' is invalid. Using default page load timeout: '30'

2022-10-31 08:49:16 - [MESSAGE][PASSED] - Tapped on element 'Object Repository/cicle.staging/Blast/MemberNotification/Notif-Donebutton'

2022-10-31 08:49:16 - [TEST_STEP][PASSED] - tap(findTestObject("Object Repository/cicle.staging/Blast/MemberNotification/Notif-AddMemberWhodoyouWannabenotified"), 0): Tapped on element 'Object Repository/cicle.staging/Blast/MemberNotification/Notif-AddMemberWhodoyouWannabenotified'

2022-10-31 08:49:16 - [MESSAGE][WARNING] - Timeout '0' is invalid. Using default page load timeout: '30'

2022-10-31 08:49:17 - [MESSAGE][PASSED] - Tapped on element 'Object Repository/cicle.staging/Blast/MemberNotification/Notif-AddMemberWhodoyouWannabenotified'

2022-10-31 08:49:17 - [TEST_STEP][PASSED] - tap(findTestObject("Object Repository/cicle.staging/Blast/MemberNotification/Notif-CheckBoxSelectAllMember"), 0): Tapped on element 'Object Repository/cicle.staging/Blast/MemberNotification/Notif-CheckBoxSelectAllMember'

2022-10-31 08:49:17 - [MESSAGE][WARNING] - Timeout '0' is invalid. Using default page load timeout: '30'

2022-10-31 08:49:18 - [MESSAGE][PASSED] - Tapped on element 'Object Repository/cicle.staging/Blast/MemberNotification/Notif-CheckBoxSelectAllMember'

2022-10-31 08:49:18 - [TEST_STEP][PASSED] - tap(findTestObject("Object Repository/cicle.staging/Blast/MemberNotification/Notif-Donebutton"), 0): Tapped on element 'Object Repository/cicle.staging/Blast/MemberNotification/Notif-Donebutton'

2022-10-31 08:49:18 - [MESSAGE][WARNING] - Timeout '0' is invalid. Using default page load timeout: '30'

2022-10-31 08:49:19 - [MESSAGE][PASSED] - Tapped on element 'Object Repository/cicle.staging/Blast/MemberNotification/Notif-Donebutton'

2022-10-31 08:49:19 - [TEST_STEP][PASSED] - verifyElementVisible(findTestObject("Object Repository/cicle.staging/Blast/MemberNotification/Notif-AllMemberAssert"), 0): Element 'Object Repository/cicle.staging/Blast/MemberNotification/Notif-AllMemberAssert' is visible

2022-10-31 08:49:19 - [MESSAGE][WARNING] - Timeout '0' is invalid. Using default page load timeout: '30'

2022-10-31 08:49:19 - [MESSAGE][PASSED] - Element 'Object Repository/cicle.staging/Blast/MemberNotification/Notif-AllMemberAssert' is visible]]></system-out>
         <system-err><![CDATA[]]></system-err>
      </testcase>
      <testcase name="Test Cases/Blast/TC_Blast_CS-35" time="24.53" classname="Test Cases/Blast/TC_Blast_CS-35" status="PASSED">
         <system-out><![CDATA[2022-10-31 08:49:19 - [TEST_CASE][PASSED] - Test Cases/Blast/TC_Blast_CS-35: Test Cases/Blast/TC_Blast_CS-35

2022-10-31 08:49:19 - [TEST_STEP][PASSED] - callTestCase(findTestCase("Sign in/TC_Sign in_CS-40"), [:], STOP_ON_FAILURE): Call Test Case 'Test Cases/Sign in/TC_Sign in_CS-40' successfully

2022-10-31 08:49:19 - [TEST_CASE][PASSED] - Test Cases/Sign in/TC_Sign in_CS-40: Test Cases/Sign in/TC_Sign in_CS-40

2022-10-31 08:49:19 - [TEST_STEP][PASSED] - startApplication("/Users/sandikurnia/Downloads/apk-staging-for-iqbal.apk", false): Started app at: '/Users/sandikurnia/Downloads/apk-staging-for-iqbal.apk'

2022-10-31 08:49:24 - [MESSAGE][PASSED] - Started app at: '/Users/sandikurnia/Downloads/apk-staging-for-iqbal.apk'

2022-10-31 08:49:24 - [TEST_STEP][PASSED] - tap(findTestObject("cicle.staging/Startup/YesButtonWhenOpenitApp"), 2, OPTIONAL): Object Object Repository/cicle.staging/Startup/YesButtonWhenOpenitApp not found

2022-10-31 08:49:27 - [MESSAGE][WARNING] - Object Object Repository/cicle.staging/Startup/YesButtonWhenOpenitApp not found

2022-10-31 08:49:27 - [TEST_STEP][PASSED] - tap(findTestObject("cicle.staging/Startup/SkipButtonWhenOpenitApp"), 2, OPTIONAL): Object Object Repository/cicle.staging/Startup/SkipButtonWhenOpenitApp not found

2022-10-31 08:49:29 - [MESSAGE][WARNING] - Object Object Repository/cicle.staging/Startup/SkipButtonWhenOpenitApp not found

2022-10-31 08:49:29 - [TEST_STEP][PASSED] - tap(findTestObject("cicle.staging/Startup/GotoSignInButton"), 2, OPTIONAL): Object Object Repository/cicle.staging/Startup/GotoSignInButton not found

2022-10-31 08:49:31 - [MESSAGE][WARNING] - Object Object Repository/cicle.staging/Startup/GotoSignInButton not found

2022-10-31 08:49:31 - [TEST_STEP][PASSED] - tap(findTestObject("cicle.staging/Startup/SignInwithGoogleAccount"), 2, OPTIONAL): Object Object Repository/cicle.staging/Startup/SignInwithGoogleAccount not found

2022-10-31 08:49:33 - [MESSAGE][WARNING] - Object Object Repository/cicle.staging/Startup/SignInwithGoogleAccount not found

2022-10-31 08:49:33 - [TEST_STEP][PASSED] - tap(findTestObject("cicle.staging/Startup/LayoutLoginwithMyAccount"), 2, OPTIONAL): Object Object Repository/cicle.staging/Startup/LayoutLoginwithMyAccount not found

2022-10-31 08:49:35 - [MESSAGE][WARNING] - Object Object Repository/cicle.staging/Startup/LayoutLoginwithMyAccount not found

2022-10-31 08:49:35 - [TEST_STEP][PASSED] - tap(findTestObject("cicle.staging/Startup/Sekolah QA COMPANY 2"), 2, OPTIONAL): Object Object Repository/cicle.staging/Startup/Sekolah QA COMPANY 2 not found

2022-10-31 08:49:37 - [MESSAGE][WARNING] - Object Object Repository/cicle.staging/Startup/Sekolah QA COMPANY 2 not found

2022-10-31 08:49:37 - [TEST_STEP][PASSED] - tap(findTestObject("cicle.staging/SekolahQAHeadQuarter/SekolahQAHeadquarter1"), 2, OPTIONAL): Tapped on element 'Object Repository/cicle.staging/SekolahQAHeadQuarter/SekolahQAHeadquarter1'

2022-10-31 08:49:38 - [MESSAGE][PASSED] - Tapped on element 'Object Repository/cicle.staging/SekolahQAHeadQuarter/SekolahQAHeadquarter1'

2022-10-31 08:49:38 - [MESSAGE][PASSED] - Call Test Case 'Test Cases/Sign in/TC_Sign in_CS-40' successfully

2022-10-31 08:49:38 - [TEST_STEP][PASSED] - tap(findTestObject("cicle.staging/Blast/Menu/BlastMenu"), 0): Tapped on element 'Object Repository/cicle.staging/Blast/Menu/BlastMenu'

2022-10-31 08:49:38 - [MESSAGE][WARNING] - Timeout '0' is invalid. Using default page load timeout: '30'

2022-10-31 08:49:39 - [MESSAGE][PASSED] - Tapped on element 'Object Repository/cicle.staging/Blast/Menu/BlastMenu'

2022-10-31 08:49:39 - [TEST_STEP][PASSED] - tap(findTestObject("Object Repository/cicle.staging/Blast/Archive/Archive-3dotbutton"), 0): Tapped on element 'Object Repository/cicle.staging/Blast/Archive/Archive-3dotbutton'

2022-10-31 08:49:39 - [MESSAGE][WARNING] - Timeout '0' is invalid. Using default page load timeout: '30'

2022-10-31 08:49:41 - [MESSAGE][PASSED] - Tapped on element 'Object Repository/cicle.staging/Blast/Archive/Archive-3dotbutton'

2022-10-31 08:49:41 - [TEST_STEP][PASSED] - tap(findTestObject("Object Repository/cicle.staging/Blast/Archive/Arhive-archivebutton"), 0): Tapped on element 'Object Repository/cicle.staging/Blast/Archive/Arhive-archivebutton'

2022-10-31 08:49:42 - [MESSAGE][WARNING] - Timeout '0' is invalid. Using default page load timeout: '30'

2022-10-31 08:49:42 - [MESSAGE][PASSED] - Tapped on element 'Object Repository/cicle.staging/Blast/Archive/Arhive-archivebutton'

2022-10-31 08:49:42 - [TEST_STEP][PASSED] - verifyElementVisible(findTestObject("Object Repository/cicle.staging/Blast/Archive/Archive-ArchivePostPopup"), 0): Element 'Object Repository/cicle.staging/Blast/Archive/Archive-ArchivePostPopup' is visible

2022-10-31 08:49:42 - [MESSAGE][WARNING] - Timeout '0' is invalid. Using default page load timeout: '30'

2022-10-31 08:49:42 - [MESSAGE][PASSED] - Element 'Object Repository/cicle.staging/Blast/Archive/Archive-ArchivePostPopup' is visible

2022-10-31 08:49:42 - [TEST_STEP][PASSED] - tap(findTestObject("Object Repository/cicle.staging/Blast/Archive/Archive-Ok button"), 0): Tapped on element 'Object Repository/cicle.staging/Blast/Archive/Archive-Ok button'

2022-10-31 08:49:42 - [MESSAGE][WARNING] - Timeout '0' is invalid. Using default page load timeout: '30'

2022-10-31 08:49:43 - [MESSAGE][PASSED] - Tapped on element 'Object Repository/cicle.staging/Blast/Archive/Archive-Ok button']]></system-out>
         <system-err><![CDATA[]]></system-err>
      </testcase>
      <system-out><![CDATA[2022-10-31 08:44:21 - [TEST_SUITE][PASSED] - Cicle Staging Mobile App - Blast: Test Cases/Blast/TC_Blast_CS-35]]></system-out>
      <system-err><![CDATA[]]></system-err>
   </testsuite>
</testsuites>
