<?xml version="1.0" encoding="UTF-8"?>
<testsuites name="Cicle Staging Mobile App - Group Chat" time="110.956" tests="3" failures="0" errors="0">
   <testsuite name="Cicle Staging Mobile App - Group Chat" tests="3" failures="0" errors="0" time="110.956" skipped="0" timestamp="2022-10-29 19:15:16" hostname="sandikurnia - localhost" id="Test Suites/Cicle Staging Mobile App/Group Chat/Cicle Staging Mobile App - Group Chat">
      <properties>
         <property name="deviceName" value="emulator-5554 (Android SDK built for arm64 - Android 10)"/>
         <property name="devicePlatform" value=""/>
         <property name="logFolder" value="/Users/sandikurnia/Katalon Studio/smallProject/Reports/20221029_191504/Cicle Staging Mobile App/Group Chat/Cicle Staging Mobile App - Group Chat/20221029_191504"/>
         <property name="logFiles" value="/Users/sandikurnia/Katalon Studio/smallProject/Reports/20221029_191504/Cicle Staging Mobile App/Group Chat/Cicle Staging Mobile App - Group Chat/20221029_191504/execution0.log, /Users/sandikurnia/Katalon Studio/smallProject/Reports/20221029_191504/Cicle Staging Mobile App/Group Chat/Cicle Staging Mobile App - Group Chat/20221029_191504/appium.log"/>
         <property name="attachments" value=""/>
         <property name="hostName" value="sandikurnia - localhost"/>
         <property name="os" value="Mac OS X 64bit"/>
         <property name="appiumServerStatus" value="{&quot;value&quot;:{&quot;build&quot;:{&quot;version&quot;:&quot;1.22.3&quot;}},&quot;sessionId&quot;:null,&quot;status&quot;:0}"/>
         <property name="katalonVersion" value="8.4.1.208"/>
         <property name="deviceOS" value="Android"/>
         <property name="appiumVersion" value="1.22.3"/>
         <property name="deviceModel" value="Android SDK built for arm64"/>
         <property name="hostAddress" value="127.0.0.1"/>
         <property name="deviceManufacturer" value="Google"/>
         <property name="deviceId" value="emulator-5554"/>
         <property name="deviceName" value="emulator-5554 (Android SDK built for arm64 - Android 10)"/>
         <property name="deviceOSVersion" value="10"/>
      </properties>
      <testcase name="Test Cases/GroupChat/TC_Group Chat_CS-13" time="32.474" classname="Test Cases/GroupChat/TC_Group Chat_CS-13" status="PASSED">
         <system-out><![CDATA[2022-10-29 19:15:16 - [TEST_CASE][PASSED] - Test Cases/GroupChat/TC_Group Chat_CS-13: Test Cases/GroupChat/TC_Group Chat_CS-13

2022-10-29 19:15:16 - [TEST_STEP][PASSED] - callTestCase(findTestCase("Sign in/TC_Sign in_CS-40"), [:], STOP_ON_FAILURE): Call Test Case 'Test Cases/Sign in/TC_Sign in_CS-40' successfully

2022-10-29 19:15:17 - [TEST_CASE][PASSED] - Test Cases/Sign in/TC_Sign in_CS-40: Test Cases/Sign in/TC_Sign in_CS-40

2022-10-29 19:15:17 - [TEST_STEP][PASSED] - startApplication("/Users/sandikurnia/Downloads/apk-staging-for-iqbal.apk", false): Started app at: '/Users/sandikurnia/Downloads/apk-staging-for-iqbal.apk'

2022-10-29 19:15:18 - [MESSAGE][INFO] - Detected NodeJS location: "/opt/homebrew/Cellar/node/18.11.0/bin/node"

2022-10-29 19:15:19 - [MESSAGE][INFO] - Appium server started on port 61,200

2022-10-29 19:15:30 - [MESSAGE][PASSED] - Started app at: '/Users/sandikurnia/Downloads/apk-staging-for-iqbal.apk'

2022-10-29 19:15:30 - [TEST_STEP][PASSED] - tap(findTestObject("cicle.staging/Startup/YesButtonWhenOpenitApp"), 2, OPTIONAL): Object Object Repository/cicle.staging/Startup/YesButtonWhenOpenitApp not found

2022-10-29 19:15:32 - [MESSAGE][WARNING] - Object Object Repository/cicle.staging/Startup/YesButtonWhenOpenitApp not found

2022-10-29 19:15:32 - [TEST_STEP][PASSED] - tap(findTestObject("cicle.staging/Startup/SkipButtonWhenOpenitApp"), 2, OPTIONAL): Object Object Repository/cicle.staging/Startup/SkipButtonWhenOpenitApp not found

2022-10-29 19:15:34 - [MESSAGE][WARNING] - Object Object Repository/cicle.staging/Startup/SkipButtonWhenOpenitApp not found

2022-10-29 19:15:34 - [TEST_STEP][PASSED] - tap(findTestObject("cicle.staging/Startup/GotoSignInButton"), 2, OPTIONAL): Object Object Repository/cicle.staging/Startup/GotoSignInButton not found

2022-10-29 19:15:37 - [MESSAGE][WARNING] - Object Object Repository/cicle.staging/Startup/GotoSignInButton not found

2022-10-29 19:15:37 - [TEST_STEP][PASSED] - tap(findTestObject("cicle.staging/Startup/SignInwithGoogleAccount"), 2, OPTIONAL): Object Object Repository/cicle.staging/Startup/SignInwithGoogleAccount not found

2022-10-29 19:15:39 - [MESSAGE][WARNING] - Object Object Repository/cicle.staging/Startup/SignInwithGoogleAccount not found

2022-10-29 19:15:39 - [TEST_STEP][PASSED] - tap(findTestObject("cicle.staging/Startup/LayoutLoginwithMyAccount"), 2, OPTIONAL): Object Object Repository/cicle.staging/Startup/LayoutLoginwithMyAccount not found

2022-10-29 19:15:41 - [MESSAGE][WARNING] - Object Object Repository/cicle.staging/Startup/LayoutLoginwithMyAccount not found

2022-10-29 19:15:41 - [TEST_STEP][PASSED] - tap(findTestObject("cicle.staging/Startup/Sekolah QA COMPANY 2"), 2, OPTIONAL): Object Object Repository/cicle.staging/Startup/Sekolah QA COMPANY 2 not found

2022-10-29 19:15:43 - [MESSAGE][WARNING] - Object Object Repository/cicle.staging/Startup/Sekolah QA COMPANY 2 not found

2022-10-29 19:15:43 - [TEST_STEP][PASSED] - tap(findTestObject("cicle.staging/SekolahQAHeadQuarter/SekolahQAHeadquarter1"), 2, OPTIONAL): Tapped on element 'Object Repository/cicle.staging/SekolahQAHeadQuarter/SekolahQAHeadquarter1'

2022-10-29 19:15:43 - [MESSAGE][PASSED] - Tapped on element 'Object Repository/cicle.staging/SekolahQAHeadQuarter/SekolahQAHeadquarter1'

2022-10-29 19:15:43 - [MESSAGE][PASSED] - Call Test Case 'Test Cases/Sign in/TC_Sign in_CS-40' successfully

2022-10-29 19:15:43 - [TEST_STEP][PASSED] - tap(findTestObject("cicle.staging/Group Chat/GroupChatMenu"), 0): Tapped on element 'Object Repository/cicle.staging/Group Chat/GroupChatMenu'

2022-10-29 19:15:43 - [MESSAGE][WARNING] - Timeout '0' is invalid. Using default page load timeout: '30'

2022-10-29 19:15:44 - [MESSAGE][PASSED] - Tapped on element 'Object Repository/cicle.staging/Group Chat/GroupChatMenu'

2022-10-29 19:15:44 - [TEST_STEP][PASSED] - tap(findTestObject("cicle.staging/Group Chat/TypeMessage-Field"), 0): Tapped on element 'Object Repository/cicle.staging/Group Chat/TypeMessage-Field'

2022-10-29 19:15:44 - [MESSAGE][WARNING] - Timeout '0' is invalid. Using default page load timeout: '30'

2022-10-29 19:15:46 - [MESSAGE][PASSED] - Tapped on element 'Object Repository/cicle.staging/Group Chat/TypeMessage-Field'

2022-10-29 19:15:46 - [TEST_STEP][PASSED] - setText(findTestObject("cicle.staging/Group Chat/TypeMessage-Field"), findTestData("GroupChat/sendMessageonGroupChat").getValue(1, 1), 0): Text 'Hello Sandi !!' has been set to element 'Object Repository/cicle.staging/Group Chat/TypeMessage-Field'

2022-10-29 19:15:46 - [MESSAGE][WARNING] - Timeout '0' is invalid. Using default page load timeout: '30'

2022-10-29 19:15:47 - [MESSAGE][PASSED] - Text 'Hello Sandi !!' has been set to element 'Object Repository/cicle.staging/Group Chat/TypeMessage-Field'

2022-10-29 19:15:47 - [TEST_STEP][PASSED] - tap(findTestObject("cicle.staging/Group Chat/SendChat-Button"), 0): Tapped on element 'Object Repository/cicle.staging/Group Chat/SendChat-Button'

2022-10-29 19:15:47 - [MESSAGE][WARNING] - Timeout '0' is invalid. Using default page load timeout: '30'

2022-10-29 19:15:48 - [MESSAGE][PASSED] - Tapped on element 'Object Repository/cicle.staging/Group Chat/SendChat-Button'

2022-10-29 19:15:48 - [TEST_STEP][PASSED] - verifyElementVisible(findTestObject("cicle.staging/Group Chat/Assertion-SendChat"), 0): Element 'Object Repository/cicle.staging/Group Chat/Assertion-SendChat' is visible

2022-10-29 19:15:49 - [MESSAGE][WARNING] - Timeout '0' is invalid. Using default page load timeout: '30'

2022-10-29 19:15:49 - [MESSAGE][PASSED] - Element 'Object Repository/cicle.staging/Group Chat/Assertion-SendChat' is visible]]></system-out>
         <system-err><![CDATA[]]></system-err>
      </testcase>
      <testcase name="Test Cases/GroupChat/TC_Group Chat_CS-14" time="53.263" classname="Test Cases/GroupChat/TC_Group Chat_CS-14" status="PASSED">
         <system-out><![CDATA[2022-10-29 19:15:49 - [TEST_CASE][PASSED] - Test Cases/GroupChat/TC_Group Chat_CS-14: Test Cases/GroupChat/TC_Group Chat_CS-14

2022-10-29 19:15:49 - [TEST_STEP][PASSED] - callTestCase(findTestCase("Sign in/TC_Sign in_CS-40"), [:], STOP_ON_FAILURE): Call Test Case 'Test Cases/Sign in/TC_Sign in_CS-40' successfully

2022-10-29 19:15:49 - [TEST_CASE][PASSED] - Test Cases/Sign in/TC_Sign in_CS-40: Test Cases/Sign in/TC_Sign in_CS-40

2022-10-29 19:15:49 - [TEST_STEP][PASSED] - startApplication("/Users/sandikurnia/Downloads/apk-staging-for-iqbal.apk", false): Started app at: '/Users/sandikurnia/Downloads/apk-staging-for-iqbal.apk'

2022-10-29 19:15:55 - [MESSAGE][PASSED] - Started app at: '/Users/sandikurnia/Downloads/apk-staging-for-iqbal.apk'

2022-10-29 19:15:55 - [TEST_STEP][PASSED] - tap(findTestObject("cicle.staging/Startup/YesButtonWhenOpenitApp"), 2, OPTIONAL): Object Object Repository/cicle.staging/Startup/YesButtonWhenOpenitApp not found

2022-10-29 19:15:57 - [MESSAGE][WARNING] - Object Object Repository/cicle.staging/Startup/YesButtonWhenOpenitApp not found

2022-10-29 19:15:57 - [TEST_STEP][PASSED] - tap(findTestObject("cicle.staging/Startup/SkipButtonWhenOpenitApp"), 2, OPTIONAL): Object Object Repository/cicle.staging/Startup/SkipButtonWhenOpenitApp not found

2022-10-29 19:15:59 - [MESSAGE][WARNING] - Object Object Repository/cicle.staging/Startup/SkipButtonWhenOpenitApp not found

2022-10-29 19:15:59 - [TEST_STEP][PASSED] - tap(findTestObject("cicle.staging/Startup/GotoSignInButton"), 2, OPTIONAL): Object Object Repository/cicle.staging/Startup/GotoSignInButton not found

2022-10-29 19:16:01 - [MESSAGE][WARNING] - Object Object Repository/cicle.staging/Startup/GotoSignInButton not found

2022-10-29 19:16:01 - [TEST_STEP][PASSED] - tap(findTestObject("cicle.staging/Startup/SignInwithGoogleAccount"), 2, OPTIONAL): Object Object Repository/cicle.staging/Startup/SignInwithGoogleAccount not found

2022-10-29 19:16:04 - [MESSAGE][WARNING] - Object Object Repository/cicle.staging/Startup/SignInwithGoogleAccount not found

2022-10-29 19:16:04 - [TEST_STEP][PASSED] - tap(findTestObject("cicle.staging/Startup/LayoutLoginwithMyAccount"), 2, OPTIONAL): Object Object Repository/cicle.staging/Startup/LayoutLoginwithMyAccount not found

2022-10-29 19:16:06 - [MESSAGE][WARNING] - Object Object Repository/cicle.staging/Startup/LayoutLoginwithMyAccount not found

2022-10-29 19:16:06 - [TEST_STEP][PASSED] - tap(findTestObject("cicle.staging/Startup/Sekolah QA COMPANY 2"), 2, OPTIONAL): Object Object Repository/cicle.staging/Startup/Sekolah QA COMPANY 2 not found

2022-10-29 19:16:08 - [MESSAGE][WARNING] - Object Object Repository/cicle.staging/Startup/Sekolah QA COMPANY 2 not found

2022-10-29 19:16:08 - [TEST_STEP][PASSED] - tap(findTestObject("cicle.staging/SekolahQAHeadQuarter/SekolahQAHeadquarter1"), 2, OPTIONAL): Tapped on element 'Object Repository/cicle.staging/SekolahQAHeadQuarter/SekolahQAHeadquarter1'

2022-10-29 19:16:09 - [MESSAGE][PASSED] - Tapped on element 'Object Repository/cicle.staging/SekolahQAHeadQuarter/SekolahQAHeadquarter1'

2022-10-29 19:16:09 - [MESSAGE][PASSED] - Call Test Case 'Test Cases/Sign in/TC_Sign in_CS-40' successfully

2022-10-29 19:16:09 - [TEST_STEP][PASSED] - tap(findTestObject("cicle.staging/Group Chat/GroupChatMenu"), 0): Tapped on element 'Object Repository/cicle.staging/Group Chat/GroupChatMenu'

2022-10-29 19:16:09 - [MESSAGE][WARNING] - Timeout '0' is invalid. Using default page load timeout: '30'

2022-10-29 19:16:09 - [MESSAGE][PASSED] - Tapped on element 'Object Repository/cicle.staging/Group Chat/GroupChatMenu'

2022-10-29 19:16:09 - [TEST_STEP][PASSED] - tap(findTestObject("cicle.staging/Group Chat/TypeMessage-Field"), 0): Tapped on element 'Object Repository/cicle.staging/Group Chat/TypeMessage-Field'

2022-10-29 19:16:09 - [MESSAGE][WARNING] - Timeout '0' is invalid. Using default page load timeout: '30'

2022-10-29 19:16:12 - [MESSAGE][PASSED] - Tapped on element 'Object Repository/cicle.staging/Group Chat/TypeMessage-Field'

2022-10-29 19:16:12 - [TEST_STEP][PASSED] - setText(findTestObject("cicle.staging/Group Chat/TypeMessage-Field"), findTestData("GroupChat/sendMessageonGroupChat").getValue(2, 1), 0): Text '' has been set to element 'Object Repository/cicle.staging/Group Chat/TypeMessage-Field'

2022-10-29 19:16:12 - [MESSAGE][WARNING] - Timeout '0' is invalid. Using default page load timeout: '30'

2022-10-29 19:16:12 - [MESSAGE][PASSED] - Text '' has been set to element 'Object Repository/cicle.staging/Group Chat/TypeMessage-Field'

2022-10-29 19:16:12 - [TEST_STEP][PASSED] - verifyElementNotVisible(findTestObject("cicle.staging/Group Chat/SendChat-Button"), 0): Element 'Object Repository/cicle.staging/Group Chat/SendChat-Button' not found

2022-10-29 19:16:12 - [MESSAGE][WARNING] - Timeout '0' is invalid. Using default page load timeout: '30'

2022-10-29 19:16:42 - [MESSAGE][PASSED] - Element 'Object Repository/cicle.staging/Group Chat/SendChat-Button' not found]]></system-out>
         <system-err><![CDATA[]]></system-err>
      </testcase>
      <testcase name="Test Cases/GroupChat/TC_Group Chat_CS-36" time="24.745" classname="Test Cases/GroupChat/TC_Group Chat_CS-36" status="PASSED">
         <system-out><![CDATA[2022-10-29 19:16:42 - [TEST_CASE][PASSED] - Test Cases/GroupChat/TC_Group Chat_CS-36: Test Cases/GroupChat/TC_Group Chat_CS-36

2022-10-29 19:16:42 - [TEST_STEP][PASSED] - callTestCase(findTestCase("Sign in/TC_Sign in_CS-40"), [:], STOP_ON_FAILURE): Call Test Case 'Test Cases/Sign in/TC_Sign in_CS-40' successfully

2022-10-29 19:16:42 - [TEST_CASE][PASSED] - Test Cases/Sign in/TC_Sign in_CS-40: Test Cases/Sign in/TC_Sign in_CS-40

2022-10-29 19:16:42 - [TEST_STEP][PASSED] - startApplication("/Users/sandikurnia/Downloads/apk-staging-for-iqbal.apk", false): Started app at: '/Users/sandikurnia/Downloads/apk-staging-for-iqbal.apk'

2022-10-29 19:16:48 - [MESSAGE][PASSED] - Started app at: '/Users/sandikurnia/Downloads/apk-staging-for-iqbal.apk'

2022-10-29 19:16:48 - [TEST_STEP][PASSED] - tap(findTestObject("cicle.staging/Startup/YesButtonWhenOpenitApp"), 2, OPTIONAL): Object Object Repository/cicle.staging/Startup/YesButtonWhenOpenitApp not found

2022-10-29 19:16:50 - [MESSAGE][WARNING] - Object Object Repository/cicle.staging/Startup/YesButtonWhenOpenitApp not found

2022-10-29 19:16:50 - [TEST_STEP][PASSED] - tap(findTestObject("cicle.staging/Startup/SkipButtonWhenOpenitApp"), 2, OPTIONAL): Object Object Repository/cicle.staging/Startup/SkipButtonWhenOpenitApp not found

2022-10-29 19:16:52 - [MESSAGE][WARNING] - Object Object Repository/cicle.staging/Startup/SkipButtonWhenOpenitApp not found

2022-10-29 19:16:52 - [TEST_STEP][PASSED] - tap(findTestObject("cicle.staging/Startup/GotoSignInButton"), 2, OPTIONAL): Object Object Repository/cicle.staging/Startup/GotoSignInButton not found

2022-10-29 19:16:54 - [MESSAGE][WARNING] - Object Object Repository/cicle.staging/Startup/GotoSignInButton not found

2022-10-29 19:16:54 - [TEST_STEP][PASSED] - tap(findTestObject("cicle.staging/Startup/SignInwithGoogleAccount"), 2, OPTIONAL): Object Object Repository/cicle.staging/Startup/SignInwithGoogleAccount not found

2022-10-29 19:16:56 - [MESSAGE][WARNING] - Object Object Repository/cicle.staging/Startup/SignInwithGoogleAccount not found

2022-10-29 19:16:56 - [TEST_STEP][PASSED] - tap(findTestObject("cicle.staging/Startup/LayoutLoginwithMyAccount"), 2, OPTIONAL): Object Object Repository/cicle.staging/Startup/LayoutLoginwithMyAccount not found

2022-10-29 19:16:59 - [MESSAGE][WARNING] - Object Object Repository/cicle.staging/Startup/LayoutLoginwithMyAccount not found

2022-10-29 19:16:59 - [TEST_STEP][PASSED] - tap(findTestObject("cicle.staging/Startup/Sekolah QA COMPANY 2"), 2, OPTIONAL): Object Object Repository/cicle.staging/Startup/Sekolah QA COMPANY 2 not found

2022-10-29 19:17:01 - [MESSAGE][WARNING] - Object Object Repository/cicle.staging/Startup/Sekolah QA COMPANY 2 not found

2022-10-29 19:17:01 - [TEST_STEP][PASSED] - tap(findTestObject("cicle.staging/SekolahQAHeadQuarter/SekolahQAHeadquarter1"), 2, OPTIONAL): Tapped on element 'Object Repository/cicle.staging/SekolahQAHeadQuarter/SekolahQAHeadquarter1'

2022-10-29 19:17:02 - [MESSAGE][PASSED] - Tapped on element 'Object Repository/cicle.staging/SekolahQAHeadQuarter/SekolahQAHeadquarter1'

2022-10-29 19:17:02 - [MESSAGE][PASSED] - Call Test Case 'Test Cases/Sign in/TC_Sign in_CS-40' successfully

2022-10-29 19:17:02 - [TEST_STEP][PASSED] - tap(findTestObject("cicle.staging/Group Chat/GroupChatMenu"), 0): Tapped on element 'Object Repository/cicle.staging/Group Chat/GroupChatMenu'

2022-10-29 19:17:02 - [MESSAGE][WARNING] - Timeout '0' is invalid. Using default page load timeout: '30'

2022-10-29 19:17:02 - [MESSAGE][PASSED] - Tapped on element 'Object Repository/cicle.staging/Group Chat/GroupChatMenu'

2022-10-29 19:17:02 - [TEST_STEP][PASSED] - tap(findTestObject("cicle.staging/Group Chat/TypeMessage-Field"), 0): Tapped on element 'Object Repository/cicle.staging/Group Chat/TypeMessage-Field'

2022-10-29 19:17:02 - [MESSAGE][WARNING] - Timeout '0' is invalid. Using default page load timeout: '30'

2022-10-29 19:17:04 - [MESSAGE][PASSED] - Tapped on element 'Object Repository/cicle.staging/Group Chat/TypeMessage-Field'

2022-10-29 19:17:04 - [TEST_STEP][PASSED] - setText(findTestObject("cicle.staging/Group Chat/TypeMessage-Field"), findTestData("GroupChat/sendMessageonGroupChat").getValue(2, 2), 0): Text '  ' has been set to element 'Object Repository/cicle.staging/Group Chat/TypeMessage-Field'

2022-10-29 19:17:04 - [MESSAGE][WARNING] - Timeout '0' is invalid. Using default page load timeout: '30'

2022-10-29 19:17:05 - [MESSAGE][PASSED] - Text '  ' has been set to element 'Object Repository/cicle.staging/Group Chat/TypeMessage-Field'

2022-10-29 19:17:05 - [TEST_STEP][PASSED] - tap(findTestObject("cicle.staging/Group Chat/SendChat-Button"), 0): Tapped on element 'Object Repository/cicle.staging/Group Chat/SendChat-Button'

2022-10-29 19:17:05 - [MESSAGE][WARNING] - Timeout '0' is invalid. Using default page load timeout: '30'

2022-10-29 19:17:07 - [MESSAGE][PASSED] - Tapped on element 'Object Repository/cicle.staging/Group Chat/SendChat-Button'

2022-10-29 19:17:07 - [TEST_STEP][PASSED] - verifyElementVisible(findTestObject("cicle.staging/Group Chat/Assertion-SendChat"), 0): Element 'Object Repository/cicle.staging/Group Chat/Assertion-SendChat' is visible

2022-10-29 19:17:07 - [MESSAGE][WARNING] - Timeout '0' is invalid. Using default page load timeout: '30'

2022-10-29 19:17:07 - [MESSAGE][PASSED] - Element 'Object Repository/cicle.staging/Group Chat/Assertion-SendChat' is visible]]></system-out>
         <system-err><![CDATA[]]></system-err>
      </testcase>
      <system-out><![CDATA[2022-10-29 19:15:16 - [TEST_SUITE][PASSED] - Cicle Staging Mobile App - Group Chat: Test Cases/GroupChat/TC_Group Chat_CS-36]]></system-out>
      <system-err><![CDATA[]]></system-err>
   </testsuite>
</testsuites>
