<?xml version="1.0" encoding="UTF-8"?>
<testsuites name="Cicle Staging Mobile App - Board" time="343.395" tests="11" failures="0" errors="0">
   <testsuite name="Cicle Staging Mobile App - Board" tests="11" failures="0" errors="0" time="343.395" skipped="0" timestamp="2022-10-31 07:31:05" hostname="sandikurnia - localhost" id="Test Suites/Cicle Staging Mobile App/Board/Cicle Staging Mobile App - Board">
      <properties>
         <property name="deviceName" value="emulator-5554 (Android SDK built for arm64 - Android 10)"/>
         <property name="devicePlatform" value=""/>
         <property name="logFolder" value="/Users/sandikurnia/Katalon Studio/smallProject/Reports/20221031_073052/Cicle Staging Mobile App/Board/Cicle Staging Mobile App - Board/20221031_073052"/>
         <property name="logFiles" value="/Users/sandikurnia/Katalon Studio/smallProject/Reports/20221031_073052/Cicle Staging Mobile App/Board/Cicle Staging Mobile App - Board/20221031_073052/execution0.log, /Users/sandikurnia/Katalon Studio/smallProject/Reports/20221031_073052/Cicle Staging Mobile App/Board/Cicle Staging Mobile App - Board/20221031_073052/appium.log"/>
         <property name="attachments" value=""/>
         <property name="hostName" value="sandikurnia - localhost"/>
         <property name="os" value="Mac OS X 64bit"/>
         <property name="appiumServerStatus" value="{&quot;value&quot;:{&quot;build&quot;:{&quot;version&quot;:&quot;1.22.3&quot;}},&quot;sessionId&quot;:null,&quot;status&quot;:0}"/>
         <property name="katalonVersion" value="8.4.1.208"/>
         <property name="deviceOS" value="Android"/>
         <property name="appiumVersion" value="1.22.3"/>
         <property name="deviceModel" value="Android SDK built for arm64"/>
         <property name="hostAddress" value="127.0.0.1"/>
         <property name="deviceManufacturer" value="Google"/>
         <property name="deviceId" value="emulator-5554"/>
         <property name="deviceName" value="emulator-5554 (Android SDK built for arm64 - Android 10)"/>
         <property name="deviceOSVersion" value="10"/>
      </properties>
      <testcase name="Test Cases/Board/TC_Board_CS-02" time="32.952" classname="Test Cases/Board/TC_Board_CS-02" status="PASSED">
         <system-out><![CDATA[2022-10-31 07:31:05 - [TEST_CASE][PASSED] - Test Cases/Board/TC_Board_CS-02: Test Cases/Board/TC_Board_CS-02

2022-10-31 07:31:06 - [TEST_STEP][PASSED] - callTestCase(findTestCase("Sign in/TC_Sign in_CS-40"), [:], STOP_ON_FAILURE): Call Test Case 'Test Cases/Sign in/TC_Sign in_CS-40' successfully

2022-10-31 07:31:06 - [TEST_CASE][PASSED] - Test Cases/Sign in/TC_Sign in_CS-40: Test Cases/Sign in/TC_Sign in_CS-40

2022-10-31 07:31:06 - [TEST_STEP][PASSED] - startApplication("/Users/sandikurnia/Downloads/apk-staging-for-iqbal.apk", false): Started app at: '/Users/sandikurnia/Downloads/apk-staging-for-iqbal.apk'

2022-10-31 07:31:07 - [MESSAGE][INFO] - Detected NodeJS location: "/opt/homebrew/Cellar/node/18.11.0/bin/node"

2022-10-31 07:31:08 - [MESSAGE][INFO] - Appium server started on port 55,744

2022-10-31 07:31:19 - [MESSAGE][PASSED] - Started app at: '/Users/sandikurnia/Downloads/apk-staging-for-iqbal.apk'

2022-10-31 07:31:19 - [TEST_STEP][PASSED] - tap(findTestObject("cicle.staging/Startup/YesButtonWhenOpenitApp"), 2, OPTIONAL): Object Object Repository/cicle.staging/Startup/YesButtonWhenOpenitApp not found

2022-10-31 07:31:21 - [MESSAGE][WARNING] - Object Object Repository/cicle.staging/Startup/YesButtonWhenOpenitApp not found

2022-10-31 07:31:21 - [TEST_STEP][PASSED] - tap(findTestObject("cicle.staging/Startup/SkipButtonWhenOpenitApp"), 2, OPTIONAL): Object Object Repository/cicle.staging/Startup/SkipButtonWhenOpenitApp not found

2022-10-31 07:31:23 - [MESSAGE][WARNING] - Object Object Repository/cicle.staging/Startup/SkipButtonWhenOpenitApp not found

2022-10-31 07:31:23 - [TEST_STEP][PASSED] - tap(findTestObject("cicle.staging/Startup/GotoSignInButton"), 2, OPTIONAL): Object Object Repository/cicle.staging/Startup/GotoSignInButton not found

2022-10-31 07:31:26 - [MESSAGE][WARNING] - Object Object Repository/cicle.staging/Startup/GotoSignInButton not found

2022-10-31 07:31:26 - [TEST_STEP][PASSED] - tap(findTestObject("cicle.staging/Startup/SignInwithGoogleAccount"), 2, OPTIONAL): Object Object Repository/cicle.staging/Startup/SignInwithGoogleAccount not found

2022-10-31 07:31:28 - [MESSAGE][WARNING] - Object Object Repository/cicle.staging/Startup/SignInwithGoogleAccount not found

2022-10-31 07:31:28 - [TEST_STEP][PASSED] - tap(findTestObject("cicle.staging/Startup/LayoutLoginwithMyAccount"), 2, OPTIONAL): Object Object Repository/cicle.staging/Startup/LayoutLoginwithMyAccount not found

2022-10-31 07:31:30 - [MESSAGE][WARNING] - Object Object Repository/cicle.staging/Startup/LayoutLoginwithMyAccount not found

2022-10-31 07:31:30 - [TEST_STEP][PASSED] - tap(findTestObject("cicle.staging/Startup/Sekolah QA COMPANY 2"), 2, OPTIONAL): Object Object Repository/cicle.staging/Startup/Sekolah QA COMPANY 2 not found

2022-10-31 07:31:32 - [MESSAGE][WARNING] - Object Object Repository/cicle.staging/Startup/Sekolah QA COMPANY 2 not found

2022-10-31 07:31:32 - [TEST_STEP][PASSED] - tap(findTestObject("cicle.staging/SekolahQAHeadQuarter/SekolahQAHeadquarter1"), 2, OPTIONAL): Tapped on element 'Object Repository/cicle.staging/SekolahQAHeadQuarter/SekolahQAHeadquarter1'

2022-10-31 07:31:34 - [MESSAGE][PASSED] - Tapped on element 'Object Repository/cicle.staging/SekolahQAHeadQuarter/SekolahQAHeadquarter1'

2022-10-31 07:31:34 - [MESSAGE][PASSED] - Call Test Case 'Test Cases/Sign in/TC_Sign in_CS-40' successfully

2022-10-31 07:31:34 - [TEST_STEP][PASSED] - tap(findTestObject("cicle.staging/Board/Board-Menu"), 0): Tapped on element 'Object Repository/cicle.staging/Board/Board-Menu'

2022-10-31 07:31:34 - [MESSAGE][WARNING] - Timeout '0' is invalid. Using default page load timeout: '30'

2022-10-31 07:31:34 - [MESSAGE][PASSED] - Tapped on element 'Object Repository/cicle.staging/Board/Board-Menu'

2022-10-31 07:31:34 - [TEST_STEP][PASSED] - tap(findTestObject("cicle.staging/Board/AddButtonOntheBottomRightSideBoard-Button"), 0): Tapped on element 'Object Repository/cicle.staging/Board/AddButtonOntheBottomRightSideBoard-Button'

2022-10-31 07:31:34 - [MESSAGE][WARNING] - Timeout '0' is invalid. Using default page load timeout: '30'

2022-10-31 07:31:36 - [MESSAGE][PASSED] - Tapped on element 'Object Repository/cicle.staging/Board/AddButtonOntheBottomRightSideBoard-Button'

2022-10-31 07:31:36 - [TEST_STEP][PASSED] - tap(findTestObject("cicle.staging/Board/Addnewlist-Field"), 0): Tapped on element 'Object Repository/cicle.staging/Board/Addnewlist-Field'

2022-10-31 07:31:36 - [MESSAGE][WARNING] - Timeout '0' is invalid. Using default page load timeout: '30'

2022-10-31 07:31:36 - [MESSAGE][PASSED] - Tapped on element 'Object Repository/cicle.staging/Board/Addnewlist-Field'

2022-10-31 07:31:36 - [TEST_STEP][PASSED] - setText(findTestObject("cicle.staging/Board/Addnewlist-Field"), findTestData("Board/BoardlListName/BoardlListName").getValue(1, 1), 0): Text 'Project by Sandi' has been set to element 'Object Repository/cicle.staging/Board/Addnewlist-Field'

2022-10-31 07:31:36 - [MESSAGE][WARNING] - Timeout '0' is invalid. Using default page load timeout: '30'

2022-10-31 07:31:36 - [MESSAGE][PASSED] - Text 'Project by Sandi' has been set to element 'Object Repository/cicle.staging/Board/Addnewlist-Field'

2022-10-31 07:31:36 - [TEST_STEP][PASSED] - tap(findTestObject("cicle.staging/Board/SubmitButton-Board"), 0): Tapped on element 'Object Repository/cicle.staging/Board/SubmitButton-Board'

2022-10-31 07:31:36 - [MESSAGE][WARNING] - Timeout '0' is invalid. Using default page load timeout: '30'

2022-10-31 07:31:38 - [MESSAGE][PASSED] - Tapped on element 'Object Repository/cicle.staging/Board/SubmitButton-Board']]></system-out>
         <system-err><![CDATA[]]></system-err>
      </testcase>
      <testcase name="Test Cases/Board/TC_Board_CS-03" time="23.564" classname="Test Cases/Board/TC_Board_CS-03" status="PASSED">
         <system-out><![CDATA[2022-10-31 07:31:38 - [TEST_CASE][PASSED] - Test Cases/Board/TC_Board_CS-03: Test Cases/Board/TC_Board_CS-03

2022-10-31 07:31:38 - [TEST_STEP][PASSED] - callTestCase(findTestCase("Sign in/TC_Sign in_CS-40"), [:], STOP_ON_FAILURE): Call Test Case 'Test Cases/Sign in/TC_Sign in_CS-40' successfully

2022-10-31 07:31:39 - [TEST_CASE][PASSED] - Test Cases/Sign in/TC_Sign in_CS-40: Test Cases/Sign in/TC_Sign in_CS-40

2022-10-31 07:31:39 - [TEST_STEP][PASSED] - startApplication("/Users/sandikurnia/Downloads/apk-staging-for-iqbal.apk", false): Started app at: '/Users/sandikurnia/Downloads/apk-staging-for-iqbal.apk'

2022-10-31 07:31:44 - [MESSAGE][PASSED] - Started app at: '/Users/sandikurnia/Downloads/apk-staging-for-iqbal.apk'

2022-10-31 07:31:44 - [TEST_STEP][PASSED] - tap(findTestObject("cicle.staging/Startup/YesButtonWhenOpenitApp"), 2, OPTIONAL): Object Object Repository/cicle.staging/Startup/YesButtonWhenOpenitApp not found

2022-10-31 07:31:46 - [MESSAGE][WARNING] - Object Object Repository/cicle.staging/Startup/YesButtonWhenOpenitApp not found

2022-10-31 07:31:46 - [TEST_STEP][PASSED] - tap(findTestObject("cicle.staging/Startup/SkipButtonWhenOpenitApp"), 2, OPTIONAL): Object Object Repository/cicle.staging/Startup/SkipButtonWhenOpenitApp not found

2022-10-31 07:31:48 - [MESSAGE][WARNING] - Object Object Repository/cicle.staging/Startup/SkipButtonWhenOpenitApp not found

2022-10-31 07:31:48 - [TEST_STEP][PASSED] - tap(findTestObject("cicle.staging/Startup/GotoSignInButton"), 2, OPTIONAL): Object Object Repository/cicle.staging/Startup/GotoSignInButton not found

2022-10-31 07:31:51 - [MESSAGE][WARNING] - Object Object Repository/cicle.staging/Startup/GotoSignInButton not found

2022-10-31 07:31:51 - [TEST_STEP][PASSED] - tap(findTestObject("cicle.staging/Startup/SignInwithGoogleAccount"), 2, OPTIONAL): Object Object Repository/cicle.staging/Startup/SignInwithGoogleAccount not found

2022-10-31 07:31:53 - [MESSAGE][WARNING] - Object Object Repository/cicle.staging/Startup/SignInwithGoogleAccount not found

2022-10-31 07:31:53 - [TEST_STEP][PASSED] - tap(findTestObject("cicle.staging/Startup/LayoutLoginwithMyAccount"), 2, OPTIONAL): Object Object Repository/cicle.staging/Startup/LayoutLoginwithMyAccount not found

2022-10-31 07:31:55 - [MESSAGE][WARNING] - Object Object Repository/cicle.staging/Startup/LayoutLoginwithMyAccount not found

2022-10-31 07:31:55 - [TEST_STEP][PASSED] - tap(findTestObject("cicle.staging/Startup/Sekolah QA COMPANY 2"), 2, OPTIONAL): Object Object Repository/cicle.staging/Startup/Sekolah QA COMPANY 2 not found

2022-10-31 07:31:57 - [MESSAGE][WARNING] - Object Object Repository/cicle.staging/Startup/Sekolah QA COMPANY 2 not found

2022-10-31 07:31:57 - [TEST_STEP][PASSED] - tap(findTestObject("cicle.staging/SekolahQAHeadQuarter/SekolahQAHeadquarter1"), 2, OPTIONAL): Tapped on element 'Object Repository/cicle.staging/SekolahQAHeadQuarter/SekolahQAHeadquarter1'

2022-10-31 07:31:57 - [MESSAGE][PASSED] - Tapped on element 'Object Repository/cicle.staging/SekolahQAHeadQuarter/SekolahQAHeadquarter1'

2022-10-31 07:31:57 - [MESSAGE][PASSED] - Call Test Case 'Test Cases/Sign in/TC_Sign in_CS-40' successfully

2022-10-31 07:31:57 - [TEST_STEP][PASSED] - tap(findTestObject("cicle.staging/Board/Board-Menu"), 0): Tapped on element 'Object Repository/cicle.staging/Board/Board-Menu'

2022-10-31 07:31:57 - [MESSAGE][WARNING] - Timeout '0' is invalid. Using default page load timeout: '30'

2022-10-31 07:31:59 - [MESSAGE][PASSED] - Tapped on element 'Object Repository/cicle.staging/Board/Board-Menu'

2022-10-31 07:31:59 - [TEST_STEP][PASSED] - tap(findTestObject("cicle.staging/Board/AddButtonOntheBottomRightSideBoard-Button"), 0): Tapped on element 'Object Repository/cicle.staging/Board/AddButtonOntheBottomRightSideBoard-Button'

2022-10-31 07:31:59 - [MESSAGE][WARNING] - Timeout '0' is invalid. Using default page load timeout: '30'

2022-10-31 07:32:01 - [MESSAGE][PASSED] - Tapped on element 'Object Repository/cicle.staging/Board/AddButtonOntheBottomRightSideBoard-Button'

2022-10-31 07:32:01 - [TEST_STEP][PASSED] - tap(findTestObject("cicle.staging/Board/Addnewlist-Field"), 0): Tapped on element 'Object Repository/cicle.staging/Board/Addnewlist-Field'

2022-10-31 07:32:01 - [MESSAGE][WARNING] - Timeout '0' is invalid. Using default page load timeout: '30'

2022-10-31 07:32:01 - [MESSAGE][PASSED] - Tapped on element 'Object Repository/cicle.staging/Board/Addnewlist-Field'

2022-10-31 07:32:01 - [TEST_STEP][PASSED] - setText(findTestObject("cicle.staging/Board/Addnewlist-Field"), findTestData("Board/BoardlListName/BoardlListName").getValue(1, 2), 0): Text '' has been set to element 'Object Repository/cicle.staging/Board/Addnewlist-Field'

2022-10-31 07:32:01 - [MESSAGE][WARNING] - Timeout '0' is invalid. Using default page load timeout: '30'

2022-10-31 07:32:01 - [MESSAGE][PASSED] - Text '' has been set to element 'Object Repository/cicle.staging/Board/Addnewlist-Field'

2022-10-31 07:32:01 - [TEST_STEP][PASSED] - tap(findTestObject("cicle.staging/Board/SubmitButton-Board"), 0): Tapped on element 'Object Repository/cicle.staging/Board/SubmitButton-Board'

2022-10-31 07:32:01 - [MESSAGE][WARNING] - Timeout '0' is invalid. Using default page load timeout: '30'

2022-10-31 07:32:02 - [MESSAGE][PASSED] - Tapped on element 'Object Repository/cicle.staging/Board/SubmitButton-Board']]></system-out>
         <system-err><![CDATA[]]></system-err>
      </testcase>
      <testcase name="Test Cases/Board/TC_Board_CS-04" time="23.86" classname="Test Cases/Board/TC_Board_CS-04" status="PASSED">
         <system-out><![CDATA[2022-10-31 07:32:02 - [TEST_CASE][PASSED] - Test Cases/Board/TC_Board_CS-04: Test Cases/Board/TC_Board_CS-04

2022-10-31 07:32:02 - [TEST_STEP][PASSED] - callTestCase(findTestCase("Sign in/TC_Sign in_CS-40"), [:], STOP_ON_FAILURE): Call Test Case 'Test Cases/Sign in/TC_Sign in_CS-40' successfully

2022-10-31 07:32:02 - [TEST_CASE][PASSED] - Test Cases/Sign in/TC_Sign in_CS-40: Test Cases/Sign in/TC_Sign in_CS-40

2022-10-31 07:32:02 - [TEST_STEP][PASSED] - startApplication("/Users/sandikurnia/Downloads/apk-staging-for-iqbal.apk", false): Started app at: '/Users/sandikurnia/Downloads/apk-staging-for-iqbal.apk'

2022-10-31 07:32:07 - [MESSAGE][PASSED] - Started app at: '/Users/sandikurnia/Downloads/apk-staging-for-iqbal.apk'

2022-10-31 07:32:07 - [TEST_STEP][PASSED] - tap(findTestObject("cicle.staging/Startup/YesButtonWhenOpenitApp"), 2, OPTIONAL): Object Object Repository/cicle.staging/Startup/YesButtonWhenOpenitApp not found

2022-10-31 07:32:10 - [MESSAGE][WARNING] - Object Object Repository/cicle.staging/Startup/YesButtonWhenOpenitApp not found

2022-10-31 07:32:10 - [TEST_STEP][PASSED] - tap(findTestObject("cicle.staging/Startup/SkipButtonWhenOpenitApp"), 2, OPTIONAL): Object Object Repository/cicle.staging/Startup/SkipButtonWhenOpenitApp not found

2022-10-31 07:32:12 - [MESSAGE][WARNING] - Object Object Repository/cicle.staging/Startup/SkipButtonWhenOpenitApp not found

2022-10-31 07:32:12 - [TEST_STEP][PASSED] - tap(findTestObject("cicle.staging/Startup/GotoSignInButton"), 2, OPTIONAL): Object Object Repository/cicle.staging/Startup/GotoSignInButton not found

2022-10-31 07:32:14 - [MESSAGE][WARNING] - Object Object Repository/cicle.staging/Startup/GotoSignInButton not found

2022-10-31 07:32:14 - [TEST_STEP][PASSED] - tap(findTestObject("cicle.staging/Startup/SignInwithGoogleAccount"), 2, OPTIONAL): Object Object Repository/cicle.staging/Startup/SignInwithGoogleAccount not found

2022-10-31 07:32:16 - [MESSAGE][WARNING] - Object Object Repository/cicle.staging/Startup/SignInwithGoogleAccount not found

2022-10-31 07:32:16 - [TEST_STEP][PASSED] - tap(findTestObject("cicle.staging/Startup/LayoutLoginwithMyAccount"), 2, OPTIONAL): Object Object Repository/cicle.staging/Startup/LayoutLoginwithMyAccount not found

2022-10-31 07:32:18 - [MESSAGE][WARNING] - Object Object Repository/cicle.staging/Startup/LayoutLoginwithMyAccount not found

2022-10-31 07:32:18 - [TEST_STEP][PASSED] - tap(findTestObject("cicle.staging/Startup/Sekolah QA COMPANY 2"), 2, OPTIONAL): Object Object Repository/cicle.staging/Startup/Sekolah QA COMPANY 2 not found

2022-10-31 07:32:20 - [MESSAGE][WARNING] - Object Object Repository/cicle.staging/Startup/Sekolah QA COMPANY 2 not found

2022-10-31 07:32:20 - [TEST_STEP][PASSED] - tap(findTestObject("cicle.staging/SekolahQAHeadQuarter/SekolahQAHeadquarter1"), 2, OPTIONAL): Tapped on element 'Object Repository/cicle.staging/SekolahQAHeadQuarter/SekolahQAHeadquarter1'

2022-10-31 07:32:21 - [MESSAGE][PASSED] - Tapped on element 'Object Repository/cicle.staging/SekolahQAHeadQuarter/SekolahQAHeadquarter1'

2022-10-31 07:32:21 - [MESSAGE][PASSED] - Call Test Case 'Test Cases/Sign in/TC_Sign in_CS-40' successfully

2022-10-31 07:32:21 - [TEST_STEP][PASSED] - tap(findTestObject("cicle.staging/Board/Board-Menu"), 0): Tapped on element 'Object Repository/cicle.staging/Board/Board-Menu'

2022-10-31 07:32:21 - [MESSAGE][WARNING] - Timeout '0' is invalid. Using default page load timeout: '30'

2022-10-31 07:32:22 - [MESSAGE][PASSED] - Tapped on element 'Object Repository/cicle.staging/Board/Board-Menu'

2022-10-31 07:32:22 - [TEST_STEP][PASSED] - tap(findTestObject("cicle.staging/Board/Card/AddNewCard-Button"), 0): Tapped on element 'Object Repository/cicle.staging/Board/Card/AddNewCard-Button'

2022-10-31 07:32:22 - [MESSAGE][WARNING] - Timeout '0' is invalid. Using default page load timeout: '30'

2022-10-31 07:32:24 - [MESSAGE][PASSED] - Tapped on element 'Object Repository/cicle.staging/Board/Card/AddNewCard-Button'

2022-10-31 07:32:24 - [TEST_STEP][PASSED] - tap(findTestObject("cicle.staging/Board/Card/YourCardName-Field"), 0): Tapped on element 'Object Repository/cicle.staging/Board/Card/YourCardName-Field'

2022-10-31 07:32:24 - [MESSAGE][WARNING] - Timeout '0' is invalid. Using default page load timeout: '30'

2022-10-31 07:32:24 - [MESSAGE][PASSED] - Tapped on element 'Object Repository/cicle.staging/Board/Card/YourCardName-Field'

2022-10-31 07:32:24 - [TEST_STEP][PASSED] - setText(findTestObject("cicle.staging/Board/Card/YourCardName-Field"), findTestData("Board/Card/CardName").getValue(1, 1), 0): Text 'Sandi' has been set to element 'Object Repository/cicle.staging/Board/Card/YourCardName-Field'

2022-10-31 07:32:24 - [MESSAGE][WARNING] - Timeout '0' is invalid. Using default page load timeout: '30'

2022-10-31 07:32:24 - [MESSAGE][PASSED] - Text 'Sandi' has been set to element 'Object Repository/cicle.staging/Board/Card/YourCardName-Field'

2022-10-31 07:32:24 - [TEST_STEP][PASSED] - tap(findTestObject("cicle.staging/Board/Check-Button"), 0): Tapped on element 'Object Repository/cicle.staging/Board/Check-Button'

2022-10-31 07:32:24 - [MESSAGE][WARNING] - Timeout '0' is invalid. Using default page load timeout: '30'

2022-10-31 07:32:26 - [MESSAGE][PASSED] - Tapped on element 'Object Repository/cicle.staging/Board/Check-Button']]></system-out>
         <system-err><![CDATA[]]></system-err>
      </testcase>
      <testcase name="Test Cases/Board/TC_Board_CS-05" time="22.15" classname="Test Cases/Board/TC_Board_CS-05" status="PASSED">
         <system-out><![CDATA[2022-10-31 07:32:26 - [TEST_CASE][PASSED] - Test Cases/Board/TC_Board_CS-05: Test Cases/Board/TC_Board_CS-05

2022-10-31 07:32:26 - [TEST_STEP][PASSED] - callTestCase(findTestCase("Sign in/TC_Sign in_CS-40"), [:], STOP_ON_FAILURE): Call Test Case 'Test Cases/Sign in/TC_Sign in_CS-40' successfully

2022-10-31 07:32:26 - [TEST_CASE][PASSED] - Test Cases/Sign in/TC_Sign in_CS-40: Test Cases/Sign in/TC_Sign in_CS-40

2022-10-31 07:32:26 - [TEST_STEP][PASSED] - startApplication("/Users/sandikurnia/Downloads/apk-staging-for-iqbal.apk", false): Started app at: '/Users/sandikurnia/Downloads/apk-staging-for-iqbal.apk'

2022-10-31 07:32:31 - [MESSAGE][PASSED] - Started app at: '/Users/sandikurnia/Downloads/apk-staging-for-iqbal.apk'

2022-10-31 07:32:31 - [TEST_STEP][PASSED] - tap(findTestObject("cicle.staging/Startup/YesButtonWhenOpenitApp"), 2, OPTIONAL): Object Object Repository/cicle.staging/Startup/YesButtonWhenOpenitApp not found

2022-10-31 07:32:33 - [MESSAGE][WARNING] - Object Object Repository/cicle.staging/Startup/YesButtonWhenOpenitApp not found

2022-10-31 07:32:33 - [TEST_STEP][PASSED] - tap(findTestObject("cicle.staging/Startup/SkipButtonWhenOpenitApp"), 2, OPTIONAL): Object Object Repository/cicle.staging/Startup/SkipButtonWhenOpenitApp not found

2022-10-31 07:32:36 - [MESSAGE][WARNING] - Object Object Repository/cicle.staging/Startup/SkipButtonWhenOpenitApp not found

2022-10-31 07:32:36 - [TEST_STEP][PASSED] - tap(findTestObject("cicle.staging/Startup/GotoSignInButton"), 2, OPTIONAL): Object Object Repository/cicle.staging/Startup/GotoSignInButton not found

2022-10-31 07:32:38 - [MESSAGE][WARNING] - Object Object Repository/cicle.staging/Startup/GotoSignInButton not found

2022-10-31 07:32:38 - [TEST_STEP][PASSED] - tap(findTestObject("cicle.staging/Startup/SignInwithGoogleAccount"), 2, OPTIONAL): Object Object Repository/cicle.staging/Startup/SignInwithGoogleAccount not found

2022-10-31 07:32:40 - [MESSAGE][WARNING] - Object Object Repository/cicle.staging/Startup/SignInwithGoogleAccount not found

2022-10-31 07:32:40 - [TEST_STEP][PASSED] - tap(findTestObject("cicle.staging/Startup/LayoutLoginwithMyAccount"), 2, OPTIONAL): Object Object Repository/cicle.staging/Startup/LayoutLoginwithMyAccount not found

2022-10-31 07:32:42 - [MESSAGE][WARNING] - Object Object Repository/cicle.staging/Startup/LayoutLoginwithMyAccount not found

2022-10-31 07:32:42 - [TEST_STEP][PASSED] - tap(findTestObject("cicle.staging/Startup/Sekolah QA COMPANY 2"), 2, OPTIONAL): Object Object Repository/cicle.staging/Startup/Sekolah QA COMPANY 2 not found

2022-10-31 07:32:44 - [MESSAGE][WARNING] - Object Object Repository/cicle.staging/Startup/Sekolah QA COMPANY 2 not found

2022-10-31 07:32:44 - [TEST_STEP][PASSED] - tap(findTestObject("cicle.staging/SekolahQAHeadQuarter/SekolahQAHeadquarter1"), 2, OPTIONAL): Tapped on element 'Object Repository/cicle.staging/SekolahQAHeadQuarter/SekolahQAHeadquarter1'

2022-10-31 07:32:45 - [MESSAGE][PASSED] - Tapped on element 'Object Repository/cicle.staging/SekolahQAHeadQuarter/SekolahQAHeadquarter1'

2022-10-31 07:32:45 - [MESSAGE][PASSED] - Call Test Case 'Test Cases/Sign in/TC_Sign in_CS-40' successfully

2022-10-31 07:32:45 - [TEST_STEP][PASSED] - tap(findTestObject("cicle.staging/Board/Board-Menu"), 0): Tapped on element 'Object Repository/cicle.staging/Board/Board-Menu'

2022-10-31 07:32:46 - [MESSAGE][WARNING] - Timeout '0' is invalid. Using default page load timeout: '30'

2022-10-31 07:32:46 - [MESSAGE][PASSED] - Tapped on element 'Object Repository/cicle.staging/Board/Board-Menu'

2022-10-31 07:32:46 - [TEST_STEP][PASSED] - tap(findTestObject("cicle.staging/Board/Card/AddNewCard-Button"), 0): Tapped on element 'Object Repository/cicle.staging/Board/Card/AddNewCard-Button'

2022-10-31 07:32:46 - [MESSAGE][WARNING] - Timeout '0' is invalid. Using default page load timeout: '30'

2022-10-31 07:32:47 - [MESSAGE][PASSED] - Tapped on element 'Object Repository/cicle.staging/Board/Card/AddNewCard-Button'

2022-10-31 07:32:47 - [TEST_STEP][PASSED] - tap(findTestObject("cicle.staging/Board/Card/YourCardName-Field"), 0): Tapped on element 'Object Repository/cicle.staging/Board/Card/YourCardName-Field'

2022-10-31 07:32:47 - [MESSAGE][WARNING] - Timeout '0' is invalid. Using default page load timeout: '30'

2022-10-31 07:32:47 - [MESSAGE][PASSED] - Tapped on element 'Object Repository/cicle.staging/Board/Card/YourCardName-Field'

2022-10-31 07:32:47 - [TEST_STEP][PASSED] - setText(findTestObject("cicle.staging/Board/Card/YourCardName-Field"), findTestData("Board/Card/CardName").getValue(1, 2), 0): Text '' has been set to element 'Object Repository/cicle.staging/Board/Card/YourCardName-Field'

2022-10-31 07:32:48 - [MESSAGE][WARNING] - Timeout '0' is invalid. Using default page load timeout: '30'

2022-10-31 07:32:48 - [MESSAGE][PASSED] - Text '' has been set to element 'Object Repository/cicle.staging/Board/Card/YourCardName-Field'

2022-10-31 07:32:48 - [TEST_STEP][PASSED] - tap(findTestObject("cicle.staging/Board/Check-Button"), 0): Tapped on element 'Object Repository/cicle.staging/Board/Check-Button'

2022-10-31 07:32:48 - [MESSAGE][WARNING] - Timeout '0' is invalid. Using default page load timeout: '30'

2022-10-31 07:32:48 - [MESSAGE][PASSED] - Tapped on element 'Object Repository/cicle.staging/Board/Check-Button']]></system-out>
         <system-err><![CDATA[]]></system-err>
      </testcase>
      <testcase name="Test Cases/Board/TC_Board_CS-06" time="30.114" classname="Test Cases/Board/TC_Board_CS-06" status="PASSED">
         <system-out><![CDATA[2022-10-31 07:32:48 - [TEST_CASE][PASSED] - Test Cases/Board/TC_Board_CS-06: Test Cases/Board/TC_Board_CS-06

2022-10-31 07:32:48 - [TEST_STEP][PASSED] - callTestCase(findTestCase("Sign in/TC_Sign in_CS-40"), [:], STOP_ON_FAILURE): Call Test Case 'Test Cases/Sign in/TC_Sign in_CS-40' successfully

2022-10-31 07:32:48 - [TEST_CASE][PASSED] - Test Cases/Sign in/TC_Sign in_CS-40: Test Cases/Sign in/TC_Sign in_CS-40

2022-10-31 07:32:48 - [TEST_STEP][PASSED] - startApplication("/Users/sandikurnia/Downloads/apk-staging-for-iqbal.apk", false): Started app at: '/Users/sandikurnia/Downloads/apk-staging-for-iqbal.apk'

2022-10-31 07:32:53 - [MESSAGE][PASSED] - Started app at: '/Users/sandikurnia/Downloads/apk-staging-for-iqbal.apk'

2022-10-31 07:32:53 - [TEST_STEP][PASSED] - tap(findTestObject("cicle.staging/Startup/YesButtonWhenOpenitApp"), 2, OPTIONAL): Object Object Repository/cicle.staging/Startup/YesButtonWhenOpenitApp not found

2022-10-31 07:32:56 - [MESSAGE][WARNING] - Object Object Repository/cicle.staging/Startup/YesButtonWhenOpenitApp not found

2022-10-31 07:32:56 - [TEST_STEP][PASSED] - tap(findTestObject("cicle.staging/Startup/SkipButtonWhenOpenitApp"), 2, OPTIONAL): Object Object Repository/cicle.staging/Startup/SkipButtonWhenOpenitApp not found

2022-10-31 07:32:58 - [MESSAGE][WARNING] - Object Object Repository/cicle.staging/Startup/SkipButtonWhenOpenitApp not found

2022-10-31 07:32:58 - [TEST_STEP][PASSED] - tap(findTestObject("cicle.staging/Startup/GotoSignInButton"), 2, OPTIONAL): Object Object Repository/cicle.staging/Startup/GotoSignInButton not found

2022-10-31 07:33:00 - [MESSAGE][WARNING] - Object Object Repository/cicle.staging/Startup/GotoSignInButton not found

2022-10-31 07:33:00 - [TEST_STEP][PASSED] - tap(findTestObject("cicle.staging/Startup/SignInwithGoogleAccount"), 2, OPTIONAL): Object Object Repository/cicle.staging/Startup/SignInwithGoogleAccount not found

2022-10-31 07:33:02 - [MESSAGE][WARNING] - Object Object Repository/cicle.staging/Startup/SignInwithGoogleAccount not found

2022-10-31 07:33:02 - [TEST_STEP][PASSED] - tap(findTestObject("cicle.staging/Startup/LayoutLoginwithMyAccount"), 2, OPTIONAL): Object Object Repository/cicle.staging/Startup/LayoutLoginwithMyAccount not found

2022-10-31 07:33:04 - [MESSAGE][WARNING] - Object Object Repository/cicle.staging/Startup/LayoutLoginwithMyAccount not found

2022-10-31 07:33:04 - [TEST_STEP][PASSED] - tap(findTestObject("cicle.staging/Startup/Sekolah QA COMPANY 2"), 2, OPTIONAL): Object Object Repository/cicle.staging/Startup/Sekolah QA COMPANY 2 not found

2022-10-31 07:33:06 - [MESSAGE][WARNING] - Object Object Repository/cicle.staging/Startup/Sekolah QA COMPANY 2 not found

2022-10-31 07:33:06 - [TEST_STEP][PASSED] - tap(findTestObject("cicle.staging/SekolahQAHeadQuarter/SekolahQAHeadquarter1"), 2, OPTIONAL): Tapped on element 'Object Repository/cicle.staging/SekolahQAHeadQuarter/SekolahQAHeadquarter1'

2022-10-31 07:33:07 - [MESSAGE][PASSED] - Tapped on element 'Object Repository/cicle.staging/SekolahQAHeadQuarter/SekolahQAHeadquarter1'

2022-10-31 07:33:07 - [MESSAGE][PASSED] - Call Test Case 'Test Cases/Sign in/TC_Sign in_CS-40' successfully

2022-10-31 07:33:07 - [TEST_STEP][PASSED] - tap(findTestObject("cicle.staging/Board/Board-Menu"), 0): Tapped on element 'Object Repository/cicle.staging/Board/Board-Menu'

2022-10-31 07:33:08 - [MESSAGE][WARNING] - Timeout '0' is invalid. Using default page load timeout: '30'

2022-10-31 07:33:08 - [MESSAGE][PASSED] - Tapped on element 'Object Repository/cicle.staging/Board/Board-Menu'

2022-10-31 07:33:08 - [TEST_STEP][PASSED] - tap(findTestObject("cicle.staging/Board/Card/userCardAccount"), 0): Tapped on element 'Object Repository/cicle.staging/Board/Card/userCardAccount'

2022-10-31 07:33:08 - [MESSAGE][WARNING] - Timeout '0' is invalid. Using default page load timeout: '30'

2022-10-31 07:33:09 - [MESSAGE][PASSED] - Tapped on element 'Object Repository/cicle.staging/Board/Card/userCardAccount'

2022-10-31 07:33:09 - [TEST_STEP][PASSED] - tap(findTestObject("cicle.staging/Board/Label/Label-Button"), 0): Tapped on element 'Object Repository/cicle.staging/Board/Label/Label-Button'

2022-10-31 07:33:09 - [MESSAGE][WARNING] - Timeout '0' is invalid. Using default page load timeout: '30'

2022-10-31 07:33:12 - [MESSAGE][PASSED] - Tapped on element 'Object Repository/cicle.staging/Board/Label/Label-Button'

2022-10-31 07:33:12 - [TEST_STEP][PASSED] - tap(findTestObject("cicle.staging/Board/Label/Label-CreateNewLabel"), 0, OPTIONAL): Tapped on element 'Object Repository/cicle.staging/Board/Label/Label-CreateNewLabel'

2022-10-31 07:33:12 - [MESSAGE][WARNING] - Timeout '0' is invalid. Using default page load timeout: '30'

2022-10-31 07:33:13 - [MESSAGE][PASSED] - Tapped on element 'Object Repository/cicle.staging/Board/Label/Label-CreateNewLabel'

2022-10-31 07:33:13 - [TEST_STEP][PASSED] - tap(findTestObject("cicle.staging/Board/Label/NameYourLabel-Field"), 0): Tapped on element 'Object Repository/cicle.staging/Board/Label/NameYourLabel-Field'

2022-10-31 07:33:13 - [MESSAGE][WARNING] - Timeout '0' is invalid. Using default page load timeout: '30'

2022-10-31 07:33:13 - [MESSAGE][PASSED] - Tapped on element 'Object Repository/cicle.staging/Board/Label/NameYourLabel-Field'

2022-10-31 07:33:13 - [TEST_STEP][PASSED] - setText(findTestObject("cicle.staging/Board/Label/NameYourLabel-Field"), findTestData("Board/Label/LabelName").getValue(1, 1), 0): Text 'Sunday' has been set to element 'Object Repository/cicle.staging/Board/Label/NameYourLabel-Field'

2022-10-31 07:33:14 - [MESSAGE][WARNING] - Timeout '0' is invalid. Using default page load timeout: '30'

2022-10-31 07:33:14 - [MESSAGE][PASSED] - Text 'Sunday' has been set to element 'Object Repository/cicle.staging/Board/Label/NameYourLabel-Field'

2022-10-31 07:33:14 - [TEST_STEP][PASSED] - tap(findTestObject("cicle.staging/Board/Label/LabelColor-Green01"), 0): Tapped on element 'Object Repository/cicle.staging/Board/Label/LabelColor-Green01'

2022-10-31 07:33:14 - [MESSAGE][WARNING] - Timeout '0' is invalid. Using default page load timeout: '30'

2022-10-31 07:33:15 - [MESSAGE][PASSED] - Tapped on element 'Object Repository/cicle.staging/Board/Label/LabelColor-Green01'

2022-10-31 07:33:15 - [TEST_STEP][PASSED] - hideKeyboard(): Keyboard is hidden

2022-10-31 07:33:15 - [MESSAGE][PASSED] - Keyboard is hidden

2022-10-31 07:33:15 - [TEST_STEP][PASSED] - tap(findTestObject("cicle.staging/Board/Label/SubmitLabel-Button"), 0): Tapped on element 'Object Repository/cicle.staging/Board/Label/SubmitLabel-Button'

2022-10-31 07:33:15 - [MESSAGE][WARNING] - Timeout '0' is invalid. Using default page load timeout: '30'

2022-10-31 07:33:16 - [MESSAGE][PASSED] - Tapped on element 'Object Repository/cicle.staging/Board/Label/SubmitLabel-Button'

2022-10-31 07:33:16 - [TEST_STEP][PASSED] - verifyElementVisible(findTestObject("cicle.staging/Board/Label/Assertion-Label-CreatingLabelForThisBoardSuccess"), 0): Element 'Object Repository/cicle.staging/Board/Label/Assertion-Label-CreatingLabelForThisBoardSuccess' is visible

2022-10-31 07:33:17 - [MESSAGE][WARNING] - Timeout '0' is invalid. Using default page load timeout: '30'

2022-10-31 07:33:18 - [MESSAGE][PASSED] - Element 'Object Repository/cicle.staging/Board/Label/Assertion-Label-CreatingLabelForThisBoardSuccess' is visible]]></system-out>
         <system-err><![CDATA[]]></system-err>
      </testcase>
      <testcase name="Test Cases/Board/TC_Board_CS-07" time="29.662" classname="Test Cases/Board/TC_Board_CS-07" status="PASSED">
         <system-out><![CDATA[2022-10-31 07:33:18 - [TEST_CASE][PASSED] - Test Cases/Board/TC_Board_CS-07: Test Cases/Board/TC_Board_CS-07

2022-10-31 07:33:18 - [TEST_STEP][PASSED] - callTestCase(findTestCase("Sign in/TC_Sign in_CS-40"), [:], STOP_ON_FAILURE): Call Test Case 'Test Cases/Sign in/TC_Sign in_CS-40' successfully

2022-10-31 07:33:18 - [TEST_CASE][PASSED] - Test Cases/Sign in/TC_Sign in_CS-40: Test Cases/Sign in/TC_Sign in_CS-40

2022-10-31 07:33:18 - [TEST_STEP][PASSED] - startApplication("/Users/sandikurnia/Downloads/apk-staging-for-iqbal.apk", false): Started app at: '/Users/sandikurnia/Downloads/apk-staging-for-iqbal.apk'

2022-10-31 07:33:23 - [MESSAGE][PASSED] - Started app at: '/Users/sandikurnia/Downloads/apk-staging-for-iqbal.apk'

2022-10-31 07:33:23 - [TEST_STEP][PASSED] - tap(findTestObject("cicle.staging/Startup/YesButtonWhenOpenitApp"), 2, OPTIONAL): Object Object Repository/cicle.staging/Startup/YesButtonWhenOpenitApp not found

2022-10-31 07:33:26 - [MESSAGE][WARNING] - Object Object Repository/cicle.staging/Startup/YesButtonWhenOpenitApp not found

2022-10-31 07:33:26 - [TEST_STEP][PASSED] - tap(findTestObject("cicle.staging/Startup/SkipButtonWhenOpenitApp"), 2, OPTIONAL): Object Object Repository/cicle.staging/Startup/SkipButtonWhenOpenitApp not found

2022-10-31 07:33:28 - [MESSAGE][WARNING] - Object Object Repository/cicle.staging/Startup/SkipButtonWhenOpenitApp not found

2022-10-31 07:33:28 - [TEST_STEP][PASSED] - tap(findTestObject("cicle.staging/Startup/GotoSignInButton"), 2, OPTIONAL): Object Object Repository/cicle.staging/Startup/GotoSignInButton not found

2022-10-31 07:33:30 - [MESSAGE][WARNING] - Object Object Repository/cicle.staging/Startup/GotoSignInButton not found

2022-10-31 07:33:30 - [TEST_STEP][PASSED] - tap(findTestObject("cicle.staging/Startup/SignInwithGoogleAccount"), 2, OPTIONAL): Object Object Repository/cicle.staging/Startup/SignInwithGoogleAccount not found

2022-10-31 07:33:33 - [MESSAGE][WARNING] - Object Object Repository/cicle.staging/Startup/SignInwithGoogleAccount not found

2022-10-31 07:33:33 - [TEST_STEP][PASSED] - tap(findTestObject("cicle.staging/Startup/LayoutLoginwithMyAccount"), 2, OPTIONAL): Object Object Repository/cicle.staging/Startup/LayoutLoginwithMyAccount not found

2022-10-31 07:33:35 - [MESSAGE][WARNING] - Object Object Repository/cicle.staging/Startup/LayoutLoginwithMyAccount not found

2022-10-31 07:33:35 - [TEST_STEP][PASSED] - tap(findTestObject("cicle.staging/Startup/Sekolah QA COMPANY 2"), 2, OPTIONAL): Object Object Repository/cicle.staging/Startup/Sekolah QA COMPANY 2 not found

2022-10-31 07:33:37 - [MESSAGE][WARNING] - Object Object Repository/cicle.staging/Startup/Sekolah QA COMPANY 2 not found

2022-10-31 07:33:37 - [TEST_STEP][PASSED] - tap(findTestObject("cicle.staging/SekolahQAHeadQuarter/SekolahQAHeadquarter1"), 2, OPTIONAL): Tapped on element 'Object Repository/cicle.staging/SekolahQAHeadQuarter/SekolahQAHeadquarter1'

2022-10-31 07:33:38 - [MESSAGE][PASSED] - Tapped on element 'Object Repository/cicle.staging/SekolahQAHeadQuarter/SekolahQAHeadquarter1'

2022-10-31 07:33:38 - [MESSAGE][PASSED] - Call Test Case 'Test Cases/Sign in/TC_Sign in_CS-40' successfully

2022-10-31 07:33:38 - [TEST_STEP][PASSED] - tap(findTestObject("cicle.staging/Board/Board-Menu"), 0): Tapped on element 'Object Repository/cicle.staging/Board/Board-Menu'

2022-10-31 07:33:38 - [MESSAGE][WARNING] - Timeout '0' is invalid. Using default page load timeout: '30'

2022-10-31 07:33:38 - [MESSAGE][PASSED] - Tapped on element 'Object Repository/cicle.staging/Board/Board-Menu'

2022-10-31 07:33:38 - [TEST_STEP][PASSED] - tap(findTestObject("cicle.staging/Board/Card/userCardAccount"), 0): Tapped on element 'Object Repository/cicle.staging/Board/Card/userCardAccount'

2022-10-31 07:33:38 - [MESSAGE][WARNING] - Timeout '0' is invalid. Using default page load timeout: '30'

2022-10-31 07:33:40 - [MESSAGE][PASSED] - Tapped on element 'Object Repository/cicle.staging/Board/Card/userCardAccount'

2022-10-31 07:33:40 - [TEST_STEP][PASSED] - tap(findTestObject("cicle.staging/Board/Label/Label-Button"), 0): Tapped on element 'Object Repository/cicle.staging/Board/Label/Label-Button'

2022-10-31 07:33:40 - [MESSAGE][WARNING] - Timeout '0' is invalid. Using default page load timeout: '30'

2022-10-31 07:33:42 - [MESSAGE][PASSED] - Tapped on element 'Object Repository/cicle.staging/Board/Label/Label-Button'

2022-10-31 07:33:42 - [TEST_STEP][PASSED] - tap(findTestObject("cicle.staging/Board/Label/Label-CreateNewLabel"), 3, OPTIONAL): Object Object Repository/cicle.staging/Board/Label/Label-CreateNewLabel not found

2022-10-31 07:33:45 - [MESSAGE][WARNING] - Object Object Repository/cicle.staging/Board/Label/Label-CreateNewLabel not found

2022-10-31 07:33:45 - [TEST_STEP][PASSED] - tap(findTestObject("cicle.staging/Board/Label/NameYourLabel-Field"), 0): Tapped on element 'Object Repository/cicle.staging/Board/Label/NameYourLabel-Field'

2022-10-31 07:33:45 - [MESSAGE][WARNING] - Timeout '0' is invalid. Using default page load timeout: '30'

2022-10-31 07:33:45 - [MESSAGE][PASSED] - Tapped on element 'Object Repository/cicle.staging/Board/Label/NameYourLabel-Field'

2022-10-31 07:33:45 - [TEST_STEP][PASSED] - setText(findTestObject("cicle.staging/Board/Label/NameYourLabel-Field"), findTestData("Board/Label/LabelName").getValue(1, 2), 0): Text '' has been set to element 'Object Repository/cicle.staging/Board/Label/NameYourLabel-Field'

2022-10-31 07:33:45 - [MESSAGE][WARNING] - Timeout '0' is invalid. Using default page load timeout: '30'

2022-10-31 07:33:46 - [MESSAGE][PASSED] - Text '' has been set to element 'Object Repository/cicle.staging/Board/Label/NameYourLabel-Field'

2022-10-31 07:33:46 - [TEST_STEP][PASSED] - tap(findTestObject("cicle.staging/Board/Label/LabelColor-Navy01"), 0): Tapped on element 'Object Repository/cicle.staging/Board/Label/LabelColor-Navy01'

2022-10-31 07:33:46 - [MESSAGE][WARNING] - Timeout '0' is invalid. Using default page load timeout: '30'

2022-10-31 07:33:46 - [MESSAGE][PASSED] - Tapped on element 'Object Repository/cicle.staging/Board/Label/LabelColor-Navy01'

2022-10-31 07:33:46 - [TEST_STEP][PASSED] - hideKeyboard(): Keyboard is hidden

2022-10-31 07:33:46 - [MESSAGE][PASSED] - Keyboard is hidden

2022-10-31 07:33:46 - [TEST_STEP][PASSED] - tap(findTestObject("cicle.staging/Board/Label/SubmitLabel-Button"), 0): Tapped on element 'Object Repository/cicle.staging/Board/Label/SubmitLabel-Button'

2022-10-31 07:33:47 - [MESSAGE][WARNING] - Timeout '0' is invalid. Using default page load timeout: '30'

2022-10-31 07:33:48 - [MESSAGE][PASSED] - Tapped on element 'Object Repository/cicle.staging/Board/Label/SubmitLabel-Button']]></system-out>
         <system-err><![CDATA[]]></system-err>
      </testcase>
      <testcase name="Test Cases/Board/TC_Board_CS-08" time="28.276" classname="Test Cases/Board/TC_Board_CS-08" status="PASSED">
         <system-out><![CDATA[2022-10-31 07:33:48 - [TEST_CASE][PASSED] - Test Cases/Board/TC_Board_CS-08: Test Cases/Board/TC_Board_CS-08

2022-10-31 07:33:48 - [TEST_STEP][PASSED] - callTestCase(findTestCase("Sign in/TC_Sign in_CS-40"), [:], STOP_ON_FAILURE): Call Test Case 'Test Cases/Sign in/TC_Sign in_CS-40' successfully

2022-10-31 07:33:48 - [TEST_CASE][PASSED] - Test Cases/Sign in/TC_Sign in_CS-40: Test Cases/Sign in/TC_Sign in_CS-40

2022-10-31 07:33:48 - [TEST_STEP][PASSED] - startApplication("/Users/sandikurnia/Downloads/apk-staging-for-iqbal.apk", false): Started app at: '/Users/sandikurnia/Downloads/apk-staging-for-iqbal.apk'

2022-10-31 07:33:53 - [MESSAGE][PASSED] - Started app at: '/Users/sandikurnia/Downloads/apk-staging-for-iqbal.apk'

2022-10-31 07:33:53 - [TEST_STEP][PASSED] - tap(findTestObject("cicle.staging/Startup/YesButtonWhenOpenitApp"), 2, OPTIONAL): Object Object Repository/cicle.staging/Startup/YesButtonWhenOpenitApp not found

2022-10-31 07:33:55 - [MESSAGE][WARNING] - Object Object Repository/cicle.staging/Startup/YesButtonWhenOpenitApp not found

2022-10-31 07:33:55 - [TEST_STEP][PASSED] - tap(findTestObject("cicle.staging/Startup/SkipButtonWhenOpenitApp"), 2, OPTIONAL): Object Object Repository/cicle.staging/Startup/SkipButtonWhenOpenitApp not found

2022-10-31 07:33:58 - [MESSAGE][WARNING] - Object Object Repository/cicle.staging/Startup/SkipButtonWhenOpenitApp not found

2022-10-31 07:33:58 - [TEST_STEP][PASSED] - tap(findTestObject("cicle.staging/Startup/GotoSignInButton"), 2, OPTIONAL): Object Object Repository/cicle.staging/Startup/GotoSignInButton not found

2022-10-31 07:34:00 - [MESSAGE][WARNING] - Object Object Repository/cicle.staging/Startup/GotoSignInButton not found

2022-10-31 07:34:00 - [TEST_STEP][PASSED] - tap(findTestObject("cicle.staging/Startup/SignInwithGoogleAccount"), 2, OPTIONAL): Object Object Repository/cicle.staging/Startup/SignInwithGoogleAccount not found

2022-10-31 07:34:02 - [MESSAGE][WARNING] - Object Object Repository/cicle.staging/Startup/SignInwithGoogleAccount not found

2022-10-31 07:34:02 - [TEST_STEP][PASSED] - tap(findTestObject("cicle.staging/Startup/LayoutLoginwithMyAccount"), 2, OPTIONAL): Object Object Repository/cicle.staging/Startup/LayoutLoginwithMyAccount not found

2022-10-31 07:34:04 - [MESSAGE][WARNING] - Object Object Repository/cicle.staging/Startup/LayoutLoginwithMyAccount not found

2022-10-31 07:34:04 - [TEST_STEP][PASSED] - tap(findTestObject("cicle.staging/Startup/Sekolah QA COMPANY 2"), 2, OPTIONAL): Object Object Repository/cicle.staging/Startup/Sekolah QA COMPANY 2 not found

2022-10-31 07:34:07 - [MESSAGE][WARNING] - Object Object Repository/cicle.staging/Startup/Sekolah QA COMPANY 2 not found

2022-10-31 07:34:07 - [TEST_STEP][PASSED] - tap(findTestObject("cicle.staging/SekolahQAHeadQuarter/SekolahQAHeadquarter1"), 2, OPTIONAL): Tapped on element 'Object Repository/cicle.staging/SekolahQAHeadQuarter/SekolahQAHeadquarter1'

2022-10-31 07:34:08 - [MESSAGE][PASSED] - Tapped on element 'Object Repository/cicle.staging/SekolahQAHeadQuarter/SekolahQAHeadquarter1'

2022-10-31 07:34:08 - [MESSAGE][PASSED] - Call Test Case 'Test Cases/Sign in/TC_Sign in_CS-40' successfully

2022-10-31 07:34:08 - [TEST_STEP][PASSED] - tap(findTestObject("cicle.staging/Board/Board-Menu"), 0): Tapped on element 'Object Repository/cicle.staging/Board/Board-Menu'

2022-10-31 07:34:08 - [MESSAGE][WARNING] - Timeout '0' is invalid. Using default page load timeout: '30'

2022-10-31 07:34:08 - [MESSAGE][PASSED] - Tapped on element 'Object Repository/cicle.staging/Board/Board-Menu'

2022-10-31 07:34:08 - [TEST_STEP][PASSED] - tap(findTestObject("cicle.staging/Board/Card/userCardAccount"), 0): Tapped on element 'Object Repository/cicle.staging/Board/Card/userCardAccount'

2022-10-31 07:34:08 - [MESSAGE][WARNING] - Timeout '0' is invalid. Using default page load timeout: '30'

2022-10-31 07:34:10 - [MESSAGE][PASSED] - Tapped on element 'Object Repository/cicle.staging/Board/Card/userCardAccount'

2022-10-31 07:34:10 - [TEST_STEP][PASSED] - tap(findTestObject("cicle.staging/Board/Comment/AddNewComment-Button"), 0): Tapped on element 'Object Repository/cicle.staging/Board/Comment/AddNewComment-Button'

2022-10-31 07:34:10 - [MESSAGE][WARNING] - Timeout '0' is invalid. Using default page load timeout: '30'

2022-10-31 07:34:12 - [MESSAGE][PASSED] - Tapped on element 'Object Repository/cicle.staging/Board/Comment/AddNewComment-Button'

2022-10-31 07:34:12 - [TEST_STEP][PASSED] - tap(findTestObject("cicle.staging/Board/Comment/AddComment2-Field"), 0): Tapped on element 'Object Repository/cicle.staging/Board/Comment/AddComment2-Field'

2022-10-31 07:34:12 - [MESSAGE][WARNING] - Timeout '0' is invalid. Using default page load timeout: '30'

2022-10-31 07:34:12 - [MESSAGE][PASSED] - Tapped on element 'Object Repository/cicle.staging/Board/Comment/AddComment2-Field'

2022-10-31 07:34:12 - [TEST_STEP][PASSED] - setText(findTestObject("cicle.staging/Board/Comment/AddComment2-Field"), findTestData("Board/Comment/Comment").getValue(1, 1), 0): Text 'Ini merupakan project dari Cilsy' has been set to element 'Object Repository/cicle.staging/Board/Comment/AddComment2-Field'

2022-10-31 07:34:12 - [MESSAGE][WARNING] - Timeout '0' is invalid. Using default page load timeout: '30'

2022-10-31 07:34:14 - [MESSAGE][PASSED] - Text 'Ini merupakan project dari Cilsy' has been set to element 'Object Repository/cicle.staging/Board/Comment/AddComment2-Field'

2022-10-31 07:34:14 - [TEST_STEP][PASSED] - tap(findTestObject("cicle.staging/Board/Comment/SubmitButton-Comment"), 0): Tapped on element 'Object Repository/cicle.staging/Board/Comment/SubmitButton-Comment'

2022-10-31 07:34:14 - [MESSAGE][WARNING] - Timeout '0' is invalid. Using default page load timeout: '30'

2022-10-31 07:34:16 - [MESSAGE][PASSED] - Tapped on element 'Object Repository/cicle.staging/Board/Comment/SubmitButton-Comment']]></system-out>
         <system-err><![CDATA[]]></system-err>
      </testcase>
      <testcase name="Test Cases/Board/TC_Board_CS-09" time="27.302" classname="Test Cases/Board/TC_Board_CS-09" status="PASSED">
         <system-out><![CDATA[2022-10-31 07:34:16 - [TEST_CASE][PASSED] - Test Cases/Board/TC_Board_CS-09: Test Cases/Board/TC_Board_CS-09

2022-10-31 07:34:16 - [TEST_STEP][PASSED] - callTestCase(findTestCase("Sign in/TC_Sign in_CS-40"), [:], STOP_ON_FAILURE): Call Test Case 'Test Cases/Sign in/TC_Sign in_CS-40' successfully

2022-10-31 07:34:16 - [TEST_CASE][PASSED] - Test Cases/Sign in/TC_Sign in_CS-40: Test Cases/Sign in/TC_Sign in_CS-40

2022-10-31 07:34:16 - [TEST_STEP][PASSED] - startApplication("/Users/sandikurnia/Downloads/apk-staging-for-iqbal.apk", false): Started app at: '/Users/sandikurnia/Downloads/apk-staging-for-iqbal.apk'

2022-10-31 07:34:21 - [MESSAGE][PASSED] - Started app at: '/Users/sandikurnia/Downloads/apk-staging-for-iqbal.apk'

2022-10-31 07:34:21 - [TEST_STEP][PASSED] - tap(findTestObject("cicle.staging/Startup/YesButtonWhenOpenitApp"), 2, OPTIONAL): Object Object Repository/cicle.staging/Startup/YesButtonWhenOpenitApp not found

2022-10-31 07:34:24 - [MESSAGE][WARNING] - Object Object Repository/cicle.staging/Startup/YesButtonWhenOpenitApp not found

2022-10-31 07:34:24 - [TEST_STEP][PASSED] - tap(findTestObject("cicle.staging/Startup/SkipButtonWhenOpenitApp"), 2, OPTIONAL): Object Object Repository/cicle.staging/Startup/SkipButtonWhenOpenitApp not found

2022-10-31 07:34:26 - [MESSAGE][WARNING] - Object Object Repository/cicle.staging/Startup/SkipButtonWhenOpenitApp not found

2022-10-31 07:34:26 - [TEST_STEP][PASSED] - tap(findTestObject("cicle.staging/Startup/GotoSignInButton"), 2, OPTIONAL): Object Object Repository/cicle.staging/Startup/GotoSignInButton not found

2022-10-31 07:34:28 - [MESSAGE][WARNING] - Object Object Repository/cicle.staging/Startup/GotoSignInButton not found

2022-10-31 07:34:28 - [TEST_STEP][PASSED] - tap(findTestObject("cicle.staging/Startup/SignInwithGoogleAccount"), 2, OPTIONAL): Object Object Repository/cicle.staging/Startup/SignInwithGoogleAccount not found

2022-10-31 07:34:30 - [MESSAGE][WARNING] - Object Object Repository/cicle.staging/Startup/SignInwithGoogleAccount not found

2022-10-31 07:34:30 - [TEST_STEP][PASSED] - tap(findTestObject("cicle.staging/Startup/LayoutLoginwithMyAccount"), 2, OPTIONAL): Object Object Repository/cicle.staging/Startup/LayoutLoginwithMyAccount not found

2022-10-31 07:34:32 - [MESSAGE][WARNING] - Object Object Repository/cicle.staging/Startup/LayoutLoginwithMyAccount not found

2022-10-31 07:34:32 - [TEST_STEP][PASSED] - tap(findTestObject("cicle.staging/Startup/Sekolah QA COMPANY 2"), 2, OPTIONAL): Object Object Repository/cicle.staging/Startup/Sekolah QA COMPANY 2 not found

2022-10-31 07:34:34 - [MESSAGE][WARNING] - Object Object Repository/cicle.staging/Startup/Sekolah QA COMPANY 2 not found

2022-10-31 07:34:34 - [TEST_STEP][PASSED] - tap(findTestObject("cicle.staging/SekolahQAHeadQuarter/SekolahQAHeadquarter1"), 2, OPTIONAL): Tapped on element 'Object Repository/cicle.staging/SekolahQAHeadQuarter/SekolahQAHeadquarter1'

2022-10-31 07:34:34 - [MESSAGE][PASSED] - Tapped on element 'Object Repository/cicle.staging/SekolahQAHeadQuarter/SekolahQAHeadquarter1'

2022-10-31 07:34:34 - [MESSAGE][PASSED] - Call Test Case 'Test Cases/Sign in/TC_Sign in_CS-40' successfully

2022-10-31 07:34:34 - [TEST_STEP][PASSED] - tap(findTestObject("cicle.staging/Board/Board-Menu"), 0): Tapped on element 'Object Repository/cicle.staging/Board/Board-Menu'

2022-10-31 07:34:35 - [MESSAGE][WARNING] - Timeout '0' is invalid. Using default page load timeout: '30'

2022-10-31 07:34:36 - [MESSAGE][PASSED] - Tapped on element 'Object Repository/cicle.staging/Board/Board-Menu'

2022-10-31 07:34:36 - [TEST_STEP][PASSED] - tap(findTestObject("cicle.staging/Board/Card/userCardAccount"), 0): Tapped on element 'Object Repository/cicle.staging/Board/Card/userCardAccount'

2022-10-31 07:34:36 - [MESSAGE][WARNING] - Timeout '0' is invalid. Using default page load timeout: '30'

2022-10-31 07:34:37 - [MESSAGE][PASSED] - Tapped on element 'Object Repository/cicle.staging/Board/Card/userCardAccount'

2022-10-31 07:34:37 - [TEST_STEP][PASSED] - tap(findTestObject("cicle.staging/Board/Comment/AddNewComment-Button"), 0): Tapped on element 'Object Repository/cicle.staging/Board/Comment/AddNewComment-Button'

2022-10-31 07:34:37 - [MESSAGE][WARNING] - Timeout '0' is invalid. Using default page load timeout: '30'

2022-10-31 07:34:40 - [MESSAGE][PASSED] - Tapped on element 'Object Repository/cicle.staging/Board/Comment/AddNewComment-Button'

2022-10-31 07:34:40 - [TEST_STEP][PASSED] - tap(findTestObject("cicle.staging/Board/Comment/AddComment2-Field"), 0): Tapped on element 'Object Repository/cicle.staging/Board/Comment/AddComment2-Field'

2022-10-31 07:34:40 - [MESSAGE][WARNING] - Timeout '0' is invalid. Using default page load timeout: '30'

2022-10-31 07:34:40 - [MESSAGE][PASSED] - Tapped on element 'Object Repository/cicle.staging/Board/Comment/AddComment2-Field'

2022-10-31 07:34:40 - [TEST_STEP][PASSED] - setText(findTestObject("cicle.staging/Board/Comment/AddComment2-Field"), findTestData("Board/Comment/Comment").getValue(1, 2), 0): Text '' has been set to element 'Object Repository/cicle.staging/Board/Comment/AddComment2-Field'

2022-10-31 07:34:40 - [MESSAGE][WARNING] - Timeout '0' is invalid. Using default page load timeout: '30'

2022-10-31 07:34:42 - [MESSAGE][PASSED] - Text '' has been set to element 'Object Repository/cicle.staging/Board/Comment/AddComment2-Field'

2022-10-31 07:34:42 - [TEST_STEP][PASSED] - tap(findTestObject("cicle.staging/Board/Comment/SubmitButton-Comment"), 0): Tapped on element 'Object Repository/cicle.staging/Board/Comment/SubmitButton-Comment'

2022-10-31 07:34:42 - [MESSAGE][WARNING] - Timeout '0' is invalid. Using default page load timeout: '30'

2022-10-31 07:34:43 - [MESSAGE][PASSED] - Tapped on element 'Object Repository/cicle.staging/Board/Comment/SubmitButton-Comment'

2022-10-31 07:34:43 - [TEST_STEP][PASSED] - verifyElementVisible(findTestObject("cicle.staging/Board/Comment/Assertion-CommentCantBeEmpty"), 0, STOP_ON_FAILURE): Element 'Object Repository/cicle.staging/Board/Comment/Assertion-CommentCantBeEmpty' is visible

2022-10-31 07:34:43 - [MESSAGE][WARNING] - Timeout '0' is invalid. Using default page load timeout: '30'

2022-10-31 07:34:43 - [MESSAGE][PASSED] - Element 'Object Repository/cicle.staging/Board/Comment/Assertion-CommentCantBeEmpty' is visible]]></system-out>
         <system-err><![CDATA[]]></system-err>
      </testcase>
      <testcase name="Test Cases/Board/TC_Board_CS-10" time="31.16" classname="Test Cases/Board/TC_Board_CS-10" status="PASSED">
         <system-out><![CDATA[2022-10-31 07:34:43 - [TEST_CASE][PASSED] - Test Cases/Board/TC_Board_CS-10: Test Cases/Board/TC_Board_CS-10

2022-10-31 07:34:43 - [TEST_STEP][PASSED] - callTestCase(findTestCase("Sign in/TC_Sign in_CS-40"), [:], STOP_ON_FAILURE): Call Test Case 'Test Cases/Sign in/TC_Sign in_CS-40' successfully

2022-10-31 07:34:44 - [TEST_CASE][PASSED] - Test Cases/Sign in/TC_Sign in_CS-40: Test Cases/Sign in/TC_Sign in_CS-40

2022-10-31 07:34:44 - [TEST_STEP][PASSED] - startApplication("/Users/sandikurnia/Downloads/apk-staging-for-iqbal.apk", false): Started app at: '/Users/sandikurnia/Downloads/apk-staging-for-iqbal.apk'

2022-10-31 07:34:49 - [MESSAGE][PASSED] - Started app at: '/Users/sandikurnia/Downloads/apk-staging-for-iqbal.apk'

2022-10-31 07:34:49 - [TEST_STEP][PASSED] - tap(findTestObject("cicle.staging/Startup/YesButtonWhenOpenitApp"), 2, OPTIONAL): Object Object Repository/cicle.staging/Startup/YesButtonWhenOpenitApp not found

2022-10-31 07:34:51 - [MESSAGE][WARNING] - Object Object Repository/cicle.staging/Startup/YesButtonWhenOpenitApp not found

2022-10-31 07:34:51 - [TEST_STEP][PASSED] - tap(findTestObject("cicle.staging/Startup/SkipButtonWhenOpenitApp"), 2, OPTIONAL): Object Object Repository/cicle.staging/Startup/SkipButtonWhenOpenitApp not found

2022-10-31 07:34:53 - [MESSAGE][WARNING] - Object Object Repository/cicle.staging/Startup/SkipButtonWhenOpenitApp not found

2022-10-31 07:34:53 - [TEST_STEP][PASSED] - tap(findTestObject("cicle.staging/Startup/GotoSignInButton"), 2, OPTIONAL): Object Object Repository/cicle.staging/Startup/GotoSignInButton not found

2022-10-31 07:34:55 - [MESSAGE][WARNING] - Object Object Repository/cicle.staging/Startup/GotoSignInButton not found

2022-10-31 07:34:55 - [TEST_STEP][PASSED] - tap(findTestObject("cicle.staging/Startup/SignInwithGoogleAccount"), 2, OPTIONAL): Object Object Repository/cicle.staging/Startup/SignInwithGoogleAccount not found

2022-10-31 07:34:57 - [MESSAGE][WARNING] - Object Object Repository/cicle.staging/Startup/SignInwithGoogleAccount not found

2022-10-31 07:34:57 - [TEST_STEP][PASSED] - tap(findTestObject("cicle.staging/Startup/LayoutLoginwithMyAccount"), 2, OPTIONAL): Object Object Repository/cicle.staging/Startup/LayoutLoginwithMyAccount not found

2022-10-31 07:34:59 - [MESSAGE][WARNING] - Object Object Repository/cicle.staging/Startup/LayoutLoginwithMyAccount not found

2022-10-31 07:34:59 - [TEST_STEP][PASSED] - tap(findTestObject("cicle.staging/Startup/Sekolah QA COMPANY 2"), 2, OPTIONAL): Object Object Repository/cicle.staging/Startup/Sekolah QA COMPANY 2 not found

2022-10-31 07:35:02 - [MESSAGE][WARNING] - Object Object Repository/cicle.staging/Startup/Sekolah QA COMPANY 2 not found

2022-10-31 07:35:02 - [TEST_STEP][PASSED] - tap(findTestObject("cicle.staging/SekolahQAHeadQuarter/SekolahQAHeadquarter1"), 2, OPTIONAL): Tapped on element 'Object Repository/cicle.staging/SekolahQAHeadQuarter/SekolahQAHeadquarter1'

2022-10-31 07:35:03 - [MESSAGE][PASSED] - Tapped on element 'Object Repository/cicle.staging/SekolahQAHeadQuarter/SekolahQAHeadquarter1'

2022-10-31 07:35:03 - [MESSAGE][PASSED] - Call Test Case 'Test Cases/Sign in/TC_Sign in_CS-40' successfully

2022-10-31 07:35:03 - [TEST_STEP][PASSED] - tap(findTestObject("cicle.staging/Board/Board-Menu"), 0): Tapped on element 'Object Repository/cicle.staging/Board/Board-Menu'

2022-10-31 07:35:03 - [MESSAGE][WARNING] - Timeout '0' is invalid. Using default page load timeout: '30'

2022-10-31 07:35:03 - [MESSAGE][PASSED] - Tapped on element 'Object Repository/cicle.staging/Board/Board-Menu'

2022-10-31 07:35:03 - [TEST_STEP][PASSED] - tap(findTestObject("cicle.staging/Board/Card/userCardAccount"), 0): Tapped on element 'Object Repository/cicle.staging/Board/Card/userCardAccount'

2022-10-31 07:35:03 - [MESSAGE][WARNING] - Timeout '0' is invalid. Using default page load timeout: '30'

2022-10-31 07:35:04 - [MESSAGE][PASSED] - Tapped on element 'Object Repository/cicle.staging/Board/Card/userCardAccount'

2022-10-31 07:35:04 - [TEST_STEP][PASSED] - tap(findTestObject("cicle.staging/Board/Comment/AddNewComment-Button"), 0): Tapped on element 'Object Repository/cicle.staging/Board/Comment/AddNewComment-Button'

2022-10-31 07:35:04 - [MESSAGE][WARNING] - Timeout '0' is invalid. Using default page load timeout: '30'

2022-10-31 07:35:07 - [MESSAGE][PASSED] - Tapped on element 'Object Repository/cicle.staging/Board/Comment/AddNewComment-Button'

2022-10-31 07:35:07 - [TEST_STEP][PASSED] - tap(findTestObject("cicle.staging/Board/Comment/AddComment2-Field"), 0): Tapped on element 'Object Repository/cicle.staging/Board/Comment/AddComment2-Field'

2022-10-31 07:35:07 - [MESSAGE][WARNING] - Timeout '0' is invalid. Using default page load timeout: '30'

2022-10-31 07:35:07 - [MESSAGE][PASSED] - Tapped on element 'Object Repository/cicle.staging/Board/Comment/AddComment2-Field'

2022-10-31 07:35:07 - [TEST_STEP][PASSED] - tap(findTestObject("cicle.staging/Board/Comment/AddAttachmentPopUPKeyboard-Button"), 0, STOP_ON_FAILURE): Tapped on element 'Object Repository/cicle.staging/Board/Comment/AddAttachmentPopUPKeyboard-Button'

2022-10-31 07:35:07 - [MESSAGE][WARNING] - Timeout '0' is invalid. Using default page load timeout: '30'

2022-10-31 07:35:10 - [MESSAGE][PASSED] - Tapped on element 'Object Repository/cicle.staging/Board/Comment/AddAttachmentPopUPKeyboard-Button'

2022-10-31 07:35:10 - [TEST_STEP][PASSED] - tap(findTestObject("cicle.staging/Board/Comment/AddImageOnComment-Button"), 0): Tapped on element 'Object Repository/cicle.staging/Board/Comment/AddImageOnComment-Button'

2022-10-31 07:35:10 - [MESSAGE][WARNING] - Timeout '0' is invalid. Using default page load timeout: '30'

2022-10-31 07:35:11 - [MESSAGE][PASSED] - Tapped on element 'Object Repository/cicle.staging/Board/Comment/AddImageOnComment-Button'

2022-10-31 07:35:11 - [TEST_STEP][PASSED] - tap(findTestObject("cicle.staging/Board/Comment/AddImageByURL-Comment"), 0): Tapped on element 'Object Repository/cicle.staging/Board/Comment/AddImageByURL-Comment'

2022-10-31 07:35:11 - [MESSAGE][WARNING] - Timeout '0' is invalid. Using default page load timeout: '30'

2022-10-31 07:35:12 - [MESSAGE][PASSED] - Tapped on element 'Object Repository/cicle.staging/Board/Comment/AddImageByURL-Comment'

2022-10-31 07:35:12 - [TEST_STEP][PASSED] - tap(findTestObject("cicle.staging/Board/Comment/InsertLinkHere-Image-Field"), 0): Tapped on element 'Object Repository/cicle.staging/Board/Comment/InsertLinkHere-Image-Field'

2022-10-31 07:35:12 - [MESSAGE][WARNING] - Timeout '0' is invalid. Using default page load timeout: '30'

2022-10-31 07:35:12 - [MESSAGE][PASSED] - Tapped on element 'Object Repository/cicle.staging/Board/Comment/InsertLinkHere-Image-Field'

2022-10-31 07:35:12 - [TEST_STEP][PASSED] - setText(findTestObject("cicle.staging/Board/Comment/InsertLinkHere-Image-Field"), findTestData("Board/URL/URL").getValue(1, 1), 0): Text 'https://i1.wp.com/www.99.co/blog/indonesia/wp-content/uploads/2022/07/Luffy-Gear-5.jpg' has been set to element 'Object Repository/cicle.staging/Board/Comment/InsertLinkHere-Image-Field'

2022-10-31 07:35:12 - [MESSAGE][WARNING] - Timeout '0' is invalid. Using default page load timeout: '30'

2022-10-31 07:35:13 - [MESSAGE][PASSED] - Text 'https://i1.wp.com/www.99.co/blog/indonesia/wp-content/uploads/2022/07/Luffy-Gear-5.jpg' has been set to element 'Object Repository/cicle.staging/Board/Comment/InsertLinkHere-Image-Field'

2022-10-31 07:35:13 - [TEST_STEP][PASSED] - tap(findTestObject("cicle.staging/Board/Comment/Comment-SelectInsert-Button"), 0): Tapped on element 'Object Repository/cicle.staging/Board/Comment/Comment-SelectInsert-Button'

2022-10-31 07:35:13 - [MESSAGE][WARNING] - Timeout '0' is invalid. Using default page load timeout: '30'

2022-10-31 07:35:14 - [MESSAGE][PASSED] - Tapped on element 'Object Repository/cicle.staging/Board/Comment/Comment-SelectInsert-Button']]></system-out>
         <system-err><![CDATA[]]></system-err>
      </testcase>
      <testcase name="Test Cases/Board/TC_Board_CS-11" time="60.721" classname="Test Cases/Board/TC_Board_CS-11" status="PASSED">
         <system-out><![CDATA[2022-10-31 07:35:14 - [TEST_CASE][PASSED] - Test Cases/Board/TC_Board_CS-11: Test Cases/Board/TC_Board_CS-11

2022-10-31 07:35:15 - [TEST_STEP][PASSED] - callTestCase(findTestCase("Sign in/TC_Sign in_CS-40"), [:], STOP_ON_FAILURE): Call Test Case 'Test Cases/Sign in/TC_Sign in_CS-40' successfully

2022-10-31 07:35:15 - [TEST_CASE][PASSED] - Test Cases/Sign in/TC_Sign in_CS-40: Test Cases/Sign in/TC_Sign in_CS-40

2022-10-31 07:35:15 - [TEST_STEP][PASSED] - startApplication("/Users/sandikurnia/Downloads/apk-staging-for-iqbal.apk", false): Started app at: '/Users/sandikurnia/Downloads/apk-staging-for-iqbal.apk'

2022-10-31 07:35:20 - [MESSAGE][PASSED] - Started app at: '/Users/sandikurnia/Downloads/apk-staging-for-iqbal.apk'

2022-10-31 07:35:20 - [TEST_STEP][PASSED] - tap(findTestObject("cicle.staging/Startup/YesButtonWhenOpenitApp"), 2, OPTIONAL): Object Object Repository/cicle.staging/Startup/YesButtonWhenOpenitApp not found

2022-10-31 07:35:22 - [MESSAGE][WARNING] - Object Object Repository/cicle.staging/Startup/YesButtonWhenOpenitApp not found

2022-10-31 07:35:22 - [TEST_STEP][PASSED] - tap(findTestObject("cicle.staging/Startup/SkipButtonWhenOpenitApp"), 2, OPTIONAL): Object Object Repository/cicle.staging/Startup/SkipButtonWhenOpenitApp not found

2022-10-31 07:35:24 - [MESSAGE][WARNING] - Object Object Repository/cicle.staging/Startup/SkipButtonWhenOpenitApp not found

2022-10-31 07:35:24 - [TEST_STEP][PASSED] - tap(findTestObject("cicle.staging/Startup/GotoSignInButton"), 2, OPTIONAL): Object Object Repository/cicle.staging/Startup/GotoSignInButton not found

2022-10-31 07:35:26 - [MESSAGE][WARNING] - Object Object Repository/cicle.staging/Startup/GotoSignInButton not found

2022-10-31 07:35:26 - [TEST_STEP][PASSED] - tap(findTestObject("cicle.staging/Startup/SignInwithGoogleAccount"), 2, OPTIONAL): Object Object Repository/cicle.staging/Startup/SignInwithGoogleAccount not found

2022-10-31 07:35:28 - [MESSAGE][WARNING] - Object Object Repository/cicle.staging/Startup/SignInwithGoogleAccount not found

2022-10-31 07:35:28 - [TEST_STEP][PASSED] - tap(findTestObject("cicle.staging/Startup/LayoutLoginwithMyAccount"), 2, OPTIONAL): Object Object Repository/cicle.staging/Startup/LayoutLoginwithMyAccount not found

2022-10-31 07:35:31 - [MESSAGE][WARNING] - Object Object Repository/cicle.staging/Startup/LayoutLoginwithMyAccount not found

2022-10-31 07:35:31 - [TEST_STEP][PASSED] - tap(findTestObject("cicle.staging/Startup/Sekolah QA COMPANY 2"), 2, OPTIONAL): Object Object Repository/cicle.staging/Startup/Sekolah QA COMPANY 2 not found

2022-10-31 07:35:33 - [MESSAGE][WARNING] - Object Object Repository/cicle.staging/Startup/Sekolah QA COMPANY 2 not found

2022-10-31 07:35:33 - [TEST_STEP][PASSED] - tap(findTestObject("cicle.staging/SekolahQAHeadQuarter/SekolahQAHeadquarter1"), 2, OPTIONAL): Tapped on element 'Object Repository/cicle.staging/SekolahQAHeadQuarter/SekolahQAHeadquarter1'

2022-10-31 07:35:34 - [MESSAGE][PASSED] - Tapped on element 'Object Repository/cicle.staging/SekolahQAHeadQuarter/SekolahQAHeadquarter1'

2022-10-31 07:35:34 - [MESSAGE][PASSED] - Call Test Case 'Test Cases/Sign in/TC_Sign in_CS-40' successfully

2022-10-31 07:35:34 - [TEST_STEP][PASSED] - tap(findTestObject("cicle.staging/Board/Board-Menu"), 0): Tapped on element 'Object Repository/cicle.staging/Board/Board-Menu'

2022-10-31 07:35:34 - [MESSAGE][WARNING] - Timeout '0' is invalid. Using default page load timeout: '30'

2022-10-31 07:35:34 - [MESSAGE][PASSED] - Tapped on element 'Object Repository/cicle.staging/Board/Board-Menu'

2022-10-31 07:35:34 - [TEST_STEP][PASSED] - tap(findTestObject("cicle.staging/Board/Card/userCardAccount"), 0): Tapped on element 'Object Repository/cicle.staging/Board/Card/userCardAccount'

2022-10-31 07:35:34 - [MESSAGE][WARNING] - Timeout '0' is invalid. Using default page load timeout: '30'

2022-10-31 07:35:36 - [MESSAGE][PASSED] - Tapped on element 'Object Repository/cicle.staging/Board/Card/userCardAccount'

2022-10-31 07:35:36 - [TEST_STEP][PASSED] - tap(findTestObject("cicle.staging/Board/Comment/AddNewComment-Button"), 0): Tapped on element 'Object Repository/cicle.staging/Board/Comment/AddNewComment-Button'

2022-10-31 07:35:36 - [MESSAGE][WARNING] - Timeout '0' is invalid. Using default page load timeout: '30'

2022-10-31 07:35:39 - [MESSAGE][PASSED] - Tapped on element 'Object Repository/cicle.staging/Board/Comment/AddNewComment-Button'

2022-10-31 07:35:39 - [TEST_STEP][PASSED] - tap(findTestObject("cicle.staging/Board/Comment/AddComment2-Field"), 0): Tapped on element 'Object Repository/cicle.staging/Board/Comment/AddComment2-Field'

2022-10-31 07:35:39 - [MESSAGE][WARNING] - Timeout '0' is invalid. Using default page load timeout: '30'

2022-10-31 07:35:39 - [MESSAGE][PASSED] - Tapped on element 'Object Repository/cicle.staging/Board/Comment/AddComment2-Field'

2022-10-31 07:35:39 - [TEST_STEP][PASSED] - tap(findTestObject("cicle.staging/Board/Comment/AddAttachmentPopUPKeyboard-Button"), 0, STOP_ON_FAILURE): Tapped on element 'Object Repository/cicle.staging/Board/Comment/AddAttachmentPopUPKeyboard-Button'

2022-10-31 07:35:39 - [MESSAGE][WARNING] - Timeout '0' is invalid. Using default page load timeout: '30'

2022-10-31 07:35:41 - [MESSAGE][PASSED] - Tapped on element 'Object Repository/cicle.staging/Board/Comment/AddAttachmentPopUPKeyboard-Button'

2022-10-31 07:35:41 - [TEST_STEP][PASSED] - tap(findTestObject("cicle.staging/Board/Comment/AddImageOnComment-Button"), 0): Tapped on element 'Object Repository/cicle.staging/Board/Comment/AddImageOnComment-Button'

2022-10-31 07:35:42 - [MESSAGE][WARNING] - Timeout '0' is invalid. Using default page load timeout: '30'

2022-10-31 07:35:42 - [MESSAGE][PASSED] - Tapped on element 'Object Repository/cicle.staging/Board/Comment/AddImageOnComment-Button'

2022-10-31 07:35:42 - [TEST_STEP][PASSED] - checkElement(findTestObject("cicle.staging/Board/Comment/AddImageByURL-Comment"), 0): Element 'Object Repository/cicle.staging/Board/Comment/AddImageByURL-Comment' is checked

2022-10-31 07:35:42 - [MESSAGE][WARNING] - Timeout '0' is invalid. Using default page load timeout: '30'

2022-10-31 07:35:43 - [MESSAGE][PASSED] - Element 'Object Repository/cicle.staging/Board/Comment/AddImageByURL-Comment' is checked

2022-10-31 07:35:43 - [TEST_STEP][PASSED] - tap(findTestObject("cicle.staging/Board/Comment/InsertLinkHere-Image-Field"), 0): Tapped on element 'Object Repository/cicle.staging/Board/Comment/InsertLinkHere-Image-Field'

2022-10-31 07:35:44 - [MESSAGE][WARNING] - Timeout '0' is invalid. Using default page load timeout: '30'

2022-10-31 07:35:44 - [MESSAGE][PASSED] - Tapped on element 'Object Repository/cicle.staging/Board/Comment/InsertLinkHere-Image-Field'

2022-10-31 07:35:44 - [TEST_STEP][PASSED] - setText(findTestObject("cicle.staging/Board/Comment/InsertLinkHere-Image-Field"), findTestData("Board/URL/URL").getValue(1, 2), 0): Text '' has been set to element 'Object Repository/cicle.staging/Board/Comment/InsertLinkHere-Image-Field'

2022-10-31 07:35:44 - [MESSAGE][WARNING] - Timeout '0' is invalid. Using default page load timeout: '30'

2022-10-31 07:35:44 - [MESSAGE][PASSED] - Text '' has been set to element 'Object Repository/cicle.staging/Board/Comment/InsertLinkHere-Image-Field'

2022-10-31 07:35:44 - [TEST_STEP][PASSED] - tap(findTestObject("cicle.staging/Board/Comment/Comment-SelectInsert-Button"), 0): Tapped on element 'Object Repository/cicle.staging/Board/Comment/Comment-SelectInsert-Button'

2022-10-31 07:35:44 - [MESSAGE][WARNING] - Timeout '0' is invalid. Using default page load timeout: '30'

2022-10-31 07:35:45 - [MESSAGE][PASSED] - Tapped on element 'Object Repository/cicle.staging/Board/Comment/Comment-SelectInsert-Button'

2022-10-31 07:35:45 - [TEST_STEP][PASSED] - verifyElementNotVisible(findTestObject("cicle.staging/Board/Comment/AssertionNotValidURL-Comment"), 0): Element 'Object Repository/cicle.staging/Board/Comment/AssertionNotValidURL-Comment' not found

2022-10-31 07:35:45 - [MESSAGE][WARNING] - Timeout '0' is invalid. Using default page load timeout: '30'

2022-10-31 07:36:15 - [MESSAGE][PASSED] - Element 'Object Repository/cicle.staging/Board/Comment/AssertionNotValidURL-Comment' not found]]></system-out>
         <system-err><![CDATA[]]></system-err>
      </testcase>
      <testcase name="Test Cases/Board/TC_Board_CS-12" time="33.043" classname="Test Cases/Board/TC_Board_CS-12" status="PASSED">
         <system-out><![CDATA[2022-10-31 07:36:15 - [TEST_CASE][PASSED] - Test Cases/Board/TC_Board_CS-12: Test Cases/Board/TC_Board_CS-12

2022-10-31 07:36:15 - [TEST_STEP][PASSED] - callTestCase(findTestCase("Sign in/TC_Sign in_CS-40"), [:], STOP_ON_FAILURE): Call Test Case 'Test Cases/Sign in/TC_Sign in_CS-40' successfully

2022-10-31 07:36:15 - [TEST_CASE][PASSED] - Test Cases/Sign in/TC_Sign in_CS-40: Test Cases/Sign in/TC_Sign in_CS-40

2022-10-31 07:36:15 - [TEST_STEP][PASSED] - startApplication("/Users/sandikurnia/Downloads/apk-staging-for-iqbal.apk", false): Started app at: '/Users/sandikurnia/Downloads/apk-staging-for-iqbal.apk'

2022-10-31 07:36:20 - [MESSAGE][PASSED] - Started app at: '/Users/sandikurnia/Downloads/apk-staging-for-iqbal.apk'

2022-10-31 07:36:20 - [TEST_STEP][PASSED] - tap(findTestObject("cicle.staging/Startup/YesButtonWhenOpenitApp"), 2, OPTIONAL): Object Object Repository/cicle.staging/Startup/YesButtonWhenOpenitApp not found

2022-10-31 07:36:23 - [MESSAGE][WARNING] - Object Object Repository/cicle.staging/Startup/YesButtonWhenOpenitApp not found

2022-10-31 07:36:23 - [TEST_STEP][PASSED] - tap(findTestObject("cicle.staging/Startup/SkipButtonWhenOpenitApp"), 2, OPTIONAL): Object Object Repository/cicle.staging/Startup/SkipButtonWhenOpenitApp not found

2022-10-31 07:36:25 - [MESSAGE][WARNING] - Object Object Repository/cicle.staging/Startup/SkipButtonWhenOpenitApp not found

2022-10-31 07:36:25 - [TEST_STEP][PASSED] - tap(findTestObject("cicle.staging/Startup/GotoSignInButton"), 2, OPTIONAL): Object Object Repository/cicle.staging/Startup/GotoSignInButton not found

2022-10-31 07:36:27 - [MESSAGE][WARNING] - Object Object Repository/cicle.staging/Startup/GotoSignInButton not found

2022-10-31 07:36:27 - [TEST_STEP][PASSED] - tap(findTestObject("cicle.staging/Startup/SignInwithGoogleAccount"), 2, OPTIONAL): Object Object Repository/cicle.staging/Startup/SignInwithGoogleAccount not found

2022-10-31 07:36:29 - [MESSAGE][WARNING] - Object Object Repository/cicle.staging/Startup/SignInwithGoogleAccount not found

2022-10-31 07:36:29 - [TEST_STEP][PASSED] - tap(findTestObject("cicle.staging/Startup/LayoutLoginwithMyAccount"), 2, OPTIONAL): Object Object Repository/cicle.staging/Startup/LayoutLoginwithMyAccount not found

2022-10-31 07:36:31 - [MESSAGE][WARNING] - Object Object Repository/cicle.staging/Startup/LayoutLoginwithMyAccount not found

2022-10-31 07:36:31 - [TEST_STEP][PASSED] - tap(findTestObject("cicle.staging/Startup/Sekolah QA COMPANY 2"), 2, OPTIONAL): Object Object Repository/cicle.staging/Startup/Sekolah QA COMPANY 2 not found

2022-10-31 07:36:33 - [MESSAGE][WARNING] - Object Object Repository/cicle.staging/Startup/Sekolah QA COMPANY 2 not found

2022-10-31 07:36:33 - [TEST_STEP][PASSED] - tap(findTestObject("cicle.staging/SekolahQAHeadQuarter/SekolahQAHeadquarter1"), 2, OPTIONAL): Tapped on element 'Object Repository/cicle.staging/SekolahQAHeadQuarter/SekolahQAHeadquarter1'

2022-10-31 07:36:35 - [MESSAGE][PASSED] - Tapped on element 'Object Repository/cicle.staging/SekolahQAHeadQuarter/SekolahQAHeadquarter1'

2022-10-31 07:36:35 - [MESSAGE][PASSED] - Call Test Case 'Test Cases/Sign in/TC_Sign in_CS-40' successfully

2022-10-31 07:36:35 - [TEST_STEP][PASSED] - tap(findTestObject("cicle.staging/Board/Board-Menu"), 0): Tapped on element 'Object Repository/cicle.staging/Board/Board-Menu'

2022-10-31 07:36:35 - [MESSAGE][WARNING] - Timeout '0' is invalid. Using default page load timeout: '30'

2022-10-31 07:36:35 - [MESSAGE][PASSED] - Tapped on element 'Object Repository/cicle.staging/Board/Board-Menu'

2022-10-31 07:36:35 - [TEST_STEP][PASSED] - tap(findTestObject("cicle.staging/Board/Card/userCardAccount"), 0): Tapped on element 'Object Repository/cicle.staging/Board/Card/userCardAccount'

2022-10-31 07:36:35 - [MESSAGE][WARNING] - Timeout '0' is invalid. Using default page load timeout: '30'

2022-10-31 07:36:36 - [MESSAGE][PASSED] - Tapped on element 'Object Repository/cicle.staging/Board/Card/userCardAccount'

2022-10-31 07:36:36 - [TEST_STEP][PASSED] - tap(findTestObject("cicle.staging/Board/Comment/AddNewComment-Button"), 0): Tapped on element 'Object Repository/cicle.staging/Board/Comment/AddNewComment-Button'

2022-10-31 07:36:36 - [MESSAGE][WARNING] - Timeout '0' is invalid. Using default page load timeout: '30'

2022-10-31 07:36:39 - [MESSAGE][PASSED] - Tapped on element 'Object Repository/cicle.staging/Board/Comment/AddNewComment-Button'

2022-10-31 07:36:39 - [TEST_STEP][PASSED] - tap(findTestObject("cicle.staging/Board/Comment/AddComment2-Field"), 0): Tapped on element 'Object Repository/cicle.staging/Board/Comment/AddComment2-Field'

2022-10-31 07:36:39 - [MESSAGE][WARNING] - Timeout '0' is invalid. Using default page load timeout: '30'

2022-10-31 07:36:39 - [MESSAGE][PASSED] - Tapped on element 'Object Repository/cicle.staging/Board/Comment/AddComment2-Field'

2022-10-31 07:36:39 - [TEST_STEP][PASSED] - tap(findTestObject("cicle.staging/Board/Comment/AddAttachmentPopUPKeyboard-Button"), 0, STOP_ON_FAILURE): Tapped on element 'Object Repository/cicle.staging/Board/Comment/AddAttachmentPopUPKeyboard-Button'

2022-10-31 07:36:39 - [MESSAGE][WARNING] - Timeout '0' is invalid. Using default page load timeout: '30'

2022-10-31 07:36:42 - [MESSAGE][PASSED] - Tapped on element 'Object Repository/cicle.staging/Board/Comment/AddAttachmentPopUPKeyboard-Button'

2022-10-31 07:36:42 - [TEST_STEP][PASSED] - tap(findTestObject("cicle.staging/Board/Comment/AddImageOnComment-Button"), 0): Tapped on element 'Object Repository/cicle.staging/Board/Comment/AddImageOnComment-Button'

2022-10-31 07:36:42 - [MESSAGE][WARNING] - Timeout '0' is invalid. Using default page load timeout: '30'

2022-10-31 07:36:43 - [MESSAGE][PASSED] - Tapped on element 'Object Repository/cicle.staging/Board/Comment/AddImageOnComment-Button'

2022-10-31 07:36:43 - [TEST_STEP][PASSED] - checkElement(findTestObject("cicle.staging/Board/Comment/AddImageByURL-Comment"), 0): Element 'Object Repository/cicle.staging/Board/Comment/AddImageByURL-Comment' is checked

2022-10-31 07:36:43 - [MESSAGE][WARNING] - Timeout '0' is invalid. Using default page load timeout: '30'

2022-10-31 07:36:44 - [MESSAGE][PASSED] - Element 'Object Repository/cicle.staging/Board/Comment/AddImageByURL-Comment' is checked

2022-10-31 07:36:44 - [TEST_STEP][PASSED] - tap(findTestObject("cicle.staging/Board/Comment/InsertLinkHere-Image-Field"), 0): Tapped on element 'Object Repository/cicle.staging/Board/Comment/InsertLinkHere-Image-Field'

2022-10-31 07:36:44 - [MESSAGE][WARNING] - Timeout '0' is invalid. Using default page load timeout: '30'

2022-10-31 07:36:44 - [MESSAGE][PASSED] - Tapped on element 'Object Repository/cicle.staging/Board/Comment/InsertLinkHere-Image-Field'

2022-10-31 07:36:44 - [TEST_STEP][PASSED] - setText(findTestObject("cicle.staging/Board/Comment/InsertLinkHere-Image-Field"), findTestData("Board/URL/URL").getValue(1, 3), 0): Text 'SekolahQA' has been set to element 'Object Repository/cicle.staging/Board/Comment/InsertLinkHere-Image-Field'

2022-10-31 07:36:44 - [MESSAGE][WARNING] - Timeout '0' is invalid. Using default page load timeout: '30'

2022-10-31 07:36:45 - [MESSAGE][PASSED] - Text 'SekolahQA' has been set to element 'Object Repository/cicle.staging/Board/Comment/InsertLinkHere-Image-Field'

2022-10-31 07:36:45 - [TEST_STEP][PASSED] - tap(findTestObject("cicle.staging/Board/Comment/Comment-SelectInsert-Button"), 0): Tapped on element 'Object Repository/cicle.staging/Board/Comment/Comment-SelectInsert-Button'

2022-10-31 07:36:45 - [MESSAGE][WARNING] - Timeout '0' is invalid. Using default page load timeout: '30'

2022-10-31 07:36:47 - [MESSAGE][PASSED] - Tapped on element 'Object Repository/cicle.staging/Board/Comment/Comment-SelectInsert-Button'

2022-10-31 07:36:47 - [TEST_STEP][PASSED] - delay(1): Delayed 1 second(s)

2022-10-31 07:36:48 - [MESSAGE][PASSED] - Delayed 1 second(s)

2022-10-31 07:36:48 - [TEST_STEP][PASSED] - verifyElementVisible(findTestObject("cicle.staging/Board/Comment/AssertionNotValidURL-Comment"), 0): Element 'Object Repository/cicle.staging/Board/Comment/AssertionNotValidURL-Comment' is visible

2022-10-31 07:36:48 - [MESSAGE][WARNING] - Timeout '0' is invalid. Using default page load timeout: '30'

2022-10-31 07:36:48 - [MESSAGE][PASSED] - Element 'Object Repository/cicle.staging/Board/Comment/AssertionNotValidURL-Comment' is visible]]></system-out>
         <system-err><![CDATA[]]></system-err>
      </testcase>
      <system-out><![CDATA[2022-10-31 07:31:05 - [TEST_SUITE][PASSED] - Cicle Staging Mobile App - Board: Test Cases/Board/TC_Board_CS-12]]></system-out>
      <system-err><![CDATA[]]></system-err>
   </testsuite>
</testsuites>
