<?xml version="1.0" encoding="UTF-8"?>
<testsuites name="Cicle Staging Mobile App" time="361.819" tests="11" failures="1" errors="0">
   <testsuite name="Cicle Staging Mobile App" tests="11" failures="1" errors="0" time="361.819" skipped="0" timestamp="2022-10-29 14:37:29" hostname="sandikurnia - localhost" id="Test Suites/Cicle Staging Mobile App/Cicle Staging Mobile App">
      <properties>
         <property name="deviceName" value="emulator-5554 (Android SDK built for arm64 - Android 10)"/>
         <property name="devicePlatform" value=""/>
         <property name="logFolder" value="/Users/sandikurnia/Katalon Studio/smallProject/Reports/20221029_143718/Cicle Staging Mobile App/Cicle Staging Mobile App/20221029_143718"/>
         <property name="logFiles" value="/Users/sandikurnia/Katalon Studio/smallProject/Reports/20221029_143718/Cicle Staging Mobile App/Cicle Staging Mobile App/20221029_143718/execution0.log, /Users/sandikurnia/Katalon Studio/smallProject/Reports/20221029_143718/Cicle Staging Mobile App/Cicle Staging Mobile App/20221029_143718/appium.log"/>
         <property name="attachments" value="/Users/sandikurnia/Katalon Studio/smallProject/Reports/20221029_143718/Cicle Staging Mobile App/Cicle Staging Mobile App/20221029_143718/1667029376487.png"/>
         <property name="hostName" value="sandikurnia - localhost"/>
         <property name="os" value="Mac OS X 64bit"/>
         <property name="appiumServerStatus" value="{&quot;value&quot;:{&quot;build&quot;:{&quot;version&quot;:&quot;1.22.3&quot;}},&quot;sessionId&quot;:null,&quot;status&quot;:0}"/>
         <property name="katalonVersion" value="8.4.1.208"/>
         <property name="deviceOS" value="Android"/>
         <property name="appiumVersion" value="1.22.3"/>
         <property name="deviceModel" value="Android SDK built for arm64"/>
         <property name="hostAddress" value="127.0.0.1"/>
         <property name="deviceManufacturer" value="Google"/>
         <property name="deviceId" value="emulator-5554"/>
         <property name="deviceName" value="emulator-5554 (Android SDK built for arm64 - Android 10)"/>
         <property name="deviceOSVersion" value="10"/>
      </properties>
      <testcase name="Test Cases/Board/TC_Board_CS-02" time="33.756" classname="Test Cases/Board/TC_Board_CS-02" status="PASSED">
         <system-out><![CDATA[2022-10-29 14:37:30 - [TEST_CASE][PASSED] - Test Cases/Board/TC_Board_CS-02: Test Cases/Board/TC_Board_CS-02

2022-10-29 14:37:30 - [TEST_STEP][PASSED] - callTestCase(findTestCase("Sign in/TC_Sign in_CS-40"), [:], STOP_ON_FAILURE): Call Test Case 'Test Cases/Sign in/TC_Sign in_CS-40' successfully

2022-10-29 14:37:30 - [TEST_CASE][PASSED] - Test Cases/Sign in/TC_Sign in_CS-40: Test Cases/Sign in/TC_Sign in_CS-40

2022-10-29 14:37:30 - [TEST_STEP][PASSED] - startApplication("/Users/sandikurnia/Downloads/apk-staging-for-iqbal.apk", false): Started app at: '/Users/sandikurnia/Downloads/apk-staging-for-iqbal.apk'

2022-10-29 14:37:32 - [MESSAGE][INFO] - Detected NodeJS location: "/opt/homebrew/Cellar/node/18.11.0/bin/node"

2022-10-29 14:37:33 - [MESSAGE][INFO] - Appium server started on port 62,966

2022-10-29 14:37:41 - [MESSAGE][PASSED] - Started app at: '/Users/sandikurnia/Downloads/apk-staging-for-iqbal.apk'

2022-10-29 14:37:41 - [TEST_STEP][PASSED] - tap(findTestObject("cicle.staging/Startup/YesButtonWhenOpenitApp"), 3, OPTIONAL): Object Object Repository/cicle.staging/Startup/YesButtonWhenOpenitApp not found

2022-10-29 14:37:45 - [MESSAGE][WARNING] - Object Object Repository/cicle.staging/Startup/YesButtonWhenOpenitApp not found

2022-10-29 14:37:45 - [TEST_STEP][PASSED] - tap(findTestObject("cicle.staging/Startup/SkipButtonWhenOpenitApp"), 3, OPTIONAL): Object Object Repository/cicle.staging/Startup/SkipButtonWhenOpenitApp not found

2022-10-29 14:37:48 - [MESSAGE][WARNING] - Object Object Repository/cicle.staging/Startup/SkipButtonWhenOpenitApp not found

2022-10-29 14:37:48 - [TEST_STEP][PASSED] - tap(findTestObject("cicle.staging/Startup/GotoSignInButton"), 3, OPTIONAL): Object Object Repository/cicle.staging/Startup/GotoSignInButton not found

2022-10-29 14:37:51 - [MESSAGE][WARNING] - Object Object Repository/cicle.staging/Startup/GotoSignInButton not found

2022-10-29 14:37:51 - [TEST_STEP][PASSED] - tap(findTestObject("cicle.staging/Startup/SignInwithGoogleAccount"), 3, OPTIONAL): Object Object Repository/cicle.staging/Startup/SignInwithGoogleAccount not found

2022-10-29 14:37:54 - [MESSAGE][WARNING] - Object Object Repository/cicle.staging/Startup/SignInwithGoogleAccount not found

2022-10-29 14:37:54 - [TEST_STEP][PASSED] - tap(findTestObject("cicle.staging/Startup/LayoutLoginwithMyAccount"), 3, OPTIONAL): Object Object Repository/cicle.staging/Startup/LayoutLoginwithMyAccount not found

2022-10-29 14:37:57 - [MESSAGE][WARNING] - Object Object Repository/cicle.staging/Startup/LayoutLoginwithMyAccount not found

2022-10-29 14:37:57 - [TEST_STEP][PASSED] - tap(findTestObject("cicle.staging/Startup/ChooseCompanyonYourListafterSignIn"), 3, OPTIONAL): Tapped on element 'Object Repository/cicle.staging/Startup/ChooseCompanyonYourListafterSignIn'

2022-10-29 14:37:58 - [MESSAGE][PASSED] - Tapped on element 'Object Repository/cicle.staging/Startup/ChooseCompanyonYourListafterSignIn'

2022-10-29 14:37:58 - [TEST_STEP][PASSED] - tap(findTestObject("cicle.staging/SekolahQAHeadQuarter/HeadquarterSekolahQA-MainPage"), 0, STOP_ON_FAILURE): Tapped on element 'Object Repository/cicle.staging/SekolahQAHeadQuarter/HeadquarterSekolahQA-MainPage'

2022-10-29 14:37:58 - [MESSAGE][WARNING] - Timeout '0' is invalid. Using default page load timeout: '30'

2022-10-29 14:37:59 - [MESSAGE][PASSED] - Tapped on element 'Object Repository/cicle.staging/SekolahQAHeadQuarter/HeadquarterSekolahQA-MainPage'

2022-10-29 14:37:59 - [MESSAGE][PASSED] - Call Test Case 'Test Cases/Sign in/TC_Sign in_CS-40' successfully

2022-10-29 14:37:59 - [TEST_STEP][PASSED] - tap(findTestObject("cicle.staging/Board/Board-Menu"), 0): Tapped on element 'Object Repository/cicle.staging/Board/Board-Menu'

2022-10-29 14:37:59 - [MESSAGE][WARNING] - Timeout '0' is invalid. Using default page load timeout: '30'

2022-10-29 14:37:59 - [MESSAGE][PASSED] - Tapped on element 'Object Repository/cicle.staging/Board/Board-Menu'

2022-10-29 14:37:59 - [TEST_STEP][PASSED] - tap(findTestObject("cicle.staging/Board/AddButtonOntheBottomRightSideBoard-Button"), 0): Tapped on element 'Object Repository/cicle.staging/Board/AddButtonOntheBottomRightSideBoard-Button'

2022-10-29 14:37:59 - [MESSAGE][WARNING] - Timeout '0' is invalid. Using default page load timeout: '30'

2022-10-29 14:38:01 - [MESSAGE][PASSED] - Tapped on element 'Object Repository/cicle.staging/Board/AddButtonOntheBottomRightSideBoard-Button'

2022-10-29 14:38:01 - [TEST_STEP][PASSED] - tap(findTestObject("cicle.staging/Board/Addnewlist-Field"), 0): Tapped on element 'Object Repository/cicle.staging/Board/Addnewlist-Field'

2022-10-29 14:38:01 - [MESSAGE][WARNING] - Timeout '0' is invalid. Using default page load timeout: '30'

2022-10-29 14:38:01 - [MESSAGE][PASSED] - Tapped on element 'Object Repository/cicle.staging/Board/Addnewlist-Field'

2022-10-29 14:38:01 - [TEST_STEP][PASSED] - setText(findTestObject("cicle.staging/Board/Addnewlist-Field"), variable, 0): Text 'Project by Sandi' has been set to element 'Object Repository/cicle.staging/Board/Addnewlist-Field'

2022-10-29 14:38:01 - [MESSAGE][WARNING] - Timeout '0' is invalid. Using default page load timeout: '30'

2022-10-29 14:38:01 - [MESSAGE][PASSED] - Text 'Project by Sandi' has been set to element 'Object Repository/cicle.staging/Board/Addnewlist-Field'

2022-10-29 14:38:01 - [TEST_STEP][PASSED] - tap(findTestObject("cicle.staging/Board/SubmitButton-Board"), 0): Tapped on element 'Object Repository/cicle.staging/Board/SubmitButton-Board'

2022-10-29 14:38:01 - [MESSAGE][WARNING] - Timeout '0' is invalid. Using default page load timeout: '30'

2022-10-29 14:38:03 - [MESSAGE][PASSED] - Tapped on element 'Object Repository/cicle.staging/Board/SubmitButton-Board']]></system-out>
         <system-err><![CDATA[]]></system-err>
      </testcase>
      <testcase name="Test Cases/Board/TC_Board_CS-03" time="25.447" classname="Test Cases/Board/TC_Board_CS-03" status="PASSED">
         <system-out><![CDATA[2022-10-29 14:38:03 - [TEST_CASE][PASSED] - Test Cases/Board/TC_Board_CS-03: Test Cases/Board/TC_Board_CS-03

2022-10-29 14:38:04 - [TEST_STEP][PASSED] - callTestCase(findTestCase("Sign in/TC_Sign in_CS-40"), [:], STOP_ON_FAILURE): Call Test Case 'Test Cases/Sign in/TC_Sign in_CS-40' successfully

2022-10-29 14:38:04 - [TEST_CASE][PASSED] - Test Cases/Sign in/TC_Sign in_CS-40: Test Cases/Sign in/TC_Sign in_CS-40

2022-10-29 14:38:04 - [TEST_STEP][PASSED] - startApplication("/Users/sandikurnia/Downloads/apk-staging-for-iqbal.apk", false): Started app at: '/Users/sandikurnia/Downloads/apk-staging-for-iqbal.apk'

2022-10-29 14:38:09 - [MESSAGE][PASSED] - Started app at: '/Users/sandikurnia/Downloads/apk-staging-for-iqbal.apk'

2022-10-29 14:38:09 - [TEST_STEP][PASSED] - tap(findTestObject("cicle.staging/Startup/YesButtonWhenOpenitApp"), 3, OPTIONAL): Object Object Repository/cicle.staging/Startup/YesButtonWhenOpenitApp not found

2022-10-29 14:38:12 - [MESSAGE][WARNING] - Object Object Repository/cicle.staging/Startup/YesButtonWhenOpenitApp not found

2022-10-29 14:38:12 - [TEST_STEP][PASSED] - tap(findTestObject("cicle.staging/Startup/SkipButtonWhenOpenitApp"), 3, OPTIONAL): Object Object Repository/cicle.staging/Startup/SkipButtonWhenOpenitApp not found

2022-10-29 14:38:15 - [MESSAGE][WARNING] - Object Object Repository/cicle.staging/Startup/SkipButtonWhenOpenitApp not found

2022-10-29 14:38:15 - [TEST_STEP][PASSED] - tap(findTestObject("cicle.staging/Startup/GotoSignInButton"), 3, OPTIONAL): Object Object Repository/cicle.staging/Startup/GotoSignInButton not found

2022-10-29 14:38:18 - [MESSAGE][WARNING] - Object Object Repository/cicle.staging/Startup/GotoSignInButton not found

2022-10-29 14:38:18 - [TEST_STEP][PASSED] - tap(findTestObject("cicle.staging/Startup/SignInwithGoogleAccount"), 3, OPTIONAL): Object Object Repository/cicle.staging/Startup/SignInwithGoogleAccount not found

2022-10-29 14:38:22 - [MESSAGE][WARNING] - Object Object Repository/cicle.staging/Startup/SignInwithGoogleAccount not found

2022-10-29 14:38:22 - [TEST_STEP][PASSED] - tap(findTestObject("cicle.staging/Startup/LayoutLoginwithMyAccount"), 3, OPTIONAL): Object Object Repository/cicle.staging/Startup/LayoutLoginwithMyAccount not found

2022-10-29 14:38:25 - [MESSAGE][WARNING] - Object Object Repository/cicle.staging/Startup/LayoutLoginwithMyAccount not found

2022-10-29 14:38:25 - [TEST_STEP][PASSED] - tap(findTestObject("cicle.staging/Startup/ChooseCompanyonYourListafterSignIn"), 3, OPTIONAL): Tapped on element 'Object Repository/cicle.staging/Startup/ChooseCompanyonYourListafterSignIn'

2022-10-29 14:38:25 - [MESSAGE][PASSED] - Tapped on element 'Object Repository/cicle.staging/Startup/ChooseCompanyonYourListafterSignIn'

2022-10-29 14:38:25 - [TEST_STEP][PASSED] - tap(findTestObject("cicle.staging/SekolahQAHeadQuarter/HeadquarterSekolahQA-MainPage"), 0, STOP_ON_FAILURE): Tapped on element 'Object Repository/cicle.staging/SekolahQAHeadQuarter/HeadquarterSekolahQA-MainPage'

2022-10-29 14:38:25 - [MESSAGE][WARNING] - Timeout '0' is invalid. Using default page load timeout: '30'

2022-10-29 14:38:26 - [MESSAGE][PASSED] - Tapped on element 'Object Repository/cicle.staging/SekolahQAHeadQuarter/HeadquarterSekolahQA-MainPage'

2022-10-29 14:38:26 - [MESSAGE][PASSED] - Call Test Case 'Test Cases/Sign in/TC_Sign in_CS-40' successfully

2022-10-29 14:38:26 - [TEST_STEP][PASSED] - tap(findTestObject("cicle.staging/Board/Board-Menu"), 0): Tapped on element 'Object Repository/cicle.staging/Board/Board-Menu'

2022-10-29 14:38:26 - [MESSAGE][WARNING] - Timeout '0' is invalid. Using default page load timeout: '30'

2022-10-29 14:38:26 - [MESSAGE][PASSED] - Tapped on element 'Object Repository/cicle.staging/Board/Board-Menu'

2022-10-29 14:38:26 - [TEST_STEP][PASSED] - tap(findTestObject("cicle.staging/Board/AddButtonOntheBottomRightSideBoard-Button"), 0): Tapped on element 'Object Repository/cicle.staging/Board/AddButtonOntheBottomRightSideBoard-Button'

2022-10-29 14:38:26 - [MESSAGE][WARNING] - Timeout '0' is invalid. Using default page load timeout: '30'

2022-10-29 14:38:28 - [MESSAGE][PASSED] - Tapped on element 'Object Repository/cicle.staging/Board/AddButtonOntheBottomRightSideBoard-Button'

2022-10-29 14:38:28 - [TEST_STEP][PASSED] - tap(findTestObject("cicle.staging/Board/Addnewlist-Field"), 0): Tapped on element 'Object Repository/cicle.staging/Board/Addnewlist-Field'

2022-10-29 14:38:28 - [MESSAGE][WARNING] - Timeout '0' is invalid. Using default page load timeout: '30'

2022-10-29 14:38:28 - [MESSAGE][PASSED] - Tapped on element 'Object Repository/cicle.staging/Board/Addnewlist-Field'

2022-10-29 14:38:28 - [TEST_STEP][PASSED] - setText(findTestObject("cicle.staging/Board/Addnewlist-Field"), findTestData("Board/BoardlListName/BoardlListName").getValue(1, 2), 0): Text '' has been set to element 'Object Repository/cicle.staging/Board/Addnewlist-Field'

2022-10-29 14:38:28 - [MESSAGE][WARNING] - Timeout '0' is invalid. Using default page load timeout: '30'

2022-10-29 14:38:28 - [MESSAGE][PASSED] - Text '' has been set to element 'Object Repository/cicle.staging/Board/Addnewlist-Field'

2022-10-29 14:38:28 - [TEST_STEP][PASSED] - tap(findTestObject("cicle.staging/Board/SubmitButton-Board"), 0): Tapped on element 'Object Repository/cicle.staging/Board/SubmitButton-Board'

2022-10-29 14:38:28 - [MESSAGE][WARNING] - Timeout '0' is invalid. Using default page load timeout: '30'

2022-10-29 14:38:29 - [MESSAGE][PASSED] - Tapped on element 'Object Repository/cicle.staging/Board/SubmitButton-Board']]></system-out>
         <system-err><![CDATA[]]></system-err>
      </testcase>
      <testcase name="Test Cases/Board/TC_Board_CS-04" time="26.691" classname="Test Cases/Board/TC_Board_CS-04" status="PASSED">
         <system-out><![CDATA[2022-10-29 14:38:29 - [TEST_CASE][PASSED] - Test Cases/Board/TC_Board_CS-04: Test Cases/Board/TC_Board_CS-04

2022-10-29 14:38:29 - [TEST_STEP][PASSED] - callTestCase(findTestCase("Sign in/TC_Sign in_CS-40"), [:], STOP_ON_FAILURE): Call Test Case 'Test Cases/Sign in/TC_Sign in_CS-40' successfully

2022-10-29 14:38:29 - [TEST_CASE][PASSED] - Test Cases/Sign in/TC_Sign in_CS-40: Test Cases/Sign in/TC_Sign in_CS-40

2022-10-29 14:38:29 - [TEST_STEP][PASSED] - startApplication("/Users/sandikurnia/Downloads/apk-staging-for-iqbal.apk", false): Started app at: '/Users/sandikurnia/Downloads/apk-staging-for-iqbal.apk'

2022-10-29 14:38:34 - [MESSAGE][PASSED] - Started app at: '/Users/sandikurnia/Downloads/apk-staging-for-iqbal.apk'

2022-10-29 14:38:34 - [TEST_STEP][PASSED] - tap(findTestObject("cicle.staging/Startup/YesButtonWhenOpenitApp"), 3, OPTIONAL): Object Object Repository/cicle.staging/Startup/YesButtonWhenOpenitApp not found

2022-10-29 14:38:37 - [MESSAGE][WARNING] - Object Object Repository/cicle.staging/Startup/YesButtonWhenOpenitApp not found

2022-10-29 14:38:37 - [TEST_STEP][PASSED] - tap(findTestObject("cicle.staging/Startup/SkipButtonWhenOpenitApp"), 3, OPTIONAL): Object Object Repository/cicle.staging/Startup/SkipButtonWhenOpenitApp not found

2022-10-29 14:38:41 - [MESSAGE][WARNING] - Object Object Repository/cicle.staging/Startup/SkipButtonWhenOpenitApp not found

2022-10-29 14:38:41 - [TEST_STEP][PASSED] - tap(findTestObject("cicle.staging/Startup/GotoSignInButton"), 3, OPTIONAL): Object Object Repository/cicle.staging/Startup/GotoSignInButton not found

2022-10-29 14:38:44 - [MESSAGE][WARNING] - Object Object Repository/cicle.staging/Startup/GotoSignInButton not found

2022-10-29 14:38:44 - [TEST_STEP][PASSED] - tap(findTestObject("cicle.staging/Startup/SignInwithGoogleAccount"), 3, OPTIONAL): Object Object Repository/cicle.staging/Startup/SignInwithGoogleAccount not found

2022-10-29 14:38:47 - [MESSAGE][WARNING] - Object Object Repository/cicle.staging/Startup/SignInwithGoogleAccount not found

2022-10-29 14:38:47 - [TEST_STEP][PASSED] - tap(findTestObject("cicle.staging/Startup/LayoutLoginwithMyAccount"), 3, OPTIONAL): Object Object Repository/cicle.staging/Startup/LayoutLoginwithMyAccount not found

2022-10-29 14:38:50 - [MESSAGE][WARNING] - Object Object Repository/cicle.staging/Startup/LayoutLoginwithMyAccount not found

2022-10-29 14:38:50 - [TEST_STEP][PASSED] - tap(findTestObject("cicle.staging/Startup/ChooseCompanyonYourListafterSignIn"), 3, OPTIONAL): Tapped on element 'Object Repository/cicle.staging/Startup/ChooseCompanyonYourListafterSignIn'

2022-10-29 14:38:50 - [MESSAGE][PASSED] - Tapped on element 'Object Repository/cicle.staging/Startup/ChooseCompanyonYourListafterSignIn'

2022-10-29 14:38:50 - [TEST_STEP][PASSED] - tap(findTestObject("cicle.staging/SekolahQAHeadQuarter/HeadquarterSekolahQA-MainPage"), 0, STOP_ON_FAILURE): Tapped on element 'Object Repository/cicle.staging/SekolahQAHeadQuarter/HeadquarterSekolahQA-MainPage'

2022-10-29 14:38:50 - [MESSAGE][WARNING] - Timeout '0' is invalid. Using default page load timeout: '30'

2022-10-29 14:38:52 - [MESSAGE][PASSED] - Tapped on element 'Object Repository/cicle.staging/SekolahQAHeadQuarter/HeadquarterSekolahQA-MainPage'

2022-10-29 14:38:52 - [MESSAGE][PASSED] - Call Test Case 'Test Cases/Sign in/TC_Sign in_CS-40' successfully

2022-10-29 14:38:52 - [TEST_STEP][PASSED] - tap(findTestObject("cicle.staging/Board/Board-Menu"), 0): Tapped on element 'Object Repository/cicle.staging/Board/Board-Menu'

2022-10-29 14:38:52 - [MESSAGE][WARNING] - Timeout '0' is invalid. Using default page load timeout: '30'

2022-10-29 14:38:52 - [MESSAGE][PASSED] - Tapped on element 'Object Repository/cicle.staging/Board/Board-Menu'

2022-10-29 14:38:52 - [TEST_STEP][PASSED] - tap(findTestObject("cicle.staging/Board/Card/AddNewCard-Button"), 0): Tapped on element 'Object Repository/cicle.staging/Board/Card/AddNewCard-Button'

2022-10-29 14:38:52 - [MESSAGE][WARNING] - Timeout '0' is invalid. Using default page load timeout: '30'

2022-10-29 14:38:54 - [MESSAGE][PASSED] - Tapped on element 'Object Repository/cicle.staging/Board/Card/AddNewCard-Button'

2022-10-29 14:38:54 - [TEST_STEP][PASSED] - tap(findTestObject("cicle.staging/Board/Card/YourCardName-Field"), 0): Tapped on element 'Object Repository/cicle.staging/Board/Card/YourCardName-Field'

2022-10-29 14:38:54 - [MESSAGE][WARNING] - Timeout '0' is invalid. Using default page load timeout: '30'

2022-10-29 14:38:54 - [MESSAGE][PASSED] - Tapped on element 'Object Repository/cicle.staging/Board/Card/YourCardName-Field'

2022-10-29 14:38:54 - [TEST_STEP][PASSED] - setText(findTestObject("cicle.staging/Board/Card/YourCardName-Field"), findTestData("Board/Card/CardName").getValue(1, 1), 0): Text 'Sandi' has been set to element 'Object Repository/cicle.staging/Board/Card/YourCardName-Field'

2022-10-29 14:38:54 - [MESSAGE][WARNING] - Timeout '0' is invalid. Using default page load timeout: '30'

2022-10-29 14:38:54 - [MESSAGE][PASSED] - Text 'Sandi' has been set to element 'Object Repository/cicle.staging/Board/Card/YourCardName-Field'

2022-10-29 14:38:54 - [TEST_STEP][PASSED] - tap(findTestObject("cicle.staging/Board/Check-Button"), 0): Tapped on element 'Object Repository/cicle.staging/Board/Check-Button'

2022-10-29 14:38:54 - [MESSAGE][WARNING] - Timeout '0' is invalid. Using default page load timeout: '30'

2022-10-29 14:38:56 - [MESSAGE][PASSED] - Tapped on element 'Object Repository/cicle.staging/Board/Check-Button']]></system-out>
         <system-err><![CDATA[]]></system-err>
      </testcase>
      <testcase name="Test Cases/Board/TC_Board_CS-05" time="25.435" classname="Test Cases/Board/TC_Board_CS-05" status="PASSED">
         <system-out><![CDATA[2022-10-29 14:38:56 - [TEST_CASE][PASSED] - Test Cases/Board/TC_Board_CS-05: Test Cases/Board/TC_Board_CS-05

2022-10-29 14:38:56 - [TEST_STEP][PASSED] - callTestCase(findTestCase("Sign in/TC_Sign in_CS-40"), [:], STOP_ON_FAILURE): Call Test Case 'Test Cases/Sign in/TC_Sign in_CS-40' successfully

2022-10-29 14:38:56 - [TEST_CASE][PASSED] - Test Cases/Sign in/TC_Sign in_CS-40: Test Cases/Sign in/TC_Sign in_CS-40

2022-10-29 14:38:56 - [TEST_STEP][PASSED] - startApplication("/Users/sandikurnia/Downloads/apk-staging-for-iqbal.apk", false): Started app at: '/Users/sandikurnia/Downloads/apk-staging-for-iqbal.apk'

2022-10-29 14:39:01 - [MESSAGE][PASSED] - Started app at: '/Users/sandikurnia/Downloads/apk-staging-for-iqbal.apk'

2022-10-29 14:39:01 - [TEST_STEP][PASSED] - tap(findTestObject("cicle.staging/Startup/YesButtonWhenOpenitApp"), 3, OPTIONAL): Object Object Repository/cicle.staging/Startup/YesButtonWhenOpenitApp not found

2022-10-29 14:39:04 - [MESSAGE][WARNING] - Object Object Repository/cicle.staging/Startup/YesButtonWhenOpenitApp not found

2022-10-29 14:39:04 - [TEST_STEP][PASSED] - tap(findTestObject("cicle.staging/Startup/SkipButtonWhenOpenitApp"), 3, OPTIONAL): Object Object Repository/cicle.staging/Startup/SkipButtonWhenOpenitApp not found

2022-10-29 14:39:07 - [MESSAGE][WARNING] - Object Object Repository/cicle.staging/Startup/SkipButtonWhenOpenitApp not found

2022-10-29 14:39:07 - [TEST_STEP][PASSED] - tap(findTestObject("cicle.staging/Startup/GotoSignInButton"), 3, OPTIONAL): Object Object Repository/cicle.staging/Startup/GotoSignInButton not found

2022-10-29 14:39:10 - [MESSAGE][WARNING] - Object Object Repository/cicle.staging/Startup/GotoSignInButton not found

2022-10-29 14:39:10 - [TEST_STEP][PASSED] - tap(findTestObject("cicle.staging/Startup/SignInwithGoogleAccount"), 3, OPTIONAL): Object Object Repository/cicle.staging/Startup/SignInwithGoogleAccount not found

2022-10-29 14:39:14 - [MESSAGE][WARNING] - Object Object Repository/cicle.staging/Startup/SignInwithGoogleAccount not found

2022-10-29 14:39:14 - [TEST_STEP][PASSED] - tap(findTestObject("cicle.staging/Startup/LayoutLoginwithMyAccount"), 3, OPTIONAL): Object Object Repository/cicle.staging/Startup/LayoutLoginwithMyAccount not found

2022-10-29 14:39:17 - [MESSAGE][WARNING] - Object Object Repository/cicle.staging/Startup/LayoutLoginwithMyAccount not found

2022-10-29 14:39:17 - [TEST_STEP][PASSED] - tap(findTestObject("cicle.staging/Startup/ChooseCompanyonYourListafterSignIn"), 3, OPTIONAL): Tapped on element 'Object Repository/cicle.staging/Startup/ChooseCompanyonYourListafterSignIn'

2022-10-29 14:39:17 - [MESSAGE][PASSED] - Tapped on element 'Object Repository/cicle.staging/Startup/ChooseCompanyonYourListafterSignIn'

2022-10-29 14:39:17 - [TEST_STEP][PASSED] - tap(findTestObject("cicle.staging/SekolahQAHeadQuarter/HeadquarterSekolahQA-MainPage"), 0, STOP_ON_FAILURE): Tapped on element 'Object Repository/cicle.staging/SekolahQAHeadQuarter/HeadquarterSekolahQA-MainPage'

2022-10-29 14:39:17 - [MESSAGE][WARNING] - Timeout '0' is invalid. Using default page load timeout: '30'

2022-10-29 14:39:18 - [MESSAGE][PASSED] - Tapped on element 'Object Repository/cicle.staging/SekolahQAHeadQuarter/HeadquarterSekolahQA-MainPage'

2022-10-29 14:39:18 - [MESSAGE][PASSED] - Call Test Case 'Test Cases/Sign in/TC_Sign in_CS-40' successfully

2022-10-29 14:39:18 - [TEST_STEP][PASSED] - tap(findTestObject("cicle.staging/Board/Board-Menu"), 0): Tapped on element 'Object Repository/cicle.staging/Board/Board-Menu'

2022-10-29 14:39:18 - [MESSAGE][WARNING] - Timeout '0' is invalid. Using default page load timeout: '30'

2022-10-29 14:39:18 - [MESSAGE][PASSED] - Tapped on element 'Object Repository/cicle.staging/Board/Board-Menu'

2022-10-29 14:39:18 - [TEST_STEP][PASSED] - tap(findTestObject("cicle.staging/Board/Card/AddNewCard-Button"), 0): Tapped on element 'Object Repository/cicle.staging/Board/Card/AddNewCard-Button'

2022-10-29 14:39:19 - [MESSAGE][WARNING] - Timeout '0' is invalid. Using default page load timeout: '30'

2022-10-29 14:39:21 - [MESSAGE][PASSED] - Tapped on element 'Object Repository/cicle.staging/Board/Card/AddNewCard-Button'

2022-10-29 14:39:21 - [TEST_STEP][PASSED] - tap(findTestObject("cicle.staging/Board/Card/YourCardName-Field"), 0): Tapped on element 'Object Repository/cicle.staging/Board/Card/YourCardName-Field'

2022-10-29 14:39:21 - [MESSAGE][WARNING] - Timeout '0' is invalid. Using default page load timeout: '30'

2022-10-29 14:39:21 - [MESSAGE][PASSED] - Tapped on element 'Object Repository/cicle.staging/Board/Card/YourCardName-Field'

2022-10-29 14:39:21 - [TEST_STEP][PASSED] - setText(findTestObject("cicle.staging/Board/Card/YourCardName-Field"), findTestData("Board/Card/CardName").getValue(1, 2), 0): Text '' has been set to element 'Object Repository/cicle.staging/Board/Card/YourCardName-Field'

2022-10-29 14:39:21 - [MESSAGE][WARNING] - Timeout '0' is invalid. Using default page load timeout: '30'

2022-10-29 14:39:21 - [MESSAGE][PASSED] - Text '' has been set to element 'Object Repository/cicle.staging/Board/Card/YourCardName-Field'

2022-10-29 14:39:21 - [TEST_STEP][PASSED] - tap(findTestObject("cicle.staging/Board/Check-Button"), 0): Tapped on element 'Object Repository/cicle.staging/Board/Check-Button'

2022-10-29 14:39:21 - [MESSAGE][WARNING] - Timeout '0' is invalid. Using default page load timeout: '30'

2022-10-29 14:39:21 - [MESSAGE][PASSED] - Tapped on element 'Object Repository/cicle.staging/Board/Check-Button']]></system-out>
         <system-err><![CDATA[]]></system-err>
      </testcase>
      <testcase name="Test Cases/Board/TC_Board_CS-06" time="31.398" classname="Test Cases/Board/TC_Board_CS-06" status="PASSED">
         <system-out><![CDATA[2022-10-29 14:39:21 - [TEST_CASE][PASSED] - Test Cases/Board/TC_Board_CS-06: Test Cases/Board/TC_Board_CS-06

2022-10-29 14:39:21 - [TEST_STEP][PASSED] - callTestCase(findTestCase("Sign in/TC_Sign in_CS-40"), [:], STOP_ON_FAILURE): Call Test Case 'Test Cases/Sign in/TC_Sign in_CS-40' successfully

2022-10-29 14:39:21 - [TEST_CASE][PASSED] - Test Cases/Sign in/TC_Sign in_CS-40: Test Cases/Sign in/TC_Sign in_CS-40

2022-10-29 14:39:21 - [TEST_STEP][PASSED] - startApplication("/Users/sandikurnia/Downloads/apk-staging-for-iqbal.apk", false): Started app at: '/Users/sandikurnia/Downloads/apk-staging-for-iqbal.apk'

2022-10-29 14:39:26 - [MESSAGE][PASSED] - Started app at: '/Users/sandikurnia/Downloads/apk-staging-for-iqbal.apk'

2022-10-29 14:39:26 - [TEST_STEP][PASSED] - tap(findTestObject("cicle.staging/Startup/YesButtonWhenOpenitApp"), 3, OPTIONAL): Object Object Repository/cicle.staging/Startup/YesButtonWhenOpenitApp not found

2022-10-29 14:39:29 - [MESSAGE][WARNING] - Object Object Repository/cicle.staging/Startup/YesButtonWhenOpenitApp not found

2022-10-29 14:39:29 - [TEST_STEP][PASSED] - tap(findTestObject("cicle.staging/Startup/SkipButtonWhenOpenitApp"), 3, OPTIONAL): Object Object Repository/cicle.staging/Startup/SkipButtonWhenOpenitApp not found

2022-10-29 14:39:33 - [MESSAGE][WARNING] - Object Object Repository/cicle.staging/Startup/SkipButtonWhenOpenitApp not found

2022-10-29 14:39:33 - [TEST_STEP][PASSED] - tap(findTestObject("cicle.staging/Startup/GotoSignInButton"), 3, OPTIONAL): Object Object Repository/cicle.staging/Startup/GotoSignInButton not found

2022-10-29 14:39:36 - [MESSAGE][WARNING] - Object Object Repository/cicle.staging/Startup/GotoSignInButton not found

2022-10-29 14:39:36 - [TEST_STEP][PASSED] - tap(findTestObject("cicle.staging/Startup/SignInwithGoogleAccount"), 3, OPTIONAL): Object Object Repository/cicle.staging/Startup/SignInwithGoogleAccount not found

2022-10-29 14:39:39 - [MESSAGE][WARNING] - Object Object Repository/cicle.staging/Startup/SignInwithGoogleAccount not found

2022-10-29 14:39:39 - [TEST_STEP][PASSED] - tap(findTestObject("cicle.staging/Startup/LayoutLoginwithMyAccount"), 3, OPTIONAL): Object Object Repository/cicle.staging/Startup/LayoutLoginwithMyAccount not found

2022-10-29 14:39:42 - [MESSAGE][WARNING] - Object Object Repository/cicle.staging/Startup/LayoutLoginwithMyAccount not found

2022-10-29 14:39:42 - [TEST_STEP][PASSED] - tap(findTestObject("cicle.staging/Startup/ChooseCompanyonYourListafterSignIn"), 3, OPTIONAL): Tapped on element 'Object Repository/cicle.staging/Startup/ChooseCompanyonYourListafterSignIn'

2022-10-29 14:39:42 - [MESSAGE][PASSED] - Tapped on element 'Object Repository/cicle.staging/Startup/ChooseCompanyonYourListafterSignIn'

2022-10-29 14:39:42 - [TEST_STEP][PASSED] - tap(findTestObject("cicle.staging/SekolahQAHeadQuarter/HeadquarterSekolahQA-MainPage"), 0, STOP_ON_FAILURE): Tapped on element 'Object Repository/cicle.staging/SekolahQAHeadQuarter/HeadquarterSekolahQA-MainPage'

2022-10-29 14:39:42 - [MESSAGE][WARNING] - Timeout '0' is invalid. Using default page load timeout: '30'

2022-10-29 14:39:43 - [MESSAGE][PASSED] - Tapped on element 'Object Repository/cicle.staging/SekolahQAHeadQuarter/HeadquarterSekolahQA-MainPage'

2022-10-29 14:39:43 - [MESSAGE][PASSED] - Call Test Case 'Test Cases/Sign in/TC_Sign in_CS-40' successfully

2022-10-29 14:39:43 - [TEST_STEP][PASSED] - tap(findTestObject("cicle.staging/Board/Board-Menu"), 0): Tapped on element 'Object Repository/cicle.staging/Board/Board-Menu'

2022-10-29 14:39:44 - [MESSAGE][WARNING] - Timeout '0' is invalid. Using default page load timeout: '30'

2022-10-29 14:39:44 - [MESSAGE][PASSED] - Tapped on element 'Object Repository/cicle.staging/Board/Board-Menu'

2022-10-29 14:39:44 - [TEST_STEP][PASSED] - tap(findTestObject("cicle.staging/Board/Card/userCardAccount"), 0): Tapped on element 'Object Repository/cicle.staging/Board/Card/userCardAccount'

2022-10-29 14:39:44 - [MESSAGE][WARNING] - Timeout '0' is invalid. Using default page load timeout: '30'

2022-10-29 14:39:45 - [MESSAGE][PASSED] - Tapped on element 'Object Repository/cicle.staging/Board/Card/userCardAccount'

2022-10-29 14:39:45 - [TEST_STEP][PASSED] - tap(findTestObject("cicle.staging/Board/Label/Label-Button"), 0): Tapped on element 'Object Repository/cicle.staging/Board/Label/Label-Button'

2022-10-29 14:39:45 - [MESSAGE][WARNING] - Timeout '0' is invalid. Using default page load timeout: '30'

2022-10-29 14:39:47 - [MESSAGE][PASSED] - Tapped on element 'Object Repository/cicle.staging/Board/Label/Label-Button'

2022-10-29 14:39:47 - [TEST_STEP][PASSED] - tap(findTestObject("cicle.staging/Board/Label/Label-CreateNewLabel"), 0, OPTIONAL): Tapped on element 'Object Repository/cicle.staging/Board/Label/Label-CreateNewLabel'

2022-10-29 14:39:47 - [MESSAGE][WARNING] - Timeout '0' is invalid. Using default page load timeout: '30'

2022-10-29 14:39:47 - [MESSAGE][PASSED] - Tapped on element 'Object Repository/cicle.staging/Board/Label/Label-CreateNewLabel'

2022-10-29 14:39:47 - [TEST_STEP][PASSED] - tap(findTestObject("cicle.staging/Board/Label/NameYourLabel-Field"), 0): Tapped on element 'Object Repository/cicle.staging/Board/Label/NameYourLabel-Field'

2022-10-29 14:39:47 - [MESSAGE][WARNING] - Timeout '0' is invalid. Using default page load timeout: '30'

2022-10-29 14:39:48 - [MESSAGE][PASSED] - Tapped on element 'Object Repository/cicle.staging/Board/Label/NameYourLabel-Field'

2022-10-29 14:39:48 - [TEST_STEP][PASSED] - setText(findTestObject("cicle.staging/Board/Label/NameYourLabel-Field"), findTestData("Board/Label/LabelName").getValue(1, 1), 0): Text 'Sunday' has been set to element 'Object Repository/cicle.staging/Board/Label/NameYourLabel-Field'

2022-10-29 14:39:48 - [MESSAGE][WARNING] - Timeout '0' is invalid. Using default page load timeout: '30'

2022-10-29 14:39:48 - [MESSAGE][PASSED] - Text 'Sunday' has been set to element 'Object Repository/cicle.staging/Board/Label/NameYourLabel-Field'

2022-10-29 14:39:48 - [TEST_STEP][PASSED] - tap(findTestObject("cicle.staging/Board/Label/LabelColor-Green01"), 0): Tapped on element 'Object Repository/cicle.staging/Board/Label/LabelColor-Green01'

2022-10-29 14:39:48 - [MESSAGE][WARNING] - Timeout '0' is invalid. Using default page load timeout: '30'

2022-10-29 14:39:49 - [MESSAGE][PASSED] - Tapped on element 'Object Repository/cicle.staging/Board/Label/LabelColor-Green01'

2022-10-29 14:39:49 - [TEST_STEP][PASSED] - hideKeyboard(): Keyboard is hidden

2022-10-29 14:39:50 - [MESSAGE][PASSED] - Keyboard is hidden

2022-10-29 14:39:50 - [TEST_STEP][PASSED] - tap(findTestObject("cicle.staging/Board/Label/SubmitLabel-Button"), 0): Tapped on element 'Object Repository/cicle.staging/Board/Label/SubmitLabel-Button'

2022-10-29 14:39:50 - [MESSAGE][WARNING] - Timeout '0' is invalid. Using default page load timeout: '30'

2022-10-29 14:39:52 - [MESSAGE][PASSED] - Tapped on element 'Object Repository/cicle.staging/Board/Label/SubmitLabel-Button'

2022-10-29 14:39:52 - [TEST_STEP][PASSED] - verifyElementVisible(findTestObject("cicle.staging/Board/Label/Assertion-Label-CreatingLabelForThisBoardSuccess"), 0): Element 'Object Repository/cicle.staging/Board/Label/Assertion-Label-CreatingLabelForThisBoardSuccess' is visible

2022-10-29 14:39:52 - [MESSAGE][WARNING] - Timeout '0' is invalid. Using default page load timeout: '30'

2022-10-29 14:39:53 - [MESSAGE][PASSED] - Element 'Object Repository/cicle.staging/Board/Label/Assertion-Label-CreatingLabelForThisBoardSuccess' is visible]]></system-out>
         <system-err><![CDATA[]]></system-err>
      </testcase>
      <testcase name="Test Cases/Board/TC_Board_CS-07" time="29.227" classname="Test Cases/Board/TC_Board_CS-07" status="PASSED">
         <system-out><![CDATA[2022-10-29 14:39:53 - [TEST_CASE][PASSED] - Test Cases/Board/TC_Board_CS-07: Test Cases/Board/TC_Board_CS-07

2022-10-29 14:39:53 - [TEST_STEP][PASSED] - callTestCase(findTestCase("Sign in/TC_Sign in_CS-40"), [:], STOP_ON_FAILURE): Call Test Case 'Test Cases/Sign in/TC_Sign in_CS-40' successfully

2022-10-29 14:39:53 - [TEST_CASE][PASSED] - Test Cases/Sign in/TC_Sign in_CS-40: Test Cases/Sign in/TC_Sign in_CS-40

2022-10-29 14:39:53 - [TEST_STEP][PASSED] - startApplication("/Users/sandikurnia/Downloads/apk-staging-for-iqbal.apk", false): Started app at: '/Users/sandikurnia/Downloads/apk-staging-for-iqbal.apk'

2022-10-29 14:39:58 - [MESSAGE][PASSED] - Started app at: '/Users/sandikurnia/Downloads/apk-staging-for-iqbal.apk'

2022-10-29 14:39:58 - [TEST_STEP][PASSED] - tap(findTestObject("cicle.staging/Startup/YesButtonWhenOpenitApp"), 3, OPTIONAL): Object Object Repository/cicle.staging/Startup/YesButtonWhenOpenitApp not found

2022-10-29 14:40:01 - [MESSAGE][WARNING] - Object Object Repository/cicle.staging/Startup/YesButtonWhenOpenitApp not found

2022-10-29 14:40:01 - [TEST_STEP][PASSED] - tap(findTestObject("cicle.staging/Startup/SkipButtonWhenOpenitApp"), 3, OPTIONAL): Object Object Repository/cicle.staging/Startup/SkipButtonWhenOpenitApp not found

2022-10-29 14:40:04 - [MESSAGE][WARNING] - Object Object Repository/cicle.staging/Startup/SkipButtonWhenOpenitApp not found

2022-10-29 14:40:04 - [TEST_STEP][PASSED] - tap(findTestObject("cicle.staging/Startup/GotoSignInButton"), 3, OPTIONAL): Object Object Repository/cicle.staging/Startup/GotoSignInButton not found

2022-10-29 14:40:07 - [MESSAGE][WARNING] - Object Object Repository/cicle.staging/Startup/GotoSignInButton not found

2022-10-29 14:40:07 - [TEST_STEP][PASSED] - tap(findTestObject("cicle.staging/Startup/SignInwithGoogleAccount"), 3, OPTIONAL): Object Object Repository/cicle.staging/Startup/SignInwithGoogleAccount not found

2022-10-29 14:40:11 - [MESSAGE][WARNING] - Object Object Repository/cicle.staging/Startup/SignInwithGoogleAccount not found

2022-10-29 14:40:11 - [TEST_STEP][PASSED] - tap(findTestObject("cicle.staging/Startup/LayoutLoginwithMyAccount"), 3, OPTIONAL): Object Object Repository/cicle.staging/Startup/LayoutLoginwithMyAccount not found

2022-10-29 14:40:14 - [MESSAGE][WARNING] - Object Object Repository/cicle.staging/Startup/LayoutLoginwithMyAccount not found

2022-10-29 14:40:14 - [TEST_STEP][PASSED] - tap(findTestObject("cicle.staging/Startup/ChooseCompanyonYourListafterSignIn"), 3, OPTIONAL): Tapped on element 'Object Repository/cicle.staging/Startup/ChooseCompanyonYourListafterSignIn'

2022-10-29 14:40:14 - [MESSAGE][PASSED] - Tapped on element 'Object Repository/cicle.staging/Startup/ChooseCompanyonYourListafterSignIn'

2022-10-29 14:40:14 - [TEST_STEP][PASSED] - tap(findTestObject("cicle.staging/SekolahQAHeadQuarter/HeadquarterSekolahQA-MainPage"), 0, STOP_ON_FAILURE): Tapped on element 'Object Repository/cicle.staging/SekolahQAHeadQuarter/HeadquarterSekolahQA-MainPage'

2022-10-29 14:40:14 - [MESSAGE][WARNING] - Timeout '0' is invalid. Using default page load timeout: '30'

2022-10-29 14:40:15 - [MESSAGE][PASSED] - Tapped on element 'Object Repository/cicle.staging/SekolahQAHeadQuarter/HeadquarterSekolahQA-MainPage'

2022-10-29 14:40:15 - [MESSAGE][PASSED] - Call Test Case 'Test Cases/Sign in/TC_Sign in_CS-40' successfully

2022-10-29 14:40:15 - [TEST_STEP][PASSED] - tap(findTestObject("cicle.staging/Board/Board-Menu"), 0): Tapped on element 'Object Repository/cicle.staging/Board/Board-Menu'

2022-10-29 14:40:15 - [MESSAGE][WARNING] - Timeout '0' is invalid. Using default page load timeout: '30'

2022-10-29 14:40:15 - [MESSAGE][PASSED] - Tapped on element 'Object Repository/cicle.staging/Board/Board-Menu'

2022-10-29 14:40:15 - [TEST_STEP][PASSED] - tap(findTestObject("cicle.staging/Board/Card/userCardAccount"), 0): Tapped on element 'Object Repository/cicle.staging/Board/Card/userCardAccount'

2022-10-29 14:40:15 - [MESSAGE][WARNING] - Timeout '0' is invalid. Using default page load timeout: '30'

2022-10-29 14:40:16 - [MESSAGE][PASSED] - Tapped on element 'Object Repository/cicle.staging/Board/Card/userCardAccount'

2022-10-29 14:40:16 - [TEST_STEP][PASSED] - tap(findTestObject("cicle.staging/Board/Label/Label-Button"), 0): Tapped on element 'Object Repository/cicle.staging/Board/Label/Label-Button'

2022-10-29 14:40:17 - [MESSAGE][WARNING] - Timeout '0' is invalid. Using default page load timeout: '30'

2022-10-29 14:40:18 - [MESSAGE][PASSED] - Tapped on element 'Object Repository/cicle.staging/Board/Label/Label-Button'

2022-10-29 14:40:18 - [TEST_STEP][PASSED] - tap(findTestObject("cicle.staging/Board/Label/Label-CreateNewLabel"), 3, OPTIONAL): Tapped on element 'Object Repository/cicle.staging/Board/Label/Label-CreateNewLabel'

2022-10-29 14:40:19 - [MESSAGE][PASSED] - Tapped on element 'Object Repository/cicle.staging/Board/Label/Label-CreateNewLabel'

2022-10-29 14:40:19 - [TEST_STEP][PASSED] - tap(findTestObject("cicle.staging/Board/Label/NameYourLabel-Field"), 0): Tapped on element 'Object Repository/cicle.staging/Board/Label/NameYourLabel-Field'

2022-10-29 14:40:19 - [MESSAGE][WARNING] - Timeout '0' is invalid. Using default page load timeout: '30'

2022-10-29 14:40:19 - [MESSAGE][PASSED] - Tapped on element 'Object Repository/cicle.staging/Board/Label/NameYourLabel-Field'

2022-10-29 14:40:19 - [TEST_STEP][PASSED] - setText(findTestObject("cicle.staging/Board/Label/NameYourLabel-Field"), findTestData("Board/Label/LabelName").getValue(1, 2), 0): Text '' has been set to element 'Object Repository/cicle.staging/Board/Label/NameYourLabel-Field'

2022-10-29 14:40:19 - [MESSAGE][WARNING] - Timeout '0' is invalid. Using default page load timeout: '30'

2022-10-29 14:40:20 - [MESSAGE][PASSED] - Text '' has been set to element 'Object Repository/cicle.staging/Board/Label/NameYourLabel-Field'

2022-10-29 14:40:20 - [TEST_STEP][PASSED] - tap(findTestObject("cicle.staging/Board/Label/LabelColor-Navy01"), 0): Tapped on element 'Object Repository/cicle.staging/Board/Label/LabelColor-Navy01'

2022-10-29 14:40:20 - [MESSAGE][WARNING] - Timeout '0' is invalid. Using default page load timeout: '30'

2022-10-29 14:40:20 - [MESSAGE][PASSED] - Tapped on element 'Object Repository/cicle.staging/Board/Label/LabelColor-Navy01'

2022-10-29 14:40:20 - [TEST_STEP][PASSED] - hideKeyboard(): Keyboard is hidden

2022-10-29 14:40:21 - [MESSAGE][PASSED] - Keyboard is hidden

2022-10-29 14:40:21 - [TEST_STEP][PASSED] - tap(findTestObject("cicle.staging/Board/Label/SubmitLabel-Button"), 0): Tapped on element 'Object Repository/cicle.staging/Board/Label/SubmitLabel-Button'

2022-10-29 14:40:21 - [MESSAGE][WARNING] - Timeout '0' is invalid. Using default page load timeout: '30'

2022-10-29 14:40:22 - [MESSAGE][PASSED] - Tapped on element 'Object Repository/cicle.staging/Board/Label/SubmitLabel-Button']]></system-out>
         <system-err><![CDATA[]]></system-err>
      </testcase>
      <testcase name="Test Cases/Board/TC_Board_CS-08" time="29.092" classname="Test Cases/Board/TC_Board_CS-08" status="PASSED">
         <system-out><![CDATA[2022-10-29 14:40:22 - [TEST_CASE][PASSED] - Test Cases/Board/TC_Board_CS-08: Test Cases/Board/TC_Board_CS-08

2022-10-29 14:40:22 - [TEST_STEP][PASSED] - callTestCase(findTestCase("Sign in/TC_Sign in_CS-40"), [:], STOP_ON_FAILURE): Call Test Case 'Test Cases/Sign in/TC_Sign in_CS-40' successfully

2022-10-29 14:40:22 - [TEST_CASE][PASSED] - Test Cases/Sign in/TC_Sign in_CS-40: Test Cases/Sign in/TC_Sign in_CS-40

2022-10-29 14:40:22 - [TEST_STEP][PASSED] - startApplication("/Users/sandikurnia/Downloads/apk-staging-for-iqbal.apk", false): Started app at: '/Users/sandikurnia/Downloads/apk-staging-for-iqbal.apk'

2022-10-29 14:40:27 - [MESSAGE][PASSED] - Started app at: '/Users/sandikurnia/Downloads/apk-staging-for-iqbal.apk'

2022-10-29 14:40:27 - [TEST_STEP][PASSED] - tap(findTestObject("cicle.staging/Startup/YesButtonWhenOpenitApp"), 3, OPTIONAL): Object Object Repository/cicle.staging/Startup/YesButtonWhenOpenitApp not found

2022-10-29 14:40:30 - [MESSAGE][WARNING] - Object Object Repository/cicle.staging/Startup/YesButtonWhenOpenitApp not found

2022-10-29 14:40:30 - [TEST_STEP][PASSED] - tap(findTestObject("cicle.staging/Startup/SkipButtonWhenOpenitApp"), 3, OPTIONAL): Object Object Repository/cicle.staging/Startup/SkipButtonWhenOpenitApp not found

2022-10-29 14:40:33 - [MESSAGE][WARNING] - Object Object Repository/cicle.staging/Startup/SkipButtonWhenOpenitApp not found

2022-10-29 14:40:33 - [TEST_STEP][PASSED] - tap(findTestObject("cicle.staging/Startup/GotoSignInButton"), 3, OPTIONAL): Object Object Repository/cicle.staging/Startup/GotoSignInButton not found

2022-10-29 14:40:37 - [MESSAGE][WARNING] - Object Object Repository/cicle.staging/Startup/GotoSignInButton not found

2022-10-29 14:40:37 - [TEST_STEP][PASSED] - tap(findTestObject("cicle.staging/Startup/SignInwithGoogleAccount"), 3, OPTIONAL): Object Object Repository/cicle.staging/Startup/SignInwithGoogleAccount not found

2022-10-29 14:40:40 - [MESSAGE][WARNING] - Object Object Repository/cicle.staging/Startup/SignInwithGoogleAccount not found

2022-10-29 14:40:40 - [TEST_STEP][PASSED] - tap(findTestObject("cicle.staging/Startup/LayoutLoginwithMyAccount"), 3, OPTIONAL): Object Object Repository/cicle.staging/Startup/LayoutLoginwithMyAccount not found

2022-10-29 14:40:43 - [MESSAGE][WARNING] - Object Object Repository/cicle.staging/Startup/LayoutLoginwithMyAccount not found

2022-10-29 14:40:43 - [TEST_STEP][PASSED] - tap(findTestObject("cicle.staging/Startup/ChooseCompanyonYourListafterSignIn"), 3, OPTIONAL): Tapped on element 'Object Repository/cicle.staging/Startup/ChooseCompanyonYourListafterSignIn'

2022-10-29 14:40:43 - [MESSAGE][PASSED] - Tapped on element 'Object Repository/cicle.staging/Startup/ChooseCompanyonYourListafterSignIn'

2022-10-29 14:40:43 - [TEST_STEP][PASSED] - tap(findTestObject("cicle.staging/SekolahQAHeadQuarter/HeadquarterSekolahQA-MainPage"), 0, STOP_ON_FAILURE): Tapped on element 'Object Repository/cicle.staging/SekolahQAHeadQuarter/HeadquarterSekolahQA-MainPage'

2022-10-29 14:40:43 - [MESSAGE][WARNING] - Timeout '0' is invalid. Using default page load timeout: '30'

2022-10-29 14:40:44 - [MESSAGE][PASSED] - Tapped on element 'Object Repository/cicle.staging/SekolahQAHeadQuarter/HeadquarterSekolahQA-MainPage'

2022-10-29 14:40:44 - [MESSAGE][PASSED] - Call Test Case 'Test Cases/Sign in/TC_Sign in_CS-40' successfully

2022-10-29 14:40:44 - [TEST_STEP][PASSED] - tap(findTestObject("cicle.staging/Board/Board-Menu"), 0): Tapped on element 'Object Repository/cicle.staging/Board/Board-Menu'

2022-10-29 14:40:44 - [MESSAGE][WARNING] - Timeout '0' is invalid. Using default page load timeout: '30'

2022-10-29 14:40:44 - [MESSAGE][PASSED] - Tapped on element 'Object Repository/cicle.staging/Board/Board-Menu'

2022-10-29 14:40:44 - [TEST_STEP][PASSED] - tap(findTestObject("cicle.staging/Board/Card/userCardAccount"), 0): Tapped on element 'Object Repository/cicle.staging/Board/Card/userCardAccount'

2022-10-29 14:40:44 - [MESSAGE][WARNING] - Timeout '0' is invalid. Using default page load timeout: '30'

2022-10-29 14:40:45 - [MESSAGE][PASSED] - Tapped on element 'Object Repository/cicle.staging/Board/Card/userCardAccount'

2022-10-29 14:40:45 - [TEST_STEP][PASSED] - tap(findTestObject("cicle.staging/Board/Comment/AddNewComment-Button"), 0): Tapped on element 'Object Repository/cicle.staging/Board/Comment/AddNewComment-Button'

2022-10-29 14:40:45 - [MESSAGE][WARNING] - Timeout '0' is invalid. Using default page load timeout: '30'

2022-10-29 14:40:47 - [MESSAGE][PASSED] - Tapped on element 'Object Repository/cicle.staging/Board/Comment/AddNewComment-Button'

2022-10-29 14:40:47 - [TEST_STEP][PASSED] - tap(findTestObject("cicle.staging/Board/Comment/AddComment2-Field"), 0): Tapped on element 'Object Repository/cicle.staging/Board/Comment/AddComment2-Field'

2022-10-29 14:40:47 - [MESSAGE][WARNING] - Timeout '0' is invalid. Using default page load timeout: '30'

2022-10-29 14:40:48 - [MESSAGE][PASSED] - Tapped on element 'Object Repository/cicle.staging/Board/Comment/AddComment2-Field'

2022-10-29 14:40:48 - [TEST_STEP][PASSED] - setText(findTestObject("cicle.staging/Board/Comment/AddComment2-Field"), findTestData("Board/Comment/Comment").getValue(1, 1), 0): Text 'Ini merupakan project dari Cilsy' has been set to element 'Object Repository/cicle.staging/Board/Comment/AddComment2-Field'

2022-10-29 14:40:48 - [MESSAGE][WARNING] - Timeout '0' is invalid. Using default page load timeout: '30'

2022-10-29 14:40:49 - [MESSAGE][PASSED] - Text 'Ini merupakan project dari Cilsy' has been set to element 'Object Repository/cicle.staging/Board/Comment/AddComment2-Field'

2022-10-29 14:40:49 - [TEST_STEP][PASSED] - tap(findTestObject("cicle.staging/Board/Comment/SubmitButton-Comment"), 0): Tapped on element 'Object Repository/cicle.staging/Board/Comment/SubmitButton-Comment'

2022-10-29 14:40:49 - [MESSAGE][WARNING] - Timeout '0' is invalid. Using default page load timeout: '30'

2022-10-29 14:40:51 - [MESSAGE][PASSED] - Tapped on element 'Object Repository/cicle.staging/Board/Comment/SubmitButton-Comment']]></system-out>
         <system-err><![CDATA[]]></system-err>
      </testcase>
      <testcase name="Test Cases/Board/TC_Board_CS-09" time="29.541" classname="Test Cases/Board/TC_Board_CS-09" status="PASSED">
         <system-out><![CDATA[2022-10-29 14:40:51 - [TEST_CASE][PASSED] - Test Cases/Board/TC_Board_CS-09: Test Cases/Board/TC_Board_CS-09

2022-10-29 14:40:51 - [TEST_STEP][PASSED] - callTestCase(findTestCase("Sign in/TC_Sign in_CS-40"), [:], STOP_ON_FAILURE): Call Test Case 'Test Cases/Sign in/TC_Sign in_CS-40' successfully

2022-10-29 14:40:51 - [TEST_CASE][PASSED] - Test Cases/Sign in/TC_Sign in_CS-40: Test Cases/Sign in/TC_Sign in_CS-40

2022-10-29 14:40:51 - [TEST_STEP][PASSED] - startApplication("/Users/sandikurnia/Downloads/apk-staging-for-iqbal.apk", false): Started app at: '/Users/sandikurnia/Downloads/apk-staging-for-iqbal.apk'

2022-10-29 14:40:56 - [MESSAGE][PASSED] - Started app at: '/Users/sandikurnia/Downloads/apk-staging-for-iqbal.apk'

2022-10-29 14:40:56 - [TEST_STEP][PASSED] - tap(findTestObject("cicle.staging/Startup/YesButtonWhenOpenitApp"), 3, OPTIONAL): Object Object Repository/cicle.staging/Startup/YesButtonWhenOpenitApp not found

2022-10-29 14:40:59 - [MESSAGE][WARNING] - Object Object Repository/cicle.staging/Startup/YesButtonWhenOpenitApp not found

2022-10-29 14:40:59 - [TEST_STEP][PASSED] - tap(findTestObject("cicle.staging/Startup/SkipButtonWhenOpenitApp"), 3, OPTIONAL): Object Object Repository/cicle.staging/Startup/SkipButtonWhenOpenitApp not found

2022-10-29 14:41:03 - [MESSAGE][WARNING] - Object Object Repository/cicle.staging/Startup/SkipButtonWhenOpenitApp not found

2022-10-29 14:41:03 - [TEST_STEP][PASSED] - tap(findTestObject("cicle.staging/Startup/GotoSignInButton"), 3, OPTIONAL): Object Object Repository/cicle.staging/Startup/GotoSignInButton not found

2022-10-29 14:41:06 - [MESSAGE][WARNING] - Object Object Repository/cicle.staging/Startup/GotoSignInButton not found

2022-10-29 14:41:06 - [TEST_STEP][PASSED] - tap(findTestObject("cicle.staging/Startup/SignInwithGoogleAccount"), 3, OPTIONAL): Object Object Repository/cicle.staging/Startup/SignInwithGoogleAccount not found

2022-10-29 14:41:09 - [MESSAGE][WARNING] - Object Object Repository/cicle.staging/Startup/SignInwithGoogleAccount not found

2022-10-29 14:41:09 - [TEST_STEP][PASSED] - tap(findTestObject("cicle.staging/Startup/LayoutLoginwithMyAccount"), 3, OPTIONAL): Object Object Repository/cicle.staging/Startup/LayoutLoginwithMyAccount not found

2022-10-29 14:41:12 - [MESSAGE][WARNING] - Object Object Repository/cicle.staging/Startup/LayoutLoginwithMyAccount not found

2022-10-29 14:41:12 - [TEST_STEP][PASSED] - tap(findTestObject("cicle.staging/Startup/ChooseCompanyonYourListafterSignIn"), 3, OPTIONAL): Tapped on element 'Object Repository/cicle.staging/Startup/ChooseCompanyonYourListafterSignIn'

2022-10-29 14:41:12 - [MESSAGE][PASSED] - Tapped on element 'Object Repository/cicle.staging/Startup/ChooseCompanyonYourListafterSignIn'

2022-10-29 14:41:12 - [TEST_STEP][PASSED] - tap(findTestObject("cicle.staging/SekolahQAHeadQuarter/HeadquarterSekolahQA-MainPage"), 0, STOP_ON_FAILURE): Tapped on element 'Object Repository/cicle.staging/SekolahQAHeadQuarter/HeadquarterSekolahQA-MainPage'

2022-10-29 14:41:12 - [MESSAGE][WARNING] - Timeout '0' is invalid. Using default page load timeout: '30'

2022-10-29 14:41:14 - [MESSAGE][PASSED] - Tapped on element 'Object Repository/cicle.staging/SekolahQAHeadQuarter/HeadquarterSekolahQA-MainPage'

2022-10-29 14:41:14 - [MESSAGE][PASSED] - Call Test Case 'Test Cases/Sign in/TC_Sign in_CS-40' successfully

2022-10-29 14:41:14 - [TEST_STEP][PASSED] - tap(findTestObject("cicle.staging/Board/Board-Menu"), 0): Tapped on element 'Object Repository/cicle.staging/Board/Board-Menu'

2022-10-29 14:41:14 - [MESSAGE][WARNING] - Timeout '0' is invalid. Using default page load timeout: '30'

2022-10-29 14:41:14 - [MESSAGE][PASSED] - Tapped on element 'Object Repository/cicle.staging/Board/Board-Menu'

2022-10-29 14:41:14 - [TEST_STEP][PASSED] - tap(findTestObject("cicle.staging/Board/Card/userCardAccount"), 0): Tapped on element 'Object Repository/cicle.staging/Board/Card/userCardAccount'

2022-10-29 14:41:14 - [MESSAGE][WARNING] - Timeout '0' is invalid. Using default page load timeout: '30'

2022-10-29 14:41:15 - [MESSAGE][PASSED] - Tapped on element 'Object Repository/cicle.staging/Board/Card/userCardAccount'

2022-10-29 14:41:15 - [TEST_STEP][PASSED] - tap(findTestObject("cicle.staging/Board/Comment/AddNewComment-Button"), 0): Tapped on element 'Object Repository/cicle.staging/Board/Comment/AddNewComment-Button'

2022-10-29 14:41:15 - [MESSAGE][WARNING] - Timeout '0' is invalid. Using default page load timeout: '30'

2022-10-29 14:41:17 - [MESSAGE][PASSED] - Tapped on element 'Object Repository/cicle.staging/Board/Comment/AddNewComment-Button'

2022-10-29 14:41:17 - [TEST_STEP][PASSED] - tap(findTestObject("cicle.staging/Board/Comment/AddComment2-Field"), 0): Tapped on element 'Object Repository/cicle.staging/Board/Comment/AddComment2-Field'

2022-10-29 14:41:17 - [MESSAGE][WARNING] - Timeout '0' is invalid. Using default page load timeout: '30'

2022-10-29 14:41:17 - [MESSAGE][PASSED] - Tapped on element 'Object Repository/cicle.staging/Board/Comment/AddComment2-Field'

2022-10-29 14:41:17 - [TEST_STEP][PASSED] - setText(findTestObject("cicle.staging/Board/Comment/AddComment2-Field"), findTestData("Board/Comment/Comment").getValue(1, 2), 0): Text '' has been set to element 'Object Repository/cicle.staging/Board/Comment/AddComment2-Field'

2022-10-29 14:41:17 - [MESSAGE][WARNING] - Timeout '0' is invalid. Using default page load timeout: '30'

2022-10-29 14:41:19 - [MESSAGE][PASSED] - Text '' has been set to element 'Object Repository/cicle.staging/Board/Comment/AddComment2-Field'

2022-10-29 14:41:19 - [TEST_STEP][PASSED] - tap(findTestObject("cicle.staging/Board/Comment/SubmitButton-Comment"), 0): Tapped on element 'Object Repository/cicle.staging/Board/Comment/SubmitButton-Comment'

2022-10-29 14:41:19 - [MESSAGE][WARNING] - Timeout '0' is invalid. Using default page load timeout: '30'

2022-10-29 14:41:20 - [MESSAGE][PASSED] - Tapped on element 'Object Repository/cicle.staging/Board/Comment/SubmitButton-Comment'

2022-10-29 14:41:20 - [TEST_STEP][PASSED] - verifyElementVisible(findTestObject("cicle.staging/Board/Comment/Assertion-CommentCantBeEmpty"), 0, STOP_ON_FAILURE): Element 'Object Repository/cicle.staging/Board/Comment/Assertion-CommentCantBeEmpty' is visible

2022-10-29 14:41:20 - [MESSAGE][WARNING] - Timeout '0' is invalid. Using default page load timeout: '30'

2022-10-29 14:41:20 - [MESSAGE][PASSED] - Element 'Object Repository/cicle.staging/Board/Comment/Assertion-CommentCantBeEmpty' is visible]]></system-out>
         <system-err><![CDATA[]]></system-err>
      </testcase>
      <testcase name="Test Cases/Board/TC_Board_CS-10" time="32.94" classname="Test Cases/Board/TC_Board_CS-10" status="PASSED">
         <system-out><![CDATA[2022-10-29 14:41:20 - [TEST_CASE][PASSED] - Test Cases/Board/TC_Board_CS-10: Test Cases/Board/TC_Board_CS-10

2022-10-29 14:41:21 - [TEST_STEP][PASSED] - callTestCase(findTestCase("Sign in/TC_Sign in_CS-40"), [:], STOP_ON_FAILURE): Call Test Case 'Test Cases/Sign in/TC_Sign in_CS-40' successfully

2022-10-29 14:41:21 - [TEST_CASE][PASSED] - Test Cases/Sign in/TC_Sign in_CS-40: Test Cases/Sign in/TC_Sign in_CS-40

2022-10-29 14:41:21 - [TEST_STEP][PASSED] - startApplication("/Users/sandikurnia/Downloads/apk-staging-for-iqbal.apk", false): Started app at: '/Users/sandikurnia/Downloads/apk-staging-for-iqbal.apk'

2022-10-29 14:41:26 - [MESSAGE][PASSED] - Started app at: '/Users/sandikurnia/Downloads/apk-staging-for-iqbal.apk'

2022-10-29 14:41:26 - [TEST_STEP][PASSED] - tap(findTestObject("cicle.staging/Startup/YesButtonWhenOpenitApp"), 3, OPTIONAL): Object Object Repository/cicle.staging/Startup/YesButtonWhenOpenitApp not found

2022-10-29 14:41:29 - [MESSAGE][WARNING] - Object Object Repository/cicle.staging/Startup/YesButtonWhenOpenitApp not found

2022-10-29 14:41:29 - [TEST_STEP][PASSED] - tap(findTestObject("cicle.staging/Startup/SkipButtonWhenOpenitApp"), 3, OPTIONAL): Object Object Repository/cicle.staging/Startup/SkipButtonWhenOpenitApp not found

2022-10-29 14:41:32 - [MESSAGE][WARNING] - Object Object Repository/cicle.staging/Startup/SkipButtonWhenOpenitApp not found

2022-10-29 14:41:32 - [TEST_STEP][PASSED] - tap(findTestObject("cicle.staging/Startup/GotoSignInButton"), 3, OPTIONAL): Object Object Repository/cicle.staging/Startup/GotoSignInButton not found

2022-10-29 14:41:35 - [MESSAGE][WARNING] - Object Object Repository/cicle.staging/Startup/GotoSignInButton not found

2022-10-29 14:41:35 - [TEST_STEP][PASSED] - tap(findTestObject("cicle.staging/Startup/SignInwithGoogleAccount"), 3, OPTIONAL): Object Object Repository/cicle.staging/Startup/SignInwithGoogleAccount not found

2022-10-29 14:41:38 - [MESSAGE][WARNING] - Object Object Repository/cicle.staging/Startup/SignInwithGoogleAccount not found

2022-10-29 14:41:38 - [TEST_STEP][PASSED] - tap(findTestObject("cicle.staging/Startup/LayoutLoginwithMyAccount"), 3, OPTIONAL): Object Object Repository/cicle.staging/Startup/LayoutLoginwithMyAccount not found

2022-10-29 14:41:41 - [MESSAGE][WARNING] - Object Object Repository/cicle.staging/Startup/LayoutLoginwithMyAccount not found

2022-10-29 14:41:41 - [TEST_STEP][PASSED] - tap(findTestObject("cicle.staging/Startup/ChooseCompanyonYourListafterSignIn"), 3, OPTIONAL): Tapped on element 'Object Repository/cicle.staging/Startup/ChooseCompanyonYourListafterSignIn'

2022-10-29 14:41:41 - [MESSAGE][PASSED] - Tapped on element 'Object Repository/cicle.staging/Startup/ChooseCompanyonYourListafterSignIn'

2022-10-29 14:41:41 - [TEST_STEP][PASSED] - tap(findTestObject("cicle.staging/SekolahQAHeadQuarter/HeadquarterSekolahQA-MainPage"), 0, STOP_ON_FAILURE): Tapped on element 'Object Repository/cicle.staging/SekolahQAHeadQuarter/HeadquarterSekolahQA-MainPage'

2022-10-29 14:41:42 - [MESSAGE][WARNING] - Timeout '0' is invalid. Using default page load timeout: '30'

2022-10-29 14:41:43 - [MESSAGE][PASSED] - Tapped on element 'Object Repository/cicle.staging/SekolahQAHeadQuarter/HeadquarterSekolahQA-MainPage'

2022-10-29 14:41:43 - [MESSAGE][PASSED] - Call Test Case 'Test Cases/Sign in/TC_Sign in_CS-40' successfully

2022-10-29 14:41:43 - [TEST_STEP][PASSED] - tap(findTestObject("cicle.staging/Board/Board-Menu"), 0): Tapped on element 'Object Repository/cicle.staging/Board/Board-Menu'

2022-10-29 14:41:43 - [MESSAGE][WARNING] - Timeout '0' is invalid. Using default page load timeout: '30'

2022-10-29 14:41:43 - [MESSAGE][PASSED] - Tapped on element 'Object Repository/cicle.staging/Board/Board-Menu'

2022-10-29 14:41:43 - [TEST_STEP][PASSED] - tap(findTestObject("cicle.staging/Board/Card/userCardAccount"), 0): Tapped on element 'Object Repository/cicle.staging/Board/Card/userCardAccount'

2022-10-29 14:41:43 - [MESSAGE][WARNING] - Timeout '0' is invalid. Using default page load timeout: '30'

2022-10-29 14:41:44 - [MESSAGE][PASSED] - Tapped on element 'Object Repository/cicle.staging/Board/Card/userCardAccount'

2022-10-29 14:41:44 - [TEST_STEP][PASSED] - tap(findTestObject("cicle.staging/Board/Comment/AddNewComment-Button"), 0): Tapped on element 'Object Repository/cicle.staging/Board/Comment/AddNewComment-Button'

2022-10-29 14:41:44 - [MESSAGE][WARNING] - Timeout '0' is invalid. Using default page load timeout: '30'

2022-10-29 14:41:46 - [MESSAGE][PASSED] - Tapped on element 'Object Repository/cicle.staging/Board/Comment/AddNewComment-Button'

2022-10-29 14:41:46 - [TEST_STEP][PASSED] - tap(findTestObject("cicle.staging/Board/Comment/AddComment2-Field"), 0): Tapped on element 'Object Repository/cicle.staging/Board/Comment/AddComment2-Field'

2022-10-29 14:41:46 - [MESSAGE][WARNING] - Timeout '0' is invalid. Using default page load timeout: '30'

2022-10-29 14:41:47 - [MESSAGE][PASSED] - Tapped on element 'Object Repository/cicle.staging/Board/Comment/AddComment2-Field'

2022-10-29 14:41:47 - [TEST_STEP][PASSED] - tap(findTestObject("cicle.staging/Board/Comment/AddAttachmentPopUPKeyboard-Button"), 0, STOP_ON_FAILURE): Tapped on element 'Object Repository/cicle.staging/Board/Comment/AddAttachmentPopUPKeyboard-Button'

2022-10-29 14:41:47 - [MESSAGE][WARNING] - Timeout '0' is invalid. Using default page load timeout: '30'

2022-10-29 14:41:49 - [MESSAGE][PASSED] - Tapped on element 'Object Repository/cicle.staging/Board/Comment/AddAttachmentPopUPKeyboard-Button'

2022-10-29 14:41:49 - [TEST_STEP][PASSED] - tap(findTestObject("cicle.staging/Board/Comment/AddImageOnComment-Button"), 0): Tapped on element 'Object Repository/cicle.staging/Board/Comment/AddImageOnComment-Button'

2022-10-29 14:41:49 - [MESSAGE][WARNING] - Timeout '0' is invalid. Using default page load timeout: '30'

2022-10-29 14:41:50 - [MESSAGE][PASSED] - Tapped on element 'Object Repository/cicle.staging/Board/Comment/AddImageOnComment-Button'

2022-10-29 14:41:50 - [TEST_STEP][PASSED] - tap(findTestObject("cicle.staging/Board/Comment/AddImageByURL-Comment"), 0): Tapped on element 'Object Repository/cicle.staging/Board/Comment/AddImageByURL-Comment'

2022-10-29 14:41:50 - [MESSAGE][WARNING] - Timeout '0' is invalid. Using default page load timeout: '30'

2022-10-29 14:41:51 - [MESSAGE][PASSED] - Tapped on element 'Object Repository/cicle.staging/Board/Comment/AddImageByURL-Comment'

2022-10-29 14:41:51 - [TEST_STEP][PASSED] - tap(findTestObject("cicle.staging/Board/Comment/InsertLinkHere-Image-Field"), 0): Tapped on element 'Object Repository/cicle.staging/Board/Comment/InsertLinkHere-Image-Field'

2022-10-29 14:41:51 - [MESSAGE][WARNING] - Timeout '0' is invalid. Using default page load timeout: '30'

2022-10-29 14:41:52 - [MESSAGE][PASSED] - Tapped on element 'Object Repository/cicle.staging/Board/Comment/InsertLinkHere-Image-Field'

2022-10-29 14:41:52 - [TEST_STEP][PASSED] - setText(findTestObject("cicle.staging/Board/Comment/InsertLinkHere-Image-Field"), findTestData("Board/URL/URL").getValue(1, 1), 0): Text 'https://i1.wp.com/www.99.co/blog/indonesia/wp-content/uploads/2022/07/Luffy-Gear-5.jpg' has been set to element 'Object Repository/cicle.staging/Board/Comment/InsertLinkHere-Image-Field'

2022-10-29 14:41:52 - [MESSAGE][WARNING] - Timeout '0' is invalid. Using default page load timeout: '30'

2022-10-29 14:41:52 - [MESSAGE][PASSED] - Text 'https://i1.wp.com/www.99.co/blog/indonesia/wp-content/uploads/2022/07/Luffy-Gear-5.jpg' has been set to element 'Object Repository/cicle.staging/Board/Comment/InsertLinkHere-Image-Field'

2022-10-29 14:41:52 - [TEST_STEP][PASSED] - tap(findTestObject("cicle.staging/Board/Comment/Comment-SelectInsert-Button"), 0): Tapped on element 'Object Repository/cicle.staging/Board/Comment/Comment-SelectInsert-Button'

2022-10-29 14:41:52 - [MESSAGE][WARNING] - Timeout '0' is invalid. Using default page load timeout: '30'

2022-10-29 14:41:53 - [MESSAGE][PASSED] - Tapped on element 'Object Repository/cicle.staging/Board/Comment/Comment-SelectInsert-Button']]></system-out>
         <system-err><![CDATA[]]></system-err>
      </testcase>
      <testcase name="Test Cases/Board/TC_Board_CS-11" time="62.931" classname="Test Cases/Board/TC_Board_CS-11" status="FAILED">
         <failure type="FAILED" message="Test Cases/Board/TC_Board_CS-11 FAILED.
Reason:
com.kms.katalon.core.exception.StepFailedException: Element 'Object Repository/cicle.staging/Board/Comment/AssertionNotValidURL-Comment' not found
	at com.kms.katalon.core.keyword.internal.KeywordMain.stepFailed(KeywordMain.groovy:50)
	at com.kms.katalon.core.mobile.keyword.internal.MobileKeywordMain.stepFailed(MobileKeywordMain.groovy:40)
	at com.kms.katalon.core.mobile.keyword.builtin.VerifyElementVisibleKeyword$_verifyElementVisible_closure1.doCall(VerifyElementVisibleKeyword.groovy:82)
	at com.kms.katalon.core.mobile.keyword.builtin.VerifyElementVisibleKeyword$_verifyElementVisible_closure1.call(VerifyElementVisibleKeyword.groovy)
	at com.kms.katalon.core.mobile.keyword.internal.MobileKeywordMain.runKeyword(MobileKeywordMain.groovy:21)
	at com.kms.katalon.core.mobile.keyword.builtin.VerifyElementVisibleKeyword.verifyElementVisible(VerifyElementVisibleKeyword.groovy:85)
	at com.kms.katalon.core.mobile.keyword.builtin.VerifyElementVisibleKeyword.execute(VerifyElementVisibleKeyword.groovy:64)
	at com.kms.katalon.core.keyword.internal.KeywordExecutor.executeKeywordForPlatform(KeywordExecutor.groovy:74)
	at com.kms.katalon.core.mobile.keyword.MobileBuiltInKeywords.verifyElementVisible(MobileBuiltInKeywords.groovy:2031)
	at com.kms.katalon.core.mobile.keyword.MobileBuiltInKeywords$verifyElementVisible$4.call(Unknown Source)
	at TC_Board_CS-11.run(TC_Board_CS-11:54)
	at com.kms.katalon.core.main.ScriptEngine.run(ScriptEngine.java:194)
	at com.kms.katalon.core.main.ScriptEngine.runScriptAsRawText(ScriptEngine.java:119)
	at com.kms.katalon.core.main.TestCaseExecutor.runScript(TestCaseExecutor.java:448)
	at com.kms.katalon.core.main.TestCaseExecutor.doExecute(TestCaseExecutor.java:439)
	at com.kms.katalon.core.main.TestCaseExecutor.processExecutionPhase(TestCaseExecutor.java:418)
	at com.kms.katalon.core.main.TestCaseExecutor.accessMainPhase(TestCaseExecutor.java:410)
	at com.kms.katalon.core.main.TestCaseExecutor.execute(TestCaseExecutor.java:285)
	at com.kms.katalon.core.common.CommonExecutor.accessTestCaseMainPhase(CommonExecutor.java:65)
	at com.kms.katalon.core.main.TestSuiteExecutor.accessTestSuiteMainPhase(TestSuiteExecutor.java:144)
	at com.kms.katalon.core.main.TestSuiteExecutor.execute(TestSuiteExecutor.java:106)
	at com.kms.katalon.core.main.TestCaseMain.startTestSuite(TestCaseMain.java:185)
	at com.kms.katalon.core.main.TestCaseMain$startTestSuite$0.call(Unknown Source)
	at TempTestSuite1667029038557.run(TempTestSuite1667029038557.groovy:36)
"/>
         <system-out><![CDATA[2022-10-29 14:41:53 - [TEST_CASE][FAILED] - Test Cases/Board/TC_Board_CS-11: Test Cases/Board/TC_Board_CS-11 FAILED.
Reason:
com.kms.katalon.core.exception.StepFailedException: Element 'Object Repository/cicle.staging/Board/Comment/AssertionNotValidURL-Comment' not found
	at com.kms.katalon.core.keyword.internal.KeywordMain.stepFailed(KeywordMain.groovy:50)
	at com.kms.katalon.core.mobile.keyword.internal.MobileKeywordMain.stepFailed(MobileKeywordMain.groovy:40)
	at com.kms.katalon.core.mobile.keyword.builtin.VerifyElementVisibleKeyword$_verifyElementVisible_closure1.doCall(VerifyElementVisibleKeyword.groovy:82)
	at com.kms.katalon.core.mobile.keyword.builtin.VerifyElementVisibleKeyword$_verifyElementVisible_closure1.call(VerifyElementVisibleKeyword.groovy)
	at com.kms.katalon.core.mobile.keyword.internal.MobileKeywordMain.runKeyword(MobileKeywordMain.groovy:21)
	at com.kms.katalon.core.mobile.keyword.builtin.VerifyElementVisibleKeyword.verifyElementVisible(VerifyElementVisibleKeyword.groovy:85)
	at com.kms.katalon.core.mobile.keyword.builtin.VerifyElementVisibleKeyword.execute(VerifyElementVisibleKeyword.groovy:64)
	at com.kms.katalon.core.keyword.internal.KeywordExecutor.executeKeywordForPlatform(KeywordExecutor.groovy:74)
	at com.kms.katalon.core.mobile.keyword.MobileBuiltInKeywords.verifyElementVisible(MobileBuiltInKeywords.groovy:2031)
	at com.kms.katalon.core.mobile.keyword.MobileBuiltInKeywords$verifyElementVisible$4.call(Unknown Source)
	at TC_Board_CS-11.run(TC_Board_CS-11:54)
	at com.kms.katalon.core.main.ScriptEngine.run(ScriptEngine.java:194)
	at com.kms.katalon.core.main.ScriptEngine.runScriptAsRawText(ScriptEngine.java:119)
	at com.kms.katalon.core.main.TestCaseExecutor.runScript(TestCaseExecutor.java:448)
	at com.kms.katalon.core.main.TestCaseExecutor.doExecute(TestCaseExecutor.java:439)
	at com.kms.katalon.core.main.TestCaseExecutor.processExecutionPhase(TestCaseExecutor.java:418)
	at com.kms.katalon.core.main.TestCaseExecutor.accessMainPhase(TestCaseExecutor.java:410)
	at com.kms.katalon.core.main.TestCaseExecutor.execute(TestCaseExecutor.java:285)
	at com.kms.katalon.core.common.CommonExecutor.accessTestCaseMainPhase(CommonExecutor.java:65)
	at com.kms.katalon.core.main.TestSuiteExecutor.accessTestSuiteMainPhase(TestSuiteExecutor.java:144)
	at com.kms.katalon.core.main.TestSuiteExecutor.execute(TestSuiteExecutor.java:106)
	at com.kms.katalon.core.main.TestCaseMain.startTestSuite(TestCaseMain.java:185)
	at com.kms.katalon.core.main.TestCaseMain$startTestSuite$0.call(Unknown Source)
	at TempTestSuite1667029038557.run(TempTestSuite1667029038557.groovy:36)


2022-10-29 14:41:54 - [TEST_STEP][PASSED] - callTestCase(findTestCase("Sign in/TC_Sign in_CS-40"), [:], STOP_ON_FAILURE): Call Test Case 'Test Cases/Sign in/TC_Sign in_CS-40' successfully

2022-10-29 14:41:54 - [TEST_CASE][PASSED] - Test Cases/Sign in/TC_Sign in_CS-40: Test Cases/Sign in/TC_Sign in_CS-40

2022-10-29 14:41:54 - [TEST_STEP][PASSED] - startApplication("/Users/sandikurnia/Downloads/apk-staging-for-iqbal.apk", false): Started app at: '/Users/sandikurnia/Downloads/apk-staging-for-iqbal.apk'

2022-10-29 14:41:59 - [MESSAGE][PASSED] - Started app at: '/Users/sandikurnia/Downloads/apk-staging-for-iqbal.apk'

2022-10-29 14:41:59 - [TEST_STEP][PASSED] - tap(findTestObject("cicle.staging/Startup/YesButtonWhenOpenitApp"), 3, OPTIONAL): Object Object Repository/cicle.staging/Startup/YesButtonWhenOpenitApp not found

2022-10-29 14:42:02 - [MESSAGE][WARNING] - Object Object Repository/cicle.staging/Startup/YesButtonWhenOpenitApp not found

2022-10-29 14:42:02 - [TEST_STEP][PASSED] - tap(findTestObject("cicle.staging/Startup/SkipButtonWhenOpenitApp"), 3, OPTIONAL): Object Object Repository/cicle.staging/Startup/SkipButtonWhenOpenitApp not found

2022-10-29 14:42:05 - [MESSAGE][WARNING] - Object Object Repository/cicle.staging/Startup/SkipButtonWhenOpenitApp not found

2022-10-29 14:42:05 - [TEST_STEP][PASSED] - tap(findTestObject("cicle.staging/Startup/GotoSignInButton"), 3, OPTIONAL): Object Object Repository/cicle.staging/Startup/GotoSignInButton not found

2022-10-29 14:42:08 - [MESSAGE][WARNING] - Object Object Repository/cicle.staging/Startup/GotoSignInButton not found

2022-10-29 14:42:08 - [TEST_STEP][PASSED] - tap(findTestObject("cicle.staging/Startup/SignInwithGoogleAccount"), 3, OPTIONAL): Object Object Repository/cicle.staging/Startup/SignInwithGoogleAccount not found

2022-10-29 14:42:11 - [MESSAGE][WARNING] - Object Object Repository/cicle.staging/Startup/SignInwithGoogleAccount not found

2022-10-29 14:42:11 - [TEST_STEP][PASSED] - tap(findTestObject("cicle.staging/Startup/LayoutLoginwithMyAccount"), 3, OPTIONAL): Object Object Repository/cicle.staging/Startup/LayoutLoginwithMyAccount not found

2022-10-29 14:42:14 - [MESSAGE][WARNING] - Object Object Repository/cicle.staging/Startup/LayoutLoginwithMyAccount not found

2022-10-29 14:42:14 - [TEST_STEP][PASSED] - tap(findTestObject("cicle.staging/Startup/ChooseCompanyonYourListafterSignIn"), 3, OPTIONAL): Tapped on element 'Object Repository/cicle.staging/Startup/ChooseCompanyonYourListafterSignIn'

2022-10-29 14:42:14 - [MESSAGE][PASSED] - Tapped on element 'Object Repository/cicle.staging/Startup/ChooseCompanyonYourListafterSignIn'

2022-10-29 14:42:14 - [TEST_STEP][PASSED] - tap(findTestObject("cicle.staging/SekolahQAHeadQuarter/HeadquarterSekolahQA-MainPage"), 0, STOP_ON_FAILURE): Tapped on element 'Object Repository/cicle.staging/SekolahQAHeadQuarter/HeadquarterSekolahQA-MainPage'

2022-10-29 14:42:15 - [MESSAGE][WARNING] - Timeout '0' is invalid. Using default page load timeout: '30'

2022-10-29 14:42:16 - [MESSAGE][PASSED] - Tapped on element 'Object Repository/cicle.staging/SekolahQAHeadQuarter/HeadquarterSekolahQA-MainPage'

2022-10-29 14:42:16 - [MESSAGE][PASSED] - Call Test Case 'Test Cases/Sign in/TC_Sign in_CS-40' successfully

2022-10-29 14:42:16 - [TEST_STEP][PASSED] - tap(findTestObject("cicle.staging/Board/Board-Menu"), 0): Tapped on element 'Object Repository/cicle.staging/Board/Board-Menu'

2022-10-29 14:42:16 - [MESSAGE][WARNING] - Timeout '0' is invalid. Using default page load timeout: '30'

2022-10-29 14:42:16 - [MESSAGE][PASSED] - Tapped on element 'Object Repository/cicle.staging/Board/Board-Menu'

2022-10-29 14:42:16 - [TEST_STEP][PASSED] - tap(findTestObject("cicle.staging/Board/Card/userCardAccount"), 0): Tapped on element 'Object Repository/cicle.staging/Board/Card/userCardAccount'

2022-10-29 14:42:16 - [MESSAGE][WARNING] - Timeout '0' is invalid. Using default page load timeout: '30'

2022-10-29 14:42:17 - [MESSAGE][PASSED] - Tapped on element 'Object Repository/cicle.staging/Board/Card/userCardAccount'

2022-10-29 14:42:17 - [TEST_STEP][PASSED] - tap(findTestObject("cicle.staging/Board/Comment/AddNewComment-Button"), 0): Tapped on element 'Object Repository/cicle.staging/Board/Comment/AddNewComment-Button'

2022-10-29 14:42:17 - [MESSAGE][WARNING] - Timeout '0' is invalid. Using default page load timeout: '30'

2022-10-29 14:42:20 - [MESSAGE][PASSED] - Tapped on element 'Object Repository/cicle.staging/Board/Comment/AddNewComment-Button'

2022-10-29 14:42:20 - [TEST_STEP][PASSED] - tap(findTestObject("cicle.staging/Board/Comment/AddComment2-Field"), 0): Tapped on element 'Object Repository/cicle.staging/Board/Comment/AddComment2-Field'

2022-10-29 14:42:20 - [MESSAGE][WARNING] - Timeout '0' is invalid. Using default page load timeout: '30'

2022-10-29 14:42:20 - [MESSAGE][PASSED] - Tapped on element 'Object Repository/cicle.staging/Board/Comment/AddComment2-Field'

2022-10-29 14:42:20 - [TEST_STEP][PASSED] - tap(findTestObject("cicle.staging/Board/Comment/AddAttachmentPopUPKeyboard-Button"), 0, STOP_ON_FAILURE): Tapped on element 'Object Repository/cicle.staging/Board/Comment/AddAttachmentPopUPKeyboard-Button'

2022-10-29 14:42:20 - [MESSAGE][WARNING] - Timeout '0' is invalid. Using default page load timeout: '30'

2022-10-29 14:42:23 - [MESSAGE][PASSED] - Tapped on element 'Object Repository/cicle.staging/Board/Comment/AddAttachmentPopUPKeyboard-Button'

2022-10-29 14:42:23 - [TEST_STEP][PASSED] - tap(findTestObject("cicle.staging/Board/Comment/AddImageOnComment-Button"), 0): Tapped on element 'Object Repository/cicle.staging/Board/Comment/AddImageOnComment-Button'

2022-10-29 14:42:23 - [MESSAGE][WARNING] - Timeout '0' is invalid. Using default page load timeout: '30'

2022-10-29 14:42:23 - [MESSAGE][PASSED] - Tapped on element 'Object Repository/cicle.staging/Board/Comment/AddImageOnComment-Button'

2022-10-29 14:42:23 - [TEST_STEP][PASSED] - checkElement(findTestObject("cicle.staging/Board/Comment/AddImageByURL-Comment"), 0): Element 'Object Repository/cicle.staging/Board/Comment/AddImageByURL-Comment' is checked

2022-10-29 14:42:23 - [MESSAGE][WARNING] - Timeout '0' is invalid. Using default page load timeout: '30'

2022-10-29 14:42:24 - [MESSAGE][PASSED] - Element 'Object Repository/cicle.staging/Board/Comment/AddImageByURL-Comment' is checked

2022-10-29 14:42:24 - [TEST_STEP][PASSED] - tap(findTestObject("cicle.staging/Board/Comment/InsertLinkHere-Image-Field"), 0): Tapped on element 'Object Repository/cicle.staging/Board/Comment/InsertLinkHere-Image-Field'

2022-10-29 14:42:24 - [MESSAGE][WARNING] - Timeout '0' is invalid. Using default page load timeout: '30'

2022-10-29 14:42:25 - [MESSAGE][PASSED] - Tapped on element 'Object Repository/cicle.staging/Board/Comment/InsertLinkHere-Image-Field'

2022-10-29 14:42:25 - [TEST_STEP][PASSED] - setText(findTestObject("cicle.staging/Board/Comment/InsertLinkHere-Image-Field"), findTestData("Board/URL/URL").getValue(1, 2), 0): Text '' has been set to element 'Object Repository/cicle.staging/Board/Comment/InsertLinkHere-Image-Field'

2022-10-29 14:42:25 - [MESSAGE][WARNING] - Timeout '0' is invalid. Using default page load timeout: '30'

2022-10-29 14:42:25 - [MESSAGE][PASSED] - Text '' has been set to element 'Object Repository/cicle.staging/Board/Comment/InsertLinkHere-Image-Field'

2022-10-29 14:42:25 - [TEST_STEP][PASSED] - tap(findTestObject("cicle.staging/Board/Comment/Comment-SelectInsert-Button"), 0): Tapped on element 'Object Repository/cicle.staging/Board/Comment/Comment-SelectInsert-Button'

2022-10-29 14:42:25 - [MESSAGE][WARNING] - Timeout '0' is invalid. Using default page load timeout: '30'

2022-10-29 14:42:26 - [MESSAGE][PASSED] - Tapped on element 'Object Repository/cicle.staging/Board/Comment/Comment-SelectInsert-Button'

2022-10-29 14:42:26 - [TEST_STEP][FAILED] - verifyElementVisible(findTestObject("cicle.staging/Board/Comment/AssertionNotValidURL-Comment"), 0): Failed to check for element 'Object Repository/cicle.staging/Board/Comment/AssertionNotValidURL-Comment' visible (Root cause: com.kms.katalon.core.exception.StepFailedException: Element 'Object Repository/cicle.staging/Board/Comment/AssertionNotValidURL-Comment' not found
	at com.kms.katalon.core.keyword.internal.KeywordMain.stepFailed(KeywordMain.groovy:50)
	at com.kms.katalon.core.mobile.keyword.internal.MobileKeywordMain.stepFailed(MobileKeywordMain.groovy:40)
	at com.kms.katalon.core.mobile.keyword.builtin.VerifyElementVisibleKeyword$_verifyElementVisible_closure1.doCall(VerifyElementVisibleKeyword.groovy:82)
	at com.kms.katalon.core.mobile.keyword.builtin.VerifyElementVisibleKeyword$_verifyElementVisible_closure1.call(VerifyElementVisibleKeyword.groovy)
	at com.kms.katalon.core.mobile.keyword.internal.MobileKeywordMain.runKeyword(MobileKeywordMain.groovy:21)
	at com.kms.katalon.core.mobile.keyword.builtin.VerifyElementVisibleKeyword.verifyElementVisible(VerifyElementVisibleKeyword.groovy:85)
	at com.kms.katalon.core.mobile.keyword.builtin.VerifyElementVisibleKeyword.execute(VerifyElementVisibleKeyword.groovy:64)
	at com.kms.katalon.core.keyword.internal.KeywordExecutor.executeKeywordForPlatform(KeywordExecutor.groovy:74)
	at com.kms.katalon.core.mobile.keyword.MobileBuiltInKeywords.verifyElementVisible(MobileBuiltInKeywords.groovy:2031)
	at com.kms.katalon.core.mobile.keyword.MobileBuiltInKeywords$verifyElementVisible$4.call(Unknown Source)
	at TC_Board_CS-11.run(TC_Board_CS-11:54)
	at com.kms.katalon.core.main.ScriptEngine.run(ScriptEngine.java:194)
	at com.kms.katalon.core.main.ScriptEngine.runScriptAsRawText(ScriptEngine.java:119)
	at com.kms.katalon.core.main.TestCaseExecutor.runScript(TestCaseExecutor.java:448)
	at com.kms.katalon.core.main.TestCaseExecutor.doExecute(TestCaseExecutor.java:439)
	at com.kms.katalon.core.main.TestCaseExecutor.processExecutionPhase(TestCaseExecutor.java:418)
	at com.kms.katalon.core.main.TestCaseExecutor.accessMainPhase(TestCaseExecutor.java:410)
	at com.kms.katalon.core.main.TestCaseExecutor.execute(TestCaseExecutor.java:285)
	at com.kms.katalon.core.common.CommonExecutor.accessTestCaseMainPhase(CommonExecutor.java:65)
	at com.kms.katalon.core.main.TestSuiteExecutor.accessTestSuiteMainPhase(TestSuiteExecutor.java:144)
	at com.kms.katalon.core.main.TestSuiteExecutor.execute(TestSuiteExecutor.java:106)
	at com.kms.katalon.core.main.TestCaseMain.startTestSuite(TestCaseMain.java:185)
	at com.kms.katalon.core.main.TestCaseMain$startTestSuite$0.call(Unknown Source)
	at TempTestSuite1667029038557.run(TempTestSuite1667029038557.groovy:36)
)

2022-10-29 14:42:26 - [MESSAGE][WARNING] - Timeout '0' is invalid. Using default page load timeout: '30'

2022-10-29 14:42:56 - [MESSAGE][FAILED] - Element 'Object Repository/cicle.staging/Board/Comment/AssertionNotValidURL-Comment' not found

2022-10-29 14:42:56 - [MESSAGE][FAILED] - Failed to check for element 'Object Repository/cicle.staging/Board/Comment/AssertionNotValidURL-Comment' visible (Root cause: com.kms.katalon.core.exception.StepFailedException: Element 'Object Repository/cicle.staging/Board/Comment/AssertionNotValidURL-Comment' not found
	at com.kms.katalon.core.keyword.internal.KeywordMain.stepFailed(KeywordMain.groovy:50)
	at com.kms.katalon.core.mobile.keyword.internal.MobileKeywordMain.stepFailed(MobileKeywordMain.groovy:40)
	at com.kms.katalon.core.mobile.keyword.builtin.VerifyElementVisibleKeyword$_verifyElementVisible_closure1.doCall(VerifyElementVisibleKeyword.groovy:82)
	at com.kms.katalon.core.mobile.keyword.builtin.VerifyElementVisibleKeyword$_verifyElementVisible_closure1.call(VerifyElementVisibleKeyword.groovy)
	at com.kms.katalon.core.mobile.keyword.internal.MobileKeywordMain.runKeyword(MobileKeywordMain.groovy:21)
	at com.kms.katalon.core.mobile.keyword.builtin.VerifyElementVisibleKeyword.verifyElementVisible(VerifyElementVisibleKeyword.groovy:85)
	at com.kms.katalon.core.mobile.keyword.builtin.VerifyElementVisibleKeyword.execute(VerifyElementVisibleKeyword.groovy:64)
	at com.kms.katalon.core.keyword.internal.KeywordExecutor.executeKeywordForPlatform(KeywordExecutor.groovy:74)
	at com.kms.katalon.core.mobile.keyword.MobileBuiltInKeywords.verifyElementVisible(MobileBuiltInKeywords.groovy:2031)
	at com.kms.katalon.core.mobile.keyword.MobileBuiltInKeywords$verifyElementVisible$4.call(Unknown Source)
	at TC_Board_CS-11.run(TC_Board_CS-11:54)
	at com.kms.katalon.core.main.ScriptEngine.run(ScriptEngine.java:194)
	at com.kms.katalon.core.main.ScriptEngine.runScriptAsRawText(ScriptEngine.java:119)
	at com.kms.katalon.core.main.TestCaseExecutor.runScript(TestCaseExecutor.java:448)
	at com.kms.katalon.core.main.TestCaseExecutor.doExecute(TestCaseExecutor.java:439)
	at com.kms.katalon.core.main.TestCaseExecutor.processExecutionPhase(TestCaseExecutor.java:418)
	at com.kms.katalon.core.main.TestCaseExecutor.accessMainPhase(TestCaseExecutor.java:410)
	at com.kms.katalon.core.main.TestCaseExecutor.execute(TestCaseExecutor.java:285)
	at com.kms.katalon.core.common.CommonExecutor.accessTestCaseMainPhase(CommonExecutor.java:65)
	at com.kms.katalon.core.main.TestSuiteExecutor.accessTestSuiteMainPhase(TestSuiteExecutor.java:144)
	at com.kms.katalon.core.main.TestSuiteExecutor.execute(TestSuiteExecutor.java:106)
	at com.kms.katalon.core.main.TestCaseMain.startTestSuite(TestCaseMain.java:185)
	at com.kms.katalon.core.main.TestCaseMain$startTestSuite$0.call(Unknown Source)
	at TempTestSuite1667029038557.run(TempTestSuite1667029038557.groovy:36)
)
[[ATTACHMENT|/Users/sandikurnia/Katalon Studio/smallProject/Reports/20221029_143718/Cicle Staging Mobile App/Cicle Staging Mobile App/20221029_143718/1667029376487.png]]]]></system-out>
         <system-err><![CDATA[2022-10-29 14:41:53 - [TEST_CASE][FAILED] - Test Cases/Board/TC_Board_CS-11: Test Cases/Board/TC_Board_CS-11 FAILED.
Reason:
com.kms.katalon.core.exception.StepFailedException: Element 'Object Repository/cicle.staging/Board/Comment/AssertionNotValidURL-Comment' not found
	at com.kms.katalon.core.keyword.internal.KeywordMain.stepFailed(KeywordMain.groovy:50)
	at com.kms.katalon.core.mobile.keyword.internal.MobileKeywordMain.stepFailed(MobileKeywordMain.groovy:40)
	at com.kms.katalon.core.mobile.keyword.builtin.VerifyElementVisibleKeyword$_verifyElementVisible_closure1.doCall(VerifyElementVisibleKeyword.groovy:82)
	at com.kms.katalon.core.mobile.keyword.builtin.VerifyElementVisibleKeyword$_verifyElementVisible_closure1.call(VerifyElementVisibleKeyword.groovy)
	at com.kms.katalon.core.mobile.keyword.internal.MobileKeywordMain.runKeyword(MobileKeywordMain.groovy:21)
	at com.kms.katalon.core.mobile.keyword.builtin.VerifyElementVisibleKeyword.verifyElementVisible(VerifyElementVisibleKeyword.groovy:85)
	at com.kms.katalon.core.mobile.keyword.builtin.VerifyElementVisibleKeyword.execute(VerifyElementVisibleKeyword.groovy:64)
	at com.kms.katalon.core.keyword.internal.KeywordExecutor.executeKeywordForPlatform(KeywordExecutor.groovy:74)
	at com.kms.katalon.core.mobile.keyword.MobileBuiltInKeywords.verifyElementVisible(MobileBuiltInKeywords.groovy:2031)
	at com.kms.katalon.core.mobile.keyword.MobileBuiltInKeywords$verifyElementVisible$4.call(Unknown Source)
	at TC_Board_CS-11.run(TC_Board_CS-11:54)
	at com.kms.katalon.core.main.ScriptEngine.run(ScriptEngine.java:194)
	at com.kms.katalon.core.main.ScriptEngine.runScriptAsRawText(ScriptEngine.java:119)
	at com.kms.katalon.core.main.TestCaseExecutor.runScript(TestCaseExecutor.java:448)
	at com.kms.katalon.core.main.TestCaseExecutor.doExecute(TestCaseExecutor.java:439)
	at com.kms.katalon.core.main.TestCaseExecutor.processExecutionPhase(TestCaseExecutor.java:418)
	at com.kms.katalon.core.main.TestCaseExecutor.accessMainPhase(TestCaseExecutor.java:410)
	at com.kms.katalon.core.main.TestCaseExecutor.execute(TestCaseExecutor.java:285)
	at com.kms.katalon.core.common.CommonExecutor.accessTestCaseMainPhase(CommonExecutor.java:65)
	at com.kms.katalon.core.main.TestSuiteExecutor.accessTestSuiteMainPhase(TestSuiteExecutor.java:144)
	at com.kms.katalon.core.main.TestSuiteExecutor.execute(TestSuiteExecutor.java:106)
	at com.kms.katalon.core.main.TestCaseMain.startTestSuite(TestCaseMain.java:185)
	at com.kms.katalon.core.main.TestCaseMain$startTestSuite$0.call(Unknown Source)
	at TempTestSuite1667029038557.run(TempTestSuite1667029038557.groovy:36)]]></system-err>
      </testcase>
      <testcase name="Test Cases/Board/TC_Board_CS-12" time="34.775" classname="Test Cases/Board/TC_Board_CS-12" status="PASSED">
         <system-out><![CDATA[2022-10-29 14:42:56 - [TEST_CASE][PASSED] - Test Cases/Board/TC_Board_CS-12: Test Cases/Board/TC_Board_CS-12

2022-10-29 14:42:57 - [TEST_STEP][PASSED] - callTestCase(findTestCase("Sign in/TC_Sign in_CS-40"), [:], STOP_ON_FAILURE): Call Test Case 'Test Cases/Sign in/TC_Sign in_CS-40' successfully

2022-10-29 14:42:57 - [TEST_CASE][PASSED] - Test Cases/Sign in/TC_Sign in_CS-40: Test Cases/Sign in/TC_Sign in_CS-40

2022-10-29 14:42:57 - [TEST_STEP][PASSED] - startApplication("/Users/sandikurnia/Downloads/apk-staging-for-iqbal.apk", false): Started app at: '/Users/sandikurnia/Downloads/apk-staging-for-iqbal.apk'

2022-10-29 14:43:02 - [MESSAGE][PASSED] - Started app at: '/Users/sandikurnia/Downloads/apk-staging-for-iqbal.apk'

2022-10-29 14:43:02 - [TEST_STEP][PASSED] - tap(findTestObject("cicle.staging/Startup/YesButtonWhenOpenitApp"), 3, OPTIONAL): Object Object Repository/cicle.staging/Startup/YesButtonWhenOpenitApp not found

2022-10-29 14:43:05 - [MESSAGE][WARNING] - Object Object Repository/cicle.staging/Startup/YesButtonWhenOpenitApp not found

2022-10-29 14:43:05 - [TEST_STEP][PASSED] - tap(findTestObject("cicle.staging/Startup/SkipButtonWhenOpenitApp"), 3, OPTIONAL): Object Object Repository/cicle.staging/Startup/SkipButtonWhenOpenitApp not found

2022-10-29 14:43:08 - [MESSAGE][WARNING] - Object Object Repository/cicle.staging/Startup/SkipButtonWhenOpenitApp not found

2022-10-29 14:43:08 - [TEST_STEP][PASSED] - tap(findTestObject("cicle.staging/Startup/GotoSignInButton"), 3, OPTIONAL): Object Object Repository/cicle.staging/Startup/GotoSignInButton not found

2022-10-29 14:43:11 - [MESSAGE][WARNING] - Object Object Repository/cicle.staging/Startup/GotoSignInButton not found

2022-10-29 14:43:11 - [TEST_STEP][PASSED] - tap(findTestObject("cicle.staging/Startup/SignInwithGoogleAccount"), 3, OPTIONAL): Object Object Repository/cicle.staging/Startup/SignInwithGoogleAccount not found

2022-10-29 14:43:14 - [MESSAGE][WARNING] - Object Object Repository/cicle.staging/Startup/SignInwithGoogleAccount not found

2022-10-29 14:43:14 - [TEST_STEP][PASSED] - tap(findTestObject("cicle.staging/Startup/LayoutLoginwithMyAccount"), 3, OPTIONAL): Object Object Repository/cicle.staging/Startup/LayoutLoginwithMyAccount not found

2022-10-29 14:43:18 - [MESSAGE][WARNING] - Object Object Repository/cicle.staging/Startup/LayoutLoginwithMyAccount not found

2022-10-29 14:43:18 - [TEST_STEP][PASSED] - tap(findTestObject("cicle.staging/Startup/ChooseCompanyonYourListafterSignIn"), 3, OPTIONAL): Tapped on element 'Object Repository/cicle.staging/Startup/ChooseCompanyonYourListafterSignIn'

2022-10-29 14:43:18 - [MESSAGE][PASSED] - Tapped on element 'Object Repository/cicle.staging/Startup/ChooseCompanyonYourListafterSignIn'

2022-10-29 14:43:18 - [TEST_STEP][PASSED] - tap(findTestObject("cicle.staging/SekolahQAHeadQuarter/HeadquarterSekolahQA-MainPage"), 0, STOP_ON_FAILURE): Tapped on element 'Object Repository/cicle.staging/SekolahQAHeadQuarter/HeadquarterSekolahQA-MainPage'

2022-10-29 14:43:18 - [MESSAGE][WARNING] - Timeout '0' is invalid. Using default page load timeout: '30'

2022-10-29 14:43:19 - [MESSAGE][PASSED] - Tapped on element 'Object Repository/cicle.staging/SekolahQAHeadQuarter/HeadquarterSekolahQA-MainPage'

2022-10-29 14:43:19 - [MESSAGE][PASSED] - Call Test Case 'Test Cases/Sign in/TC_Sign in_CS-40' successfully

2022-10-29 14:43:19 - [TEST_STEP][PASSED] - tap(findTestObject("cicle.staging/Board/Board-Menu"), 0): Tapped on element 'Object Repository/cicle.staging/Board/Board-Menu'

2022-10-29 14:43:19 - [MESSAGE][WARNING] - Timeout '0' is invalid. Using default page load timeout: '30'

2022-10-29 14:43:19 - [MESSAGE][PASSED] - Tapped on element 'Object Repository/cicle.staging/Board/Board-Menu'

2022-10-29 14:43:19 - [TEST_STEP][PASSED] - tap(findTestObject("cicle.staging/Board/Card/userCardAccount"), 0): Tapped on element 'Object Repository/cicle.staging/Board/Card/userCardAccount'

2022-10-29 14:43:19 - [MESSAGE][WARNING] - Timeout '0' is invalid. Using default page load timeout: '30'

2022-10-29 14:43:22 - [MESSAGE][PASSED] - Tapped on element 'Object Repository/cicle.staging/Board/Card/userCardAccount'

2022-10-29 14:43:22 - [TEST_STEP][PASSED] - tap(findTestObject("cicle.staging/Board/Comment/AddNewComment-Button"), 0): Tapped on element 'Object Repository/cicle.staging/Board/Comment/AddNewComment-Button'

2022-10-29 14:43:22 - [MESSAGE][WARNING] - Timeout '0' is invalid. Using default page load timeout: '30'

2022-10-29 14:43:23 - [MESSAGE][PASSED] - Tapped on element 'Object Repository/cicle.staging/Board/Comment/AddNewComment-Button'

2022-10-29 14:43:23 - [TEST_STEP][PASSED] - tap(findTestObject("cicle.staging/Board/Comment/AddComment2-Field"), 0): Tapped on element 'Object Repository/cicle.staging/Board/Comment/AddComment2-Field'

2022-10-29 14:43:23 - [MESSAGE][WARNING] - Timeout '0' is invalid. Using default page load timeout: '30'

2022-10-29 14:43:23 - [MESSAGE][PASSED] - Tapped on element 'Object Repository/cicle.staging/Board/Comment/AddComment2-Field'

2022-10-29 14:43:23 - [TEST_STEP][PASSED] - tap(findTestObject("cicle.staging/Board/Comment/AddAttachmentPopUPKeyboard-Button"), 0, STOP_ON_FAILURE): Tapped on element 'Object Repository/cicle.staging/Board/Comment/AddAttachmentPopUPKeyboard-Button'

2022-10-29 14:43:23 - [MESSAGE][WARNING] - Timeout '0' is invalid. Using default page load timeout: '30'

2022-10-29 14:43:26 - [MESSAGE][PASSED] - Tapped on element 'Object Repository/cicle.staging/Board/Comment/AddAttachmentPopUPKeyboard-Button'

2022-10-29 14:43:26 - [TEST_STEP][PASSED] - tap(findTestObject("cicle.staging/Board/Comment/AddImageOnComment-Button"), 0): Tapped on element 'Object Repository/cicle.staging/Board/Comment/AddImageOnComment-Button'

2022-10-29 14:43:26 - [MESSAGE][WARNING] - Timeout '0' is invalid. Using default page load timeout: '30'

2022-10-29 14:43:27 - [MESSAGE][PASSED] - Tapped on element 'Object Repository/cicle.staging/Board/Comment/AddImageOnComment-Button'

2022-10-29 14:43:27 - [TEST_STEP][PASSED] - checkElement(findTestObject("cicle.staging/Board/Comment/AddImageByURL-Comment"), 0): Element 'Object Repository/cicle.staging/Board/Comment/AddImageByURL-Comment' is checked

2022-10-29 14:43:27 - [MESSAGE][WARNING] - Timeout '0' is invalid. Using default page load timeout: '30'

2022-10-29 14:43:28 - [MESSAGE][PASSED] - Element 'Object Repository/cicle.staging/Board/Comment/AddImageByURL-Comment' is checked

2022-10-29 14:43:28 - [TEST_STEP][PASSED] - tap(findTestObject("cicle.staging/Board/Comment/InsertLinkHere-Image-Field"), 0): Tapped on element 'Object Repository/cicle.staging/Board/Comment/InsertLinkHere-Image-Field'

2022-10-29 14:43:28 - [MESSAGE][WARNING] - Timeout '0' is invalid. Using default page load timeout: '30'

2022-10-29 14:43:29 - [MESSAGE][PASSED] - Tapped on element 'Object Repository/cicle.staging/Board/Comment/InsertLinkHere-Image-Field'

2022-10-29 14:43:29 - [TEST_STEP][PASSED] - setText(findTestObject("cicle.staging/Board/Comment/InsertLinkHere-Image-Field"), findTestData("Board/URL/URL").getValue(1, 3), 0): Text 'SekolahQA' has been set to element 'Object Repository/cicle.staging/Board/Comment/InsertLinkHere-Image-Field'

2022-10-29 14:43:29 - [MESSAGE][WARNING] - Timeout '0' is invalid. Using default page load timeout: '30'

2022-10-29 14:43:29 - [MESSAGE][PASSED] - Text 'SekolahQA' has been set to element 'Object Repository/cicle.staging/Board/Comment/InsertLinkHere-Image-Field'

2022-10-29 14:43:29 - [TEST_STEP][PASSED] - tap(findTestObject("cicle.staging/Board/Comment/Comment-SelectInsert-Button"), 0): Tapped on element 'Object Repository/cicle.staging/Board/Comment/Comment-SelectInsert-Button'

2022-10-29 14:43:29 - [MESSAGE][WARNING] - Timeout '0' is invalid. Using default page load timeout: '30'

2022-10-29 14:43:31 - [MESSAGE][PASSED] - Tapped on element 'Object Repository/cicle.staging/Board/Comment/Comment-SelectInsert-Button'

2022-10-29 14:43:31 - [TEST_STEP][PASSED] - verifyElementVisible(findTestObject("cicle.staging/Board/Comment/AssertionNotValidURL-Comment"), 0): Element 'Object Repository/cicle.staging/Board/Comment/AssertionNotValidURL-Comment' is visible

2022-10-29 14:43:31 - [MESSAGE][WARNING] - Timeout '0' is invalid. Using default page load timeout: '30'

2022-10-29 14:43:31 - [MESSAGE][PASSED] - Element 'Object Repository/cicle.staging/Board/Comment/AssertionNotValidURL-Comment' is visible]]></system-out>
         <system-err><![CDATA[]]></system-err>
      </testcase>
      <system-out><![CDATA[2022-10-29 14:37:29 - [TEST_SUITE][FAILED] - Cicle Staging Mobile App: Test Cases/Board/TC_Board_CS-11 FAILED.
Reason:
com.kms.katalon.core.exception.StepFailedException: Element 'Object Repository/cicle.staging/Board/Comment/AssertionNotValidURL-Comment' not found
	at com.kms.katalon.core.keyword.internal.KeywordMain.stepFailed(KeywordMain.groovy:50)
	at com.kms.katalon.core.mobile.keyword.internal.MobileKeywordMain.stepFailed(MobileKeywordMain.groovy:40)
	at com.kms.katalon.core.mobile.keyword.builtin.VerifyElementVisibleKeyword$_verifyElementVisible_closure1.doCall(VerifyElementVisibleKeyword.groovy:82)
	at com.kms.katalon.core.mobile.keyword.builtin.VerifyElementVisibleKeyword$_verifyElementVisible_closure1.call(VerifyElementVisibleKeyword.groovy)
	at com.kms.katalon.core.mobile.keyword.internal.MobileKeywordMain.runKeyword(MobileKeywordMain.groovy:21)
	at com.kms.katalon.core.mobile.keyword.builtin.VerifyElementVisibleKeyword.verifyElementVisible(VerifyElementVisibleKeyword.groovy:85)
	at com.kms.katalon.core.mobile.keyword.builtin.VerifyElementVisibleKeyword.execute(VerifyElementVisibleKeyword.groovy:64)
	at com.kms.katalon.core.keyword.internal.KeywordExecutor.executeKeywordForPlatform(KeywordExecutor.groovy:74)
	at com.kms.katalon.core.mobile.keyword.MobileBuiltInKeywords.verifyElementVisible(MobileBuiltInKeywords.groovy:2031)
	at com.kms.katalon.core.mobile.keyword.MobileBuiltInKeywords$verifyElementVisible$4.call(Unknown Source)
	at TC_Board_CS-11.run(TC_Board_CS-11:54)
	at com.kms.katalon.core.main.ScriptEngine.run(ScriptEngine.java:194)
	at com.kms.katalon.core.main.ScriptEngine.runScriptAsRawText(ScriptEngine.java:119)
	at com.kms.katalon.core.main.TestCaseExecutor.runScript(TestCaseExecutor.java:448)
	at com.kms.katalon.core.main.TestCaseExecutor.doExecute(TestCaseExecutor.java:439)
	at com.kms.katalon.core.main.TestCaseExecutor.processExecutionPhase(TestCaseExecutor.java:418)
	at com.kms.katalon.core.main.TestCaseExecutor.accessMainPhase(TestCaseExecutor.java:410)
	at com.kms.katalon.core.main.TestCaseExecutor.execute(TestCaseExecutor.java:285)
	at com.kms.katalon.core.common.CommonExecutor.accessTestCaseMainPhase(CommonExecutor.java:65)
	at com.kms.katalon.core.main.TestSuiteExecutor.accessTestSuiteMainPhase(TestSuiteExecutor.java:144)
	at com.kms.katalon.core.main.TestSuiteExecutor.execute(TestSuiteExecutor.java:106)
	at com.kms.katalon.core.main.TestCaseMain.startTestSuite(TestCaseMain.java:185)
	at com.kms.katalon.core.main.TestCaseMain$startTestSuite$0.call(Unknown Source)
	at TempTestSuite1667029038557.run(TempTestSuite1667029038557.groovy:36)]]></system-out>
      <system-err><![CDATA[2022-10-29 14:37:29 - [TEST_SUITE][FAILED] - Cicle Staging Mobile App: Test Cases/Board/TC_Board_CS-11 FAILED.
Reason:
com.kms.katalon.core.exception.StepFailedException: Element 'Object Repository/cicle.staging/Board/Comment/AssertionNotValidURL-Comment' not found
	at com.kms.katalon.core.keyword.internal.KeywordMain.stepFailed(KeywordMain.groovy:50)
	at com.kms.katalon.core.mobile.keyword.internal.MobileKeywordMain.stepFailed(MobileKeywordMain.groovy:40)
	at com.kms.katalon.core.mobile.keyword.builtin.VerifyElementVisibleKeyword$_verifyElementVisible_closure1.doCall(VerifyElementVisibleKeyword.groovy:82)
	at com.kms.katalon.core.mobile.keyword.builtin.VerifyElementVisibleKeyword$_verifyElementVisible_closure1.call(VerifyElementVisibleKeyword.groovy)
	at com.kms.katalon.core.mobile.keyword.internal.MobileKeywordMain.runKeyword(MobileKeywordMain.groovy:21)
	at com.kms.katalon.core.mobile.keyword.builtin.VerifyElementVisibleKeyword.verifyElementVisible(VerifyElementVisibleKeyword.groovy:85)
	at com.kms.katalon.core.mobile.keyword.builtin.VerifyElementVisibleKeyword.execute(VerifyElementVisibleKeyword.groovy:64)
	at com.kms.katalon.core.keyword.internal.KeywordExecutor.executeKeywordForPlatform(KeywordExecutor.groovy:74)
	at com.kms.katalon.core.mobile.keyword.MobileBuiltInKeywords.verifyElementVisible(MobileBuiltInKeywords.groovy:2031)
	at com.kms.katalon.core.mobile.keyword.MobileBuiltInKeywords$verifyElementVisible$4.call(Unknown Source)
	at TC_Board_CS-11.run(TC_Board_CS-11:54)
	at com.kms.katalon.core.main.ScriptEngine.run(ScriptEngine.java:194)
	at com.kms.katalon.core.main.ScriptEngine.runScriptAsRawText(ScriptEngine.java:119)
	at com.kms.katalon.core.main.TestCaseExecutor.runScript(TestCaseExecutor.java:448)
	at com.kms.katalon.core.main.TestCaseExecutor.doExecute(TestCaseExecutor.java:439)
	at com.kms.katalon.core.main.TestCaseExecutor.processExecutionPhase(TestCaseExecutor.java:418)
	at com.kms.katalon.core.main.TestCaseExecutor.accessMainPhase(TestCaseExecutor.java:410)
	at com.kms.katalon.core.main.TestCaseExecutor.execute(TestCaseExecutor.java:285)
	at com.kms.katalon.core.common.CommonExecutor.accessTestCaseMainPhase(CommonExecutor.java:65)
	at com.kms.katalon.core.main.TestSuiteExecutor.accessTestSuiteMainPhase(TestSuiteExecutor.java:144)
	at com.kms.katalon.core.main.TestSuiteExecutor.execute(TestSuiteExecutor.java:106)
	at com.kms.katalon.core.main.TestCaseMain.startTestSuite(TestCaseMain.java:185)
	at com.kms.katalon.core.main.TestCaseMain$startTestSuite$0.call(Unknown Source)
	at TempTestSuite1667029038557.run(TempTestSuite1667029038557.groovy:36)]]></system-err>
   </testsuite>
</testsuites>
