<?xml version="1.0" encoding="UTF-8"?>
<testsuites name="Cicle Staging Mobile App - Blast" time="379.134" tests="11" failures="3" errors="0">
   <testsuite name="Cicle Staging Mobile App - Blast" tests="11" failures="3" errors="0" time="379.134" skipped="0" timestamp="2022-10-29 15:30:13" hostname="sandikurnia - localhost" id="Test Suites/Cicle Staging Mobile App/Blast/Cicle Staging Mobile App - Blast">
      <properties>
         <property name="deviceName" value="emulator-5554 (Android SDK built for arm64 - Android 10)"/>
         <property name="devicePlatform" value=""/>
         <property name="logFolder" value="/Users/sandikurnia/Katalon Studio/smallProject/Reports/20221029_153002/Cicle Staging Mobile App/Blast/Cicle Staging Mobile App - Blast/20221029_153002"/>
         <property name="logFiles" value="/Users/sandikurnia/Katalon Studio/smallProject/Reports/20221029_153002/Cicle Staging Mobile App/Blast/Cicle Staging Mobile App - Blast/20221029_153002/execution0.log, /Users/sandikurnia/Katalon Studio/smallProject/Reports/20221029_153002/Cicle Staging Mobile App/Blast/Cicle Staging Mobile App - Blast/20221029_153002/appium.log"/>
         <property name="attachments" value="/Users/sandikurnia/Katalon Studio/smallProject/Reports/20221029_153002/Cicle Staging Mobile App/Blast/Cicle Staging Mobile App - Blast/20221029_153002/1667032413762.png, /Users/sandikurnia/Katalon Studio/smallProject/Reports/20221029_153002/Cicle Staging Mobile App/Blast/Cicle Staging Mobile App - Blast/20221029_153002/1667032466875.png, /Users/sandikurnia/Katalon Studio/smallProject/Reports/20221029_153002/Cicle Staging Mobile App/Blast/Cicle Staging Mobile App - Blast/20221029_153002/1667032520432.png"/>
         <property name="hostName" value="sandikurnia - localhost"/>
         <property name="os" value="Mac OS X 64bit"/>
         <property name="appiumServerStatus" value="{&quot;value&quot;:{&quot;build&quot;:{&quot;version&quot;:&quot;1.22.3&quot;}},&quot;sessionId&quot;:null,&quot;status&quot;:0}"/>
         <property name="katalonVersion" value="8.4.1.208"/>
         <property name="deviceOS" value="Android"/>
         <property name="appiumVersion" value="1.22.3"/>
         <property name="deviceModel" value="Android SDK built for arm64"/>
         <property name="hostAddress" value="127.0.0.1"/>
         <property name="deviceManufacturer" value="Google"/>
         <property name="deviceId" value="emulator-5554"/>
         <property name="deviceName" value="emulator-5554 (Android SDK built for arm64 - Android 10)"/>
         <property name="deviceOSVersion" value="10"/>
      </properties>
      <testcase name="Test Cases/Blast/TC_Blast_CS-24" time="36.615" classname="Test Cases/Blast/TC_Blast_CS-24" status="PASSED">
         <system-out><![CDATA[2022-10-29 15:30:14 - [TEST_CASE][PASSED] - Test Cases/Blast/TC_Blast_CS-24: Test Cases/Blast/TC_Blast_CS-24

2022-10-29 15:30:14 - [TEST_STEP][PASSED] - callTestCase(findTestCase("Sign in/TC_Sign in_CS-40"), [:], STOP_ON_FAILURE): Call Test Case 'Test Cases/Sign in/TC_Sign in_CS-40' successfully

2022-10-29 15:30:14 - [TEST_CASE][PASSED] - Test Cases/Sign in/TC_Sign in_CS-40: Test Cases/Sign in/TC_Sign in_CS-40

2022-10-29 15:30:14 - [TEST_STEP][PASSED] - startApplication("/Users/sandikurnia/Downloads/apk-staging-for-iqbal.apk", false): Started app at: '/Users/sandikurnia/Downloads/apk-staging-for-iqbal.apk'

2022-10-29 15:30:16 - [MESSAGE][INFO] - Detected NodeJS location: "/opt/homebrew/Cellar/node/18.11.0/bin/node"

2022-10-29 15:30:16 - [MESSAGE][INFO] - Appium server started on port 55,573

2022-10-29 15:30:27 - [MESSAGE][PASSED] - Started app at: '/Users/sandikurnia/Downloads/apk-staging-for-iqbal.apk'

2022-10-29 15:30:27 - [TEST_STEP][PASSED] - tap(findTestObject("cicle.staging/Startup/YesButtonWhenOpenitApp"), 2, OPTIONAL): Object Object Repository/cicle.staging/Startup/YesButtonWhenOpenitApp not found

2022-10-29 15:30:30 - [MESSAGE][WARNING] - Object Object Repository/cicle.staging/Startup/YesButtonWhenOpenitApp not found

2022-10-29 15:30:30 - [TEST_STEP][PASSED] - tap(findTestObject("cicle.staging/Startup/SkipButtonWhenOpenitApp"), 2, OPTIONAL): Object Object Repository/cicle.staging/Startup/SkipButtonWhenOpenitApp not found

2022-10-29 15:30:32 - [MESSAGE][WARNING] - Object Object Repository/cicle.staging/Startup/SkipButtonWhenOpenitApp not found

2022-10-29 15:30:32 - [TEST_STEP][PASSED] - tap(findTestObject("cicle.staging/Startup/GotoSignInButton"), 2, OPTIONAL): Object Object Repository/cicle.staging/Startup/GotoSignInButton not found

2022-10-29 15:30:34 - [MESSAGE][WARNING] - Object Object Repository/cicle.staging/Startup/GotoSignInButton not found

2022-10-29 15:30:34 - [TEST_STEP][PASSED] - tap(findTestObject("cicle.staging/Startup/SignInwithGoogleAccount"), 2, OPTIONAL): Object Object Repository/cicle.staging/Startup/SignInwithGoogleAccount not found

2022-10-29 15:30:36 - [MESSAGE][WARNING] - Object Object Repository/cicle.staging/Startup/SignInwithGoogleAccount not found

2022-10-29 15:30:36 - [TEST_STEP][PASSED] - tap(findTestObject("cicle.staging/Startup/LayoutLoginwithMyAccount"), 2, OPTIONAL): Object Object Repository/cicle.staging/Startup/LayoutLoginwithMyAccount not found

2022-10-29 15:30:38 - [MESSAGE][WARNING] - Object Object Repository/cicle.staging/Startup/LayoutLoginwithMyAccount not found

2022-10-29 15:30:38 - [TEST_STEP][PASSED] - tap(findTestObject("cicle.staging/Startup/ChooseCompanyonYourListafterSignIn"), 2, OPTIONAL): Tapped on element 'Object Repository/cicle.staging/Startup/ChooseCompanyonYourListafterSignIn'

2022-10-29 15:30:38 - [MESSAGE][PASSED] - Tapped on element 'Object Repository/cicle.staging/Startup/ChooseCompanyonYourListafterSignIn'

2022-10-29 15:30:38 - [TEST_STEP][PASSED] - tap(findTestObject("cicle.staging/SekolahQAHeadQuarter/HeadquarterSekolahQA-MainPage"), 2, OPTIONAL): Tapped on element 'Object Repository/cicle.staging/SekolahQAHeadQuarter/HeadquarterSekolahQA-MainPage'

2022-10-29 15:30:40 - [MESSAGE][PASSED] - Tapped on element 'Object Repository/cicle.staging/SekolahQAHeadQuarter/HeadquarterSekolahQA-MainPage'

2022-10-29 15:30:40 - [MESSAGE][PASSED] - Call Test Case 'Test Cases/Sign in/TC_Sign in_CS-40' successfully

2022-10-29 15:30:40 - [TEST_STEP][PASSED] - tap(findTestObject("cicle.staging/Blast/Menu/BlastMenu"), 0): Tapped on element 'Object Repository/cicle.staging/Blast/Menu/BlastMenu'

2022-10-29 15:30:40 - [MESSAGE][WARNING] - Timeout '0' is invalid. Using default page load timeout: '30'

2022-10-29 15:30:40 - [MESSAGE][PASSED] - Tapped on element 'Object Repository/cicle.staging/Blast/Menu/BlastMenu'

2022-10-29 15:30:40 - [TEST_STEP][PASSED] - tap(findTestObject("Object Repository/cicle.staging/Blast/Post/POST-AddButtonOnTheBottomRightSide"), 0): Tapped on element 'Object Repository/cicle.staging/Blast/Post/POST-AddButtonOnTheBottomRightSide'

2022-10-29 15:30:40 - [MESSAGE][WARNING] - Timeout '0' is invalid. Using default page load timeout: '30'

2022-10-29 15:30:42 - [MESSAGE][PASSED] - Tapped on element 'Object Repository/cicle.staging/Blast/Post/POST-AddButtonOnTheBottomRightSide'

2022-10-29 15:30:42 - [TEST_STEP][PASSED] - tap(findTestObject("Object Repository/cicle.staging/Blast/Post/POST-TypeATitleField"), 0): Tapped on element 'Object Repository/cicle.staging/Blast/Post/POST-TypeATitleField'

2022-10-29 15:30:42 - [MESSAGE][WARNING] - Timeout '0' is invalid. Using default page load timeout: '30'

2022-10-29 15:30:44 - [MESSAGE][PASSED] - Tapped on element 'Object Repository/cicle.staging/Blast/Post/POST-TypeATitleField'

2022-10-29 15:30:44 - [TEST_STEP][PASSED] - setText(findTestObject("cicle.staging/Blast/Post/POST-TypeATitleField"), findTestData("Blast/Post/PostData").getValue(1, 1), 0): Text 'Project Sekolah QA' has been set to element 'Object Repository/cicle.staging/Blast/Post/POST-TypeATitleField'

2022-10-29 15:30:44 - [MESSAGE][WARNING] - Timeout '0' is invalid. Using default page load timeout: '30'

2022-10-29 15:30:44 - [MESSAGE][PASSED] - Text 'Project Sekolah QA' has been set to element 'Object Repository/cicle.staging/Blast/Post/POST-TypeATitleField'

2022-10-29 15:30:44 - [TEST_STEP][PASSED] - tap(findTestObject("Object Repository/cicle.staging/Blast/Post/POST-YourTextHereField"), 0): Tapped on element 'Object Repository/cicle.staging/Blast/Post/POST-YourTextHereField'

2022-10-29 15:30:44 - [MESSAGE][WARNING] - Timeout '0' is invalid. Using default page load timeout: '30'

2022-10-29 15:30:45 - [MESSAGE][PASSED] - Tapped on element 'Object Repository/cicle.staging/Blast/Post/POST-YourTextHereField'

2022-10-29 15:30:45 - [TEST_STEP][PASSED] - setText(findTestObject("cicle.staging/Blast/Post/Post-DescriptionField1"), findTestData("Blast/Post/PostData").getValue(2, 1), 0, STOP_ON_FAILURE): Text 'Cicle Staging Mobile App Need to Test' has been set to element 'Object Repository/cicle.staging/Blast/Post/Post-DescriptionField1'

2022-10-29 15:30:45 - [MESSAGE][WARNING] - Timeout '0' is invalid. Using default page load timeout: '30'

2022-10-29 15:30:47 - [MESSAGE][PASSED] - Text 'Cicle Staging Mobile App Need to Test' has been set to element 'Object Repository/cicle.staging/Blast/Post/Post-DescriptionField1'

2022-10-29 15:30:47 - [TEST_STEP][PASSED] - hideKeyboard(): Keyboard is hidden

2022-10-29 15:30:47 - [MESSAGE][PASSED] - Keyboard is hidden

2022-10-29 15:30:47 - [TEST_STEP][PASSED] - swipe(724, 1830, 724, 1000): Swiped from 724,1,830 to 724,1,000

2022-10-29 15:30:48 - [MESSAGE][PASSED] - Swiped from 724,1,830 to 724,1,000

2022-10-29 15:30:48 - [TEST_STEP][PASSED] - tap(findTestObject("Object Repository/cicle.staging/Blast/Post/POST-PublishButton"), 0): Tapped on element 'Object Repository/cicle.staging/Blast/Post/POST-PublishButton'

2022-10-29 15:30:48 - [MESSAGE][WARNING] - Timeout '0' is invalid. Using default page load timeout: '30'

2022-10-29 15:30:50 - [MESSAGE][PASSED] - Tapped on element 'Object Repository/cicle.staging/Blast/Post/POST-PublishButton']]></system-out>
         <system-err><![CDATA[]]></system-err>
      </testcase>
      <testcase name="Test Cases/Blast/TC_Blast_CS-25" time="28.067" classname="Test Cases/Blast/TC_Blast_CS-25" status="PASSED">
         <system-out><![CDATA[2022-10-29 15:30:50 - [TEST_CASE][PASSED] - Test Cases/Blast/TC_Blast_CS-25: Test Cases/Blast/TC_Blast_CS-25

2022-10-29 15:30:50 - [TEST_STEP][PASSED] - callTestCase(findTestCase("Sign in/TC_Sign in_CS-40"), [:], STOP_ON_FAILURE): Call Test Case 'Test Cases/Sign in/TC_Sign in_CS-40' successfully

2022-10-29 15:30:51 - [TEST_CASE][PASSED] - Test Cases/Sign in/TC_Sign in_CS-40: Test Cases/Sign in/TC_Sign in_CS-40

2022-10-29 15:30:51 - [TEST_STEP][PASSED] - startApplication("/Users/sandikurnia/Downloads/apk-staging-for-iqbal.apk", false): Started app at: '/Users/sandikurnia/Downloads/apk-staging-for-iqbal.apk'

2022-10-29 15:30:56 - [MESSAGE][PASSED] - Started app at: '/Users/sandikurnia/Downloads/apk-staging-for-iqbal.apk'

2022-10-29 15:30:56 - [TEST_STEP][PASSED] - tap(findTestObject("cicle.staging/Startup/YesButtonWhenOpenitApp"), 2, OPTIONAL): Object Object Repository/cicle.staging/Startup/YesButtonWhenOpenitApp not found

2022-10-29 15:30:58 - [MESSAGE][WARNING] - Object Object Repository/cicle.staging/Startup/YesButtonWhenOpenitApp not found

2022-10-29 15:30:58 - [TEST_STEP][PASSED] - tap(findTestObject("cicle.staging/Startup/SkipButtonWhenOpenitApp"), 2, OPTIONAL): Object Object Repository/cicle.staging/Startup/SkipButtonWhenOpenitApp not found

2022-10-29 15:31:01 - [MESSAGE][WARNING] - Object Object Repository/cicle.staging/Startup/SkipButtonWhenOpenitApp not found

2022-10-29 15:31:01 - [TEST_STEP][PASSED] - tap(findTestObject("cicle.staging/Startup/GotoSignInButton"), 2, OPTIONAL): Object Object Repository/cicle.staging/Startup/GotoSignInButton not found

2022-10-29 15:31:03 - [MESSAGE][WARNING] - Object Object Repository/cicle.staging/Startup/GotoSignInButton not found

2022-10-29 15:31:03 - [TEST_STEP][PASSED] - tap(findTestObject("cicle.staging/Startup/SignInwithGoogleAccount"), 2, OPTIONAL): Object Object Repository/cicle.staging/Startup/SignInwithGoogleAccount not found

2022-10-29 15:31:05 - [MESSAGE][WARNING] - Object Object Repository/cicle.staging/Startup/SignInwithGoogleAccount not found

2022-10-29 15:31:05 - [TEST_STEP][PASSED] - tap(findTestObject("cicle.staging/Startup/LayoutLoginwithMyAccount"), 2, OPTIONAL): Object Object Repository/cicle.staging/Startup/LayoutLoginwithMyAccount not found

2022-10-29 15:31:07 - [MESSAGE][WARNING] - Object Object Repository/cicle.staging/Startup/LayoutLoginwithMyAccount not found

2022-10-29 15:31:07 - [TEST_STEP][PASSED] - tap(findTestObject("cicle.staging/Startup/ChooseCompanyonYourListafterSignIn"), 2, OPTIONAL): Tapped on element 'Object Repository/cicle.staging/Startup/ChooseCompanyonYourListafterSignIn'

2022-10-29 15:31:08 - [MESSAGE][PASSED] - Tapped on element 'Object Repository/cicle.staging/Startup/ChooseCompanyonYourListafterSignIn'

2022-10-29 15:31:08 - [TEST_STEP][PASSED] - tap(findTestObject("cicle.staging/SekolahQAHeadQuarter/HeadquarterSekolahQA-MainPage"), 2, OPTIONAL): Tapped on element 'Object Repository/cicle.staging/SekolahQAHeadQuarter/HeadquarterSekolahQA-MainPage'

2022-10-29 15:31:09 - [MESSAGE][PASSED] - Tapped on element 'Object Repository/cicle.staging/SekolahQAHeadQuarter/HeadquarterSekolahQA-MainPage'

2022-10-29 15:31:09 - [MESSAGE][PASSED] - Call Test Case 'Test Cases/Sign in/TC_Sign in_CS-40' successfully

2022-10-29 15:31:09 - [TEST_STEP][PASSED] - tap(findTestObject("cicle.staging/Blast/Menu/BlastMenu"), 0): Tapped on element 'Object Repository/cicle.staging/Blast/Menu/BlastMenu'

2022-10-29 15:31:09 - [MESSAGE][WARNING] - Timeout '0' is invalid. Using default page load timeout: '30'

2022-10-29 15:31:09 - [MESSAGE][PASSED] - Tapped on element 'Object Repository/cicle.staging/Blast/Menu/BlastMenu'

2022-10-29 15:31:09 - [TEST_STEP][PASSED] - tap(findTestObject("Object Repository/cicle.staging/Blast/Post/POST-AddButtonOnTheBottomRightSide"), 0): Tapped on element 'Object Repository/cicle.staging/Blast/Post/POST-AddButtonOnTheBottomRightSide'

2022-10-29 15:31:09 - [MESSAGE][WARNING] - Timeout '0' is invalid. Using default page load timeout: '30'

2022-10-29 15:31:11 - [MESSAGE][PASSED] - Tapped on element 'Object Repository/cicle.staging/Blast/Post/POST-AddButtonOnTheBottomRightSide'

2022-10-29 15:31:11 - [TEST_STEP][PASSED] - tap(findTestObject("Object Repository/cicle.staging/Blast/Post/POST-TypeATitleField"), 0): Tapped on element 'Object Repository/cicle.staging/Blast/Post/POST-TypeATitleField'

2022-10-29 15:31:11 - [MESSAGE][WARNING] - Timeout '0' is invalid. Using default page load timeout: '30'

2022-10-29 15:31:13 - [MESSAGE][PASSED] - Tapped on element 'Object Repository/cicle.staging/Blast/Post/POST-TypeATitleField'

2022-10-29 15:31:13 - [TEST_STEP][PASSED] - setText(findTestObject("cicle.staging/Blast/Post/POST-TypeATitleField"), findTestData("Blast/Post/PostData").getValue(1, 3), 0): Text '' has been set to element 'Object Repository/cicle.staging/Blast/Post/POST-TypeATitleField'

2022-10-29 15:31:13 - [MESSAGE][WARNING] - Timeout '0' is invalid. Using default page load timeout: '30'

2022-10-29 15:31:13 - [MESSAGE][PASSED] - Text '' has been set to element 'Object Repository/cicle.staging/Blast/Post/POST-TypeATitleField'

2022-10-29 15:31:13 - [TEST_STEP][PASSED] - tap(findTestObject("Object Repository/cicle.staging/Blast/Post/POST-YourTextHereField"), 0): Tapped on element 'Object Repository/cicle.staging/Blast/Post/POST-YourTextHereField'

2022-10-29 15:31:14 - [MESSAGE][WARNING] - Timeout '0' is invalid. Using default page load timeout: '30'

2022-10-29 15:31:14 - [MESSAGE][PASSED] - Tapped on element 'Object Repository/cicle.staging/Blast/Post/POST-YourTextHereField'

2022-10-29 15:31:14 - [TEST_STEP][PASSED] - setText(findTestObject("cicle.staging/Blast/Post/Post-DescriptionField1"), findTestData("Blast/Post/PostData").getValue(2, 1), 0, STOP_ON_FAILURE): Text 'Cicle Staging Mobile App Need to Test' has been set to element 'Object Repository/cicle.staging/Blast/Post/Post-DescriptionField1'

2022-10-29 15:31:14 - [MESSAGE][WARNING] - Timeout '0' is invalid. Using default page load timeout: '30'

2022-10-29 15:31:15 - [MESSAGE][PASSED] - Text 'Cicle Staging Mobile App Need to Test' has been set to element 'Object Repository/cicle.staging/Blast/Post/Post-DescriptionField1'

2022-10-29 15:31:15 - [TEST_STEP][PASSED] - hideKeyboard(): Keyboard is hidden

2022-10-29 15:31:15 - [MESSAGE][PASSED] - Keyboard is hidden

2022-10-29 15:31:15 - [TEST_STEP][PASSED] - swipe(724, 1830, 724, 1000): Swiped from 724,1,830 to 724,1,000

2022-10-29 15:31:16 - [MESSAGE][PASSED] - Swiped from 724,1,830 to 724,1,000

2022-10-29 15:31:16 - [TEST_STEP][PASSED] - tap(findTestObject("Object Repository/cicle.staging/Blast/Post/POST-PublishButton"), 0): Tapped on element 'Object Repository/cicle.staging/Blast/Post/POST-PublishButton'

2022-10-29 15:31:16 - [MESSAGE][WARNING] - Timeout '0' is invalid. Using default page load timeout: '30'

2022-10-29 15:31:18 - [MESSAGE][PASSED] - Tapped on element 'Object Repository/cicle.staging/Blast/Post/POST-PublishButton'

2022-10-29 15:31:18 - [TEST_STEP][PASSED] - verifyElementVisible(findTestObject("cicle.staging/Blast/Post/POST-Assert-TitleMustBeFilled"), 0): Element 'Object Repository/cicle.staging/Blast/Post/POST-Assert-TitleMustBeFilled' is visible

2022-10-29 15:31:18 - [MESSAGE][WARNING] - Timeout '0' is invalid. Using default page load timeout: '30'

2022-10-29 15:31:18 - [MESSAGE][PASSED] - Element 'Object Repository/cicle.staging/Blast/Post/POST-Assert-TitleMustBeFilled' is visible]]></system-out>
         <system-err><![CDATA[]]></system-err>
      </testcase>
      <testcase name="Test Cases/Blast/TC_Blast_CS-26" time="27.635" classname="Test Cases/Blast/TC_Blast_CS-26" status="PASSED">
         <system-out><![CDATA[2022-10-29 15:31:18 - [TEST_CASE][PASSED] - Test Cases/Blast/TC_Blast_CS-26: Test Cases/Blast/TC_Blast_CS-26

2022-10-29 15:31:19 - [TEST_STEP][PASSED] - callTestCase(findTestCase("Sign in/TC_Sign in_CS-40"), [:], STOP_ON_FAILURE): Call Test Case 'Test Cases/Sign in/TC_Sign in_CS-40' successfully

2022-10-29 15:31:19 - [TEST_CASE][PASSED] - Test Cases/Sign in/TC_Sign in_CS-40: Test Cases/Sign in/TC_Sign in_CS-40

2022-10-29 15:31:19 - [TEST_STEP][PASSED] - startApplication("/Users/sandikurnia/Downloads/apk-staging-for-iqbal.apk", false): Started app at: '/Users/sandikurnia/Downloads/apk-staging-for-iqbal.apk'

2022-10-29 15:31:24 - [MESSAGE][PASSED] - Started app at: '/Users/sandikurnia/Downloads/apk-staging-for-iqbal.apk'

2022-10-29 15:31:24 - [TEST_STEP][PASSED] - tap(findTestObject("cicle.staging/Startup/YesButtonWhenOpenitApp"), 2, OPTIONAL): Object Object Repository/cicle.staging/Startup/YesButtonWhenOpenitApp not found

2022-10-29 15:31:26 - [MESSAGE][WARNING] - Object Object Repository/cicle.staging/Startup/YesButtonWhenOpenitApp not found

2022-10-29 15:31:26 - [TEST_STEP][PASSED] - tap(findTestObject("cicle.staging/Startup/SkipButtonWhenOpenitApp"), 2, OPTIONAL): Object Object Repository/cicle.staging/Startup/SkipButtonWhenOpenitApp not found

2022-10-29 15:31:29 - [MESSAGE][WARNING] - Object Object Repository/cicle.staging/Startup/SkipButtonWhenOpenitApp not found

2022-10-29 15:31:29 - [TEST_STEP][PASSED] - tap(findTestObject("cicle.staging/Startup/GotoSignInButton"), 2, OPTIONAL): Object Object Repository/cicle.staging/Startup/GotoSignInButton not found

2022-10-29 15:31:31 - [MESSAGE][WARNING] - Object Object Repository/cicle.staging/Startup/GotoSignInButton not found

2022-10-29 15:31:31 - [TEST_STEP][PASSED] - tap(findTestObject("cicle.staging/Startup/SignInwithGoogleAccount"), 2, OPTIONAL): Object Object Repository/cicle.staging/Startup/SignInwithGoogleAccount not found

2022-10-29 15:31:33 - [MESSAGE][WARNING] - Object Object Repository/cicle.staging/Startup/SignInwithGoogleAccount not found

2022-10-29 15:31:33 - [TEST_STEP][PASSED] - tap(findTestObject("cicle.staging/Startup/LayoutLoginwithMyAccount"), 2, OPTIONAL): Object Object Repository/cicle.staging/Startup/LayoutLoginwithMyAccount not found

2022-10-29 15:31:35 - [MESSAGE][WARNING] - Object Object Repository/cicle.staging/Startup/LayoutLoginwithMyAccount not found

2022-10-29 15:31:35 - [TEST_STEP][PASSED] - tap(findTestObject("cicle.staging/Startup/ChooseCompanyonYourListafterSignIn"), 2, OPTIONAL): Tapped on element 'Object Repository/cicle.staging/Startup/ChooseCompanyonYourListafterSignIn'

2022-10-29 15:31:35 - [MESSAGE][PASSED] - Tapped on element 'Object Repository/cicle.staging/Startup/ChooseCompanyonYourListafterSignIn'

2022-10-29 15:31:35 - [TEST_STEP][PASSED] - tap(findTestObject("cicle.staging/SekolahQAHeadQuarter/HeadquarterSekolahQA-MainPage"), 2, OPTIONAL): Tapped on element 'Object Repository/cicle.staging/SekolahQAHeadQuarter/HeadquarterSekolahQA-MainPage'

2022-10-29 15:31:36 - [MESSAGE][PASSED] - Tapped on element 'Object Repository/cicle.staging/SekolahQAHeadQuarter/HeadquarterSekolahQA-MainPage'

2022-10-29 15:31:36 - [MESSAGE][PASSED] - Call Test Case 'Test Cases/Sign in/TC_Sign in_CS-40' successfully

2022-10-29 15:31:36 - [TEST_STEP][PASSED] - tap(findTestObject("cicle.staging/Blast/Menu/BlastMenu"), 0): Tapped on element 'Object Repository/cicle.staging/Blast/Menu/BlastMenu'

2022-10-29 15:31:36 - [MESSAGE][WARNING] - Timeout '0' is invalid. Using default page load timeout: '30'

2022-10-29 15:31:37 - [MESSAGE][PASSED] - Tapped on element 'Object Repository/cicle.staging/Blast/Menu/BlastMenu'

2022-10-29 15:31:37 - [TEST_STEP][PASSED] - tap(findTestObject("Object Repository/cicle.staging/Blast/Post/POST-AddButtonOnTheBottomRightSide"), 0): Tapped on element 'Object Repository/cicle.staging/Blast/Post/POST-AddButtonOnTheBottomRightSide'

2022-10-29 15:31:37 - [MESSAGE][WARNING] - Timeout '0' is invalid. Using default page load timeout: '30'

2022-10-29 15:31:39 - [MESSAGE][PASSED] - Tapped on element 'Object Repository/cicle.staging/Blast/Post/POST-AddButtonOnTheBottomRightSide'

2022-10-29 15:31:39 - [TEST_STEP][PASSED] - tap(findTestObject("Object Repository/cicle.staging/Blast/Post/POST-TypeATitleField"), 0): Tapped on element 'Object Repository/cicle.staging/Blast/Post/POST-TypeATitleField'

2022-10-29 15:31:39 - [MESSAGE][WARNING] - Timeout '0' is invalid. Using default page load timeout: '30'

2022-10-29 15:31:39 - [MESSAGE][PASSED] - Tapped on element 'Object Repository/cicle.staging/Blast/Post/POST-TypeATitleField'

2022-10-29 15:31:39 - [TEST_STEP][PASSED] - setText(findTestObject("cicle.staging/Blast/Post/POST-TypeATitleField"), findTestData("Blast/Post/PostData").getValue(1, 2), 0): Text 'Project Sekolah FullStack' has been set to element 'Object Repository/cicle.staging/Blast/Post/POST-TypeATitleField'

2022-10-29 15:31:39 - [MESSAGE][WARNING] - Timeout '0' is invalid. Using default page load timeout: '30'

2022-10-29 15:31:40 - [MESSAGE][PASSED] - Text 'Project Sekolah FullStack' has been set to element 'Object Repository/cicle.staging/Blast/Post/POST-TypeATitleField'

2022-10-29 15:31:40 - [TEST_STEP][PASSED] - tap(findTestObject("Object Repository/cicle.staging/Blast/Post/POST-YourTextHereField"), 0): Tapped on element 'Object Repository/cicle.staging/Blast/Post/POST-YourTextHereField'

2022-10-29 15:31:40 - [MESSAGE][WARNING] - Timeout '0' is invalid. Using default page load timeout: '30'

2022-10-29 15:31:41 - [MESSAGE][PASSED] - Tapped on element 'Object Repository/cicle.staging/Blast/Post/POST-YourTextHereField'

2022-10-29 15:31:41 - [TEST_STEP][PASSED] - setText(findTestObject("cicle.staging/Blast/Post/Post-DescriptionField1"), findTestData("Blast/Post/PostData").getValue(2, 3), 0, STOP_ON_FAILURE): Text '' has been set to element 'Object Repository/cicle.staging/Blast/Post/Post-DescriptionField1'

2022-10-29 15:31:41 - [MESSAGE][WARNING] - Timeout '0' is invalid. Using default page load timeout: '30'

2022-10-29 15:31:43 - [MESSAGE][PASSED] - Text '' has been set to element 'Object Repository/cicle.staging/Blast/Post/Post-DescriptionField1'

2022-10-29 15:31:43 - [TEST_STEP][PASSED] - hideKeyboard(): Keyboard is hidden

2022-10-29 15:31:43 - [MESSAGE][PASSED] - Keyboard is hidden

2022-10-29 15:31:43 - [TEST_STEP][PASSED] - swipe(724, 1830, 724, 1000): Swiped from 724,1,830 to 724,1,000

2022-10-29 15:31:44 - [MESSAGE][PASSED] - Swiped from 724,1,830 to 724,1,000

2022-10-29 15:31:44 - [TEST_STEP][PASSED] - tap(findTestObject("Object Repository/cicle.staging/Blast/Post/POST-PublishButton"), 0): Tapped on element 'Object Repository/cicle.staging/Blast/Post/POST-PublishButton'

2022-10-29 15:31:44 - [MESSAGE][WARNING] - Timeout '0' is invalid. Using default page load timeout: '30'

2022-10-29 15:31:46 - [MESSAGE][PASSED] - Tapped on element 'Object Repository/cicle.staging/Blast/Post/POST-PublishButton'

2022-10-29 15:31:46 - [TEST_STEP][PASSED] - verifyElementVisible(findTestObject("cicle.staging/Blast/Post/POST-Assert-DescriptionMustBeFilled"), 0): Element 'Object Repository/cicle.staging/Blast/Post/POST-Assert-DescriptionMustBeFilled' is visible

2022-10-29 15:31:46 - [MESSAGE][WARNING] - Timeout '0' is invalid. Using default page load timeout: '30'

2022-10-29 15:31:46 - [MESSAGE][PASSED] - Element 'Object Repository/cicle.staging/Blast/Post/POST-Assert-DescriptionMustBeFilled' is visible]]></system-out>
         <system-err><![CDATA[]]></system-err>
      </testcase>
      <testcase name="Test Cases/Blast/TC_Blast_CS-27" time="28.174" classname="Test Cases/Blast/TC_Blast_CS-27" status="PASSED">
         <system-out><![CDATA[2022-10-29 15:31:46 - [TEST_CASE][PASSED] - Test Cases/Blast/TC_Blast_CS-27: Test Cases/Blast/TC_Blast_CS-27

2022-10-29 15:31:46 - [TEST_STEP][PASSED] - callTestCase(findTestCase("Sign in/TC_Sign in_CS-40"), [:], STOP_ON_FAILURE): Call Test Case 'Test Cases/Sign in/TC_Sign in_CS-40' successfully

2022-10-29 15:31:46 - [TEST_CASE][PASSED] - Test Cases/Sign in/TC_Sign in_CS-40: Test Cases/Sign in/TC_Sign in_CS-40

2022-10-29 15:31:46 - [TEST_STEP][PASSED] - startApplication("/Users/sandikurnia/Downloads/apk-staging-for-iqbal.apk", false): Started app at: '/Users/sandikurnia/Downloads/apk-staging-for-iqbal.apk'

2022-10-29 15:31:51 - [MESSAGE][PASSED] - Started app at: '/Users/sandikurnia/Downloads/apk-staging-for-iqbal.apk'

2022-10-29 15:31:51 - [TEST_STEP][PASSED] - tap(findTestObject("cicle.staging/Startup/YesButtonWhenOpenitApp"), 2, OPTIONAL): Object Object Repository/cicle.staging/Startup/YesButtonWhenOpenitApp not found

2022-10-29 15:31:54 - [MESSAGE][WARNING] - Object Object Repository/cicle.staging/Startup/YesButtonWhenOpenitApp not found

2022-10-29 15:31:54 - [TEST_STEP][PASSED] - tap(findTestObject("cicle.staging/Startup/SkipButtonWhenOpenitApp"), 2, OPTIONAL): Object Object Repository/cicle.staging/Startup/SkipButtonWhenOpenitApp not found

2022-10-29 15:31:56 - [MESSAGE][WARNING] - Object Object Repository/cicle.staging/Startup/SkipButtonWhenOpenitApp not found

2022-10-29 15:31:56 - [TEST_STEP][PASSED] - tap(findTestObject("cicle.staging/Startup/GotoSignInButton"), 2, OPTIONAL): Object Object Repository/cicle.staging/Startup/GotoSignInButton not found

2022-10-29 15:31:58 - [MESSAGE][WARNING] - Object Object Repository/cicle.staging/Startup/GotoSignInButton not found

2022-10-29 15:31:58 - [TEST_STEP][PASSED] - tap(findTestObject("cicle.staging/Startup/SignInwithGoogleAccount"), 2, OPTIONAL): Object Object Repository/cicle.staging/Startup/SignInwithGoogleAccount not found

2022-10-29 15:32:00 - [MESSAGE][WARNING] - Object Object Repository/cicle.staging/Startup/SignInwithGoogleAccount not found

2022-10-29 15:32:00 - [TEST_STEP][PASSED] - tap(findTestObject("cicle.staging/Startup/LayoutLoginwithMyAccount"), 2, OPTIONAL): Object Object Repository/cicle.staging/Startup/LayoutLoginwithMyAccount not found

2022-10-29 15:32:02 - [MESSAGE][WARNING] - Object Object Repository/cicle.staging/Startup/LayoutLoginwithMyAccount not found

2022-10-29 15:32:02 - [TEST_STEP][PASSED] - tap(findTestObject("cicle.staging/Startup/ChooseCompanyonYourListafterSignIn"), 2, OPTIONAL): Tapped on element 'Object Repository/cicle.staging/Startup/ChooseCompanyonYourListafterSignIn'

2022-10-29 15:32:02 - [MESSAGE][PASSED] - Tapped on element 'Object Repository/cicle.staging/Startup/ChooseCompanyonYourListafterSignIn'

2022-10-29 15:32:02 - [TEST_STEP][PASSED] - tap(findTestObject("cicle.staging/SekolahQAHeadQuarter/HeadquarterSekolahQA-MainPage"), 2, OPTIONAL): Tapped on element 'Object Repository/cicle.staging/SekolahQAHeadQuarter/HeadquarterSekolahQA-MainPage'

2022-10-29 15:32:04 - [MESSAGE][PASSED] - Tapped on element 'Object Repository/cicle.staging/SekolahQAHeadQuarter/HeadquarterSekolahQA-MainPage'

2022-10-29 15:32:04 - [MESSAGE][PASSED] - Call Test Case 'Test Cases/Sign in/TC_Sign in_CS-40' successfully

2022-10-29 15:32:04 - [TEST_STEP][PASSED] - tap(findTestObject("cicle.staging/Blast/Menu/BlastMenu"), 0): Tapped on element 'Object Repository/cicle.staging/Blast/Menu/BlastMenu'

2022-10-29 15:32:04 - [MESSAGE][WARNING] - Timeout '0' is invalid. Using default page load timeout: '30'

2022-10-29 15:32:04 - [MESSAGE][PASSED] - Tapped on element 'Object Repository/cicle.staging/Blast/Menu/BlastMenu'

2022-10-29 15:32:04 - [TEST_STEP][PASSED] - tap(findTestObject("Object Repository/cicle.staging/Blast/Description/Desc-AddButtonOntheBottomRightSide"), 0): Tapped on element 'Object Repository/cicle.staging/Blast/Description/Desc-AddButtonOntheBottomRightSide'

2022-10-29 15:32:04 - [MESSAGE][WARNING] - Timeout '0' is invalid. Using default page load timeout: '30'

2022-10-29 15:32:06 - [MESSAGE][PASSED] - Tapped on element 'Object Repository/cicle.staging/Blast/Description/Desc-AddButtonOntheBottomRightSide'

2022-10-29 15:32:06 - [TEST_STEP][PASSED] - tap(findTestObject("Object Repository/cicle.staging/Blast/Description/Desc-TypeATitleField"), 0): Tapped on element 'Object Repository/cicle.staging/Blast/Description/Desc-TypeATitleField'

2022-10-29 15:32:07 - [MESSAGE][WARNING] - Timeout '0' is invalid. Using default page load timeout: '30'

2022-10-29 15:32:08 - [MESSAGE][PASSED] - Tapped on element 'Object Repository/cicle.staging/Blast/Description/Desc-TypeATitleField'

2022-10-29 15:32:08 - [TEST_STEP][PASSED] - setText(findTestObject("cicle.staging/Blast/Description/Desc-TypeATitleField"), findTestData("Blast/Desc/Desc").getValue(1, 1), 0): Text 'One Piece' has been set to element 'Object Repository/cicle.staging/Blast/Description/Desc-TypeATitleField'

2022-10-29 15:32:08 - [MESSAGE][WARNING] - Timeout '0' is invalid. Using default page load timeout: '30'

2022-10-29 15:32:08 - [MESSAGE][PASSED] - Text 'One Piece' has been set to element 'Object Repository/cicle.staging/Blast/Description/Desc-TypeATitleField'

2022-10-29 15:32:08 - [TEST_STEP][PASSED] - tap(findTestObject("Object Repository/cicle.staging/Blast/Description/Desc-InsertLinkToolBar"), 0): Tapped on element 'Object Repository/cicle.staging/Blast/Description/Desc-InsertLinkToolBar'

2022-10-29 15:32:08 - [MESSAGE][WARNING] - Timeout '0' is invalid. Using default page load timeout: '30'

2022-10-29 15:32:10 - [MESSAGE][PASSED] - Tapped on element 'Object Repository/cicle.staging/Blast/Description/Desc-InsertLinkToolBar'

2022-10-29 15:32:10 - [TEST_STEP][PASSED] - tap(findTestObject("Object Repository/cicle.staging/Blast/Description/Desc-TextToDisplay1Field"), 0): Tapped on element 'Object Repository/cicle.staging/Blast/Description/Desc-TextToDisplay1Field'

2022-10-29 15:32:10 - [MESSAGE][WARNING] - Timeout '0' is invalid. Using default page load timeout: '30'

2022-10-29 15:32:11 - [MESSAGE][PASSED] - Tapped on element 'Object Repository/cicle.staging/Blast/Description/Desc-TextToDisplay1Field'

2022-10-29 15:32:11 - [TEST_STEP][PASSED] - tap(findTestObject("Object Repository/cicle.staging/Blast/Description/Desc-TextToDisplay2Field"), 0): Tapped on element 'Object Repository/cicle.staging/Blast/Description/Desc-TextToDisplay2Field'

2022-10-29 15:32:11 - [MESSAGE][WARNING] - Timeout '0' is invalid. Using default page load timeout: '30'

2022-10-29 15:32:11 - [MESSAGE][PASSED] - Tapped on element 'Object Repository/cicle.staging/Blast/Description/Desc-TextToDisplay2Field'

2022-10-29 15:32:11 - [TEST_STEP][PASSED] - setText(findTestObject("cicle.staging/Blast/Description/Desc-TextToDisplay2Field"), findTestData("Blast/Desc/Desc").getValue(2, 1), 0): Text 'Luffy' has been set to element 'Object Repository/cicle.staging/Blast/Description/Desc-TextToDisplay2Field'

2022-10-29 15:32:11 - [MESSAGE][WARNING] - Timeout '0' is invalid. Using default page load timeout: '30'

2022-10-29 15:32:11 - [MESSAGE][PASSED] - Text 'Luffy' has been set to element 'Object Repository/cicle.staging/Blast/Description/Desc-TextToDisplay2Field'

2022-10-29 15:32:11 - [TEST_STEP][PASSED] - tap(findTestObject("Object Repository/cicle.staging/Blast/Description/Desc-URL1Field"), 0): Tapped on element 'Object Repository/cicle.staging/Blast/Description/Desc-URL1Field'

2022-10-29 15:32:11 - [MESSAGE][WARNING] - Timeout '0' is invalid. Using default page load timeout: '30'

2022-10-29 15:32:12 - [MESSAGE][PASSED] - Tapped on element 'Object Repository/cicle.staging/Blast/Description/Desc-URL1Field'

2022-10-29 15:32:12 - [TEST_STEP][PASSED] - tap(findTestObject("Object Repository/cicle.staging/Blast/Description/Desc-URL2Field"), 0): Tapped on element 'Object Repository/cicle.staging/Blast/Description/Desc-URL2Field'

2022-10-29 15:32:12 - [MESSAGE][WARNING] - Timeout '0' is invalid. Using default page load timeout: '30'

2022-10-29 15:32:13 - [MESSAGE][PASSED] - Tapped on element 'Object Repository/cicle.staging/Blast/Description/Desc-URL2Field'

2022-10-29 15:32:13 - [TEST_STEP][PASSED] - setText(findTestObject("cicle.staging/Blast/Description/Desc-URL2Field"), findTestData("Blast/Desc/Desc").getValue(3, 1), 0): Text 'https://i1.wp.com/www.99.co/blog/indonesia/wp-content/uploads/2022/07/Luffy-Gear-5.jpg
' has been set to element 'Object Repository/cicle.staging/Blast/Description/Desc-URL2Field'

2022-10-29 15:32:13 - [MESSAGE][WARNING] - Timeout '0' is invalid. Using default page load timeout: '30'

2022-10-29 15:32:13 - [MESSAGE][PASSED] - Text 'https://i1.wp.com/www.99.co/blog/indonesia/wp-content/uploads/2022/07/Luffy-Gear-5.jpg
' has been set to element 'Object Repository/cicle.staging/Blast/Description/Desc-URL2Field'

2022-10-29 15:32:13 - [TEST_STEP][PASSED] - tap(findTestObject("Object Repository/cicle.staging/Blast/Description/Desc-InsertLinkOKButton"), 0): Tapped on element 'Object Repository/cicle.staging/Blast/Description/Desc-InsertLinkOKButton'

2022-10-29 15:32:13 - [MESSAGE][WARNING] - Timeout '0' is invalid. Using default page load timeout: '30'

2022-10-29 15:32:14 - [MESSAGE][PASSED] - Tapped on element 'Object Repository/cicle.staging/Blast/Description/Desc-InsertLinkOKButton']]></system-out>
         <system-err><![CDATA[]]></system-err>
      </testcase>
      <testcase name="Test Cases/Blast/TC_Blast_CS-28" time="25.956" classname="Test Cases/Blast/TC_Blast_CS-28" status="PASSED">
         <system-out><![CDATA[2022-10-29 15:32:14 - [TEST_CASE][PASSED] - Test Cases/Blast/TC_Blast_CS-28: Test Cases/Blast/TC_Blast_CS-28

2022-10-29 15:32:14 - [TEST_STEP][PASSED] - callTestCase(findTestCase("Sign in/TC_Sign in_CS-40"), [:], STOP_ON_FAILURE): Call Test Case 'Test Cases/Sign in/TC_Sign in_CS-40' successfully

2022-10-29 15:32:14 - [TEST_CASE][PASSED] - Test Cases/Sign in/TC_Sign in_CS-40: Test Cases/Sign in/TC_Sign in_CS-40

2022-10-29 15:32:14 - [TEST_STEP][PASSED] - startApplication("/Users/sandikurnia/Downloads/apk-staging-for-iqbal.apk", false): Started app at: '/Users/sandikurnia/Downloads/apk-staging-for-iqbal.apk'

2022-10-29 15:32:19 - [MESSAGE][PASSED] - Started app at: '/Users/sandikurnia/Downloads/apk-staging-for-iqbal.apk'

2022-10-29 15:32:19 - [TEST_STEP][PASSED] - tap(findTestObject("cicle.staging/Startup/YesButtonWhenOpenitApp"), 2, OPTIONAL): Object Object Repository/cicle.staging/Startup/YesButtonWhenOpenitApp not found

2022-10-29 15:32:22 - [MESSAGE][WARNING] - Object Object Repository/cicle.staging/Startup/YesButtonWhenOpenitApp not found

2022-10-29 15:32:22 - [TEST_STEP][PASSED] - tap(findTestObject("cicle.staging/Startup/SkipButtonWhenOpenitApp"), 2, OPTIONAL): Object Object Repository/cicle.staging/Startup/SkipButtonWhenOpenitApp not found

2022-10-29 15:32:24 - [MESSAGE][WARNING] - Object Object Repository/cicle.staging/Startup/SkipButtonWhenOpenitApp not found

2022-10-29 15:32:24 - [TEST_STEP][PASSED] - tap(findTestObject("cicle.staging/Startup/GotoSignInButton"), 2, OPTIONAL): Object Object Repository/cicle.staging/Startup/GotoSignInButton not found

2022-10-29 15:32:26 - [MESSAGE][WARNING] - Object Object Repository/cicle.staging/Startup/GotoSignInButton not found

2022-10-29 15:32:26 - [TEST_STEP][PASSED] - tap(findTestObject("cicle.staging/Startup/SignInwithGoogleAccount"), 2, OPTIONAL): Object Object Repository/cicle.staging/Startup/SignInwithGoogleAccount not found

2022-10-29 15:32:28 - [MESSAGE][WARNING] - Object Object Repository/cicle.staging/Startup/SignInwithGoogleAccount not found

2022-10-29 15:32:28 - [TEST_STEP][PASSED] - tap(findTestObject("cicle.staging/Startup/LayoutLoginwithMyAccount"), 2, OPTIONAL): Object Object Repository/cicle.staging/Startup/LayoutLoginwithMyAccount not found

2022-10-29 15:32:31 - [MESSAGE][WARNING] - Object Object Repository/cicle.staging/Startup/LayoutLoginwithMyAccount not found

2022-10-29 15:32:31 - [TEST_STEP][PASSED] - tap(findTestObject("cicle.staging/Startup/ChooseCompanyonYourListafterSignIn"), 2, OPTIONAL): Tapped on element 'Object Repository/cicle.staging/Startup/ChooseCompanyonYourListafterSignIn'

2022-10-29 15:32:31 - [MESSAGE][PASSED] - Tapped on element 'Object Repository/cicle.staging/Startup/ChooseCompanyonYourListafterSignIn'

2022-10-29 15:32:31 - [TEST_STEP][PASSED] - tap(findTestObject("cicle.staging/SekolahQAHeadQuarter/HeadquarterSekolahQA-MainPage"), 2, OPTIONAL): Tapped on element 'Object Repository/cicle.staging/SekolahQAHeadQuarter/HeadquarterSekolahQA-MainPage'

2022-10-29 15:32:32 - [MESSAGE][PASSED] - Tapped on element 'Object Repository/cicle.staging/SekolahQAHeadQuarter/HeadquarterSekolahQA-MainPage'

2022-10-29 15:32:32 - [MESSAGE][PASSED] - Call Test Case 'Test Cases/Sign in/TC_Sign in_CS-40' successfully

2022-10-29 15:32:32 - [TEST_STEP][PASSED] - tap(findTestObject("cicle.staging/Blast/Menu/BlastMenu"), 0): Tapped on element 'Object Repository/cicle.staging/Blast/Menu/BlastMenu'

2022-10-29 15:32:32 - [MESSAGE][WARNING] - Timeout '0' is invalid. Using default page load timeout: '30'

2022-10-29 15:32:33 - [MESSAGE][PASSED] - Tapped on element 'Object Repository/cicle.staging/Blast/Menu/BlastMenu'

2022-10-29 15:32:33 - [TEST_STEP][PASSED] - tap(findTestObject("Object Repository/cicle.staging/Blast/Description/Desc-AddButtonOntheBottomRightSide"), 0): Tapped on element 'Object Repository/cicle.staging/Blast/Description/Desc-AddButtonOntheBottomRightSide'

2022-10-29 15:32:33 - [MESSAGE][WARNING] - Timeout '0' is invalid. Using default page load timeout: '30'

2022-10-29 15:32:35 - [MESSAGE][PASSED] - Tapped on element 'Object Repository/cicle.staging/Blast/Description/Desc-AddButtonOntheBottomRightSide'

2022-10-29 15:32:35 - [TEST_STEP][PASSED] - tap(findTestObject("Object Repository/cicle.staging/Blast/Description/Desc-TypeATitleField"), 0): Tapped on element 'Object Repository/cicle.staging/Blast/Description/Desc-TypeATitleField'

2022-10-29 15:32:35 - [MESSAGE][WARNING] - Timeout '0' is invalid. Using default page load timeout: '30'

2022-10-29 15:32:35 - [MESSAGE][PASSED] - Tapped on element 'Object Repository/cicle.staging/Blast/Description/Desc-TypeATitleField'

2022-10-29 15:32:35 - [TEST_STEP][PASSED] - setText(findTestObject("cicle.staging/Blast/Description/Desc-TypeATitleField"), findTestData("Blast/Desc/Desc").getValue(1, 1), 0): Text 'One Piece' has been set to element 'Object Repository/cicle.staging/Blast/Description/Desc-TypeATitleField'

2022-10-29 15:32:35 - [MESSAGE][WARNING] - Timeout '0' is invalid. Using default page load timeout: '30'

2022-10-29 15:32:36 - [MESSAGE][PASSED] - Text 'One Piece' has been set to element 'Object Repository/cicle.staging/Blast/Description/Desc-TypeATitleField'

2022-10-29 15:32:36 - [TEST_STEP][PASSED] - tap(findTestObject("Object Repository/cicle.staging/Blast/Description/Desc-InsertLinkToolBar"), 0): Tapped on element 'Object Repository/cicle.staging/Blast/Description/Desc-InsertLinkToolBar'

2022-10-29 15:32:36 - [MESSAGE][WARNING] - Timeout '0' is invalid. Using default page load timeout: '30'

2022-10-29 15:32:37 - [MESSAGE][PASSED] - Tapped on element 'Object Repository/cicle.staging/Blast/Description/Desc-InsertLinkToolBar'

2022-10-29 15:32:37 - [TEST_STEP][PASSED] - tap(findTestObject("Object Repository/cicle.staging/Blast/Description/Desc-TextToDisplay1Field"), 0): Tapped on element 'Object Repository/cicle.staging/Blast/Description/Desc-TextToDisplay1Field'

2022-10-29 15:32:37 - [MESSAGE][WARNING] - Timeout '0' is invalid. Using default page load timeout: '30'

2022-10-29 15:32:38 - [MESSAGE][PASSED] - Tapped on element 'Object Repository/cicle.staging/Blast/Description/Desc-TextToDisplay1Field'

2022-10-29 15:32:38 - [TEST_STEP][PASSED] - tap(findTestObject("Object Repository/cicle.staging/Blast/Description/Desc-TextToDisplay2Field"), 0): Tapped on element 'Object Repository/cicle.staging/Blast/Description/Desc-TextToDisplay2Field'

2022-10-29 15:32:38 - [MESSAGE][WARNING] - Timeout '0' is invalid. Using default page load timeout: '30'

2022-10-29 15:32:38 - [MESSAGE][PASSED] - Tapped on element 'Object Repository/cicle.staging/Blast/Description/Desc-TextToDisplay2Field'

2022-10-29 15:32:38 - [TEST_STEP][PASSED] - setText(findTestObject("cicle.staging/Blast/Description/Desc-TextToDisplay2Field"), findTestData("Blast/Desc/Desc").getValue(2, 3), 0): Text '' has been set to element 'Object Repository/cicle.staging/Blast/Description/Desc-TextToDisplay2Field'

2022-10-29 15:32:38 - [MESSAGE][WARNING] - Timeout '0' is invalid. Using default page load timeout: '30'

2022-10-29 15:32:38 - [MESSAGE][PASSED] - Text '' has been set to element 'Object Repository/cicle.staging/Blast/Description/Desc-TextToDisplay2Field'

2022-10-29 15:32:38 - [TEST_STEP][PASSED] - tap(findTestObject("Object Repository/cicle.staging/Blast/Description/Desc-URL1Field"), 0): Tapped on element 'Object Repository/cicle.staging/Blast/Description/Desc-URL1Field'

2022-10-29 15:32:38 - [MESSAGE][WARNING] - Timeout '0' is invalid. Using default page load timeout: '30'

2022-10-29 15:32:39 - [MESSAGE][PASSED] - Tapped on element 'Object Repository/cicle.staging/Blast/Description/Desc-URL1Field'

2022-10-29 15:32:39 - [TEST_STEP][PASSED] - tap(findTestObject("Object Repository/cicle.staging/Blast/Description/Desc-URL2Field"), 0): Tapped on element 'Object Repository/cicle.staging/Blast/Description/Desc-URL2Field'

2022-10-29 15:32:39 - [MESSAGE][WARNING] - Timeout '0' is invalid. Using default page load timeout: '30'

2022-10-29 15:32:39 - [MESSAGE][PASSED] - Tapped on element 'Object Repository/cicle.staging/Blast/Description/Desc-URL2Field'

2022-10-29 15:32:39 - [TEST_STEP][PASSED] - setText(findTestObject("cicle.staging/Blast/Description/Desc-URL2Field"), findTestData("Blast/Desc/Desc").getValue(3, 3), 0): Text '' has been set to element 'Object Repository/cicle.staging/Blast/Description/Desc-URL2Field'

2022-10-29 15:32:39 - [MESSAGE][WARNING] - Timeout '0' is invalid. Using default page load timeout: '30'

2022-10-29 15:32:39 - [MESSAGE][PASSED] - Text '' has been set to element 'Object Repository/cicle.staging/Blast/Description/Desc-URL2Field'

2022-10-29 15:32:39 - [TEST_STEP][PASSED] - tap(findTestObject("Object Repository/cicle.staging/Blast/Description/Desc-InsertLinkOKButton"), 0): Tapped on element 'Object Repository/cicle.staging/Blast/Description/Desc-InsertLinkOKButton'

2022-10-29 15:32:39 - [MESSAGE][WARNING] - Timeout '0' is invalid. Using default page load timeout: '30'

2022-10-29 15:32:40 - [MESSAGE][PASSED] - Tapped on element 'Object Repository/cicle.staging/Blast/Description/Desc-InsertLinkOKButton'

2022-10-29 15:32:40 - [TEST_STEP][PASSED] - verifyElementVisible(findTestObject("cicle.staging/Blast/Description/Desc-Assert-PleaseEntrtURL"), 0): Element 'Object Repository/cicle.staging/Blast/Description/Desc-Assert-PleaseEntrtURL' is visible

2022-10-29 15:32:40 - [MESSAGE][WARNING] - Timeout '0' is invalid. Using default page load timeout: '30'

2022-10-29 15:32:40 - [MESSAGE][PASSED] - Element 'Object Repository/cicle.staging/Blast/Description/Desc-Assert-PleaseEntrtURL' is visible]]></system-out>
         <system-err><![CDATA[]]></system-err>
      </testcase>
      <testcase name="Test Cases/Blast/TC_Blast_CS-29" time="53.5" classname="Test Cases/Blast/TC_Blast_CS-29" status="FAILED">
         <failure type="FAILED" message="Test Cases/Blast/TC_Blast_CS-29 FAILED.
Reason:
com.kms.katalon.core.exception.StepFailedException: Object Object Repository/cicle.staging/Blast/DueDate/Date-EnterDateField not found
	at com.kms.katalon.core.keyword.internal.KeywordMain.stepFailed(KeywordMain.groovy:50)
	at com.kms.katalon.core.mobile.keyword.internal.MobileKeywordMain.stepFailed(MobileKeywordMain.groovy:40)
	at com.kms.katalon.core.mobile.keyword.builtin.TapKeyword$_tap_closure1.doCall(TapKeyword.groovy:79)
	at com.kms.katalon.core.mobile.keyword.builtin.TapKeyword$_tap_closure1.call(TapKeyword.groovy)
	at com.kms.katalon.core.mobile.keyword.internal.MobileKeywordMain.runKeyword(MobileKeywordMain.groovy:21)
	at com.kms.katalon.core.mobile.keyword.builtin.TapKeyword.tap(TapKeyword.groovy:84)
	at com.kms.katalon.core.mobile.keyword.builtin.TapKeyword.execute(TapKeyword.groovy:68)
	at com.kms.katalon.core.keyword.internal.KeywordExecutor.executeKeywordForPlatform(KeywordExecutor.groovy:74)
	at com.kms.katalon.core.mobile.keyword.MobileBuiltInKeywords.tap(MobileBuiltInKeywords.groovy:1490)
	at com.kms.katalon.core.mobile.keyword.MobileBuiltInKeywords$tap$1.call(Unknown Source)
	at TC_Blast_CS-29.run(TC_Blast_CS-29:30)
	at com.kms.katalon.core.main.ScriptEngine.run(ScriptEngine.java:194)
	at com.kms.katalon.core.main.ScriptEngine.runScriptAsRawText(ScriptEngine.java:119)
	at com.kms.katalon.core.main.TestCaseExecutor.runScript(TestCaseExecutor.java:448)
	at com.kms.katalon.core.main.TestCaseExecutor.doExecute(TestCaseExecutor.java:439)
	at com.kms.katalon.core.main.TestCaseExecutor.processExecutionPhase(TestCaseExecutor.java:418)
	at com.kms.katalon.core.main.TestCaseExecutor.accessMainPhase(TestCaseExecutor.java:410)
	at com.kms.katalon.core.main.TestCaseExecutor.execute(TestCaseExecutor.java:285)
	at com.kms.katalon.core.common.CommonExecutor.accessTestCaseMainPhase(CommonExecutor.java:65)
	at com.kms.katalon.core.main.TestSuiteExecutor.accessTestSuiteMainPhase(TestSuiteExecutor.java:144)
	at com.kms.katalon.core.main.TestSuiteExecutor.execute(TestSuiteExecutor.java:106)
	at com.kms.katalon.core.main.TestCaseMain.startTestSuite(TestCaseMain.java:185)
	at com.kms.katalon.core.main.TestCaseMain$startTestSuite$0.call(Unknown Source)
	at TempTestSuite1667032202730.run(TempTestSuite1667032202730.groovy:36)
"/>
         <system-out><![CDATA[2022-10-29 15:32:40 - [TEST_CASE][FAILED] - Test Cases/Blast/TC_Blast_CS-29: Test Cases/Blast/TC_Blast_CS-29 FAILED.
Reason:
com.kms.katalon.core.exception.StepFailedException: Object Object Repository/cicle.staging/Blast/DueDate/Date-EnterDateField not found
	at com.kms.katalon.core.keyword.internal.KeywordMain.stepFailed(KeywordMain.groovy:50)
	at com.kms.katalon.core.mobile.keyword.internal.MobileKeywordMain.stepFailed(MobileKeywordMain.groovy:40)
	at com.kms.katalon.core.mobile.keyword.builtin.TapKeyword$_tap_closure1.doCall(TapKeyword.groovy:79)
	at com.kms.katalon.core.mobile.keyword.builtin.TapKeyword$_tap_closure1.call(TapKeyword.groovy)
	at com.kms.katalon.core.mobile.keyword.internal.MobileKeywordMain.runKeyword(MobileKeywordMain.groovy:21)
	at com.kms.katalon.core.mobile.keyword.builtin.TapKeyword.tap(TapKeyword.groovy:84)
	at com.kms.katalon.core.mobile.keyword.builtin.TapKeyword.execute(TapKeyword.groovy:68)
	at com.kms.katalon.core.keyword.internal.KeywordExecutor.executeKeywordForPlatform(KeywordExecutor.groovy:74)
	at com.kms.katalon.core.mobile.keyword.MobileBuiltInKeywords.tap(MobileBuiltInKeywords.groovy:1490)
	at com.kms.katalon.core.mobile.keyword.MobileBuiltInKeywords$tap$1.call(Unknown Source)
	at TC_Blast_CS-29.run(TC_Blast_CS-29:30)
	at com.kms.katalon.core.main.ScriptEngine.run(ScriptEngine.java:194)
	at com.kms.katalon.core.main.ScriptEngine.runScriptAsRawText(ScriptEngine.java:119)
	at com.kms.katalon.core.main.TestCaseExecutor.runScript(TestCaseExecutor.java:448)
	at com.kms.katalon.core.main.TestCaseExecutor.doExecute(TestCaseExecutor.java:439)
	at com.kms.katalon.core.main.TestCaseExecutor.processExecutionPhase(TestCaseExecutor.java:418)
	at com.kms.katalon.core.main.TestCaseExecutor.accessMainPhase(TestCaseExecutor.java:410)
	at com.kms.katalon.core.main.TestCaseExecutor.execute(TestCaseExecutor.java:285)
	at com.kms.katalon.core.common.CommonExecutor.accessTestCaseMainPhase(CommonExecutor.java:65)
	at com.kms.katalon.core.main.TestSuiteExecutor.accessTestSuiteMainPhase(TestSuiteExecutor.java:144)
	at com.kms.katalon.core.main.TestSuiteExecutor.execute(TestSuiteExecutor.java:106)
	at com.kms.katalon.core.main.TestCaseMain.startTestSuite(TestCaseMain.java:185)
	at com.kms.katalon.core.main.TestCaseMain$startTestSuite$0.call(Unknown Source)
	at TempTestSuite1667032202730.run(TempTestSuite1667032202730.groovy:36)


2022-10-29 15:32:40 - [TEST_STEP][PASSED] - callTestCase(findTestCase("Sign in/TC_Sign in_CS-40"), [:], STOP_ON_FAILURE): Call Test Case 'Test Cases/Sign in/TC_Sign in_CS-40' successfully

2022-10-29 15:32:40 - [TEST_CASE][PASSED] - Test Cases/Sign in/TC_Sign in_CS-40: Test Cases/Sign in/TC_Sign in_CS-40

2022-10-29 15:32:40 - [TEST_STEP][PASSED] - startApplication("/Users/sandikurnia/Downloads/apk-staging-for-iqbal.apk", false): Started app at: '/Users/sandikurnia/Downloads/apk-staging-for-iqbal.apk'

2022-10-29 15:32:46 - [MESSAGE][PASSED] - Started app at: '/Users/sandikurnia/Downloads/apk-staging-for-iqbal.apk'

2022-10-29 15:32:46 - [TEST_STEP][PASSED] - tap(findTestObject("cicle.staging/Startup/YesButtonWhenOpenitApp"), 2, OPTIONAL): Object Object Repository/cicle.staging/Startup/YesButtonWhenOpenitApp not found

2022-10-29 15:32:48 - [MESSAGE][WARNING] - Object Object Repository/cicle.staging/Startup/YesButtonWhenOpenitApp not found

2022-10-29 15:32:48 - [TEST_STEP][PASSED] - tap(findTestObject("cicle.staging/Startup/SkipButtonWhenOpenitApp"), 2, OPTIONAL): Object Object Repository/cicle.staging/Startup/SkipButtonWhenOpenitApp not found

2022-10-29 15:32:50 - [MESSAGE][WARNING] - Object Object Repository/cicle.staging/Startup/SkipButtonWhenOpenitApp not found

2022-10-29 15:32:50 - [TEST_STEP][PASSED] - tap(findTestObject("cicle.staging/Startup/GotoSignInButton"), 2, OPTIONAL): Object Object Repository/cicle.staging/Startup/GotoSignInButton not found

2022-10-29 15:32:52 - [MESSAGE][WARNING] - Object Object Repository/cicle.staging/Startup/GotoSignInButton not found

2022-10-29 15:32:52 - [TEST_STEP][PASSED] - tap(findTestObject("cicle.staging/Startup/SignInwithGoogleAccount"), 2, OPTIONAL): Object Object Repository/cicle.staging/Startup/SignInwithGoogleAccount not found

2022-10-29 15:32:54 - [MESSAGE][WARNING] - Object Object Repository/cicle.staging/Startup/SignInwithGoogleAccount not found

2022-10-29 15:32:54 - [TEST_STEP][PASSED] - tap(findTestObject("cicle.staging/Startup/LayoutLoginwithMyAccount"), 2, OPTIONAL): Object Object Repository/cicle.staging/Startup/LayoutLoginwithMyAccount not found

2022-10-29 15:32:56 - [MESSAGE][WARNING] - Object Object Repository/cicle.staging/Startup/LayoutLoginwithMyAccount not found

2022-10-29 15:32:56 - [TEST_STEP][PASSED] - tap(findTestObject("cicle.staging/Startup/ChooseCompanyonYourListafterSignIn"), 2, OPTIONAL): Tapped on element 'Object Repository/cicle.staging/Startup/ChooseCompanyonYourListafterSignIn'

2022-10-29 15:32:57 - [MESSAGE][PASSED] - Tapped on element 'Object Repository/cicle.staging/Startup/ChooseCompanyonYourListafterSignIn'

2022-10-29 15:32:57 - [TEST_STEP][PASSED] - tap(findTestObject("cicle.staging/SekolahQAHeadQuarter/HeadquarterSekolahQA-MainPage"), 2, OPTIONAL): Tapped on element 'Object Repository/cicle.staging/SekolahQAHeadQuarter/HeadquarterSekolahQA-MainPage'

2022-10-29 15:32:58 - [MESSAGE][PASSED] - Tapped on element 'Object Repository/cicle.staging/SekolahQAHeadQuarter/HeadquarterSekolahQA-MainPage'

2022-10-29 15:32:58 - [MESSAGE][PASSED] - Call Test Case 'Test Cases/Sign in/TC_Sign in_CS-40' successfully

2022-10-29 15:32:58 - [TEST_STEP][PASSED] - tap(findTestObject("cicle.staging/Blast/Menu/BlastMenu"), 0): Tapped on element 'Object Repository/cicle.staging/Blast/Menu/BlastMenu'

2022-10-29 15:32:58 - [MESSAGE][WARNING] - Timeout '0' is invalid. Using default page load timeout: '30'

2022-10-29 15:32:59 - [MESSAGE][PASSED] - Tapped on element 'Object Repository/cicle.staging/Blast/Menu/BlastMenu'

2022-10-29 15:32:59 - [TEST_STEP][PASSED] - tap(findTestObject("cicle.staging/Blast/DueDate/Date-AddButtonOntheBottomRightSide"), 0): Tapped on element 'Object Repository/cicle.staging/Blast/DueDate/Date-AddButtonOntheBottomRightSide'

2022-10-29 15:32:59 - [MESSAGE][WARNING] - Timeout '0' is invalid. Using default page load timeout: '30'

2022-10-29 15:33:00 - [MESSAGE][PASSED] - Tapped on element 'Object Repository/cicle.staging/Blast/DueDate/Date-AddButtonOntheBottomRightSide'

2022-10-29 15:33:00 - [TEST_STEP][PASSED] - tap(findTestObject("cicle.staging/Blast/DueDate/Date-DueDate1"), 0): Tapped on element 'Object Repository/cicle.staging/Blast/DueDate/Date-DueDate1'

2022-10-29 15:33:00 - [MESSAGE][WARNING] - Timeout '0' is invalid. Using default page load timeout: '30'

2022-10-29 15:33:02 - [MESSAGE][PASSED] - Tapped on element 'Object Repository/cicle.staging/Blast/DueDate/Date-DueDate1'

2022-10-29 15:33:02 - [TEST_STEP][PASSED] - tap(findTestObject("cicle.staging/Blast/DueDate/Date-SwitchToInputButton"), 0): Tapped on element 'Object Repository/cicle.staging/Blast/DueDate/Date-SwitchToInputButton'

2022-10-29 15:33:02 - [MESSAGE][WARNING] - Timeout '0' is invalid. Using default page load timeout: '30'

2022-10-29 15:33:03 - [MESSAGE][PASSED] - Tapped on element 'Object Repository/cicle.staging/Blast/DueDate/Date-SwitchToInputButton'

2022-10-29 15:33:03 - [TEST_STEP][FAILED] - tap(findTestObject("cicle.staging/Blast/DueDate/Date-EnterDateField"), 0): Failed to tap on element 'Object Repository/cicle.staging/Blast/DueDate/Date-EnterDateField' (Root cause: com.kms.katalon.core.exception.StepFailedException: Object Object Repository/cicle.staging/Blast/DueDate/Date-EnterDateField not found
	at com.kms.katalon.core.keyword.internal.KeywordMain.stepFailed(KeywordMain.groovy:50)
	at com.kms.katalon.core.mobile.keyword.internal.MobileKeywordMain.stepFailed(MobileKeywordMain.groovy:40)
	at com.kms.katalon.core.mobile.keyword.builtin.TapKeyword$_tap_closure1.doCall(TapKeyword.groovy:79)
	at com.kms.katalon.core.mobile.keyword.builtin.TapKeyword$_tap_closure1.call(TapKeyword.groovy)
	at com.kms.katalon.core.mobile.keyword.internal.MobileKeywordMain.runKeyword(MobileKeywordMain.groovy:21)
	at com.kms.katalon.core.mobile.keyword.builtin.TapKeyword.tap(TapKeyword.groovy:84)
	at com.kms.katalon.core.mobile.keyword.builtin.TapKeyword.execute(TapKeyword.groovy:68)
	at com.kms.katalon.core.keyword.internal.KeywordExecutor.executeKeywordForPlatform(KeywordExecutor.groovy:74)
	at com.kms.katalon.core.mobile.keyword.MobileBuiltInKeywords.tap(MobileBuiltInKeywords.groovy:1490)
	at com.kms.katalon.core.mobile.keyword.MobileBuiltInKeywords$tap$1.call(Unknown Source)
	at TC_Blast_CS-29.run(TC_Blast_CS-29:30)
	at com.kms.katalon.core.main.ScriptEngine.run(ScriptEngine.java:194)
	at com.kms.katalon.core.main.ScriptEngine.runScriptAsRawText(ScriptEngine.java:119)
	at com.kms.katalon.core.main.TestCaseExecutor.runScript(TestCaseExecutor.java:448)
	at com.kms.katalon.core.main.TestCaseExecutor.doExecute(TestCaseExecutor.java:439)
	at com.kms.katalon.core.main.TestCaseExecutor.processExecutionPhase(TestCaseExecutor.java:418)
	at com.kms.katalon.core.main.TestCaseExecutor.accessMainPhase(TestCaseExecutor.java:410)
	at com.kms.katalon.core.main.TestCaseExecutor.execute(TestCaseExecutor.java:285)
	at com.kms.katalon.core.common.CommonExecutor.accessTestCaseMainPhase(CommonExecutor.java:65)
	at com.kms.katalon.core.main.TestSuiteExecutor.accessTestSuiteMainPhase(TestSuiteExecutor.java:144)
	at com.kms.katalon.core.main.TestSuiteExecutor.execute(TestSuiteExecutor.java:106)
	at com.kms.katalon.core.main.TestCaseMain.startTestSuite(TestCaseMain.java:185)
	at com.kms.katalon.core.main.TestCaseMain$startTestSuite$0.call(Unknown Source)
	at TempTestSuite1667032202730.run(TempTestSuite1667032202730.groovy:36)
)

2022-10-29 15:33:03 - [MESSAGE][WARNING] - Timeout '0' is invalid. Using default page load timeout: '30'

2022-10-29 15:33:33 - [MESSAGE][FAILED] - Object Object Repository/cicle.staging/Blast/DueDate/Date-EnterDateField not found

2022-10-29 15:33:34 - [MESSAGE][FAILED] - Failed to tap on element 'Object Repository/cicle.staging/Blast/DueDate/Date-EnterDateField' (Root cause: com.kms.katalon.core.exception.StepFailedException: Object Object Repository/cicle.staging/Blast/DueDate/Date-EnterDateField not found
	at com.kms.katalon.core.keyword.internal.KeywordMain.stepFailed(KeywordMain.groovy:50)
	at com.kms.katalon.core.mobile.keyword.internal.MobileKeywordMain.stepFailed(MobileKeywordMain.groovy:40)
	at com.kms.katalon.core.mobile.keyword.builtin.TapKeyword$_tap_closure1.doCall(TapKeyword.groovy:79)
	at com.kms.katalon.core.mobile.keyword.builtin.TapKeyword$_tap_closure1.call(TapKeyword.groovy)
	at com.kms.katalon.core.mobile.keyword.internal.MobileKeywordMain.runKeyword(MobileKeywordMain.groovy:21)
	at com.kms.katalon.core.mobile.keyword.builtin.TapKeyword.tap(TapKeyword.groovy:84)
	at com.kms.katalon.core.mobile.keyword.builtin.TapKeyword.execute(TapKeyword.groovy:68)
	at com.kms.katalon.core.keyword.internal.KeywordExecutor.executeKeywordForPlatform(KeywordExecutor.groovy:74)
	at com.kms.katalon.core.mobile.keyword.MobileBuiltInKeywords.tap(MobileBuiltInKeywords.groovy:1490)
	at com.kms.katalon.core.mobile.keyword.MobileBuiltInKeywords$tap$1.call(Unknown Source)
	at TC_Blast_CS-29.run(TC_Blast_CS-29:30)
	at com.kms.katalon.core.main.ScriptEngine.run(ScriptEngine.java:194)
	at com.kms.katalon.core.main.ScriptEngine.runScriptAsRawText(ScriptEngine.java:119)
	at com.kms.katalon.core.main.TestCaseExecutor.runScript(TestCaseExecutor.java:448)
	at com.kms.katalon.core.main.TestCaseExecutor.doExecute(TestCaseExecutor.java:439)
	at com.kms.katalon.core.main.TestCaseExecutor.processExecutionPhase(TestCaseExecutor.java:418)
	at com.kms.katalon.core.main.TestCaseExecutor.accessMainPhase(TestCaseExecutor.java:410)
	at com.kms.katalon.core.main.TestCaseExecutor.execute(TestCaseExecutor.java:285)
	at com.kms.katalon.core.common.CommonExecutor.accessTestCaseMainPhase(CommonExecutor.java:65)
	at com.kms.katalon.core.main.TestSuiteExecutor.accessTestSuiteMainPhase(TestSuiteExecutor.java:144)
	at com.kms.katalon.core.main.TestSuiteExecutor.execute(TestSuiteExecutor.java:106)
	at com.kms.katalon.core.main.TestCaseMain.startTestSuite(TestCaseMain.java:185)
	at com.kms.katalon.core.main.TestCaseMain$startTestSuite$0.call(Unknown Source)
	at TempTestSuite1667032202730.run(TempTestSuite1667032202730.groovy:36)
)
[[ATTACHMENT|/Users/sandikurnia/Katalon Studio/smallProject/Reports/20221029_153002/Cicle Staging Mobile App/Blast/Cicle Staging Mobile App - Blast/20221029_153002/1667032413762.png]]]]></system-out>
         <system-err><![CDATA[2022-10-29 15:32:40 - [TEST_CASE][FAILED] - Test Cases/Blast/TC_Blast_CS-29: Test Cases/Blast/TC_Blast_CS-29 FAILED.
Reason:
com.kms.katalon.core.exception.StepFailedException: Object Object Repository/cicle.staging/Blast/DueDate/Date-EnterDateField not found
	at com.kms.katalon.core.keyword.internal.KeywordMain.stepFailed(KeywordMain.groovy:50)
	at com.kms.katalon.core.mobile.keyword.internal.MobileKeywordMain.stepFailed(MobileKeywordMain.groovy:40)
	at com.kms.katalon.core.mobile.keyword.builtin.TapKeyword$_tap_closure1.doCall(TapKeyword.groovy:79)
	at com.kms.katalon.core.mobile.keyword.builtin.TapKeyword$_tap_closure1.call(TapKeyword.groovy)
	at com.kms.katalon.core.mobile.keyword.internal.MobileKeywordMain.runKeyword(MobileKeywordMain.groovy:21)
	at com.kms.katalon.core.mobile.keyword.builtin.TapKeyword.tap(TapKeyword.groovy:84)
	at com.kms.katalon.core.mobile.keyword.builtin.TapKeyword.execute(TapKeyword.groovy:68)
	at com.kms.katalon.core.keyword.internal.KeywordExecutor.executeKeywordForPlatform(KeywordExecutor.groovy:74)
	at com.kms.katalon.core.mobile.keyword.MobileBuiltInKeywords.tap(MobileBuiltInKeywords.groovy:1490)
	at com.kms.katalon.core.mobile.keyword.MobileBuiltInKeywords$tap$1.call(Unknown Source)
	at TC_Blast_CS-29.run(TC_Blast_CS-29:30)
	at com.kms.katalon.core.main.ScriptEngine.run(ScriptEngine.java:194)
	at com.kms.katalon.core.main.ScriptEngine.runScriptAsRawText(ScriptEngine.java:119)
	at com.kms.katalon.core.main.TestCaseExecutor.runScript(TestCaseExecutor.java:448)
	at com.kms.katalon.core.main.TestCaseExecutor.doExecute(TestCaseExecutor.java:439)
	at com.kms.katalon.core.main.TestCaseExecutor.processExecutionPhase(TestCaseExecutor.java:418)
	at com.kms.katalon.core.main.TestCaseExecutor.accessMainPhase(TestCaseExecutor.java:410)
	at com.kms.katalon.core.main.TestCaseExecutor.execute(TestCaseExecutor.java:285)
	at com.kms.katalon.core.common.CommonExecutor.accessTestCaseMainPhase(CommonExecutor.java:65)
	at com.kms.katalon.core.main.TestSuiteExecutor.accessTestSuiteMainPhase(TestSuiteExecutor.java:144)
	at com.kms.katalon.core.main.TestSuiteExecutor.execute(TestSuiteExecutor.java:106)
	at com.kms.katalon.core.main.TestCaseMain.startTestSuite(TestCaseMain.java:185)
	at com.kms.katalon.core.main.TestCaseMain$startTestSuite$0.call(Unknown Source)
	at TempTestSuite1667032202730.run(TempTestSuite1667032202730.groovy:36)]]></system-err>
      </testcase>
      <testcase name="Test Cases/Blast/TC_Blast_CS-30" time="53.076" classname="Test Cases/Blast/TC_Blast_CS-30" status="FAILED">
         <failure type="FAILED" message="Test Cases/Blast/TC_Blast_CS-30 FAILED.
Reason:
com.kms.katalon.core.exception.StepFailedException: Object Object Repository/cicle.staging/Blast/DueDate/Date-EnterDateField not found
	at com.kms.katalon.core.keyword.internal.KeywordMain.stepFailed(KeywordMain.groovy:50)
	at com.kms.katalon.core.mobile.keyword.internal.MobileKeywordMain.stepFailed(MobileKeywordMain.groovy:40)
	at com.kms.katalon.core.mobile.keyword.builtin.TapKeyword$_tap_closure1.doCall(TapKeyword.groovy:79)
	at com.kms.katalon.core.mobile.keyword.builtin.TapKeyword$_tap_closure1.call(TapKeyword.groovy)
	at com.kms.katalon.core.mobile.keyword.internal.MobileKeywordMain.runKeyword(MobileKeywordMain.groovy:21)
	at com.kms.katalon.core.mobile.keyword.builtin.TapKeyword.tap(TapKeyword.groovy:84)
	at com.kms.katalon.core.mobile.keyword.builtin.TapKeyword.execute(TapKeyword.groovy:68)
	at com.kms.katalon.core.keyword.internal.KeywordExecutor.executeKeywordForPlatform(KeywordExecutor.groovy:74)
	at com.kms.katalon.core.mobile.keyword.MobileBuiltInKeywords.tap(MobileBuiltInKeywords.groovy:1490)
	at com.kms.katalon.core.mobile.keyword.MobileBuiltInKeywords$tap$1.call(Unknown Source)
	at TC_Blast_CS-30.run(TC_Blast_CS-30:30)
	at com.kms.katalon.core.main.ScriptEngine.run(ScriptEngine.java:194)
	at com.kms.katalon.core.main.ScriptEngine.runScriptAsRawText(ScriptEngine.java:119)
	at com.kms.katalon.core.main.TestCaseExecutor.runScript(TestCaseExecutor.java:448)
	at com.kms.katalon.core.main.TestCaseExecutor.doExecute(TestCaseExecutor.java:439)
	at com.kms.katalon.core.main.TestCaseExecutor.processExecutionPhase(TestCaseExecutor.java:418)
	at com.kms.katalon.core.main.TestCaseExecutor.accessMainPhase(TestCaseExecutor.java:410)
	at com.kms.katalon.core.main.TestCaseExecutor.execute(TestCaseExecutor.java:285)
	at com.kms.katalon.core.common.CommonExecutor.accessTestCaseMainPhase(CommonExecutor.java:65)
	at com.kms.katalon.core.main.TestSuiteExecutor.accessTestSuiteMainPhase(TestSuiteExecutor.java:144)
	at com.kms.katalon.core.main.TestSuiteExecutor.execute(TestSuiteExecutor.java:106)
	at com.kms.katalon.core.main.TestCaseMain.startTestSuite(TestCaseMain.java:185)
	at com.kms.katalon.core.main.TestCaseMain$startTestSuite$0.call(Unknown Source)
	at TempTestSuite1667032202730.run(TempTestSuite1667032202730.groovy:36)
"/>
         <system-out><![CDATA[2022-10-29 15:33:34 - [TEST_CASE][FAILED] - Test Cases/Blast/TC_Blast_CS-30: Test Cases/Blast/TC_Blast_CS-30 FAILED.
Reason:
com.kms.katalon.core.exception.StepFailedException: Object Object Repository/cicle.staging/Blast/DueDate/Date-EnterDateField not found
	at com.kms.katalon.core.keyword.internal.KeywordMain.stepFailed(KeywordMain.groovy:50)
	at com.kms.katalon.core.mobile.keyword.internal.MobileKeywordMain.stepFailed(MobileKeywordMain.groovy:40)
	at com.kms.katalon.core.mobile.keyword.builtin.TapKeyword$_tap_closure1.doCall(TapKeyword.groovy:79)
	at com.kms.katalon.core.mobile.keyword.builtin.TapKeyword$_tap_closure1.call(TapKeyword.groovy)
	at com.kms.katalon.core.mobile.keyword.internal.MobileKeywordMain.runKeyword(MobileKeywordMain.groovy:21)
	at com.kms.katalon.core.mobile.keyword.builtin.TapKeyword.tap(TapKeyword.groovy:84)
	at com.kms.katalon.core.mobile.keyword.builtin.TapKeyword.execute(TapKeyword.groovy:68)
	at com.kms.katalon.core.keyword.internal.KeywordExecutor.executeKeywordForPlatform(KeywordExecutor.groovy:74)
	at com.kms.katalon.core.mobile.keyword.MobileBuiltInKeywords.tap(MobileBuiltInKeywords.groovy:1490)
	at com.kms.katalon.core.mobile.keyword.MobileBuiltInKeywords$tap$1.call(Unknown Source)
	at TC_Blast_CS-30.run(TC_Blast_CS-30:30)
	at com.kms.katalon.core.main.ScriptEngine.run(ScriptEngine.java:194)
	at com.kms.katalon.core.main.ScriptEngine.runScriptAsRawText(ScriptEngine.java:119)
	at com.kms.katalon.core.main.TestCaseExecutor.runScript(TestCaseExecutor.java:448)
	at com.kms.katalon.core.main.TestCaseExecutor.doExecute(TestCaseExecutor.java:439)
	at com.kms.katalon.core.main.TestCaseExecutor.processExecutionPhase(TestCaseExecutor.java:418)
	at com.kms.katalon.core.main.TestCaseExecutor.accessMainPhase(TestCaseExecutor.java:410)
	at com.kms.katalon.core.main.TestCaseExecutor.execute(TestCaseExecutor.java:285)
	at com.kms.katalon.core.common.CommonExecutor.accessTestCaseMainPhase(CommonExecutor.java:65)
	at com.kms.katalon.core.main.TestSuiteExecutor.accessTestSuiteMainPhase(TestSuiteExecutor.java:144)
	at com.kms.katalon.core.main.TestSuiteExecutor.execute(TestSuiteExecutor.java:106)
	at com.kms.katalon.core.main.TestCaseMain.startTestSuite(TestCaseMain.java:185)
	at com.kms.katalon.core.main.TestCaseMain$startTestSuite$0.call(Unknown Source)
	at TempTestSuite1667032202730.run(TempTestSuite1667032202730.groovy:36)


2022-10-29 15:33:34 - [TEST_STEP][PASSED] - callTestCase(findTestCase("Sign in/TC_Sign in_CS-40"), [:], STOP_ON_FAILURE): Call Test Case 'Test Cases/Sign in/TC_Sign in_CS-40' successfully

2022-10-29 15:33:34 - [TEST_CASE][PASSED] - Test Cases/Sign in/TC_Sign in_CS-40: Test Cases/Sign in/TC_Sign in_CS-40

2022-10-29 15:33:34 - [TEST_STEP][PASSED] - startApplication("/Users/sandikurnia/Downloads/apk-staging-for-iqbal.apk", false): Started app at: '/Users/sandikurnia/Downloads/apk-staging-for-iqbal.apk'

2022-10-29 15:33:39 - [MESSAGE][PASSED] - Started app at: '/Users/sandikurnia/Downloads/apk-staging-for-iqbal.apk'

2022-10-29 15:33:39 - [TEST_STEP][PASSED] - tap(findTestObject("cicle.staging/Startup/YesButtonWhenOpenitApp"), 2, OPTIONAL): Object Object Repository/cicle.staging/Startup/YesButtonWhenOpenitApp not found

2022-10-29 15:33:42 - [MESSAGE][WARNING] - Object Object Repository/cicle.staging/Startup/YesButtonWhenOpenitApp not found

2022-10-29 15:33:42 - [TEST_STEP][PASSED] - tap(findTestObject("cicle.staging/Startup/SkipButtonWhenOpenitApp"), 2, OPTIONAL): Object Object Repository/cicle.staging/Startup/SkipButtonWhenOpenitApp not found

2022-10-29 15:33:44 - [MESSAGE][WARNING] - Object Object Repository/cicle.staging/Startup/SkipButtonWhenOpenitApp not found

2022-10-29 15:33:44 - [TEST_STEP][PASSED] - tap(findTestObject("cicle.staging/Startup/GotoSignInButton"), 2, OPTIONAL): Object Object Repository/cicle.staging/Startup/GotoSignInButton not found

2022-10-29 15:33:46 - [MESSAGE][WARNING] - Object Object Repository/cicle.staging/Startup/GotoSignInButton not found

2022-10-29 15:33:46 - [TEST_STEP][PASSED] - tap(findTestObject("cicle.staging/Startup/SignInwithGoogleAccount"), 2, OPTIONAL): Object Object Repository/cicle.staging/Startup/SignInwithGoogleAccount not found

2022-10-29 15:33:48 - [MESSAGE][WARNING] - Object Object Repository/cicle.staging/Startup/SignInwithGoogleAccount not found

2022-10-29 15:33:48 - [TEST_STEP][PASSED] - tap(findTestObject("cicle.staging/Startup/LayoutLoginwithMyAccount"), 2, OPTIONAL): Object Object Repository/cicle.staging/Startup/LayoutLoginwithMyAccount not found

2022-10-29 15:33:50 - [MESSAGE][WARNING] - Object Object Repository/cicle.staging/Startup/LayoutLoginwithMyAccount not found

2022-10-29 15:33:50 - [TEST_STEP][PASSED] - tap(findTestObject("cicle.staging/Startup/ChooseCompanyonYourListafterSignIn"), 2, OPTIONAL): Tapped on element 'Object Repository/cicle.staging/Startup/ChooseCompanyonYourListafterSignIn'

2022-10-29 15:33:50 - [MESSAGE][PASSED] - Tapped on element 'Object Repository/cicle.staging/Startup/ChooseCompanyonYourListafterSignIn'

2022-10-29 15:33:50 - [TEST_STEP][PASSED] - tap(findTestObject("cicle.staging/SekolahQAHeadQuarter/HeadquarterSekolahQA-MainPage"), 2, OPTIONAL): Tapped on element 'Object Repository/cicle.staging/SekolahQAHeadQuarter/HeadquarterSekolahQA-MainPage'

2022-10-29 15:33:51 - [MESSAGE][PASSED] - Tapped on element 'Object Repository/cicle.staging/SekolahQAHeadQuarter/HeadquarterSekolahQA-MainPage'

2022-10-29 15:33:51 - [MESSAGE][PASSED] - Call Test Case 'Test Cases/Sign in/TC_Sign in_CS-40' successfully

2022-10-29 15:33:51 - [TEST_STEP][PASSED] - tap(findTestObject("cicle.staging/Blast/Menu/BlastMenu"), 0): Tapped on element 'Object Repository/cicle.staging/Blast/Menu/BlastMenu'

2022-10-29 15:33:52 - [MESSAGE][WARNING] - Timeout '0' is invalid. Using default page load timeout: '30'

2022-10-29 15:33:52 - [MESSAGE][PASSED] - Tapped on element 'Object Repository/cicle.staging/Blast/Menu/BlastMenu'

2022-10-29 15:33:52 - [TEST_STEP][PASSED] - tap(findTestObject("cicle.staging/Blast/DueDate/Date-AddButtonOntheBottomRightSide"), 0): Tapped on element 'Object Repository/cicle.staging/Blast/DueDate/Date-AddButtonOntheBottomRightSide'

2022-10-29 15:33:52 - [MESSAGE][WARNING] - Timeout '0' is invalid. Using default page load timeout: '30'

2022-10-29 15:33:53 - [MESSAGE][PASSED] - Tapped on element 'Object Repository/cicle.staging/Blast/DueDate/Date-AddButtonOntheBottomRightSide'

2022-10-29 15:33:53 - [TEST_STEP][PASSED] - tap(findTestObject("cicle.staging/Blast/DueDate/Date-DueDate1"), 0): Tapped on element 'Object Repository/cicle.staging/Blast/DueDate/Date-DueDate1'

2022-10-29 15:33:53 - [MESSAGE][WARNING] - Timeout '0' is invalid. Using default page load timeout: '30'

2022-10-29 15:33:55 - [MESSAGE][PASSED] - Tapped on element 'Object Repository/cicle.staging/Blast/DueDate/Date-DueDate1'

2022-10-29 15:33:55 - [TEST_STEP][PASSED] - tap(findTestObject("cicle.staging/Blast/DueDate/Date-SwitchToInputButton"), 0): Tapped on element 'Object Repository/cicle.staging/Blast/DueDate/Date-SwitchToInputButton'

2022-10-29 15:33:55 - [MESSAGE][WARNING] - Timeout '0' is invalid. Using default page load timeout: '30'

2022-10-29 15:33:56 - [MESSAGE][PASSED] - Tapped on element 'Object Repository/cicle.staging/Blast/DueDate/Date-SwitchToInputButton'

2022-10-29 15:33:56 - [TEST_STEP][FAILED] - tap(findTestObject("cicle.staging/Blast/DueDate/Date-EnterDateField"), 0): Failed to tap on element 'Object Repository/cicle.staging/Blast/DueDate/Date-EnterDateField' (Root cause: com.kms.katalon.core.exception.StepFailedException: Object Object Repository/cicle.staging/Blast/DueDate/Date-EnterDateField not found
	at com.kms.katalon.core.keyword.internal.KeywordMain.stepFailed(KeywordMain.groovy:50)
	at com.kms.katalon.core.mobile.keyword.internal.MobileKeywordMain.stepFailed(MobileKeywordMain.groovy:40)
	at com.kms.katalon.core.mobile.keyword.builtin.TapKeyword$_tap_closure1.doCall(TapKeyword.groovy:79)
	at com.kms.katalon.core.mobile.keyword.builtin.TapKeyword$_tap_closure1.call(TapKeyword.groovy)
	at com.kms.katalon.core.mobile.keyword.internal.MobileKeywordMain.runKeyword(MobileKeywordMain.groovy:21)
	at com.kms.katalon.core.mobile.keyword.builtin.TapKeyword.tap(TapKeyword.groovy:84)
	at com.kms.katalon.core.mobile.keyword.builtin.TapKeyword.execute(TapKeyword.groovy:68)
	at com.kms.katalon.core.keyword.internal.KeywordExecutor.executeKeywordForPlatform(KeywordExecutor.groovy:74)
	at com.kms.katalon.core.mobile.keyword.MobileBuiltInKeywords.tap(MobileBuiltInKeywords.groovy:1490)
	at com.kms.katalon.core.mobile.keyword.MobileBuiltInKeywords$tap$1.call(Unknown Source)
	at TC_Blast_CS-30.run(TC_Blast_CS-30:30)
	at com.kms.katalon.core.main.ScriptEngine.run(ScriptEngine.java:194)
	at com.kms.katalon.core.main.ScriptEngine.runScriptAsRawText(ScriptEngine.java:119)
	at com.kms.katalon.core.main.TestCaseExecutor.runScript(TestCaseExecutor.java:448)
	at com.kms.katalon.core.main.TestCaseExecutor.doExecute(TestCaseExecutor.java:439)
	at com.kms.katalon.core.main.TestCaseExecutor.processExecutionPhase(TestCaseExecutor.java:418)
	at com.kms.katalon.core.main.TestCaseExecutor.accessMainPhase(TestCaseExecutor.java:410)
	at com.kms.katalon.core.main.TestCaseExecutor.execute(TestCaseExecutor.java:285)
	at com.kms.katalon.core.common.CommonExecutor.accessTestCaseMainPhase(CommonExecutor.java:65)
	at com.kms.katalon.core.main.TestSuiteExecutor.accessTestSuiteMainPhase(TestSuiteExecutor.java:144)
	at com.kms.katalon.core.main.TestSuiteExecutor.execute(TestSuiteExecutor.java:106)
	at com.kms.katalon.core.main.TestCaseMain.startTestSuite(TestCaseMain.java:185)
	at com.kms.katalon.core.main.TestCaseMain$startTestSuite$0.call(Unknown Source)
	at TempTestSuite1667032202730.run(TempTestSuite1667032202730.groovy:36)
)

2022-10-29 15:33:56 - [MESSAGE][WARNING] - Timeout '0' is invalid. Using default page load timeout: '30'

2022-10-29 15:34:26 - [MESSAGE][FAILED] - Object Object Repository/cicle.staging/Blast/DueDate/Date-EnterDateField not found

2022-10-29 15:34:27 - [MESSAGE][FAILED] - Failed to tap on element 'Object Repository/cicle.staging/Blast/DueDate/Date-EnterDateField' (Root cause: com.kms.katalon.core.exception.StepFailedException: Object Object Repository/cicle.staging/Blast/DueDate/Date-EnterDateField not found
	at com.kms.katalon.core.keyword.internal.KeywordMain.stepFailed(KeywordMain.groovy:50)
	at com.kms.katalon.core.mobile.keyword.internal.MobileKeywordMain.stepFailed(MobileKeywordMain.groovy:40)
	at com.kms.katalon.core.mobile.keyword.builtin.TapKeyword$_tap_closure1.doCall(TapKeyword.groovy:79)
	at com.kms.katalon.core.mobile.keyword.builtin.TapKeyword$_tap_closure1.call(TapKeyword.groovy)
	at com.kms.katalon.core.mobile.keyword.internal.MobileKeywordMain.runKeyword(MobileKeywordMain.groovy:21)
	at com.kms.katalon.core.mobile.keyword.builtin.TapKeyword.tap(TapKeyword.groovy:84)
	at com.kms.katalon.core.mobile.keyword.builtin.TapKeyword.execute(TapKeyword.groovy:68)
	at com.kms.katalon.core.keyword.internal.KeywordExecutor.executeKeywordForPlatform(KeywordExecutor.groovy:74)
	at com.kms.katalon.core.mobile.keyword.MobileBuiltInKeywords.tap(MobileBuiltInKeywords.groovy:1490)
	at com.kms.katalon.core.mobile.keyword.MobileBuiltInKeywords$tap$1.call(Unknown Source)
	at TC_Blast_CS-30.run(TC_Blast_CS-30:30)
	at com.kms.katalon.core.main.ScriptEngine.run(ScriptEngine.java:194)
	at com.kms.katalon.core.main.ScriptEngine.runScriptAsRawText(ScriptEngine.java:119)
	at com.kms.katalon.core.main.TestCaseExecutor.runScript(TestCaseExecutor.java:448)
	at com.kms.katalon.core.main.TestCaseExecutor.doExecute(TestCaseExecutor.java:439)
	at com.kms.katalon.core.main.TestCaseExecutor.processExecutionPhase(TestCaseExecutor.java:418)
	at com.kms.katalon.core.main.TestCaseExecutor.accessMainPhase(TestCaseExecutor.java:410)
	at com.kms.katalon.core.main.TestCaseExecutor.execute(TestCaseExecutor.java:285)
	at com.kms.katalon.core.common.CommonExecutor.accessTestCaseMainPhase(CommonExecutor.java:65)
	at com.kms.katalon.core.main.TestSuiteExecutor.accessTestSuiteMainPhase(TestSuiteExecutor.java:144)
	at com.kms.katalon.core.main.TestSuiteExecutor.execute(TestSuiteExecutor.java:106)
	at com.kms.katalon.core.main.TestCaseMain.startTestSuite(TestCaseMain.java:185)
	at com.kms.katalon.core.main.TestCaseMain$startTestSuite$0.call(Unknown Source)
	at TempTestSuite1667032202730.run(TempTestSuite1667032202730.groovy:36)
)
[[ATTACHMENT|/Users/sandikurnia/Katalon Studio/smallProject/Reports/20221029_153002/Cicle Staging Mobile App/Blast/Cicle Staging Mobile App - Blast/20221029_153002/1667032466875.png]]]]></system-out>
         <system-err><![CDATA[2022-10-29 15:33:34 - [TEST_CASE][FAILED] - Test Cases/Blast/TC_Blast_CS-30: Test Cases/Blast/TC_Blast_CS-30 FAILED.
Reason:
com.kms.katalon.core.exception.StepFailedException: Object Object Repository/cicle.staging/Blast/DueDate/Date-EnterDateField not found
	at com.kms.katalon.core.keyword.internal.KeywordMain.stepFailed(KeywordMain.groovy:50)
	at com.kms.katalon.core.mobile.keyword.internal.MobileKeywordMain.stepFailed(MobileKeywordMain.groovy:40)
	at com.kms.katalon.core.mobile.keyword.builtin.TapKeyword$_tap_closure1.doCall(TapKeyword.groovy:79)
	at com.kms.katalon.core.mobile.keyword.builtin.TapKeyword$_tap_closure1.call(TapKeyword.groovy)
	at com.kms.katalon.core.mobile.keyword.internal.MobileKeywordMain.runKeyword(MobileKeywordMain.groovy:21)
	at com.kms.katalon.core.mobile.keyword.builtin.TapKeyword.tap(TapKeyword.groovy:84)
	at com.kms.katalon.core.mobile.keyword.builtin.TapKeyword.execute(TapKeyword.groovy:68)
	at com.kms.katalon.core.keyword.internal.KeywordExecutor.executeKeywordForPlatform(KeywordExecutor.groovy:74)
	at com.kms.katalon.core.mobile.keyword.MobileBuiltInKeywords.tap(MobileBuiltInKeywords.groovy:1490)
	at com.kms.katalon.core.mobile.keyword.MobileBuiltInKeywords$tap$1.call(Unknown Source)
	at TC_Blast_CS-30.run(TC_Blast_CS-30:30)
	at com.kms.katalon.core.main.ScriptEngine.run(ScriptEngine.java:194)
	at com.kms.katalon.core.main.ScriptEngine.runScriptAsRawText(ScriptEngine.java:119)
	at com.kms.katalon.core.main.TestCaseExecutor.runScript(TestCaseExecutor.java:448)
	at com.kms.katalon.core.main.TestCaseExecutor.doExecute(TestCaseExecutor.java:439)
	at com.kms.katalon.core.main.TestCaseExecutor.processExecutionPhase(TestCaseExecutor.java:418)
	at com.kms.katalon.core.main.TestCaseExecutor.accessMainPhase(TestCaseExecutor.java:410)
	at com.kms.katalon.core.main.TestCaseExecutor.execute(TestCaseExecutor.java:285)
	at com.kms.katalon.core.common.CommonExecutor.accessTestCaseMainPhase(CommonExecutor.java:65)
	at com.kms.katalon.core.main.TestSuiteExecutor.accessTestSuiteMainPhase(TestSuiteExecutor.java:144)
	at com.kms.katalon.core.main.TestSuiteExecutor.execute(TestSuiteExecutor.java:106)
	at com.kms.katalon.core.main.TestCaseMain.startTestSuite(TestCaseMain.java:185)
	at com.kms.katalon.core.main.TestCaseMain$startTestSuite$0.call(Unknown Source)
	at TempTestSuite1667032202730.run(TempTestSuite1667032202730.groovy:36)]]></system-err>
      </testcase>
      <testcase name="Test Cases/Blast/TC_Blast_CS-31" time="53.517" classname="Test Cases/Blast/TC_Blast_CS-31" status="FAILED">
         <failure type="FAILED" message="Test Cases/Blast/TC_Blast_CS-31 FAILED.
Reason:
com.kms.katalon.core.exception.StepFailedException: Object Object Repository/cicle.staging/Blast/DueDate/Date-EnterDateField not found
	at com.kms.katalon.core.keyword.internal.KeywordMain.stepFailed(KeywordMain.groovy:50)
	at com.kms.katalon.core.mobile.keyword.internal.MobileKeywordMain.stepFailed(MobileKeywordMain.groovy:40)
	at com.kms.katalon.core.mobile.keyword.builtin.TapKeyword$_tap_closure1.doCall(TapKeyword.groovy:79)
	at com.kms.katalon.core.mobile.keyword.builtin.TapKeyword$_tap_closure1.call(TapKeyword.groovy)
	at com.kms.katalon.core.mobile.keyword.internal.MobileKeywordMain.runKeyword(MobileKeywordMain.groovy:21)
	at com.kms.katalon.core.mobile.keyword.builtin.TapKeyword.tap(TapKeyword.groovy:84)
	at com.kms.katalon.core.mobile.keyword.builtin.TapKeyword.execute(TapKeyword.groovy:68)
	at com.kms.katalon.core.keyword.internal.KeywordExecutor.executeKeywordForPlatform(KeywordExecutor.groovy:74)
	at com.kms.katalon.core.mobile.keyword.MobileBuiltInKeywords.tap(MobileBuiltInKeywords.groovy:1490)
	at com.kms.katalon.core.mobile.keyword.MobileBuiltInKeywords$tap$1.call(Unknown Source)
	at TC_Blast_CS-31.run(TC_Blast_CS-31:30)
	at com.kms.katalon.core.main.ScriptEngine.run(ScriptEngine.java:194)
	at com.kms.katalon.core.main.ScriptEngine.runScriptAsRawText(ScriptEngine.java:119)
	at com.kms.katalon.core.main.TestCaseExecutor.runScript(TestCaseExecutor.java:448)
	at com.kms.katalon.core.main.TestCaseExecutor.doExecute(TestCaseExecutor.java:439)
	at com.kms.katalon.core.main.TestCaseExecutor.processExecutionPhase(TestCaseExecutor.java:418)
	at com.kms.katalon.core.main.TestCaseExecutor.accessMainPhase(TestCaseExecutor.java:410)
	at com.kms.katalon.core.main.TestCaseExecutor.execute(TestCaseExecutor.java:285)
	at com.kms.katalon.core.common.CommonExecutor.accessTestCaseMainPhase(CommonExecutor.java:65)
	at com.kms.katalon.core.main.TestSuiteExecutor.accessTestSuiteMainPhase(TestSuiteExecutor.java:144)
	at com.kms.katalon.core.main.TestSuiteExecutor.execute(TestSuiteExecutor.java:106)
	at com.kms.katalon.core.main.TestCaseMain.startTestSuite(TestCaseMain.java:185)
	at com.kms.katalon.core.main.TestCaseMain$startTestSuite$0.call(Unknown Source)
	at TempTestSuite1667032202730.run(TempTestSuite1667032202730.groovy:36)
"/>
         <system-out><![CDATA[2022-10-29 15:34:27 - [TEST_CASE][FAILED] - Test Cases/Blast/TC_Blast_CS-31: Test Cases/Blast/TC_Blast_CS-31 FAILED.
Reason:
com.kms.katalon.core.exception.StepFailedException: Object Object Repository/cicle.staging/Blast/DueDate/Date-EnterDateField not found
	at com.kms.katalon.core.keyword.internal.KeywordMain.stepFailed(KeywordMain.groovy:50)
	at com.kms.katalon.core.mobile.keyword.internal.MobileKeywordMain.stepFailed(MobileKeywordMain.groovy:40)
	at com.kms.katalon.core.mobile.keyword.builtin.TapKeyword$_tap_closure1.doCall(TapKeyword.groovy:79)
	at com.kms.katalon.core.mobile.keyword.builtin.TapKeyword$_tap_closure1.call(TapKeyword.groovy)
	at com.kms.katalon.core.mobile.keyword.internal.MobileKeywordMain.runKeyword(MobileKeywordMain.groovy:21)
	at com.kms.katalon.core.mobile.keyword.builtin.TapKeyword.tap(TapKeyword.groovy:84)
	at com.kms.katalon.core.mobile.keyword.builtin.TapKeyword.execute(TapKeyword.groovy:68)
	at com.kms.katalon.core.keyword.internal.KeywordExecutor.executeKeywordForPlatform(KeywordExecutor.groovy:74)
	at com.kms.katalon.core.mobile.keyword.MobileBuiltInKeywords.tap(MobileBuiltInKeywords.groovy:1490)
	at com.kms.katalon.core.mobile.keyword.MobileBuiltInKeywords$tap$1.call(Unknown Source)
	at TC_Blast_CS-31.run(TC_Blast_CS-31:30)
	at com.kms.katalon.core.main.ScriptEngine.run(ScriptEngine.java:194)
	at com.kms.katalon.core.main.ScriptEngine.runScriptAsRawText(ScriptEngine.java:119)
	at com.kms.katalon.core.main.TestCaseExecutor.runScript(TestCaseExecutor.java:448)
	at com.kms.katalon.core.main.TestCaseExecutor.doExecute(TestCaseExecutor.java:439)
	at com.kms.katalon.core.main.TestCaseExecutor.processExecutionPhase(TestCaseExecutor.java:418)
	at com.kms.katalon.core.main.TestCaseExecutor.accessMainPhase(TestCaseExecutor.java:410)
	at com.kms.katalon.core.main.TestCaseExecutor.execute(TestCaseExecutor.java:285)
	at com.kms.katalon.core.common.CommonExecutor.accessTestCaseMainPhase(CommonExecutor.java:65)
	at com.kms.katalon.core.main.TestSuiteExecutor.accessTestSuiteMainPhase(TestSuiteExecutor.java:144)
	at com.kms.katalon.core.main.TestSuiteExecutor.execute(TestSuiteExecutor.java:106)
	at com.kms.katalon.core.main.TestCaseMain.startTestSuite(TestCaseMain.java:185)
	at com.kms.katalon.core.main.TestCaseMain$startTestSuite$0.call(Unknown Source)
	at TempTestSuite1667032202730.run(TempTestSuite1667032202730.groovy:36)


2022-10-29 15:34:27 - [TEST_STEP][PASSED] - callTestCase(findTestCase("Sign in/TC_Sign in_CS-40"), [:], STOP_ON_FAILURE): Call Test Case 'Test Cases/Sign in/TC_Sign in_CS-40' successfully

2022-10-29 15:34:27 - [TEST_CASE][PASSED] - Test Cases/Sign in/TC_Sign in_CS-40: Test Cases/Sign in/TC_Sign in_CS-40

2022-10-29 15:34:27 - [TEST_STEP][PASSED] - startApplication("/Users/sandikurnia/Downloads/apk-staging-for-iqbal.apk", false): Started app at: '/Users/sandikurnia/Downloads/apk-staging-for-iqbal.apk'

2022-10-29 15:34:32 - [MESSAGE][PASSED] - Started app at: '/Users/sandikurnia/Downloads/apk-staging-for-iqbal.apk'

2022-10-29 15:34:32 - [TEST_STEP][PASSED] - tap(findTestObject("cicle.staging/Startup/YesButtonWhenOpenitApp"), 2, OPTIONAL): Object Object Repository/cicle.staging/Startup/YesButtonWhenOpenitApp not found

2022-10-29 15:34:35 - [MESSAGE][WARNING] - Object Object Repository/cicle.staging/Startup/YesButtonWhenOpenitApp not found

2022-10-29 15:34:35 - [TEST_STEP][PASSED] - tap(findTestObject("cicle.staging/Startup/SkipButtonWhenOpenitApp"), 2, OPTIONAL): Object Object Repository/cicle.staging/Startup/SkipButtonWhenOpenitApp not found

2022-10-29 15:34:37 - [MESSAGE][WARNING] - Object Object Repository/cicle.staging/Startup/SkipButtonWhenOpenitApp not found

2022-10-29 15:34:37 - [TEST_STEP][PASSED] - tap(findTestObject("cicle.staging/Startup/GotoSignInButton"), 2, OPTIONAL): Object Object Repository/cicle.staging/Startup/GotoSignInButton not found

2022-10-29 15:34:39 - [MESSAGE][WARNING] - Object Object Repository/cicle.staging/Startup/GotoSignInButton not found

2022-10-29 15:34:39 - [TEST_STEP][PASSED] - tap(findTestObject("cicle.staging/Startup/SignInwithGoogleAccount"), 2, OPTIONAL): Object Object Repository/cicle.staging/Startup/SignInwithGoogleAccount not found

2022-10-29 15:34:41 - [MESSAGE][WARNING] - Object Object Repository/cicle.staging/Startup/SignInwithGoogleAccount not found

2022-10-29 15:34:41 - [TEST_STEP][PASSED] - tap(findTestObject("cicle.staging/Startup/LayoutLoginwithMyAccount"), 2, OPTIONAL): Object Object Repository/cicle.staging/Startup/LayoutLoginwithMyAccount not found

2022-10-29 15:34:43 - [MESSAGE][WARNING] - Object Object Repository/cicle.staging/Startup/LayoutLoginwithMyAccount not found

2022-10-29 15:34:43 - [TEST_STEP][PASSED] - tap(findTestObject("cicle.staging/Startup/ChooseCompanyonYourListafterSignIn"), 2, OPTIONAL): Tapped on element 'Object Repository/cicle.staging/Startup/ChooseCompanyonYourListafterSignIn'

2022-10-29 15:34:44 - [MESSAGE][PASSED] - Tapped on element 'Object Repository/cicle.staging/Startup/ChooseCompanyonYourListafterSignIn'

2022-10-29 15:34:44 - [TEST_STEP][PASSED] - tap(findTestObject("cicle.staging/SekolahQAHeadQuarter/HeadquarterSekolahQA-MainPage"), 2, OPTIONAL): Tapped on element 'Object Repository/cicle.staging/SekolahQAHeadQuarter/HeadquarterSekolahQA-MainPage'

2022-10-29 15:34:45 - [MESSAGE][PASSED] - Tapped on element 'Object Repository/cicle.staging/SekolahQAHeadQuarter/HeadquarterSekolahQA-MainPage'

2022-10-29 15:34:45 - [MESSAGE][PASSED] - Call Test Case 'Test Cases/Sign in/TC_Sign in_CS-40' successfully

2022-10-29 15:34:45 - [TEST_STEP][PASSED] - tap(findTestObject("cicle.staging/Blast/Menu/BlastMenu"), 0): Tapped on element 'Object Repository/cicle.staging/Blast/Menu/BlastMenu'

2022-10-29 15:34:45 - [MESSAGE][WARNING] - Timeout '0' is invalid. Using default page load timeout: '30'

2022-10-29 15:34:45 - [MESSAGE][PASSED] - Tapped on element 'Object Repository/cicle.staging/Blast/Menu/BlastMenu'

2022-10-29 15:34:45 - [TEST_STEP][PASSED] - tap(findTestObject("cicle.staging/Blast/DueDate/Date-AddButtonOntheBottomRightSide"), 0): Tapped on element 'Object Repository/cicle.staging/Blast/DueDate/Date-AddButtonOntheBottomRightSide'

2022-10-29 15:34:45 - [MESSAGE][WARNING] - Timeout '0' is invalid. Using default page load timeout: '30'

2022-10-29 15:34:47 - [MESSAGE][PASSED] - Tapped on element 'Object Repository/cicle.staging/Blast/DueDate/Date-AddButtonOntheBottomRightSide'

2022-10-29 15:34:47 - [TEST_STEP][PASSED] - tap(findTestObject("cicle.staging/Blast/DueDate/Date-DueDate1"), 0): Tapped on element 'Object Repository/cicle.staging/Blast/DueDate/Date-DueDate1'

2022-10-29 15:34:47 - [MESSAGE][WARNING] - Timeout '0' is invalid. Using default page load timeout: '30'

2022-10-29 15:34:48 - [MESSAGE][PASSED] - Tapped on element 'Object Repository/cicle.staging/Blast/DueDate/Date-DueDate1'

2022-10-29 15:34:48 - [TEST_STEP][PASSED] - tap(findTestObject("cicle.staging/Blast/DueDate/Date-SwitchToInputButton"), 0): Tapped on element 'Object Repository/cicle.staging/Blast/DueDate/Date-SwitchToInputButton'

2022-10-29 15:34:49 - [MESSAGE][WARNING] - Timeout '0' is invalid. Using default page load timeout: '30'

2022-10-29 15:34:50 - [MESSAGE][PASSED] - Tapped on element 'Object Repository/cicle.staging/Blast/DueDate/Date-SwitchToInputButton'

2022-10-29 15:34:50 - [TEST_STEP][FAILED] - tap(findTestObject("cicle.staging/Blast/DueDate/Date-EnterDateField"), 0): Failed to tap on element 'Object Repository/cicle.staging/Blast/DueDate/Date-EnterDateField' (Root cause: com.kms.katalon.core.exception.StepFailedException: Object Object Repository/cicle.staging/Blast/DueDate/Date-EnterDateField not found
	at com.kms.katalon.core.keyword.internal.KeywordMain.stepFailed(KeywordMain.groovy:50)
	at com.kms.katalon.core.mobile.keyword.internal.MobileKeywordMain.stepFailed(MobileKeywordMain.groovy:40)
	at com.kms.katalon.core.mobile.keyword.builtin.TapKeyword$_tap_closure1.doCall(TapKeyword.groovy:79)
	at com.kms.katalon.core.mobile.keyword.builtin.TapKeyword$_tap_closure1.call(TapKeyword.groovy)
	at com.kms.katalon.core.mobile.keyword.internal.MobileKeywordMain.runKeyword(MobileKeywordMain.groovy:21)
	at com.kms.katalon.core.mobile.keyword.builtin.TapKeyword.tap(TapKeyword.groovy:84)
	at com.kms.katalon.core.mobile.keyword.builtin.TapKeyword.execute(TapKeyword.groovy:68)
	at com.kms.katalon.core.keyword.internal.KeywordExecutor.executeKeywordForPlatform(KeywordExecutor.groovy:74)
	at com.kms.katalon.core.mobile.keyword.MobileBuiltInKeywords.tap(MobileBuiltInKeywords.groovy:1490)
	at com.kms.katalon.core.mobile.keyword.MobileBuiltInKeywords$tap$1.call(Unknown Source)
	at TC_Blast_CS-31.run(TC_Blast_CS-31:30)
	at com.kms.katalon.core.main.ScriptEngine.run(ScriptEngine.java:194)
	at com.kms.katalon.core.main.ScriptEngine.runScriptAsRawText(ScriptEngine.java:119)
	at com.kms.katalon.core.main.TestCaseExecutor.runScript(TestCaseExecutor.java:448)
	at com.kms.katalon.core.main.TestCaseExecutor.doExecute(TestCaseExecutor.java:439)
	at com.kms.katalon.core.main.TestCaseExecutor.processExecutionPhase(TestCaseExecutor.java:418)
	at com.kms.katalon.core.main.TestCaseExecutor.accessMainPhase(TestCaseExecutor.java:410)
	at com.kms.katalon.core.main.TestCaseExecutor.execute(TestCaseExecutor.java:285)
	at com.kms.katalon.core.common.CommonExecutor.accessTestCaseMainPhase(CommonExecutor.java:65)
	at com.kms.katalon.core.main.TestSuiteExecutor.accessTestSuiteMainPhase(TestSuiteExecutor.java:144)
	at com.kms.katalon.core.main.TestSuiteExecutor.execute(TestSuiteExecutor.java:106)
	at com.kms.katalon.core.main.TestCaseMain.startTestSuite(TestCaseMain.java:185)
	at com.kms.katalon.core.main.TestCaseMain$startTestSuite$0.call(Unknown Source)
	at TempTestSuite1667032202730.run(TempTestSuite1667032202730.groovy:36)
)

2022-10-29 15:34:50 - [MESSAGE][WARNING] - Timeout '0' is invalid. Using default page load timeout: '30'

2022-10-29 15:35:20 - [MESSAGE][FAILED] - Object Object Repository/cicle.staging/Blast/DueDate/Date-EnterDateField not found

2022-10-29 15:35:20 - [MESSAGE][FAILED] - Failed to tap on element 'Object Repository/cicle.staging/Blast/DueDate/Date-EnterDateField' (Root cause: com.kms.katalon.core.exception.StepFailedException: Object Object Repository/cicle.staging/Blast/DueDate/Date-EnterDateField not found
	at com.kms.katalon.core.keyword.internal.KeywordMain.stepFailed(KeywordMain.groovy:50)
	at com.kms.katalon.core.mobile.keyword.internal.MobileKeywordMain.stepFailed(MobileKeywordMain.groovy:40)
	at com.kms.katalon.core.mobile.keyword.builtin.TapKeyword$_tap_closure1.doCall(TapKeyword.groovy:79)
	at com.kms.katalon.core.mobile.keyword.builtin.TapKeyword$_tap_closure1.call(TapKeyword.groovy)
	at com.kms.katalon.core.mobile.keyword.internal.MobileKeywordMain.runKeyword(MobileKeywordMain.groovy:21)
	at com.kms.katalon.core.mobile.keyword.builtin.TapKeyword.tap(TapKeyword.groovy:84)
	at com.kms.katalon.core.mobile.keyword.builtin.TapKeyword.execute(TapKeyword.groovy:68)
	at com.kms.katalon.core.keyword.internal.KeywordExecutor.executeKeywordForPlatform(KeywordExecutor.groovy:74)
	at com.kms.katalon.core.mobile.keyword.MobileBuiltInKeywords.tap(MobileBuiltInKeywords.groovy:1490)
	at com.kms.katalon.core.mobile.keyword.MobileBuiltInKeywords$tap$1.call(Unknown Source)
	at TC_Blast_CS-31.run(TC_Blast_CS-31:30)
	at com.kms.katalon.core.main.ScriptEngine.run(ScriptEngine.java:194)
	at com.kms.katalon.core.main.ScriptEngine.runScriptAsRawText(ScriptEngine.java:119)
	at com.kms.katalon.core.main.TestCaseExecutor.runScript(TestCaseExecutor.java:448)
	at com.kms.katalon.core.main.TestCaseExecutor.doExecute(TestCaseExecutor.java:439)
	at com.kms.katalon.core.main.TestCaseExecutor.processExecutionPhase(TestCaseExecutor.java:418)
	at com.kms.katalon.core.main.TestCaseExecutor.accessMainPhase(TestCaseExecutor.java:410)
	at com.kms.katalon.core.main.TestCaseExecutor.execute(TestCaseExecutor.java:285)
	at com.kms.katalon.core.common.CommonExecutor.accessTestCaseMainPhase(CommonExecutor.java:65)
	at com.kms.katalon.core.main.TestSuiteExecutor.accessTestSuiteMainPhase(TestSuiteExecutor.java:144)
	at com.kms.katalon.core.main.TestSuiteExecutor.execute(TestSuiteExecutor.java:106)
	at com.kms.katalon.core.main.TestCaseMain.startTestSuite(TestCaseMain.java:185)
	at com.kms.katalon.core.main.TestCaseMain$startTestSuite$0.call(Unknown Source)
	at TempTestSuite1667032202730.run(TempTestSuite1667032202730.groovy:36)
)
[[ATTACHMENT|/Users/sandikurnia/Katalon Studio/smallProject/Reports/20221029_153002/Cicle Staging Mobile App/Blast/Cicle Staging Mobile App - Blast/20221029_153002/1667032520432.png]]]]></system-out>
         <system-err><![CDATA[2022-10-29 15:34:27 - [TEST_CASE][FAILED] - Test Cases/Blast/TC_Blast_CS-31: Test Cases/Blast/TC_Blast_CS-31 FAILED.
Reason:
com.kms.katalon.core.exception.StepFailedException: Object Object Repository/cicle.staging/Blast/DueDate/Date-EnterDateField not found
	at com.kms.katalon.core.keyword.internal.KeywordMain.stepFailed(KeywordMain.groovy:50)
	at com.kms.katalon.core.mobile.keyword.internal.MobileKeywordMain.stepFailed(MobileKeywordMain.groovy:40)
	at com.kms.katalon.core.mobile.keyword.builtin.TapKeyword$_tap_closure1.doCall(TapKeyword.groovy:79)
	at com.kms.katalon.core.mobile.keyword.builtin.TapKeyword$_tap_closure1.call(TapKeyword.groovy)
	at com.kms.katalon.core.mobile.keyword.internal.MobileKeywordMain.runKeyword(MobileKeywordMain.groovy:21)
	at com.kms.katalon.core.mobile.keyword.builtin.TapKeyword.tap(TapKeyword.groovy:84)
	at com.kms.katalon.core.mobile.keyword.builtin.TapKeyword.execute(TapKeyword.groovy:68)
	at com.kms.katalon.core.keyword.internal.KeywordExecutor.executeKeywordForPlatform(KeywordExecutor.groovy:74)
	at com.kms.katalon.core.mobile.keyword.MobileBuiltInKeywords.tap(MobileBuiltInKeywords.groovy:1490)
	at com.kms.katalon.core.mobile.keyword.MobileBuiltInKeywords$tap$1.call(Unknown Source)
	at TC_Blast_CS-31.run(TC_Blast_CS-31:30)
	at com.kms.katalon.core.main.ScriptEngine.run(ScriptEngine.java:194)
	at com.kms.katalon.core.main.ScriptEngine.runScriptAsRawText(ScriptEngine.java:119)
	at com.kms.katalon.core.main.TestCaseExecutor.runScript(TestCaseExecutor.java:448)
	at com.kms.katalon.core.main.TestCaseExecutor.doExecute(TestCaseExecutor.java:439)
	at com.kms.katalon.core.main.TestCaseExecutor.processExecutionPhase(TestCaseExecutor.java:418)
	at com.kms.katalon.core.main.TestCaseExecutor.accessMainPhase(TestCaseExecutor.java:410)
	at com.kms.katalon.core.main.TestCaseExecutor.execute(TestCaseExecutor.java:285)
	at com.kms.katalon.core.common.CommonExecutor.accessTestCaseMainPhase(CommonExecutor.java:65)
	at com.kms.katalon.core.main.TestSuiteExecutor.accessTestSuiteMainPhase(TestSuiteExecutor.java:144)
	at com.kms.katalon.core.main.TestSuiteExecutor.execute(TestSuiteExecutor.java:106)
	at com.kms.katalon.core.main.TestCaseMain.startTestSuite(TestCaseMain.java:185)
	at com.kms.katalon.core.main.TestCaseMain$startTestSuite$0.call(Unknown Source)
	at TempTestSuite1667032202730.run(TempTestSuite1667032202730.groovy:36)]]></system-err>
      </testcase>
      <testcase name="Test Cases/Blast/TC_Blast_CS-32" time="23.262" classname="Test Cases/Blast/TC_Blast_CS-32" status="PASSED">
         <system-out><![CDATA[2022-10-29 15:35:20 - [TEST_CASE][PASSED] - Test Cases/Blast/TC_Blast_CS-32: Test Cases/Blast/TC_Blast_CS-32

2022-10-29 15:35:20 - [TEST_STEP][PASSED] - callTestCase(findTestCase("Sign in/TC_Sign in_CS-40"), [:], STOP_ON_FAILURE): Call Test Case 'Test Cases/Sign in/TC_Sign in_CS-40' successfully

2022-10-29 15:35:21 - [TEST_CASE][PASSED] - Test Cases/Sign in/TC_Sign in_CS-40: Test Cases/Sign in/TC_Sign in_CS-40

2022-10-29 15:35:21 - [TEST_STEP][PASSED] - startApplication("/Users/sandikurnia/Downloads/apk-staging-for-iqbal.apk", false): Started app at: '/Users/sandikurnia/Downloads/apk-staging-for-iqbal.apk'

2022-10-29 15:35:26 - [MESSAGE][PASSED] - Started app at: '/Users/sandikurnia/Downloads/apk-staging-for-iqbal.apk'

2022-10-29 15:35:26 - [TEST_STEP][PASSED] - tap(findTestObject("cicle.staging/Startup/YesButtonWhenOpenitApp"), 2, OPTIONAL): Object Object Repository/cicle.staging/Startup/YesButtonWhenOpenitApp not found

2022-10-29 15:35:28 - [MESSAGE][WARNING] - Object Object Repository/cicle.staging/Startup/YesButtonWhenOpenitApp not found

2022-10-29 15:35:28 - [TEST_STEP][PASSED] - tap(findTestObject("cicle.staging/Startup/SkipButtonWhenOpenitApp"), 2, OPTIONAL): Object Object Repository/cicle.staging/Startup/SkipButtonWhenOpenitApp not found

2022-10-29 15:35:30 - [MESSAGE][WARNING] - Object Object Repository/cicle.staging/Startup/SkipButtonWhenOpenitApp not found

2022-10-29 15:35:30 - [TEST_STEP][PASSED] - tap(findTestObject("cicle.staging/Startup/GotoSignInButton"), 2, OPTIONAL): Object Object Repository/cicle.staging/Startup/GotoSignInButton not found

2022-10-29 15:35:32 - [MESSAGE][WARNING] - Object Object Repository/cicle.staging/Startup/GotoSignInButton not found

2022-10-29 15:35:32 - [TEST_STEP][PASSED] - tap(findTestObject("cicle.staging/Startup/SignInwithGoogleAccount"), 2, OPTIONAL): Object Object Repository/cicle.staging/Startup/SignInwithGoogleAccount not found

2022-10-29 15:35:35 - [MESSAGE][WARNING] - Object Object Repository/cicle.staging/Startup/SignInwithGoogleAccount not found

2022-10-29 15:35:35 - [TEST_STEP][PASSED] - tap(findTestObject("cicle.staging/Startup/LayoutLoginwithMyAccount"), 2, OPTIONAL): Object Object Repository/cicle.staging/Startup/LayoutLoginwithMyAccount not found

2022-10-29 15:35:37 - [MESSAGE][WARNING] - Object Object Repository/cicle.staging/Startup/LayoutLoginwithMyAccount not found

2022-10-29 15:35:37 - [TEST_STEP][PASSED] - tap(findTestObject("cicle.staging/Startup/ChooseCompanyonYourListafterSignIn"), 2, OPTIONAL): Tapped on element 'Object Repository/cicle.staging/Startup/ChooseCompanyonYourListafterSignIn'

2022-10-29 15:35:37 - [MESSAGE][PASSED] - Tapped on element 'Object Repository/cicle.staging/Startup/ChooseCompanyonYourListafterSignIn'

2022-10-29 15:35:37 - [TEST_STEP][PASSED] - tap(findTestObject("cicle.staging/SekolahQAHeadQuarter/HeadquarterSekolahQA-MainPage"), 2, OPTIONAL): Tapped on element 'Object Repository/cicle.staging/SekolahQAHeadQuarter/HeadquarterSekolahQA-MainPage'

2022-10-29 15:35:38 - [MESSAGE][PASSED] - Tapped on element 'Object Repository/cicle.staging/SekolahQAHeadQuarter/HeadquarterSekolahQA-MainPage'

2022-10-29 15:35:38 - [MESSAGE][PASSED] - Call Test Case 'Test Cases/Sign in/TC_Sign in_CS-40' successfully

2022-10-29 15:35:38 - [TEST_STEP][PASSED] - tap(findTestObject("cicle.staging/Blast/Menu/BlastMenu"), 0): Tapped on element 'Object Repository/cicle.staging/Blast/Menu/BlastMenu'

2022-10-29 15:35:38 - [MESSAGE][WARNING] - Timeout '0' is invalid. Using default page load timeout: '30'

2022-10-29 15:35:38 - [MESSAGE][PASSED] - Tapped on element 'Object Repository/cicle.staging/Blast/Menu/BlastMenu'

2022-10-29 15:35:38 - [TEST_STEP][PASSED] - tap(findTestObject("Object Repository/cicle.staging/Blast/MemberNotification/Notif-AddButtonOntheBottomRightSide"), 0): Tapped on element 'Object Repository/cicle.staging/Blast/MemberNotification/Notif-AddButtonOntheBottomRightSide'

2022-10-29 15:35:38 - [MESSAGE][WARNING] - Timeout '0' is invalid. Using default page load timeout: '30'

2022-10-29 15:35:40 - [MESSAGE][PASSED] - Tapped on element 'Object Repository/cicle.staging/Blast/MemberNotification/Notif-AddButtonOntheBottomRightSide'

2022-10-29 15:35:40 - [TEST_STEP][PASSED] - tap(findTestObject("Object Repository/cicle.staging/Blast/MemberNotification/Notif-AddMemberWhodoyouWannabenotified"), 0): Tapped on element 'Object Repository/cicle.staging/Blast/MemberNotification/Notif-AddMemberWhodoyouWannabenotified'

2022-10-29 15:35:40 - [MESSAGE][WARNING] - Timeout '0' is invalid. Using default page load timeout: '30'

2022-10-29 15:35:42 - [MESSAGE][PASSED] - Tapped on element 'Object Repository/cicle.staging/Blast/MemberNotification/Notif-AddMemberWhodoyouWannabenotified'

2022-10-29 15:35:42 - [TEST_STEP][PASSED] - tap(findTestObject("Object Repository/cicle.staging/Blast/MemberNotification/Notif-CheckBoxSelectAllMember"), 0): Tapped on element 'Object Repository/cicle.staging/Blast/MemberNotification/Notif-CheckBoxSelectAllMember'

2022-10-29 15:35:42 - [MESSAGE][WARNING] - Timeout '0' is invalid. Using default page load timeout: '30'

2022-10-29 15:35:43 - [MESSAGE][PASSED] - Tapped on element 'Object Repository/cicle.staging/Blast/MemberNotification/Notif-CheckBoxSelectAllMember'

2022-10-29 15:35:43 - [TEST_STEP][PASSED] - tap(findTestObject("Object Repository/cicle.staging/Blast/MemberNotification/Notif-Donebutton"), 0): Tapped on element 'Object Repository/cicle.staging/Blast/MemberNotification/Notif-Donebutton'

2022-10-29 15:35:43 - [MESSAGE][WARNING] - Timeout '0' is invalid. Using default page load timeout: '30'

2022-10-29 15:35:43 - [MESSAGE][PASSED] - Tapped on element 'Object Repository/cicle.staging/Blast/MemberNotification/Notif-Donebutton'

2022-10-29 15:35:43 - [TEST_STEP][PASSED] - verifyElementVisible(findTestObject("Object Repository/cicle.staging/Blast/MemberNotification/Notif-AllMemberAssert"), 0): Element 'Object Repository/cicle.staging/Blast/MemberNotification/Notif-AllMemberAssert' is visible

2022-10-29 15:35:43 - [MESSAGE][WARNING] - Timeout '0' is invalid. Using default page load timeout: '30'

2022-10-29 15:35:43 - [MESSAGE][PASSED] - Element 'Object Repository/cicle.staging/Blast/MemberNotification/Notif-AllMemberAssert' is visible]]></system-out>
         <system-err><![CDATA[]]></system-err>
      </testcase>
      <testcase name="Test Cases/Blast/TC_Blast_CS-33" time="25.639" classname="Test Cases/Blast/TC_Blast_CS-33" status="PASSED">
         <system-out><![CDATA[2022-10-29 15:35:44 - [TEST_CASE][PASSED] - Test Cases/Blast/TC_Blast_CS-33: Test Cases/Blast/TC_Blast_CS-33

2022-10-29 15:35:44 - [TEST_STEP][PASSED] - callTestCase(findTestCase("Sign in/TC_Sign in_CS-40"), [:], STOP_ON_FAILURE): Call Test Case 'Test Cases/Sign in/TC_Sign in_CS-40' successfully

2022-10-29 15:35:44 - [TEST_CASE][PASSED] - Test Cases/Sign in/TC_Sign in_CS-40: Test Cases/Sign in/TC_Sign in_CS-40

2022-10-29 15:35:44 - [TEST_STEP][PASSED] - startApplication("/Users/sandikurnia/Downloads/apk-staging-for-iqbal.apk", false): Started app at: '/Users/sandikurnia/Downloads/apk-staging-for-iqbal.apk'

2022-10-29 15:35:49 - [MESSAGE][PASSED] - Started app at: '/Users/sandikurnia/Downloads/apk-staging-for-iqbal.apk'

2022-10-29 15:35:49 - [TEST_STEP][PASSED] - tap(findTestObject("cicle.staging/Startup/YesButtonWhenOpenitApp"), 2, OPTIONAL): Object Object Repository/cicle.staging/Startup/YesButtonWhenOpenitApp not found

2022-10-29 15:35:51 - [MESSAGE][WARNING] - Object Object Repository/cicle.staging/Startup/YesButtonWhenOpenitApp not found

2022-10-29 15:35:51 - [TEST_STEP][PASSED] - tap(findTestObject("cicle.staging/Startup/SkipButtonWhenOpenitApp"), 2, OPTIONAL): Object Object Repository/cicle.staging/Startup/SkipButtonWhenOpenitApp not found

2022-10-29 15:35:54 - [MESSAGE][WARNING] - Object Object Repository/cicle.staging/Startup/SkipButtonWhenOpenitApp not found

2022-10-29 15:35:54 - [TEST_STEP][PASSED] - tap(findTestObject("cicle.staging/Startup/GotoSignInButton"), 2, OPTIONAL): Object Object Repository/cicle.staging/Startup/GotoSignInButton not found

2022-10-29 15:35:56 - [MESSAGE][WARNING] - Object Object Repository/cicle.staging/Startup/GotoSignInButton not found

2022-10-29 15:35:56 - [TEST_STEP][PASSED] - tap(findTestObject("cicle.staging/Startup/SignInwithGoogleAccount"), 2, OPTIONAL): Object Object Repository/cicle.staging/Startup/SignInwithGoogleAccount not found

2022-10-29 15:35:58 - [MESSAGE][WARNING] - Object Object Repository/cicle.staging/Startup/SignInwithGoogleAccount not found

2022-10-29 15:35:58 - [TEST_STEP][PASSED] - tap(findTestObject("cicle.staging/Startup/LayoutLoginwithMyAccount"), 2, OPTIONAL): Object Object Repository/cicle.staging/Startup/LayoutLoginwithMyAccount not found

2022-10-29 15:36:00 - [MESSAGE][WARNING] - Object Object Repository/cicle.staging/Startup/LayoutLoginwithMyAccount not found

2022-10-29 15:36:00 - [TEST_STEP][PASSED] - tap(findTestObject("cicle.staging/Startup/ChooseCompanyonYourListafterSignIn"), 2, OPTIONAL): Tapped on element 'Object Repository/cicle.staging/Startup/ChooseCompanyonYourListafterSignIn'

2022-10-29 15:36:00 - [MESSAGE][PASSED] - Tapped on element 'Object Repository/cicle.staging/Startup/ChooseCompanyonYourListafterSignIn'

2022-10-29 15:36:00 - [TEST_STEP][PASSED] - tap(findTestObject("cicle.staging/SekolahQAHeadQuarter/HeadquarterSekolahQA-MainPage"), 2, OPTIONAL): Tapped on element 'Object Repository/cicle.staging/SekolahQAHeadQuarter/HeadquarterSekolahQA-MainPage'

2022-10-29 15:36:02 - [MESSAGE][PASSED] - Tapped on element 'Object Repository/cicle.staging/SekolahQAHeadQuarter/HeadquarterSekolahQA-MainPage'

2022-10-29 15:36:02 - [MESSAGE][PASSED] - Call Test Case 'Test Cases/Sign in/TC_Sign in_CS-40' successfully

2022-10-29 15:36:02 - [TEST_STEP][PASSED] - tap(findTestObject("cicle.staging/Blast/Menu/BlastMenu"), 0): Tapped on element 'Object Repository/cicle.staging/Blast/Menu/BlastMenu'

2022-10-29 15:36:02 - [MESSAGE][WARNING] - Timeout '0' is invalid. Using default page load timeout: '30'

2022-10-29 15:36:02 - [MESSAGE][PASSED] - Tapped on element 'Object Repository/cicle.staging/Blast/Menu/BlastMenu'

2022-10-29 15:36:02 - [TEST_STEP][PASSED] - tap(findTestObject("Object Repository/cicle.staging/Blast/MemberNotification/Notif-AddButtonOntheBottomRightSide"), 0): Tapped on element 'Object Repository/cicle.staging/Blast/MemberNotification/Notif-AddButtonOntheBottomRightSide'

2022-10-29 15:36:02 - [MESSAGE][WARNING] - Timeout '0' is invalid. Using default page load timeout: '30'

2022-10-29 15:36:04 - [MESSAGE][PASSED] - Tapped on element 'Object Repository/cicle.staging/Blast/MemberNotification/Notif-AddButtonOntheBottomRightSide'

2022-10-29 15:36:04 - [TEST_STEP][PASSED] - for ([i = 1, i < 3, (i++)]): Tapped on element 'Object Repository/cicle.staging/Blast/MemberNotification/Notif-Donebutton'

2022-10-29 15:36:04 - [TEST_STEP][PASSED] - tap(findTestObject("Object Repository/cicle.staging/Blast/MemberNotification/Notif-AddMemberWhodoyouWannabenotified"), 0): Tapped on element 'Object Repository/cicle.staging/Blast/MemberNotification/Notif-AddMemberWhodoyouWannabenotified'

2022-10-29 15:36:04 - [MESSAGE][WARNING] - Timeout '0' is invalid. Using default page load timeout: '30'

2022-10-29 15:36:05 - [MESSAGE][PASSED] - Tapped on element 'Object Repository/cicle.staging/Blast/MemberNotification/Notif-AddMemberWhodoyouWannabenotified'

2022-10-29 15:36:05 - [TEST_STEP][PASSED] - tap(findTestObject("Object Repository/cicle.staging/Blast/MemberNotification/Notif-CheckBoxSelectAllMember"), 0): Tapped on element 'Object Repository/cicle.staging/Blast/MemberNotification/Notif-CheckBoxSelectAllMember'

2022-10-29 15:36:05 - [MESSAGE][WARNING] - Timeout '0' is invalid. Using default page load timeout: '30'

2022-10-29 15:36:06 - [MESSAGE][PASSED] - Tapped on element 'Object Repository/cicle.staging/Blast/MemberNotification/Notif-CheckBoxSelectAllMember'

2022-10-29 15:36:06 - [TEST_STEP][PASSED] - tap(findTestObject("Object Repository/cicle.staging/Blast/MemberNotification/Notif-Donebutton"), 0): Tapped on element 'Object Repository/cicle.staging/Blast/MemberNotification/Notif-Donebutton'

2022-10-29 15:36:06 - [MESSAGE][WARNING] - Timeout '0' is invalid. Using default page load timeout: '30'

2022-10-29 15:36:07 - [MESSAGE][PASSED] - Tapped on element 'Object Repository/cicle.staging/Blast/MemberNotification/Notif-Donebutton'

2022-10-29 15:36:07 - [TEST_STEP][PASSED] - tap(findTestObject("Object Repository/cicle.staging/Blast/MemberNotification/Notif-AddMemberWhodoyouWannabenotified"), 0): Tapped on element 'Object Repository/cicle.staging/Blast/MemberNotification/Notif-AddMemberWhodoyouWannabenotified'

2022-10-29 15:36:07 - [MESSAGE][WARNING] - Timeout '0' is invalid. Using default page load timeout: '30'

2022-10-29 15:36:08 - [MESSAGE][PASSED] - Tapped on element 'Object Repository/cicle.staging/Blast/MemberNotification/Notif-AddMemberWhodoyouWannabenotified'

2022-10-29 15:36:08 - [TEST_STEP][PASSED] - tap(findTestObject("Object Repository/cicle.staging/Blast/MemberNotification/Notif-CheckBoxSelectAllMember"), 0): Tapped on element 'Object Repository/cicle.staging/Blast/MemberNotification/Notif-CheckBoxSelectAllMember'

2022-10-29 15:36:08 - [MESSAGE][WARNING] - Timeout '0' is invalid. Using default page load timeout: '30'

2022-10-29 15:36:08 - [MESSAGE][PASSED] - Tapped on element 'Object Repository/cicle.staging/Blast/MemberNotification/Notif-CheckBoxSelectAllMember'

2022-10-29 15:36:08 - [TEST_STEP][PASSED] - tap(findTestObject("Object Repository/cicle.staging/Blast/MemberNotification/Notif-Donebutton"), 0): Tapped on element 'Object Repository/cicle.staging/Blast/MemberNotification/Notif-Donebutton'

2022-10-29 15:36:08 - [MESSAGE][WARNING] - Timeout '0' is invalid. Using default page load timeout: '30'

2022-10-29 15:36:09 - [MESSAGE][PASSED] - Tapped on element 'Object Repository/cicle.staging/Blast/MemberNotification/Notif-Donebutton'

2022-10-29 15:36:09 - [TEST_STEP][PASSED] - verifyElementVisible(findTestObject("Object Repository/cicle.staging/Blast/MemberNotification/Notif-AllMemberAssert"), 0): Element 'Object Repository/cicle.staging/Blast/MemberNotification/Notif-AllMemberAssert' is visible

2022-10-29 15:36:09 - [MESSAGE][WARNING] - Timeout '0' is invalid. Using default page load timeout: '30'

2022-10-29 15:36:09 - [MESSAGE][PASSED] - Element 'Object Repository/cicle.staging/Blast/MemberNotification/Notif-AllMemberAssert' is visible]]></system-out>
         <system-err><![CDATA[]]></system-err>
      </testcase>
      <testcase name="Test Cases/Blast/TC_Blast_CS-35" time="23.111" classname="Test Cases/Blast/TC_Blast_CS-35" status="PASSED">
         <system-out><![CDATA[2022-10-29 15:36:09 - [TEST_CASE][PASSED] - Test Cases/Blast/TC_Blast_CS-35: Test Cases/Blast/TC_Blast_CS-35

2022-10-29 15:36:09 - [TEST_STEP][PASSED] - callTestCase(findTestCase("Sign in/TC_Sign in_CS-40"), [:], STOP_ON_FAILURE): Call Test Case 'Test Cases/Sign in/TC_Sign in_CS-40' successfully

2022-10-29 15:36:09 - [TEST_CASE][PASSED] - Test Cases/Sign in/TC_Sign in_CS-40: Test Cases/Sign in/TC_Sign in_CS-40

2022-10-29 15:36:09 - [TEST_STEP][PASSED] - startApplication("/Users/sandikurnia/Downloads/apk-staging-for-iqbal.apk", false): Started app at: '/Users/sandikurnia/Downloads/apk-staging-for-iqbal.apk'

2022-10-29 15:36:15 - [MESSAGE][PASSED] - Started app at: '/Users/sandikurnia/Downloads/apk-staging-for-iqbal.apk'

2022-10-29 15:36:15 - [TEST_STEP][PASSED] - tap(findTestObject("cicle.staging/Startup/YesButtonWhenOpenitApp"), 2, OPTIONAL): Object Object Repository/cicle.staging/Startup/YesButtonWhenOpenitApp not found

2022-10-29 15:36:17 - [MESSAGE][WARNING] - Object Object Repository/cicle.staging/Startup/YesButtonWhenOpenitApp not found

2022-10-29 15:36:17 - [TEST_STEP][PASSED] - tap(findTestObject("cicle.staging/Startup/SkipButtonWhenOpenitApp"), 2, OPTIONAL): Object Object Repository/cicle.staging/Startup/SkipButtonWhenOpenitApp not found

2022-10-29 15:36:19 - [MESSAGE][WARNING] - Object Object Repository/cicle.staging/Startup/SkipButtonWhenOpenitApp not found

2022-10-29 15:36:19 - [TEST_STEP][PASSED] - tap(findTestObject("cicle.staging/Startup/GotoSignInButton"), 2, OPTIONAL): Object Object Repository/cicle.staging/Startup/GotoSignInButton not found

2022-10-29 15:36:21 - [MESSAGE][WARNING] - Object Object Repository/cicle.staging/Startup/GotoSignInButton not found

2022-10-29 15:36:21 - [TEST_STEP][PASSED] - tap(findTestObject("cicle.staging/Startup/SignInwithGoogleAccount"), 2, OPTIONAL): Object Object Repository/cicle.staging/Startup/SignInwithGoogleAccount not found

2022-10-29 15:36:23 - [MESSAGE][WARNING] - Object Object Repository/cicle.staging/Startup/SignInwithGoogleAccount not found

2022-10-29 15:36:23 - [TEST_STEP][PASSED] - tap(findTestObject("cicle.staging/Startup/LayoutLoginwithMyAccount"), 2, OPTIONAL): Object Object Repository/cicle.staging/Startup/LayoutLoginwithMyAccount not found

2022-10-29 15:36:26 - [MESSAGE][WARNING] - Object Object Repository/cicle.staging/Startup/LayoutLoginwithMyAccount not found

2022-10-29 15:36:26 - [TEST_STEP][PASSED] - tap(findTestObject("cicle.staging/Startup/ChooseCompanyonYourListafterSignIn"), 2, OPTIONAL): Tapped on element 'Object Repository/cicle.staging/Startup/ChooseCompanyonYourListafterSignIn'

2022-10-29 15:36:26 - [MESSAGE][PASSED] - Tapped on element 'Object Repository/cicle.staging/Startup/ChooseCompanyonYourListafterSignIn'

2022-10-29 15:36:26 - [TEST_STEP][PASSED] - tap(findTestObject("cicle.staging/SekolahQAHeadQuarter/HeadquarterSekolahQA-MainPage"), 2, OPTIONAL): Tapped on element 'Object Repository/cicle.staging/SekolahQAHeadQuarter/HeadquarterSekolahQA-MainPage'

2022-10-29 15:36:27 - [MESSAGE][PASSED] - Tapped on element 'Object Repository/cicle.staging/SekolahQAHeadQuarter/HeadquarterSekolahQA-MainPage'

2022-10-29 15:36:27 - [MESSAGE][PASSED] - Call Test Case 'Test Cases/Sign in/TC_Sign in_CS-40' successfully

2022-10-29 15:36:27 - [TEST_STEP][PASSED] - tap(findTestObject("cicle.staging/Blast/Menu/BlastMenu"), 0): Tapped on element 'Object Repository/cicle.staging/Blast/Menu/BlastMenu'

2022-10-29 15:36:27 - [MESSAGE][WARNING] - Timeout '0' is invalid. Using default page load timeout: '30'

2022-10-29 15:36:27 - [MESSAGE][PASSED] - Tapped on element 'Object Repository/cicle.staging/Blast/Menu/BlastMenu'

2022-10-29 15:36:27 - [TEST_STEP][PASSED] - tap(findTestObject("Object Repository/cicle.staging/Blast/Archive/Archive-3dotbutton"), 0): Tapped on element 'Object Repository/cicle.staging/Blast/Archive/Archive-3dotbutton'

2022-10-29 15:36:27 - [MESSAGE][WARNING] - Timeout '0' is invalid. Using default page load timeout: '30'

2022-10-29 15:36:29 - [MESSAGE][PASSED] - Tapped on element 'Object Repository/cicle.staging/Blast/Archive/Archive-3dotbutton'

2022-10-29 15:36:29 - [TEST_STEP][PASSED] - tap(findTestObject("Object Repository/cicle.staging/Blast/Archive/Arhive-archivebutton"), 0): Tapped on element 'Object Repository/cicle.staging/Blast/Archive/Arhive-archivebutton'

2022-10-29 15:36:29 - [MESSAGE][WARNING] - Timeout '0' is invalid. Using default page load timeout: '30'

2022-10-29 15:36:30 - [MESSAGE][PASSED] - Tapped on element 'Object Repository/cicle.staging/Blast/Archive/Arhive-archivebutton'

2022-10-29 15:36:30 - [TEST_STEP][PASSED] - verifyElementVisible(findTestObject("Object Repository/cicle.staging/Blast/Archive/Archive-ArchivePostPopup"), 0): Element 'Object Repository/cicle.staging/Blast/Archive/Archive-ArchivePostPopup' is visible

2022-10-29 15:36:30 - [MESSAGE][WARNING] - Timeout '0' is invalid. Using default page load timeout: '30'

2022-10-29 15:36:30 - [MESSAGE][PASSED] - Element 'Object Repository/cicle.staging/Blast/Archive/Archive-ArchivePostPopup' is visible

2022-10-29 15:36:30 - [TEST_STEP][PASSED] - tap(findTestObject("Object Repository/cicle.staging/Blast/Archive/Archive-Ok button"), 0): Tapped on element 'Object Repository/cicle.staging/Blast/Archive/Archive-Ok button'

2022-10-29 15:36:30 - [MESSAGE][WARNING] - Timeout '0' is invalid. Using default page load timeout: '30'

2022-10-29 15:36:32 - [MESSAGE][PASSED] - Tapped on element 'Object Repository/cicle.staging/Blast/Archive/Archive-Ok button']]></system-out>
         <system-err><![CDATA[]]></system-err>
      </testcase>
      <system-out><![CDATA[2022-10-29 15:30:13 - [TEST_SUITE][FAILED] - Cicle Staging Mobile App - Blast: Test Cases/Blast/TC_Blast_CS-29 FAILED.
Reason:
com.kms.katalon.core.exception.StepFailedException: Object Object Repository/cicle.staging/Blast/DueDate/Date-EnterDateField not found
	at com.kms.katalon.core.keyword.internal.KeywordMain.stepFailed(KeywordMain.groovy:50)
	at com.kms.katalon.core.mobile.keyword.internal.MobileKeywordMain.stepFailed(MobileKeywordMain.groovy:40)
	at com.kms.katalon.core.mobile.keyword.builtin.TapKeyword$_tap_closure1.doCall(TapKeyword.groovy:79)
	at com.kms.katalon.core.mobile.keyword.builtin.TapKeyword$_tap_closure1.call(TapKeyword.groovy)
	at com.kms.katalon.core.mobile.keyword.internal.MobileKeywordMain.runKeyword(MobileKeywordMain.groovy:21)
	at com.kms.katalon.core.mobile.keyword.builtin.TapKeyword.tap(TapKeyword.groovy:84)
	at com.kms.katalon.core.mobile.keyword.builtin.TapKeyword.execute(TapKeyword.groovy:68)
	at com.kms.katalon.core.keyword.internal.KeywordExecutor.executeKeywordForPlatform(KeywordExecutor.groovy:74)
	at com.kms.katalon.core.mobile.keyword.MobileBuiltInKeywords.tap(MobileBuiltInKeywords.groovy:1490)
	at com.kms.katalon.core.mobile.keyword.MobileBuiltInKeywords$tap$1.call(Unknown Source)
	at TC_Blast_CS-29.run(TC_Blast_CS-29:30)
	at com.kms.katalon.core.main.ScriptEngine.run(ScriptEngine.java:194)
	at com.kms.katalon.core.main.ScriptEngine.runScriptAsRawText(ScriptEngine.java:119)
	at com.kms.katalon.core.main.TestCaseExecutor.runScript(TestCaseExecutor.java:448)
	at com.kms.katalon.core.main.TestCaseExecutor.doExecute(TestCaseExecutor.java:439)
	at com.kms.katalon.core.main.TestCaseExecutor.processExecutionPhase(TestCaseExecutor.java:418)
	at com.kms.katalon.core.main.TestCaseExecutor.accessMainPhase(TestCaseExecutor.java:410)
	at com.kms.katalon.core.main.TestCaseExecutor.execute(TestCaseExecutor.java:285)
	at com.kms.katalon.core.common.CommonExecutor.accessTestCaseMainPhase(CommonExecutor.java:65)
	at com.kms.katalon.core.main.TestSuiteExecutor.accessTestSuiteMainPhase(TestSuiteExecutor.java:144)
	at com.kms.katalon.core.main.TestSuiteExecutor.execute(TestSuiteExecutor.java:106)
	at com.kms.katalon.core.main.TestCaseMain.startTestSuite(TestCaseMain.java:185)
	at com.kms.katalon.core.main.TestCaseMain$startTestSuite$0.call(Unknown Source)
	at TempTestSuite1667032202730.run(TempTestSuite1667032202730.groovy:36)]]></system-out>
      <system-err><![CDATA[2022-10-29 15:30:13 - [TEST_SUITE][FAILED] - Cicle Staging Mobile App - Blast: Test Cases/Blast/TC_Blast_CS-29 FAILED.
Reason:
com.kms.katalon.core.exception.StepFailedException: Object Object Repository/cicle.staging/Blast/DueDate/Date-EnterDateField not found
	at com.kms.katalon.core.keyword.internal.KeywordMain.stepFailed(KeywordMain.groovy:50)
	at com.kms.katalon.core.mobile.keyword.internal.MobileKeywordMain.stepFailed(MobileKeywordMain.groovy:40)
	at com.kms.katalon.core.mobile.keyword.builtin.TapKeyword$_tap_closure1.doCall(TapKeyword.groovy:79)
	at com.kms.katalon.core.mobile.keyword.builtin.TapKeyword$_tap_closure1.call(TapKeyword.groovy)
	at com.kms.katalon.core.mobile.keyword.internal.MobileKeywordMain.runKeyword(MobileKeywordMain.groovy:21)
	at com.kms.katalon.core.mobile.keyword.builtin.TapKeyword.tap(TapKeyword.groovy:84)
	at com.kms.katalon.core.mobile.keyword.builtin.TapKeyword.execute(TapKeyword.groovy:68)
	at com.kms.katalon.core.keyword.internal.KeywordExecutor.executeKeywordForPlatform(KeywordExecutor.groovy:74)
	at com.kms.katalon.core.mobile.keyword.MobileBuiltInKeywords.tap(MobileBuiltInKeywords.groovy:1490)
	at com.kms.katalon.core.mobile.keyword.MobileBuiltInKeywords$tap$1.call(Unknown Source)
	at TC_Blast_CS-29.run(TC_Blast_CS-29:30)
	at com.kms.katalon.core.main.ScriptEngine.run(ScriptEngine.java:194)
	at com.kms.katalon.core.main.ScriptEngine.runScriptAsRawText(ScriptEngine.java:119)
	at com.kms.katalon.core.main.TestCaseExecutor.runScript(TestCaseExecutor.java:448)
	at com.kms.katalon.core.main.TestCaseExecutor.doExecute(TestCaseExecutor.java:439)
	at com.kms.katalon.core.main.TestCaseExecutor.processExecutionPhase(TestCaseExecutor.java:418)
	at com.kms.katalon.core.main.TestCaseExecutor.accessMainPhase(TestCaseExecutor.java:410)
	at com.kms.katalon.core.main.TestCaseExecutor.execute(TestCaseExecutor.java:285)
	at com.kms.katalon.core.common.CommonExecutor.accessTestCaseMainPhase(CommonExecutor.java:65)
	at com.kms.katalon.core.main.TestSuiteExecutor.accessTestSuiteMainPhase(TestSuiteExecutor.java:144)
	at com.kms.katalon.core.main.TestSuiteExecutor.execute(TestSuiteExecutor.java:106)
	at com.kms.katalon.core.main.TestCaseMain.startTestSuite(TestCaseMain.java:185)
	at com.kms.katalon.core.main.TestCaseMain$startTestSuite$0.call(Unknown Source)
	at TempTestSuite1667032202730.run(TempTestSuite1667032202730.groovy:36)]]></system-err>
   </testsuite>
</testsuites>
